22:24:16 INFO  : Registering command handlers for SDK TCF services
22:24:18 INFO  : Launching XSCT server: xsct.bat -interactive C:\Users\Sergaljerk\EE234\temp_xsdb_launch_script.tcl
22:24:24 INFO  : XSCT server has started successfully.
22:24:31 INFO  : Successfully done setting XSCT server connection channel  
22:24:31 INFO  : Successfully done setting SDK workspace  
22:25:38 INFO  : Project 'blackboard_v_2_2_hw_platform_0' created. You can now create BSPs and application projects targeting this hardware platform.
22:32:44 INFO  : Connected to target on host '127.0.0.1' and port '3121'.
22:32:46 INFO  : 'targets -set -filter {jtag_cable_name =~ "RealDigital Bla 887100000093A" && level==0} -index 1' command is executed.
22:32:47 INFO  : FPGA configured successfully with bitstream "C:/Users/Sergaljerk/EE234/blackboard_v_2_2_hw_platform_0/blackboard_wrapper.bit"
22:33:00 INFO  : 'targets -set -filter {jtag_cable_name =~ "RealDigital Bla 887100000093A" && level==0} -index 1' command is executed.
22:33:00 INFO  : 'fpga -state' command is executed.
22:33:00 INFO  : Connected to target on host '127.0.0.1' and port '3121'.
22:33:00 INFO  : Jtag cable 'RealDigital Bla 887100000093A' is selected.
22:33:00 INFO  : 'jtag frequency' command is executed.
22:33:00 INFO  : Sourcing of 'C:/Users/Sergaljerk/EE234/blackboard_v_2_2_hw_platform_0/ps7_init.tcl' is done.
22:33:00 INFO  : Context for 'APU' is selected.
22:33:00 INFO  : Hardware design information is loaded from 'C:/Users/Sergaljerk/EE234/blackboard_v_2_2_hw_platform_0/system.hdf'.
22:33:00 INFO  : 'configparams force-mem-access 1' command is executed.
22:33:01 INFO  : Context for 'APU' is selected.
22:33:01 INFO  : 'stop' command is executed.
22:33:01 INFO  : 'ps7_init' command is executed.
22:33:01 INFO  : 'ps7_post_config' command is executed.
22:33:01 INFO  : Context for processor 'ps7_cortexa9_0' is selected.
22:33:01 INFO  : Processor reset is completed for 'ps7_cortexa9_0'.
22:33:01 INFO  : Context for processor 'ps7_cortexa9_0' is selected.
22:33:01 INFO  : The application 'C:/Users/Sergaljerk/EE234/Project_1/Debug/Project_1.elf' is downloaded to processor 'ps7_cortexa9_0'.
22:33:01 INFO  : 'configparams force-mem-access 0' command is executed.
22:33:01 INFO  : ----------------XSDB Script----------------
connect -url tcp:127.0.0.1:3121
source C:/Users/Sergaljerk/EE234/blackboard_v_2_2_hw_platform_0/ps7_init.tcl
targets -set -nocase -filter {name =~"APU*" && jtag_cable_name =~ "RealDigital Bla 887100000093A"} -index 0
loadhw -hw C:/Users/Sergaljerk/EE234/blackboard_v_2_2_hw_platform_0/system.hdf -mem-ranges [list {0x40000000 0xbfffffff}]
configparams force-mem-access 1
targets -set -nocase -filter {name =~"APU*" && jtag_cable_name =~ "RealDigital Bla 887100000093A"} -index 0
stop
ps7_init
ps7_post_config
targets -set -nocase -filter {name =~ "ARM*#0" && jtag_cable_name =~ "RealDigital Bla 887100000093A"} -index 0
rst -processor
targets -set -nocase -filter {name =~ "ARM*#0" && jtag_cable_name =~ "RealDigital Bla 887100000093A"} -index 0
dow C:/Users/Sergaljerk/EE234/Project_1/Debug/Project_1.elf
configparams force-mem-access 0
----------------End of Script----------------

22:33:01 INFO  : Memory regions updated for context APU
22:33:01 INFO  : Context for processor 'ps7_cortexa9_0' is selected.
22:33:01 INFO  : 'con' command is executed.
22:33:01 INFO  : ----------------XSDB Script (After Launch)----------------
targets -set -nocase -filter {name =~ "ARM*#0" && jtag_cable_name =~ "RealDigital Bla 887100000093A"} -index 0
con
----------------End of Script----------------

22:33:01 INFO  : Launch script is exported to file 'C:\Users\Sergaljerk\EE234\.sdk\launch_scripts\xilinx_c-c++_application_(system_debugger)\system_debugger_using_debug_project_1.elf_on_local.tcl'
22:35:40 INFO  : Disconnected from the channel tcfchan#1.
22:35:41 INFO  : 'targets -set -filter {jtag_cable_name =~ "RealDigital Bla 887100000093A" && level==0} -index 1' command is executed.
22:35:41 INFO  : 'fpga -state' command is executed.
22:35:41 INFO  : Connected to target on host '127.0.0.1' and port '3121'.
22:35:42 INFO  : Jtag cable 'RealDigital Bla 887100000093A' is selected.
22:35:42 INFO  : 'jtag frequency' command is executed.
22:35:42 INFO  : Sourcing of 'C:/Users/Sergaljerk/EE234/blackboard_v_2_2_hw_platform_0/ps7_init.tcl' is done.
22:35:42 INFO  : Context for 'APU' is selected.
22:35:42 INFO  : Hardware design information is loaded from 'C:/Users/Sergaljerk/EE234/blackboard_v_2_2_hw_platform_0/system.hdf'.
22:35:42 INFO  : 'configparams force-mem-access 1' command is executed.
22:35:42 INFO  : Context for 'APU' is selected.
22:35:42 INFO  : 'stop' command is executed.
22:35:42 INFO  : 'ps7_init' command is executed.
22:35:42 INFO  : 'ps7_post_config' command is executed.
22:35:42 INFO  : Context for processor 'ps7_cortexa9_0' is selected.
22:35:42 INFO  : Processor reset is completed for 'ps7_cortexa9_0'.
22:35:42 INFO  : Context for processor 'ps7_cortexa9_0' is selected.
22:35:43 INFO  : The application 'C:/Users/Sergaljerk/EE234/Project_1/Debug/Project_1.elf' is downloaded to processor 'ps7_cortexa9_0'.
22:35:43 INFO  : 'configparams force-mem-access 0' command is executed.
22:35:43 INFO  : ----------------XSDB Script----------------
connect -url tcp:127.0.0.1:3121
source C:/Users/Sergaljerk/EE234/blackboard_v_2_2_hw_platform_0/ps7_init.tcl
targets -set -nocase -filter {name =~"APU*" && jtag_cable_name =~ "RealDigital Bla 887100000093A"} -index 0
loadhw -hw C:/Users/Sergaljerk/EE234/blackboard_v_2_2_hw_platform_0/system.hdf -mem-ranges [list {0x40000000 0xbfffffff}]
configparams force-mem-access 1
targets -set -nocase -filter {name =~"APU*" && jtag_cable_name =~ "RealDigital Bla 887100000093A"} -index 0
stop
ps7_init
ps7_post_config
targets -set -nocase -filter {name =~ "ARM*#0" && jtag_cable_name =~ "RealDigital Bla 887100000093A"} -index 0
rst -processor
targets -set -nocase -filter {name =~ "ARM*#0" && jtag_cable_name =~ "RealDigital Bla 887100000093A"} -index 0
dow C:/Users/Sergaljerk/EE234/Project_1/Debug/Project_1.elf
configparams force-mem-access 0
----------------End of Script----------------

22:35:43 INFO  : Memory regions updated for context APU
22:35:43 INFO  : Context for processor 'ps7_cortexa9_0' is selected.
22:35:43 INFO  : 'con' command is executed.
22:35:43 INFO  : ----------------XSDB Script (After Launch)----------------
targets -set -nocase -filter {name =~ "ARM*#0" && jtag_cable_name =~ "RealDigital Bla 887100000093A"} -index 0
con
----------------End of Script----------------

22:35:43 INFO  : Launch script is exported to file 'C:\Users\Sergaljerk\EE234\.sdk\launch_scripts\xilinx_c-c++_application_(system_debugger)\system_debugger_using_debug_project_1.elf_on_local.tcl'
22:53:13 INFO  : Disconnected from the channel tcfchan#2.
22:53:14 INFO  : 'targets -set -filter {jtag_cable_name =~ "RealDigital Bla 887100000093A" && level==0} -index 1' command is executed.
22:53:14 INFO  : 'fpga -state' command is executed.
22:53:14 INFO  : Connected to target on host '127.0.0.1' and port '3121'.
22:53:14 INFO  : Jtag cable 'RealDigital Bla 887100000093A' is selected.
22:53:14 INFO  : 'jtag frequency' command is executed.
22:53:14 INFO  : Sourcing of 'C:/Users/Sergaljerk/EE234/blackboard_v_2_2_hw_platform_0/ps7_init.tcl' is done.
22:53:14 INFO  : Context for 'APU' is selected.
22:53:14 INFO  : Hardware design information is loaded from 'C:/Users/Sergaljerk/EE234/blackboard_v_2_2_hw_platform_0/system.hdf'.
22:53:14 INFO  : 'configparams force-mem-access 1' command is executed.
22:53:14 INFO  : Context for 'APU' is selected.
22:53:14 INFO  : 'stop' command is executed.
22:53:15 INFO  : 'ps7_init' command is executed.
22:53:15 INFO  : 'ps7_post_config' command is executed.
22:53:15 INFO  : Context for processor 'ps7_cortexa9_0' is selected.
22:53:15 INFO  : Processor reset is completed for 'ps7_cortexa9_0'.
22:53:15 INFO  : Context for processor 'ps7_cortexa9_0' is selected.
22:53:15 INFO  : The application 'C:/Users/Sergaljerk/EE234/Project_1/Debug/Project_1.elf' is downloaded to processor 'ps7_cortexa9_0'.
22:53:15 INFO  : 'configparams force-mem-access 0' command is executed.
22:53:15 INFO  : ----------------XSDB Script----------------
connect -url tcp:127.0.0.1:3121
source C:/Users/Sergaljerk/EE234/blackboard_v_2_2_hw_platform_0/ps7_init.tcl
targets -set -nocase -filter {name =~"APU*" && jtag_cable_name =~ "RealDigital Bla 887100000093A"} -index 0
loadhw -hw C:/Users/Sergaljerk/EE234/blackboard_v_2_2_hw_platform_0/system.hdf -mem-ranges [list {0x40000000 0xbfffffff}]
configparams force-mem-access 1
targets -set -nocase -filter {name =~"APU*" && jtag_cable_name =~ "RealDigital Bla 887100000093A"} -index 0
stop
ps7_init
ps7_post_config
targets -set -nocase -filter {name =~ "ARM*#0" && jtag_cable_name =~ "RealDigital Bla 887100000093A"} -index 0
rst -processor
targets -set -nocase -filter {name =~ "ARM*#0" && jtag_cable_name =~ "RealDigital Bla 887100000093A"} -index 0
dow C:/Users/Sergaljerk/EE234/Project_1/Debug/Project_1.elf
configparams force-mem-access 0
----------------End of Script----------------

22:53:15 INFO  : Memory regions updated for context APU
22:53:15 INFO  : Context for processor 'ps7_cortexa9_0' is selected.
22:53:15 INFO  : 'con' command is executed.
22:53:15 INFO  : ----------------XSDB Script (After Launch)----------------
targets -set -nocase -filter {name =~ "ARM*#0" && jtag_cable_name =~ "RealDigital Bla 887100000093A"} -index 0
con
----------------End of Script----------------

22:53:15 INFO  : Launch script is exported to file 'C:\Users\Sergaljerk\EE234\.sdk\launch_scripts\xilinx_c-c++_application_(system_debugger)\system_debugger_using_debug_project_1.elf_on_local.tcl'
22:53:20 INFO  : Disconnected from the channel tcfchan#3.
22:53:22 INFO  : 'targets -set -filter {jtag_cable_name =~ "RealDigital Bla 887100000093A" && level==0} -index 1' command is executed.
22:53:22 INFO  : 'fpga -state' command is executed.
22:53:22 INFO  : Connected to target on host '127.0.0.1' and port '3121'.
22:53:22 INFO  : Jtag cable 'RealDigital Bla 887100000093A' is selected.
22:53:22 INFO  : 'jtag frequency' command is executed.
22:53:22 INFO  : Sourcing of 'C:/Users/Sergaljerk/EE234/blackboard_v_2_2_hw_platform_0/ps7_init.tcl' is done.
22:53:22 INFO  : Context for 'APU' is selected.
22:53:22 INFO  : Hardware design information is loaded from 'C:/Users/Sergaljerk/EE234/blackboard_v_2_2_hw_platform_0/system.hdf'.
22:53:22 INFO  : 'configparams force-mem-access 1' command is executed.
22:53:22 INFO  : Context for 'APU' is selected.
22:53:22 INFO  : 'stop' command is executed.
22:53:23 INFO  : 'ps7_init' command is executed.
22:53:23 INFO  : 'ps7_post_config' command is executed.
22:53:23 INFO  : Context for processor 'ps7_cortexa9_0' is selected.
22:53:23 INFO  : Processor reset is completed for 'ps7_cortexa9_0'.
22:53:23 INFO  : Context for processor 'ps7_cortexa9_0' is selected.
22:53:23 INFO  : The application 'C:/Users/Sergaljerk/EE234/Project_1/Debug/Project_1.elf' is downloaded to processor 'ps7_cortexa9_0'.
22:53:23 INFO  : 'configparams force-mem-access 0' command is executed.
22:53:23 INFO  : ----------------XSDB Script----------------
connect -url tcp:127.0.0.1:3121
source C:/Users/Sergaljerk/EE234/blackboard_v_2_2_hw_platform_0/ps7_init.tcl
targets -set -nocase -filter {name =~"APU*" && jtag_cable_name =~ "RealDigital Bla 887100000093A"} -index 0
loadhw -hw C:/Users/Sergaljerk/EE234/blackboard_v_2_2_hw_platform_0/system.hdf -mem-ranges [list {0x40000000 0xbfffffff}]
configparams force-mem-access 1
targets -set -nocase -filter {name =~"APU*" && jtag_cable_name =~ "RealDigital Bla 887100000093A"} -index 0
stop
ps7_init
ps7_post_config
targets -set -nocase -filter {name =~ "ARM*#0" && jtag_cable_name =~ "RealDigital Bla 887100000093A"} -index 0
rst -processor
targets -set -nocase -filter {name =~ "ARM*#0" && jtag_cable_name =~ "RealDigital Bla 887100000093A"} -index 0
dow C:/Users/Sergaljerk/EE234/Project_1/Debug/Project_1.elf
configparams force-mem-access 0
----------------End of Script----------------

22:53:23 INFO  : Memory regions updated for context APU
22:53:23 INFO  : Context for processor 'ps7_cortexa9_0' is selected.
22:53:23 INFO  : 'con' command is executed.
22:53:23 INFO  : ----------------XSDB Script (After Launch)----------------
targets -set -nocase -filter {name =~ "ARM*#0" && jtag_cable_name =~ "RealDigital Bla 887100000093A"} -index 0
con
----------------End of Script----------------

22:53:23 INFO  : Launch script is exported to file 'C:\Users\Sergaljerk\EE234\.sdk\launch_scripts\xilinx_c-c++_application_(system_debugger)\system_debugger_using_debug_project_1.elf_on_local.tcl'
22:56:49 INFO  : Disconnected from the channel tcfchan#4.
22:56:50 INFO  : 'targets -set -filter {jtag_cable_name =~ "RealDigital Bla 887100000093A" && level==0} -index 1' command is executed.
22:56:50 INFO  : 'fpga -state' command is executed.
22:56:50 INFO  : Connected to target on host '127.0.0.1' and port '3121'.
22:56:51 INFO  : Jtag cable 'RealDigital Bla 887100000093A' is selected.
22:56:51 INFO  : 'jtag frequency' command is executed.
22:56:51 INFO  : Sourcing of 'C:/Users/Sergaljerk/EE234/blackboard_v_2_2_hw_platform_0/ps7_init.tcl' is done.
22:56:51 INFO  : Context for 'APU' is selected.
22:56:51 INFO  : Hardware design information is loaded from 'C:/Users/Sergaljerk/EE234/blackboard_v_2_2_hw_platform_0/system.hdf'.
22:56:51 INFO  : 'configparams force-mem-access 1' command is executed.
22:56:51 INFO  : Context for 'APU' is selected.
22:56:51 INFO  : 'stop' command is executed.
22:56:51 INFO  : 'ps7_init' command is executed.
22:56:51 INFO  : 'ps7_post_config' command is executed.
22:56:51 INFO  : Context for processor 'ps7_cortexa9_0' is selected.
22:56:51 INFO  : Processor reset is completed for 'ps7_cortexa9_0'.
22:56:51 INFO  : Context for processor 'ps7_cortexa9_0' is selected.
22:56:52 INFO  : The application 'C:/Users/Sergaljerk/EE234/Project_1/Debug/Project_1.elf' is downloaded to processor 'ps7_cortexa9_0'.
22:56:52 INFO  : 'configparams force-mem-access 0' command is executed.
22:56:52 INFO  : ----------------XSDB Script----------------
connect -url tcp:127.0.0.1:3121
source C:/Users/Sergaljerk/EE234/blackboard_v_2_2_hw_platform_0/ps7_init.tcl
targets -set -nocase -filter {name =~"APU*" && jtag_cable_name =~ "RealDigital Bla 887100000093A"} -index 0
loadhw -hw C:/Users/Sergaljerk/EE234/blackboard_v_2_2_hw_platform_0/system.hdf -mem-ranges [list {0x40000000 0xbfffffff}]
configparams force-mem-access 1
targets -set -nocase -filter {name =~"APU*" && jtag_cable_name =~ "RealDigital Bla 887100000093A"} -index 0
stop
ps7_init
ps7_post_config
targets -set -nocase -filter {name =~ "ARM*#0" && jtag_cable_name =~ "RealDigital Bla 887100000093A"} -index 0
rst -processor
targets -set -nocase -filter {name =~ "ARM*#0" && jtag_cable_name =~ "RealDigital Bla 887100000093A"} -index 0
dow C:/Users/Sergaljerk/EE234/Project_1/Debug/Project_1.elf
configparams force-mem-access 0
----------------End of Script----------------

22:56:52 INFO  : Memory regions updated for context APU
22:56:52 INFO  : Context for processor 'ps7_cortexa9_0' is selected.
22:56:52 INFO  : 'con' command is executed.
22:56:52 INFO  : ----------------XSDB Script (After Launch)----------------
targets -set -nocase -filter {name =~ "ARM*#0" && jtag_cable_name =~ "RealDigital Bla 887100000093A"} -index 0
con
----------------End of Script----------------

22:56:52 INFO  : Launch script is exported to file 'C:\Users\Sergaljerk\EE234\.sdk\launch_scripts\xilinx_c-c++_application_(system_debugger)\system_debugger_using_debug_project_1.elf_on_local.tcl'
22:58:00 INFO  : Disconnected from the channel tcfchan#5.
22:58:02 INFO  : 'targets -set -filter {jtag_cable_name =~ "RealDigital Bla 887100000093A" && level==0} -index 1' command is executed.
22:58:02 INFO  : 'fpga -state' command is executed.
22:58:02 INFO  : Connected to target on host '127.0.0.1' and port '3121'.
22:58:02 INFO  : Jtag cable 'RealDigital Bla 887100000093A' is selected.
22:58:02 INFO  : 'jtag frequency' command is executed.
22:58:02 INFO  : Sourcing of 'C:/Users/Sergaljerk/EE234/blackboard_v_2_2_hw_platform_0/ps7_init.tcl' is done.
22:58:02 INFO  : Context for 'APU' is selected.
22:58:02 INFO  : Hardware design information is loaded from 'C:/Users/Sergaljerk/EE234/blackboard_v_2_2_hw_platform_0/system.hdf'.
22:58:02 INFO  : 'configparams force-mem-access 1' command is executed.
22:58:02 INFO  : Context for 'APU' is selected.
22:58:02 INFO  : 'stop' command is executed.
22:58:03 INFO  : 'ps7_init' command is executed.
22:58:03 INFO  : 'ps7_post_config' command is executed.
22:58:03 INFO  : Context for processor 'ps7_cortexa9_0' is selected.
22:58:03 INFO  : Processor reset is completed for 'ps7_cortexa9_0'.
22:58:03 INFO  : Context for processor 'ps7_cortexa9_0' is selected.
22:58:03 INFO  : The application 'C:/Users/Sergaljerk/EE234/Project_1/Debug/Project_1.elf' is downloaded to processor 'ps7_cortexa9_0'.
22:58:03 INFO  : 'configparams force-mem-access 0' command is executed.
22:58:03 INFO  : ----------------XSDB Script----------------
connect -url tcp:127.0.0.1:3121
source C:/Users/Sergaljerk/EE234/blackboard_v_2_2_hw_platform_0/ps7_init.tcl
targets -set -nocase -filter {name =~"APU*" && jtag_cable_name =~ "RealDigital Bla 887100000093A"} -index 0
loadhw -hw C:/Users/Sergaljerk/EE234/blackboard_v_2_2_hw_platform_0/system.hdf -mem-ranges [list {0x40000000 0xbfffffff}]
configparams force-mem-access 1
targets -set -nocase -filter {name =~"APU*" && jtag_cable_name =~ "RealDigital Bla 887100000093A"} -index 0
stop
ps7_init
ps7_post_config
targets -set -nocase -filter {name =~ "ARM*#0" && jtag_cable_name =~ "RealDigital Bla 887100000093A"} -index 0
rst -processor
targets -set -nocase -filter {name =~ "ARM*#0" && jtag_cable_name =~ "RealDigital Bla 887100000093A"} -index 0
dow C:/Users/Sergaljerk/EE234/Project_1/Debug/Project_1.elf
configparams force-mem-access 0
----------------End of Script----------------

22:58:03 INFO  : Memory regions updated for context APU
22:58:03 INFO  : Context for processor 'ps7_cortexa9_0' is selected.
22:58:03 INFO  : 'con' command is executed.
22:58:03 INFO  : ----------------XSDB Script (After Launch)----------------
targets -set -nocase -filter {name =~ "ARM*#0" && jtag_cable_name =~ "RealDigital Bla 887100000093A"} -index 0
con
----------------End of Script----------------

22:58:03 INFO  : Launch script is exported to file 'C:\Users\Sergaljerk\EE234\.sdk\launch_scripts\xilinx_c-c++_application_(system_debugger)\system_debugger_using_debug_project_1.elf_on_local.tcl'
23:00:45 INFO  : Disconnected from the channel tcfchan#6.
23:00:46 INFO  : 'targets -set -filter {jtag_cable_name =~ "RealDigital Bla 887100000093A" && level==0} -index 1' command is executed.
23:00:46 INFO  : 'fpga -state' command is executed.
23:00:46 INFO  : Connected to target on host '127.0.0.1' and port '3121'.
23:00:47 INFO  : Jtag cable 'RealDigital Bla 887100000093A' is selected.
23:00:47 INFO  : 'jtag frequency' command is executed.
23:00:47 INFO  : Sourcing of 'C:/Users/Sergaljerk/EE234/blackboard_v_2_2_hw_platform_0/ps7_init.tcl' is done.
23:00:47 INFO  : Context for 'APU' is selected.
23:00:47 INFO  : Hardware design information is loaded from 'C:/Users/Sergaljerk/EE234/blackboard_v_2_2_hw_platform_0/system.hdf'.
23:00:47 INFO  : 'configparams force-mem-access 1' command is executed.
23:00:47 INFO  : Context for 'APU' is selected.
23:00:47 INFO  : 'stop' command is executed.
23:00:47 INFO  : 'ps7_init' command is executed.
23:00:47 INFO  : 'ps7_post_config' command is executed.
23:00:47 INFO  : Context for processor 'ps7_cortexa9_0' is selected.
23:00:47 INFO  : Processor reset is completed for 'ps7_cortexa9_0'.
23:00:47 INFO  : Context for processor 'ps7_cortexa9_0' is selected.
23:00:48 INFO  : The application 'C:/Users/Sergaljerk/EE234/Project_1/Debug/Project_1.elf' is downloaded to processor 'ps7_cortexa9_0'.
23:00:48 INFO  : 'configparams force-mem-access 0' command is executed.
23:00:48 INFO  : ----------------XSDB Script----------------
connect -url tcp:127.0.0.1:3121
source C:/Users/Sergaljerk/EE234/blackboard_v_2_2_hw_platform_0/ps7_init.tcl
targets -set -nocase -filter {name =~"APU*" && jtag_cable_name =~ "RealDigital Bla 887100000093A"} -index 0
loadhw -hw C:/Users/Sergaljerk/EE234/blackboard_v_2_2_hw_platform_0/system.hdf -mem-ranges [list {0x40000000 0xbfffffff}]
configparams force-mem-access 1
targets -set -nocase -filter {name =~"APU*" && jtag_cable_name =~ "RealDigital Bla 887100000093A"} -index 0
stop
ps7_init
ps7_post_config
targets -set -nocase -filter {name =~ "ARM*#0" && jtag_cable_name =~ "RealDigital Bla 887100000093A"} -index 0
rst -processor
targets -set -nocase -filter {name =~ "ARM*#0" && jtag_cable_name =~ "RealDigital Bla 887100000093A"} -index 0
dow C:/Users/Sergaljerk/EE234/Project_1/Debug/Project_1.elf
configparams force-mem-access 0
----------------End of Script----------------

23:00:48 INFO  : Memory regions updated for context APU
23:00:48 INFO  : Context for processor 'ps7_cortexa9_0' is selected.
23:00:48 INFO  : 'con' command is executed.
23:00:48 INFO  : ----------------XSDB Script (After Launch)----------------
targets -set -nocase -filter {name =~ "ARM*#0" && jtag_cable_name =~ "RealDigital Bla 887100000093A"} -index 0
con
----------------End of Script----------------

23:00:48 INFO  : Launch script is exported to file 'C:\Users\Sergaljerk\EE234\.sdk\launch_scripts\xilinx_c-c++_application_(system_debugger)\system_debugger_using_debug_project_1.elf_on_local.tcl'
23:04:11 INFO  : Disconnected from the channel tcfchan#7.
23:04:12 INFO  : 'targets -set -filter {jtag_cable_name =~ "RealDigital Bla 887100000093A" && level==0} -index 1' command is executed.
23:04:12 INFO  : 'fpga -state' command is executed.
23:04:12 INFO  : Connected to target on host '127.0.0.1' and port '3121'.
23:04:13 INFO  : Jtag cable 'RealDigital Bla 887100000093A' is selected.
23:04:13 INFO  : 'jtag frequency' command is executed.
23:04:13 INFO  : Sourcing of 'C:/Users/Sergaljerk/EE234/blackboard_v_2_2_hw_platform_0/ps7_init.tcl' is done.
23:04:13 INFO  : Context for 'APU' is selected.
23:04:13 INFO  : Hardware design information is loaded from 'C:/Users/Sergaljerk/EE234/blackboard_v_2_2_hw_platform_0/system.hdf'.
23:04:13 INFO  : 'configparams force-mem-access 1' command is executed.
23:04:13 INFO  : Context for 'APU' is selected.
23:04:13 INFO  : 'stop' command is executed.
23:04:13 INFO  : 'ps7_init' command is executed.
23:04:13 INFO  : 'ps7_post_config' command is executed.
23:04:13 INFO  : Context for processor 'ps7_cortexa9_0' is selected.
23:04:13 INFO  : Processor reset is completed for 'ps7_cortexa9_0'.
23:04:13 INFO  : Context for processor 'ps7_cortexa9_0' is selected.
23:04:14 INFO  : The application 'C:/Users/Sergaljerk/EE234/Project_1/Debug/Project_1.elf' is downloaded to processor 'ps7_cortexa9_0'.
23:04:14 INFO  : 'configparams force-mem-access 0' command is executed.
23:04:14 INFO  : ----------------XSDB Script----------------
connect -url tcp:127.0.0.1:3121
source C:/Users/Sergaljerk/EE234/blackboard_v_2_2_hw_platform_0/ps7_init.tcl
targets -set -nocase -filter {name =~"APU*" && jtag_cable_name =~ "RealDigital Bla 887100000093A"} -index 0
loadhw -hw C:/Users/Sergaljerk/EE234/blackboard_v_2_2_hw_platform_0/system.hdf -mem-ranges [list {0x40000000 0xbfffffff}]
configparams force-mem-access 1
targets -set -nocase -filter {name =~"APU*" && jtag_cable_name =~ "RealDigital Bla 887100000093A"} -index 0
stop
ps7_init
ps7_post_config
targets -set -nocase -filter {name =~ "ARM*#0" && jtag_cable_name =~ "RealDigital Bla 887100000093A"} -index 0
rst -processor
targets -set -nocase -filter {name =~ "ARM*#0" && jtag_cable_name =~ "RealDigital Bla 887100000093A"} -index 0
dow C:/Users/Sergaljerk/EE234/Project_1/Debug/Project_1.elf
configparams force-mem-access 0
----------------End of Script----------------

23:04:14 INFO  : Memory regions updated for context APU
23:04:14 INFO  : Context for processor 'ps7_cortexa9_0' is selected.
23:04:14 INFO  : 'con' command is executed.
23:04:14 INFO  : ----------------XSDB Script (After Launch)----------------
targets -set -nocase -filter {name =~ "ARM*#0" && jtag_cable_name =~ "RealDigital Bla 887100000093A"} -index 0
con
----------------End of Script----------------

23:04:14 INFO  : Launch script is exported to file 'C:\Users\Sergaljerk\EE234\.sdk\launch_scripts\xilinx_c-c++_application_(system_debugger)\system_debugger_using_debug_project_1.elf_on_local.tcl'
23:15:03 INFO  : Disconnected from the channel tcfchan#8.
23:15:04 INFO  : 'targets -set -filter {jtag_cable_name =~ "RealDigital Bla 887100000093A" && level==0} -index 1' command is executed.
23:15:04 INFO  : 'fpga -state' command is executed.
23:15:04 INFO  : Connected to target on host '127.0.0.1' and port '3121'.
23:15:04 INFO  : Jtag cable 'RealDigital Bla 887100000093A' is selected.
23:15:04 INFO  : 'jtag frequency' command is executed.
23:15:04 INFO  : Sourcing of 'C:/Users/Sergaljerk/EE234/blackboard_v_2_2_hw_platform_0/ps7_init.tcl' is done.
23:15:04 INFO  : Context for 'APU' is selected.
23:15:05 INFO  : Hardware design information is loaded from 'C:/Users/Sergaljerk/EE234/blackboard_v_2_2_hw_platform_0/system.hdf'.
23:15:05 INFO  : 'configparams force-mem-access 1' command is executed.
23:15:05 INFO  : Context for 'APU' is selected.
23:15:05 INFO  : 'stop' command is executed.
23:15:05 INFO  : 'ps7_init' command is executed.
23:15:05 INFO  : 'ps7_post_config' command is executed.
23:15:05 INFO  : Context for processor 'ps7_cortexa9_0' is selected.
23:15:05 INFO  : Processor reset is completed for 'ps7_cortexa9_0'.
23:15:05 INFO  : Context for processor 'ps7_cortexa9_0' is selected.
23:15:05 INFO  : The application 'C:/Users/Sergaljerk/EE234/Project_1/Debug/Project_1.elf' is downloaded to processor 'ps7_cortexa9_0'.
23:15:05 INFO  : 'configparams force-mem-access 0' command is executed.
23:15:05 INFO  : ----------------XSDB Script----------------
connect -url tcp:127.0.0.1:3121
source C:/Users/Sergaljerk/EE234/blackboard_v_2_2_hw_platform_0/ps7_init.tcl
targets -set -nocase -filter {name =~"APU*" && jtag_cable_name =~ "RealDigital Bla 887100000093A"} -index 0
loadhw -hw C:/Users/Sergaljerk/EE234/blackboard_v_2_2_hw_platform_0/system.hdf -mem-ranges [list {0x40000000 0xbfffffff}]
configparams force-mem-access 1
targets -set -nocase -filter {name =~"APU*" && jtag_cable_name =~ "RealDigital Bla 887100000093A"} -index 0
stop
ps7_init
ps7_post_config
targets -set -nocase -filter {name =~ "ARM*#0" && jtag_cable_name =~ "RealDigital Bla 887100000093A"} -index 0
rst -processor
targets -set -nocase -filter {name =~ "ARM*#0" && jtag_cable_name =~ "RealDigital Bla 887100000093A"} -index 0
dow C:/Users/Sergaljerk/EE234/Project_1/Debug/Project_1.elf
configparams force-mem-access 0
----------------End of Script----------------

23:15:05 INFO  : Memory regions updated for context APU
23:15:05 INFO  : Context for processor 'ps7_cortexa9_0' is selected.
23:15:05 INFO  : 'con' command is executed.
23:15:05 INFO  : ----------------XSDB Script (After Launch)----------------
targets -set -nocase -filter {name =~ "ARM*#0" && jtag_cable_name =~ "RealDigital Bla 887100000093A"} -index 0
con
----------------End of Script----------------

23:15:05 INFO  : Launch script is exported to file 'C:\Users\Sergaljerk\EE234\.sdk\launch_scripts\xilinx_c-c++_application_(system_debugger)\system_debugger_using_debug_project_1.elf_on_local.tcl'
23:20:16 INFO  : Disconnected from the channel tcfchan#9.
23:20:17 INFO  : 'targets -set -filter {jtag_cable_name =~ "RealDigital Bla 887100000093A" && level==0} -index 1' command is executed.
23:20:17 INFO  : 'fpga -state' command is executed.
23:20:17 INFO  : Connected to target on host '127.0.0.1' and port '3121'.
23:20:18 INFO  : Jtag cable 'RealDigital Bla 887100000093A' is selected.
23:20:18 INFO  : 'jtag frequency' command is executed.
23:20:18 INFO  : Sourcing of 'C:/Users/Sergaljerk/EE234/blackboard_v_2_2_hw_platform_0/ps7_init.tcl' is done.
23:20:18 INFO  : Context for 'APU' is selected.
23:20:18 INFO  : Hardware design information is loaded from 'C:/Users/Sergaljerk/EE234/blackboard_v_2_2_hw_platform_0/system.hdf'.
23:20:18 INFO  : 'configparams force-mem-access 1' command is executed.
23:20:18 INFO  : Context for 'APU' is selected.
23:20:18 INFO  : 'stop' command is executed.
23:20:18 INFO  : 'ps7_init' command is executed.
23:20:18 INFO  : 'ps7_post_config' command is executed.
23:20:18 INFO  : Context for processor 'ps7_cortexa9_0' is selected.
23:20:18 INFO  : Processor reset is completed for 'ps7_cortexa9_0'.
23:20:18 INFO  : Context for processor 'ps7_cortexa9_0' is selected.
23:20:19 INFO  : The application 'C:/Users/Sergaljerk/EE234/Project_1/Debug/Project_1.elf' is downloaded to processor 'ps7_cortexa9_0'.
23:20:19 INFO  : 'configparams force-mem-access 0' command is executed.
23:20:19 INFO  : ----------------XSDB Script----------------
connect -url tcp:127.0.0.1:3121
source C:/Users/Sergaljerk/EE234/blackboard_v_2_2_hw_platform_0/ps7_init.tcl
targets -set -nocase -filter {name =~"APU*" && jtag_cable_name =~ "RealDigital Bla 887100000093A"} -index 0
loadhw -hw C:/Users/Sergaljerk/EE234/blackboard_v_2_2_hw_platform_0/system.hdf -mem-ranges [list {0x40000000 0xbfffffff}]
configparams force-mem-access 1
targets -set -nocase -filter {name =~"APU*" && jtag_cable_name =~ "RealDigital Bla 887100000093A"} -index 0
stop
ps7_init
ps7_post_config
targets -set -nocase -filter {name =~ "ARM*#0" && jtag_cable_name =~ "RealDigital Bla 887100000093A"} -index 0
rst -processor
targets -set -nocase -filter {name =~ "ARM*#0" && jtag_cable_name =~ "RealDigital Bla 887100000093A"} -index 0
dow C:/Users/Sergaljerk/EE234/Project_1/Debug/Project_1.elf
configparams force-mem-access 0
----------------End of Script----------------

23:20:19 INFO  : Memory regions updated for context APU
23:20:19 INFO  : Context for processor 'ps7_cortexa9_0' is selected.
23:20:19 INFO  : 'con' command is executed.
23:20:19 INFO  : ----------------XSDB Script (After Launch)----------------
targets -set -nocase -filter {name =~ "ARM*#0" && jtag_cable_name =~ "RealDigital Bla 887100000093A"} -index 0
con
----------------End of Script----------------

23:20:19 INFO  : Launch script is exported to file 'C:\Users\Sergaljerk\EE234\.sdk\launch_scripts\xilinx_c-c++_application_(system_debugger)\system_debugger_using_debug_project_1.elf_on_local.tcl'
23:20:28 INFO  : Disconnected from the channel tcfchan#10.
23:20:29 INFO  : 'targets -set -filter {jtag_cable_name =~ "RealDigital Bla 887100000093A" && level==0} -index 1' command is executed.
23:20:29 INFO  : 'fpga -state' command is executed.
23:20:29 INFO  : Connected to target on host '127.0.0.1' and port '3121'.
23:20:30 INFO  : Jtag cable 'RealDigital Bla 887100000093A' is selected.
23:20:30 INFO  : 'jtag frequency' command is executed.
23:20:30 INFO  : Sourcing of 'C:/Users/Sergaljerk/EE234/blackboard_v_2_2_hw_platform_0/ps7_init.tcl' is done.
23:20:30 INFO  : Context for 'APU' is selected.
23:20:30 INFO  : Hardware design information is loaded from 'C:/Users/Sergaljerk/EE234/blackboard_v_2_2_hw_platform_0/system.hdf'.
23:20:30 INFO  : 'configparams force-mem-access 1' command is executed.
23:20:30 INFO  : Context for 'APU' is selected.
23:20:30 INFO  : 'stop' command is executed.
23:20:30 INFO  : 'ps7_init' command is executed.
23:20:30 INFO  : 'ps7_post_config' command is executed.
23:20:30 INFO  : Context for processor 'ps7_cortexa9_0' is selected.
23:20:30 INFO  : Processor reset is completed for 'ps7_cortexa9_0'.
23:20:30 INFO  : Context for processor 'ps7_cortexa9_0' is selected.
23:20:30 INFO  : The application 'C:/Users/Sergaljerk/EE234/Project_1/Debug/Project_1.elf' is downloaded to processor 'ps7_cortexa9_0'.
23:20:30 INFO  : 'configparams force-mem-access 0' command is executed.
23:20:30 INFO  : ----------------XSDB Script----------------
connect -url tcp:127.0.0.1:3121
source C:/Users/Sergaljerk/EE234/blackboard_v_2_2_hw_platform_0/ps7_init.tcl
targets -set -nocase -filter {name =~"APU*" && jtag_cable_name =~ "RealDigital Bla 887100000093A"} -index 0
loadhw -hw C:/Users/Sergaljerk/EE234/blackboard_v_2_2_hw_platform_0/system.hdf -mem-ranges [list {0x40000000 0xbfffffff}]
configparams force-mem-access 1
targets -set -nocase -filter {name =~"APU*" && jtag_cable_name =~ "RealDigital Bla 887100000093A"} -index 0
stop
ps7_init
ps7_post_config
targets -set -nocase -filter {name =~ "ARM*#0" && jtag_cable_name =~ "RealDigital Bla 887100000093A"} -index 0
rst -processor
targets -set -nocase -filter {name =~ "ARM*#0" && jtag_cable_name =~ "RealDigital Bla 887100000093A"} -index 0
dow C:/Users/Sergaljerk/EE234/Project_1/Debug/Project_1.elf
configparams force-mem-access 0
----------------End of Script----------------

23:20:31 INFO  : Memory regions updated for context APU
23:20:31 INFO  : Context for processor 'ps7_cortexa9_0' is selected.
23:20:31 INFO  : 'con' command is executed.
23:20:31 INFO  : ----------------XSDB Script (After Launch)----------------
targets -set -nocase -filter {name =~ "ARM*#0" && jtag_cable_name =~ "RealDigital Bla 887100000093A"} -index 0
con
----------------End of Script----------------

23:20:31 INFO  : Launch script is exported to file 'C:\Users\Sergaljerk\EE234\.sdk\launch_scripts\xilinx_c-c++_application_(system_debugger)\system_debugger_using_debug_project_1.elf_on_local.tcl'
23:21:55 INFO  : Disconnected from the channel tcfchan#11.
23:21:57 INFO  : 'targets -set -filter {jtag_cable_name =~ "RealDigital Bla 887100000093A" && level==0} -index 1' command is executed.
23:21:57 INFO  : 'fpga -state' command is executed.
23:21:57 INFO  : Connected to target on host '127.0.0.1' and port '3121'.
23:21:57 INFO  : Jtag cable 'RealDigital Bla 887100000093A' is selected.
23:21:57 INFO  : 'jtag frequency' command is executed.
23:21:57 INFO  : Sourcing of 'C:/Users/Sergaljerk/EE234/blackboard_v_2_2_hw_platform_0/ps7_init.tcl' is done.
23:21:57 INFO  : Context for 'APU' is selected.
23:21:57 INFO  : Hardware design information is loaded from 'C:/Users/Sergaljerk/EE234/blackboard_v_2_2_hw_platform_0/system.hdf'.
23:21:57 INFO  : 'configparams force-mem-access 1' command is executed.
23:21:57 INFO  : Context for 'APU' is selected.
23:21:57 INFO  : 'stop' command is executed.
23:21:58 INFO  : 'ps7_init' command is executed.
23:21:58 INFO  : 'ps7_post_config' command is executed.
23:21:58 INFO  : Context for processor 'ps7_cortexa9_0' is selected.
23:21:58 INFO  : Processor reset is completed for 'ps7_cortexa9_0'.
23:21:58 INFO  : Context for processor 'ps7_cortexa9_0' is selected.
23:21:58 INFO  : The application 'C:/Users/Sergaljerk/EE234/Project_1/Debug/Project_1.elf' is downloaded to processor 'ps7_cortexa9_0'.
23:21:58 INFO  : 'configparams force-mem-access 0' command is executed.
23:21:58 INFO  : ----------------XSDB Script----------------
connect -url tcp:127.0.0.1:3121
source C:/Users/Sergaljerk/EE234/blackboard_v_2_2_hw_platform_0/ps7_init.tcl
targets -set -nocase -filter {name =~"APU*" && jtag_cable_name =~ "RealDigital Bla 887100000093A"} -index 0
loadhw -hw C:/Users/Sergaljerk/EE234/blackboard_v_2_2_hw_platform_0/system.hdf -mem-ranges [list {0x40000000 0xbfffffff}]
configparams force-mem-access 1
targets -set -nocase -filter {name =~"APU*" && jtag_cable_name =~ "RealDigital Bla 887100000093A"} -index 0
stop
ps7_init
ps7_post_config
targets -set -nocase -filter {name =~ "ARM*#0" && jtag_cable_name =~ "RealDigital Bla 887100000093A"} -index 0
rst -processor
targets -set -nocase -filter {name =~ "ARM*#0" && jtag_cable_name =~ "RealDigital Bla 887100000093A"} -index 0
dow C:/Users/Sergaljerk/EE234/Project_1/Debug/Project_1.elf
configparams force-mem-access 0
----------------End of Script----------------

23:21:58 INFO  : Memory regions updated for context APU
23:21:58 INFO  : Context for processor 'ps7_cortexa9_0' is selected.
23:21:58 INFO  : 'con' command is executed.
23:21:58 INFO  : ----------------XSDB Script (After Launch)----------------
targets -set -nocase -filter {name =~ "ARM*#0" && jtag_cable_name =~ "RealDigital Bla 887100000093A"} -index 0
con
----------------End of Script----------------

23:21:58 INFO  : Launch script is exported to file 'C:\Users\Sergaljerk\EE234\.sdk\launch_scripts\xilinx_c-c++_application_(system_debugger)\system_debugger_using_debug_project_1.elf_on_local.tcl'
23:23:07 INFO  : Disconnected from the channel tcfchan#12.
23:23:08 INFO  : 'targets -set -filter {jtag_cable_name =~ "RealDigital Bla 887100000093A" && level==0} -index 1' command is executed.
23:23:08 INFO  : 'fpga -state' command is executed.
23:23:08 INFO  : Connected to target on host '127.0.0.1' and port '3121'.
23:23:08 INFO  : Jtag cable 'RealDigital Bla 887100000093A' is selected.
23:23:08 INFO  : 'jtag frequency' command is executed.
23:23:08 INFO  : Sourcing of 'C:/Users/Sergaljerk/EE234/blackboard_v_2_2_hw_platform_0/ps7_init.tcl' is done.
23:23:09 INFO  : Context for 'APU' is selected.
23:23:09 INFO  : Hardware design information is loaded from 'C:/Users/Sergaljerk/EE234/blackboard_v_2_2_hw_platform_0/system.hdf'.
23:23:09 INFO  : 'configparams force-mem-access 1' command is executed.
23:23:09 INFO  : Context for 'APU' is selected.
23:23:09 INFO  : 'stop' command is executed.
23:23:09 INFO  : 'ps7_init' command is executed.
23:23:09 INFO  : 'ps7_post_config' command is executed.
23:23:09 INFO  : Context for processor 'ps7_cortexa9_0' is selected.
23:23:09 INFO  : Processor reset is completed for 'ps7_cortexa9_0'.
23:23:09 INFO  : Context for processor 'ps7_cortexa9_0' is selected.
23:23:09 INFO  : The application 'C:/Users/Sergaljerk/EE234/Project_1/Debug/Project_1.elf' is downloaded to processor 'ps7_cortexa9_0'.
23:23:10 INFO  : 'configparams force-mem-access 0' command is executed.
23:23:10 INFO  : ----------------XSDB Script----------------
connect -url tcp:127.0.0.1:3121
source C:/Users/Sergaljerk/EE234/blackboard_v_2_2_hw_platform_0/ps7_init.tcl
targets -set -nocase -filter {name =~"APU*" && jtag_cable_name =~ "RealDigital Bla 887100000093A"} -index 0
loadhw -hw C:/Users/Sergaljerk/EE234/blackboard_v_2_2_hw_platform_0/system.hdf -mem-ranges [list {0x40000000 0xbfffffff}]
configparams force-mem-access 1
targets -set -nocase -filter {name =~"APU*" && jtag_cable_name =~ "RealDigital Bla 887100000093A"} -index 0
stop
ps7_init
ps7_post_config
targets -set -nocase -filter {name =~ "ARM*#0" && jtag_cable_name =~ "RealDigital Bla 887100000093A"} -index 0
rst -processor
targets -set -nocase -filter {name =~ "ARM*#0" && jtag_cable_name =~ "RealDigital Bla 887100000093A"} -index 0
dow C:/Users/Sergaljerk/EE234/Project_1/Debug/Project_1.elf
configparams force-mem-access 0
----------------End of Script----------------

23:23:10 INFO  : Memory regions updated for context APU
23:23:10 INFO  : Context for processor 'ps7_cortexa9_0' is selected.
23:23:10 INFO  : 'con' command is executed.
23:23:10 INFO  : ----------------XSDB Script (After Launch)----------------
targets -set -nocase -filter {name =~ "ARM*#0" && jtag_cable_name =~ "RealDigital Bla 887100000093A"} -index 0
con
----------------End of Script----------------

23:23:10 INFO  : Launch script is exported to file 'C:\Users\Sergaljerk\EE234\.sdk\launch_scripts\xilinx_c-c++_application_(system_debugger)\system_debugger_using_debug_project_1.elf_on_local.tcl'
23:23:47 INFO  : Disconnected from the channel tcfchan#13.
23:23:48 INFO  : 'targets -set -filter {jtag_cable_name =~ "RealDigital Bla 887100000093A" && level==0} -index 1' command is executed.
23:23:48 INFO  : 'fpga -state' command is executed.
23:23:48 INFO  : Connected to target on host '127.0.0.1' and port '3121'.
23:23:48 INFO  : Jtag cable 'RealDigital Bla 887100000093A' is selected.
23:23:48 INFO  : 'jtag frequency' command is executed.
23:23:48 INFO  : Sourcing of 'C:/Users/Sergaljerk/EE234/blackboard_v_2_2_hw_platform_0/ps7_init.tcl' is done.
23:23:48 INFO  : Context for 'APU' is selected.
23:23:48 INFO  : Hardware design information is loaded from 'C:/Users/Sergaljerk/EE234/blackboard_v_2_2_hw_platform_0/system.hdf'.
23:23:48 INFO  : 'configparams force-mem-access 1' command is executed.
23:23:48 INFO  : Context for 'APU' is selected.
23:23:48 INFO  : 'stop' command is executed.
23:23:49 INFO  : 'ps7_init' command is executed.
23:23:49 INFO  : 'ps7_post_config' command is executed.
23:23:49 INFO  : Context for processor 'ps7_cortexa9_0' is selected.
23:23:49 INFO  : Processor reset is completed for 'ps7_cortexa9_0'.
23:23:49 INFO  : Context for processor 'ps7_cortexa9_0' is selected.
23:23:49 INFO  : The application 'C:/Users/Sergaljerk/EE234/Project_1/Debug/Project_1.elf' is downloaded to processor 'ps7_cortexa9_0'.
23:23:49 INFO  : 'configparams force-mem-access 0' command is executed.
23:23:49 INFO  : ----------------XSDB Script----------------
connect -url tcp:127.0.0.1:3121
source C:/Users/Sergaljerk/EE234/blackboard_v_2_2_hw_platform_0/ps7_init.tcl
targets -set -nocase -filter {name =~"APU*" && jtag_cable_name =~ "RealDigital Bla 887100000093A"} -index 0
loadhw -hw C:/Users/Sergaljerk/EE234/blackboard_v_2_2_hw_platform_0/system.hdf -mem-ranges [list {0x40000000 0xbfffffff}]
configparams force-mem-access 1
targets -set -nocase -filter {name =~"APU*" && jtag_cable_name =~ "RealDigital Bla 887100000093A"} -index 0
stop
ps7_init
ps7_post_config
targets -set -nocase -filter {name =~ "ARM*#0" && jtag_cable_name =~ "RealDigital Bla 887100000093A"} -index 0
rst -processor
targets -set -nocase -filter {name =~ "ARM*#0" && jtag_cable_name =~ "RealDigital Bla 887100000093A"} -index 0
dow C:/Users/Sergaljerk/EE234/Project_1/Debug/Project_1.elf
configparams force-mem-access 0
----------------End of Script----------------

23:23:49 INFO  : Memory regions updated for context APU
23:23:49 INFO  : Context for processor 'ps7_cortexa9_0' is selected.
23:23:49 INFO  : 'con' command is executed.
23:23:49 INFO  : ----------------XSDB Script (After Launch)----------------
targets -set -nocase -filter {name =~ "ARM*#0" && jtag_cable_name =~ "RealDigital Bla 887100000093A"} -index 0
con
----------------End of Script----------------

23:23:49 INFO  : Launch script is exported to file 'C:\Users\Sergaljerk\EE234\.sdk\launch_scripts\xilinx_c-c++_application_(system_debugger)\system_debugger_using_debug_project_1.elf_on_local.tcl'
23:37:54 INFO  : Disconnected from the channel tcfchan#14.
23:37:55 INFO  : 'targets -set -filter {jtag_cable_name =~ "RealDigital Bla 887100000093A" && level==0} -index 1' command is executed.
23:37:55 INFO  : 'fpga -state' command is executed.
23:37:55 INFO  : Connected to target on host '127.0.0.1' and port '3121'.
23:37:56 INFO  : Jtag cable 'RealDigital Bla 887100000093A' is selected.
23:37:56 INFO  : 'jtag frequency' command is executed.
23:37:56 INFO  : Sourcing of 'C:/Users/Sergaljerk/EE234/blackboard_v_2_2_hw_platform_0/ps7_init.tcl' is done.
23:37:56 INFO  : Context for 'APU' is selected.
23:37:56 INFO  : Hardware design information is loaded from 'C:/Users/Sergaljerk/EE234/blackboard_v_2_2_hw_platform_0/system.hdf'.
23:37:56 INFO  : 'configparams force-mem-access 1' command is executed.
23:37:56 INFO  : Context for 'APU' is selected.
23:37:56 INFO  : 'stop' command is executed.
23:37:56 INFO  : 'ps7_init' command is executed.
23:37:56 INFO  : 'ps7_post_config' command is executed.
23:37:56 INFO  : Context for processor 'ps7_cortexa9_0' is selected.
23:37:56 INFO  : Processor reset is completed for 'ps7_cortexa9_0'.
23:37:56 INFO  : Context for processor 'ps7_cortexa9_0' is selected.
23:37:56 INFO  : The application 'C:/Users/Sergaljerk/EE234/Project_1/Debug/Project_1.elf' is downloaded to processor 'ps7_cortexa9_0'.
23:37:56 INFO  : 'configparams force-mem-access 0' command is executed.
23:37:56 INFO  : ----------------XSDB Script----------------
connect -url tcp:127.0.0.1:3121
source C:/Users/Sergaljerk/EE234/blackboard_v_2_2_hw_platform_0/ps7_init.tcl
targets -set -nocase -filter {name =~"APU*" && jtag_cable_name =~ "RealDigital Bla 887100000093A"} -index 0
loadhw -hw C:/Users/Sergaljerk/EE234/blackboard_v_2_2_hw_platform_0/system.hdf -mem-ranges [list {0x40000000 0xbfffffff}]
configparams force-mem-access 1
targets -set -nocase -filter {name =~"APU*" && jtag_cable_name =~ "RealDigital Bla 887100000093A"} -index 0
stop
ps7_init
ps7_post_config
targets -set -nocase -filter {name =~ "ARM*#0" && jtag_cable_name =~ "RealDigital Bla 887100000093A"} -index 0
rst -processor
targets -set -nocase -filter {name =~ "ARM*#0" && jtag_cable_name =~ "RealDigital Bla 887100000093A"} -index 0
dow C:/Users/Sergaljerk/EE234/Project_1/Debug/Project_1.elf
configparams force-mem-access 0
----------------End of Script----------------

23:37:57 INFO  : Memory regions updated for context APU
23:37:57 INFO  : Context for processor 'ps7_cortexa9_0' is selected.
23:37:57 INFO  : 'con' command is executed.
23:37:57 INFO  : ----------------XSDB Script (After Launch)----------------
targets -set -nocase -filter {name =~ "ARM*#0" && jtag_cable_name =~ "RealDigital Bla 887100000093A"} -index 0
con
----------------End of Script----------------

23:37:57 INFO  : Launch script is exported to file 'C:\Users\Sergaljerk\EE234\.sdk\launch_scripts\xilinx_c-c++_application_(system_debugger)\system_debugger_using_debug_project_1.elf_on_local.tcl'
23:38:37 INFO  : Disconnected from the channel tcfchan#15.
23:38:38 INFO  : 'targets -set -filter {jtag_cable_name =~ "RealDigital Bla 887100000093A" && level==0} -index 1' command is executed.
23:38:38 INFO  : 'fpga -state' command is executed.
23:38:38 INFO  : Connected to target on host '127.0.0.1' and port '3121'.
23:38:38 INFO  : Jtag cable 'RealDigital Bla 887100000093A' is selected.
23:38:38 INFO  : 'jtag frequency' command is executed.
23:38:38 INFO  : Sourcing of 'C:/Users/Sergaljerk/EE234/blackboard_v_2_2_hw_platform_0/ps7_init.tcl' is done.
23:38:38 INFO  : Context for 'APU' is selected.
23:38:38 INFO  : Hardware design information is loaded from 'C:/Users/Sergaljerk/EE234/blackboard_v_2_2_hw_platform_0/system.hdf'.
23:38:38 INFO  : 'configparams force-mem-access 1' command is executed.
23:38:38 INFO  : Context for 'APU' is selected.
23:38:38 INFO  : 'stop' command is executed.
23:38:39 INFO  : 'ps7_init' command is executed.
23:38:39 INFO  : 'ps7_post_config' command is executed.
23:38:39 INFO  : Context for processor 'ps7_cortexa9_0' is selected.
23:38:39 INFO  : Processor reset is completed for 'ps7_cortexa9_0'.
23:38:39 INFO  : Context for processor 'ps7_cortexa9_0' is selected.
23:38:39 INFO  : The application 'C:/Users/Sergaljerk/EE234/Project_1/Debug/Project_1.elf' is downloaded to processor 'ps7_cortexa9_0'.
23:38:39 INFO  : 'configparams force-mem-access 0' command is executed.
23:38:39 INFO  : ----------------XSDB Script----------------
connect -url tcp:127.0.0.1:3121
source C:/Users/Sergaljerk/EE234/blackboard_v_2_2_hw_platform_0/ps7_init.tcl
targets -set -nocase -filter {name =~"APU*" && jtag_cable_name =~ "RealDigital Bla 887100000093A"} -index 0
loadhw -hw C:/Users/Sergaljerk/EE234/blackboard_v_2_2_hw_platform_0/system.hdf -mem-ranges [list {0x40000000 0xbfffffff}]
configparams force-mem-access 1
targets -set -nocase -filter {name =~"APU*" && jtag_cable_name =~ "RealDigital Bla 887100000093A"} -index 0
stop
ps7_init
ps7_post_config
targets -set -nocase -filter {name =~ "ARM*#0" && jtag_cable_name =~ "RealDigital Bla 887100000093A"} -index 0
rst -processor
targets -set -nocase -filter {name =~ "ARM*#0" && jtag_cable_name =~ "RealDigital Bla 887100000093A"} -index 0
dow C:/Users/Sergaljerk/EE234/Project_1/Debug/Project_1.elf
configparams force-mem-access 0
----------------End of Script----------------

23:38:39 INFO  : Memory regions updated for context APU
23:38:39 INFO  : Context for processor 'ps7_cortexa9_0' is selected.
23:38:39 INFO  : 'con' command is executed.
23:38:39 INFO  : ----------------XSDB Script (After Launch)----------------
targets -set -nocase -filter {name =~ "ARM*#0" && jtag_cable_name =~ "RealDigital Bla 887100000093A"} -index 0
con
----------------End of Script----------------

23:38:39 INFO  : Launch script is exported to file 'C:\Users\Sergaljerk\EE234\.sdk\launch_scripts\xilinx_c-c++_application_(system_debugger)\system_debugger_using_debug_project_1.elf_on_local.tcl'
23:38:53 INFO  : Disconnected from the channel tcfchan#16.
23:38:54 INFO  : 'targets -set -filter {jtag_cable_name =~ "RealDigital Bla 887100000093A" && level==0} -index 1' command is executed.
23:38:54 INFO  : 'fpga -state' command is executed.
23:38:54 INFO  : Connected to target on host '127.0.0.1' and port '3121'.
23:38:55 INFO  : Jtag cable 'RealDigital Bla 887100000093A' is selected.
23:38:55 INFO  : 'jtag frequency' command is executed.
23:38:55 INFO  : Sourcing of 'C:/Users/Sergaljerk/EE234/blackboard_v_2_2_hw_platform_0/ps7_init.tcl' is done.
23:38:55 INFO  : Context for 'APU' is selected.
23:38:55 INFO  : Hardware design information is loaded from 'C:/Users/Sergaljerk/EE234/blackboard_v_2_2_hw_platform_0/system.hdf'.
23:38:55 INFO  : 'configparams force-mem-access 1' command is executed.
23:38:55 INFO  : Context for 'APU' is selected.
23:38:55 INFO  : 'stop' command is executed.
23:38:55 INFO  : 'ps7_init' command is executed.
23:38:55 INFO  : 'ps7_post_config' command is executed.
23:38:55 INFO  : Context for processor 'ps7_cortexa9_0' is selected.
23:38:55 INFO  : Processor reset is completed for 'ps7_cortexa9_0'.
23:38:55 INFO  : Context for processor 'ps7_cortexa9_0' is selected.
23:38:55 INFO  : The application 'C:/Users/Sergaljerk/EE234/Project_1/Debug/Project_1.elf' is downloaded to processor 'ps7_cortexa9_0'.
23:38:55 INFO  : 'configparams force-mem-access 0' command is executed.
23:38:55 INFO  : ----------------XSDB Script----------------
connect -url tcp:127.0.0.1:3121
source C:/Users/Sergaljerk/EE234/blackboard_v_2_2_hw_platform_0/ps7_init.tcl
targets -set -nocase -filter {name =~"APU*" && jtag_cable_name =~ "RealDigital Bla 887100000093A"} -index 0
loadhw -hw C:/Users/Sergaljerk/EE234/blackboard_v_2_2_hw_platform_0/system.hdf -mem-ranges [list {0x40000000 0xbfffffff}]
configparams force-mem-access 1
targets -set -nocase -filter {name =~"APU*" && jtag_cable_name =~ "RealDigital Bla 887100000093A"} -index 0
stop
ps7_init
ps7_post_config
targets -set -nocase -filter {name =~ "ARM*#0" && jtag_cable_name =~ "RealDigital Bla 887100000093A"} -index 0
rst -processor
targets -set -nocase -filter {name =~ "ARM*#0" && jtag_cable_name =~ "RealDigital Bla 887100000093A"} -index 0
dow C:/Users/Sergaljerk/EE234/Project_1/Debug/Project_1.elf
configparams force-mem-access 0
----------------End of Script----------------

23:38:56 INFO  : Memory regions updated for context APU
23:38:56 INFO  : Context for processor 'ps7_cortexa9_0' is selected.
23:38:56 INFO  : 'con' command is executed.
23:38:56 INFO  : ----------------XSDB Script (After Launch)----------------
targets -set -nocase -filter {name =~ "ARM*#0" && jtag_cable_name =~ "RealDigital Bla 887100000093A"} -index 0
con
----------------End of Script----------------

23:38:56 INFO  : Launch script is exported to file 'C:\Users\Sergaljerk\EE234\.sdk\launch_scripts\xilinx_c-c++_application_(system_debugger)\system_debugger_using_debug_project_1.elf_on_local.tcl'
23:40:25 INFO  : Disconnected from the channel tcfchan#17.
23:40:26 INFO  : 'targets -set -filter {jtag_cable_name =~ "RealDigital Bla 887100000093A" && level==0} -index 1' command is executed.
23:40:26 INFO  : 'fpga -state' command is executed.
23:40:26 INFO  : Connected to target on host '127.0.0.1' and port '3121'.
23:40:26 INFO  : Jtag cable 'RealDigital Bla 887100000093A' is selected.
23:40:26 INFO  : 'jtag frequency' command is executed.
23:40:26 INFO  : Sourcing of 'C:/Users/Sergaljerk/EE234/blackboard_v_2_2_hw_platform_0/ps7_init.tcl' is done.
23:40:26 INFO  : Context for 'APU' is selected.
23:40:26 INFO  : Hardware design information is loaded from 'C:/Users/Sergaljerk/EE234/blackboard_v_2_2_hw_platform_0/system.hdf'.
23:40:26 INFO  : 'configparams force-mem-access 1' command is executed.
23:40:26 INFO  : Context for 'APU' is selected.
23:40:27 INFO  : 'stop' command is executed.
23:40:27 INFO  : 'ps7_init' command is executed.
23:40:27 INFO  : 'ps7_post_config' command is executed.
23:40:27 INFO  : Context for processor 'ps7_cortexa9_0' is selected.
23:40:27 INFO  : Processor reset is completed for 'ps7_cortexa9_0'.
23:40:27 INFO  : Context for processor 'ps7_cortexa9_0' is selected.
23:40:27 INFO  : The application 'C:/Users/Sergaljerk/EE234/Project_1/Debug/Project_1.elf' is downloaded to processor 'ps7_cortexa9_0'.
23:40:27 INFO  : 'configparams force-mem-access 0' command is executed.
23:40:27 INFO  : ----------------XSDB Script----------------
connect -url tcp:127.0.0.1:3121
source C:/Users/Sergaljerk/EE234/blackboard_v_2_2_hw_platform_0/ps7_init.tcl
targets -set -nocase -filter {name =~"APU*" && jtag_cable_name =~ "RealDigital Bla 887100000093A"} -index 0
loadhw -hw C:/Users/Sergaljerk/EE234/blackboard_v_2_2_hw_platform_0/system.hdf -mem-ranges [list {0x40000000 0xbfffffff}]
configparams force-mem-access 1
targets -set -nocase -filter {name =~"APU*" && jtag_cable_name =~ "RealDigital Bla 887100000093A"} -index 0
stop
ps7_init
ps7_post_config
targets -set -nocase -filter {name =~ "ARM*#0" && jtag_cable_name =~ "RealDigital Bla 887100000093A"} -index 0
rst -processor
targets -set -nocase -filter {name =~ "ARM*#0" && jtag_cable_name =~ "RealDigital Bla 887100000093A"} -index 0
dow C:/Users/Sergaljerk/EE234/Project_1/Debug/Project_1.elf
configparams force-mem-access 0
----------------End of Script----------------

23:40:27 INFO  : Memory regions updated for context APU
23:40:27 INFO  : Context for processor 'ps7_cortexa9_0' is selected.
23:40:27 INFO  : 'con' command is executed.
23:40:27 INFO  : ----------------XSDB Script (After Launch)----------------
targets -set -nocase -filter {name =~ "ARM*#0" && jtag_cable_name =~ "RealDigital Bla 887100000093A"} -index 0
con
----------------End of Script----------------

23:40:27 INFO  : Launch script is exported to file 'C:\Users\Sergaljerk\EE234\.sdk\launch_scripts\xilinx_c-c++_application_(system_debugger)\system_debugger_using_debug_project_1.elf_on_local.tcl'
23:41:13 INFO  : Disconnected from the channel tcfchan#18.
23:41:14 INFO  : 'targets -set -filter {jtag_cable_name =~ "RealDigital Bla 887100000093A" && level==0} -index 1' command is executed.
23:41:14 INFO  : 'fpga -state' command is executed.
23:41:14 INFO  : Connected to target on host '127.0.0.1' and port '3121'.
23:41:14 INFO  : Jtag cable 'RealDigital Bla 887100000093A' is selected.
23:41:14 INFO  : 'jtag frequency' command is executed.
23:41:14 INFO  : Sourcing of 'C:/Users/Sergaljerk/EE234/blackboard_v_2_2_hw_platform_0/ps7_init.tcl' is done.
23:41:14 INFO  : Context for 'APU' is selected.
23:41:14 INFO  : Hardware design information is loaded from 'C:/Users/Sergaljerk/EE234/blackboard_v_2_2_hw_platform_0/system.hdf'.
23:41:14 INFO  : 'configparams force-mem-access 1' command is executed.
23:41:14 INFO  : Context for 'APU' is selected.
23:41:14 INFO  : 'stop' command is executed.
23:41:15 INFO  : 'ps7_init' command is executed.
23:41:15 INFO  : 'ps7_post_config' command is executed.
23:41:15 INFO  : Context for processor 'ps7_cortexa9_0' is selected.
23:41:15 INFO  : Processor reset is completed for 'ps7_cortexa9_0'.
23:41:15 INFO  : Context for processor 'ps7_cortexa9_0' is selected.
23:41:15 INFO  : The application 'C:/Users/Sergaljerk/EE234/Project_1/Debug/Project_1.elf' is downloaded to processor 'ps7_cortexa9_0'.
23:41:15 INFO  : 'configparams force-mem-access 0' command is executed.
23:41:15 INFO  : ----------------XSDB Script----------------
connect -url tcp:127.0.0.1:3121
source C:/Users/Sergaljerk/EE234/blackboard_v_2_2_hw_platform_0/ps7_init.tcl
targets -set -nocase -filter {name =~"APU*" && jtag_cable_name =~ "RealDigital Bla 887100000093A"} -index 0
loadhw -hw C:/Users/Sergaljerk/EE234/blackboard_v_2_2_hw_platform_0/system.hdf -mem-ranges [list {0x40000000 0xbfffffff}]
configparams force-mem-access 1
targets -set -nocase -filter {name =~"APU*" && jtag_cable_name =~ "RealDigital Bla 887100000093A"} -index 0
stop
ps7_init
ps7_post_config
targets -set -nocase -filter {name =~ "ARM*#0" && jtag_cable_name =~ "RealDigital Bla 887100000093A"} -index 0
rst -processor
targets -set -nocase -filter {name =~ "ARM*#0" && jtag_cable_name =~ "RealDigital Bla 887100000093A"} -index 0
dow C:/Users/Sergaljerk/EE234/Project_1/Debug/Project_1.elf
configparams force-mem-access 0
----------------End of Script----------------

23:41:15 INFO  : Memory regions updated for context APU
23:41:15 INFO  : Context for processor 'ps7_cortexa9_0' is selected.
23:41:15 INFO  : 'con' command is executed.
23:41:15 INFO  : ----------------XSDB Script (After Launch)----------------
targets -set -nocase -filter {name =~ "ARM*#0" && jtag_cable_name =~ "RealDigital Bla 887100000093A"} -index 0
con
----------------End of Script----------------

23:41:15 INFO  : Launch script is exported to file 'C:\Users\Sergaljerk\EE234\.sdk\launch_scripts\xilinx_c-c++_application_(system_debugger)\system_debugger_using_debug_project_1.elf_on_local.tcl'
23:43:07 INFO  : Disconnected from the channel tcfchan#19.
23:43:08 INFO  : 'targets -set -filter {jtag_cable_name =~ "RealDigital Bla 887100000093A" && level==0} -index 1' command is executed.
23:43:08 INFO  : 'fpga -state' command is executed.
23:43:08 INFO  : Connected to target on host '127.0.0.1' and port '3121'.
23:43:08 INFO  : Jtag cable 'RealDigital Bla 887100000093A' is selected.
23:43:08 INFO  : 'jtag frequency' command is executed.
23:43:08 INFO  : Sourcing of 'C:/Users/Sergaljerk/EE234/blackboard_v_2_2_hw_platform_0/ps7_init.tcl' is done.
23:43:08 INFO  : Context for 'APU' is selected.
23:43:08 INFO  : Hardware design information is loaded from 'C:/Users/Sergaljerk/EE234/blackboard_v_2_2_hw_platform_0/system.hdf'.
23:43:08 INFO  : 'configparams force-mem-access 1' command is executed.
23:43:08 INFO  : Context for 'APU' is selected.
23:43:08 INFO  : 'stop' command is executed.
23:43:09 INFO  : 'ps7_init' command is executed.
23:43:09 INFO  : 'ps7_post_config' command is executed.
23:43:09 INFO  : Context for processor 'ps7_cortexa9_0' is selected.
23:43:09 INFO  : Processor reset is completed for 'ps7_cortexa9_0'.
23:43:09 INFO  : Context for processor 'ps7_cortexa9_0' is selected.
23:43:09 INFO  : The application 'C:/Users/Sergaljerk/EE234/Project_1/Debug/Project_1.elf' is downloaded to processor 'ps7_cortexa9_0'.
23:43:09 INFO  : 'configparams force-mem-access 0' command is executed.
23:43:09 INFO  : ----------------XSDB Script----------------
connect -url tcp:127.0.0.1:3121
source C:/Users/Sergaljerk/EE234/blackboard_v_2_2_hw_platform_0/ps7_init.tcl
targets -set -nocase -filter {name =~"APU*" && jtag_cable_name =~ "RealDigital Bla 887100000093A"} -index 0
loadhw -hw C:/Users/Sergaljerk/EE234/blackboard_v_2_2_hw_platform_0/system.hdf -mem-ranges [list {0x40000000 0xbfffffff}]
configparams force-mem-access 1
targets -set -nocase -filter {name =~"APU*" && jtag_cable_name =~ "RealDigital Bla 887100000093A"} -index 0
stop
ps7_init
ps7_post_config
targets -set -nocase -filter {name =~ "ARM*#0" && jtag_cable_name =~ "RealDigital Bla 887100000093A"} -index 0
rst -processor
targets -set -nocase -filter {name =~ "ARM*#0" && jtag_cable_name =~ "RealDigital Bla 887100000093A"} -index 0
dow C:/Users/Sergaljerk/EE234/Project_1/Debug/Project_1.elf
configparams force-mem-access 0
----------------End of Script----------------

23:43:09 INFO  : Memory regions updated for context APU
23:43:09 INFO  : Context for processor 'ps7_cortexa9_0' is selected.
23:43:09 INFO  : 'con' command is executed.
23:43:09 INFO  : ----------------XSDB Script (After Launch)----------------
targets -set -nocase -filter {name =~ "ARM*#0" && jtag_cable_name =~ "RealDigital Bla 887100000093A"} -index 0
con
----------------End of Script----------------

23:43:09 INFO  : Launch script is exported to file 'C:\Users\Sergaljerk\EE234\.sdk\launch_scripts\xilinx_c-c++_application_(system_debugger)\system_debugger_using_debug_project_1.elf_on_local.tcl'
23:48:10 INFO  : Disconnected from the channel tcfchan#20.
23:48:11 INFO  : 'targets -set -filter {jtag_cable_name =~ "RealDigital Bla 887100000093A" && level==0} -index 1' command is executed.
23:48:11 INFO  : 'fpga -state' command is executed.
23:48:11 INFO  : Connected to target on host '127.0.0.1' and port '3121'.
23:48:11 INFO  : Jtag cable 'RealDigital Bla 887100000093A' is selected.
23:48:11 INFO  : 'jtag frequency' command is executed.
23:48:11 INFO  : Sourcing of 'C:/Users/Sergaljerk/EE234/blackboard_v_2_2_hw_platform_0/ps7_init.tcl' is done.
23:48:11 INFO  : Context for 'APU' is selected.
23:48:11 INFO  : Hardware design information is loaded from 'C:/Users/Sergaljerk/EE234/blackboard_v_2_2_hw_platform_0/system.hdf'.
23:48:11 INFO  : 'configparams force-mem-access 1' command is executed.
23:48:11 INFO  : Context for 'APU' is selected.
23:48:11 INFO  : 'stop' command is executed.
23:48:12 INFO  : 'ps7_init' command is executed.
23:48:12 INFO  : 'ps7_post_config' command is executed.
23:48:12 INFO  : Context for processor 'ps7_cortexa9_0' is selected.
23:48:12 INFO  : Processor reset is completed for 'ps7_cortexa9_0'.
23:48:12 INFO  : Context for processor 'ps7_cortexa9_0' is selected.
23:48:12 INFO  : The application 'C:/Users/Sergaljerk/EE234/Project_1/Debug/Project_1.elf' is downloaded to processor 'ps7_cortexa9_0'.
23:48:12 INFO  : 'configparams force-mem-access 0' command is executed.
23:48:12 INFO  : ----------------XSDB Script----------------
connect -url tcp:127.0.0.1:3121
source C:/Users/Sergaljerk/EE234/blackboard_v_2_2_hw_platform_0/ps7_init.tcl
targets -set -nocase -filter {name =~"APU*" && jtag_cable_name =~ "RealDigital Bla 887100000093A"} -index 0
loadhw -hw C:/Users/Sergaljerk/EE234/blackboard_v_2_2_hw_platform_0/system.hdf -mem-ranges [list {0x40000000 0xbfffffff}]
configparams force-mem-access 1
targets -set -nocase -filter {name =~"APU*" && jtag_cable_name =~ "RealDigital Bla 887100000093A"} -index 0
stop
ps7_init
ps7_post_config
targets -set -nocase -filter {name =~ "ARM*#0" && jtag_cable_name =~ "RealDigital Bla 887100000093A"} -index 0
rst -processor
targets -set -nocase -filter {name =~ "ARM*#0" && jtag_cable_name =~ "RealDigital Bla 887100000093A"} -index 0
dow C:/Users/Sergaljerk/EE234/Project_1/Debug/Project_1.elf
configparams force-mem-access 0
----------------End of Script----------------

23:48:12 INFO  : Memory regions updated for context APU
23:48:12 INFO  : Context for processor 'ps7_cortexa9_0' is selected.
23:48:12 INFO  : 'con' command is executed.
23:48:12 INFO  : ----------------XSDB Script (After Launch)----------------
targets -set -nocase -filter {name =~ "ARM*#0" && jtag_cable_name =~ "RealDigital Bla 887100000093A"} -index 0
con
----------------End of Script----------------

23:48:12 INFO  : Launch script is exported to file 'C:\Users\Sergaljerk\EE234\.sdk\launch_scripts\xilinx_c-c++_application_(system_debugger)\system_debugger_using_debug_project_1.elf_on_local.tcl'
23:48:58 INFO  : Disconnected from the channel tcfchan#21.
23:48:59 INFO  : 'targets -set -filter {jtag_cable_name =~ "RealDigital Bla 887100000093A" && level==0} -index 1' command is executed.
23:48:59 INFO  : 'fpga -state' command is executed.
23:48:59 INFO  : Connected to target on host '127.0.0.1' and port '3121'.
23:49:00 INFO  : Jtag cable 'RealDigital Bla 887100000093A' is selected.
23:49:00 INFO  : 'jtag frequency' command is executed.
23:49:00 INFO  : Sourcing of 'C:/Users/Sergaljerk/EE234/blackboard_v_2_2_hw_platform_0/ps7_init.tcl' is done.
23:49:00 INFO  : Context for 'APU' is selected.
23:49:00 INFO  : Hardware design information is loaded from 'C:/Users/Sergaljerk/EE234/blackboard_v_2_2_hw_platform_0/system.hdf'.
23:49:00 INFO  : 'configparams force-mem-access 1' command is executed.
23:49:00 INFO  : Context for 'APU' is selected.
23:49:00 INFO  : 'stop' command is executed.
23:49:00 INFO  : 'ps7_init' command is executed.
23:49:00 INFO  : 'ps7_post_config' command is executed.
23:49:00 INFO  : Context for processor 'ps7_cortexa9_0' is selected.
23:49:00 INFO  : Processor reset is completed for 'ps7_cortexa9_0'.
23:49:00 INFO  : Context for processor 'ps7_cortexa9_0' is selected.
23:49:01 INFO  : The application 'C:/Users/Sergaljerk/EE234/Project_1/Debug/Project_1.elf' is downloaded to processor 'ps7_cortexa9_0'.
23:49:01 INFO  : 'configparams force-mem-access 0' command is executed.
23:49:01 INFO  : ----------------XSDB Script----------------
connect -url tcp:127.0.0.1:3121
source C:/Users/Sergaljerk/EE234/blackboard_v_2_2_hw_platform_0/ps7_init.tcl
targets -set -nocase -filter {name =~"APU*" && jtag_cable_name =~ "RealDigital Bla 887100000093A"} -index 0
loadhw -hw C:/Users/Sergaljerk/EE234/blackboard_v_2_2_hw_platform_0/system.hdf -mem-ranges [list {0x40000000 0xbfffffff}]
configparams force-mem-access 1
targets -set -nocase -filter {name =~"APU*" && jtag_cable_name =~ "RealDigital Bla 887100000093A"} -index 0
stop
ps7_init
ps7_post_config
targets -set -nocase -filter {name =~ "ARM*#0" && jtag_cable_name =~ "RealDigital Bla 887100000093A"} -index 0
rst -processor
targets -set -nocase -filter {name =~ "ARM*#0" && jtag_cable_name =~ "RealDigital Bla 887100000093A"} -index 0
dow C:/Users/Sergaljerk/EE234/Project_1/Debug/Project_1.elf
configparams force-mem-access 0
----------------End of Script----------------

23:49:01 INFO  : Memory regions updated for context APU
23:49:01 INFO  : Context for processor 'ps7_cortexa9_0' is selected.
23:49:01 INFO  : 'con' command is executed.
23:49:01 INFO  : ----------------XSDB Script (After Launch)----------------
targets -set -nocase -filter {name =~ "ARM*#0" && jtag_cable_name =~ "RealDigital Bla 887100000093A"} -index 0
con
----------------End of Script----------------

23:49:01 INFO  : Launch script is exported to file 'C:\Users\Sergaljerk\EE234\.sdk\launch_scripts\xilinx_c-c++_application_(system_debugger)\system_debugger_using_debug_project_1.elf_on_local.tcl'
00:20:17 INFO  : Launching XSCT server: xsct.bat -interactive C:\Users\Sergaljerk\EE234\temp_xsdb_launch_script.tcl
10:25:04 INFO  : Registering command handlers for SDK TCF services
10:25:05 INFO  : Launching XSCT server: xsct.bat -interactive C:\Users\Sergaljerk\EE234\temp_xsdb_launch_script.tcl
10:25:11 INFO  : XSCT server has started successfully.
10:25:11 INFO  : Successfully done setting XSCT server connection channel  
10:25:14 INFO  : Successfully done setting SDK workspace  
10:36:22 INFO  : Connected to target on host '127.0.0.1' and port '3121'.
10:36:24 INFO  : 'targets -set -filter {jtag_cable_name =~ "RealDigital Bla 887100000093A" && level==0} -index 1' command is executed.
10:36:25 INFO  : FPGA configured successfully with bitstream "C:/Users/Sergaljerk/EE234/blackboard_v_2_2_hw_platform_0/blackboard_wrapper.bit"
10:36:31 INFO  : 'targets -set -filter {jtag_cable_name =~ "RealDigital Bla 887100000093A" && level==0} -index 1' command is executed.
10:36:31 INFO  : 'fpga -state' command is executed.
10:36:31 INFO  : Connected to target on host '127.0.0.1' and port '3121'.
10:36:31 INFO  : Jtag cable 'RealDigital Bla 887100000093A' is selected.
10:36:31 INFO  : 'jtag frequency' command is executed.
10:36:31 INFO  : Sourcing of 'C:/Users/Sergaljerk/EE234/blackboard_v_2_2_hw_platform_0/ps7_init.tcl' is done.
10:36:31 INFO  : Context for 'APU' is selected.
10:36:32 INFO  : Hardware design information is loaded from 'C:/Users/Sergaljerk/EE234/blackboard_v_2_2_hw_platform_0/system.hdf'.
10:36:32 INFO  : 'configparams force-mem-access 1' command is executed.
10:36:32 INFO  : Context for 'APU' is selected.
10:36:32 INFO  : 'stop' command is executed.
10:36:32 INFO  : 'ps7_init' command is executed.
10:36:32 INFO  : 'ps7_post_config' command is executed.
10:36:32 INFO  : Context for processor 'ps7_cortexa9_0' is selected.
10:36:33 INFO  : Processor reset is completed for 'ps7_cortexa9_0'.
10:36:33 INFO  : Context for processor 'ps7_cortexa9_0' is selected.
10:36:33 INFO  : The application 'C:/Users/Sergaljerk/EE234/Project_1/Debug/Project_1.elf' is downloaded to processor 'ps7_cortexa9_0'.
10:36:33 INFO  : 'configparams force-mem-access 0' command is executed.
10:36:33 INFO  : ----------------XSDB Script----------------
connect -url tcp:127.0.0.1:3121
source C:/Users/Sergaljerk/EE234/blackboard_v_2_2_hw_platform_0/ps7_init.tcl
targets -set -nocase -filter {name =~"APU*" && jtag_cable_name =~ "RealDigital Bla 887100000093A"} -index 0
loadhw -hw C:/Users/Sergaljerk/EE234/blackboard_v_2_2_hw_platform_0/system.hdf -mem-ranges [list {0x40000000 0xbfffffff}]
configparams force-mem-access 1
targets -set -nocase -filter {name =~"APU*" && jtag_cable_name =~ "RealDigital Bla 887100000093A"} -index 0
stop
ps7_init
ps7_post_config
targets -set -nocase -filter {name =~ "ARM*#0" && jtag_cable_name =~ "RealDigital Bla 887100000093A"} -index 0
rst -processor
targets -set -nocase -filter {name =~ "ARM*#0" && jtag_cable_name =~ "RealDigital Bla 887100000093A"} -index 0
dow C:/Users/Sergaljerk/EE234/Project_1/Debug/Project_1.elf
configparams force-mem-access 0
----------------End of Script----------------

10:36:33 INFO  : Memory regions updated for context APU
10:36:33 INFO  : Context for processor 'ps7_cortexa9_0' is selected.
10:36:33 INFO  : 'con' command is executed.
10:36:33 INFO  : ----------------XSDB Script (After Launch)----------------
targets -set -nocase -filter {name =~ "ARM*#0" && jtag_cable_name =~ "RealDigital Bla 887100000093A"} -index 0
con
----------------End of Script----------------

10:36:33 INFO  : Launch script is exported to file 'C:\Users\Sergaljerk\EE234\.sdk\launch_scripts\xilinx_c-c++_application_(system_debugger)\system_debugger_using_debug_project_1.elf_on_local.tcl'
10:37:02 INFO  : Disconnected from the channel tcfchan#1.
10:37:03 INFO  : 'targets -set -filter {jtag_cable_name =~ "RealDigital Bla 887100000093A" && level==0} -index 1' command is executed.
10:37:03 INFO  : 'fpga -state' command is executed.
10:37:03 INFO  : Connected to target on host '127.0.0.1' and port '3121'.
10:37:04 INFO  : Jtag cable 'RealDigital Bla 887100000093A' is selected.
10:37:04 INFO  : 'jtag frequency' command is executed.
10:37:04 INFO  : Sourcing of 'C:/Users/Sergaljerk/EE234/blackboard_v_2_2_hw_platform_0/ps7_init.tcl' is done.
10:37:04 INFO  : Context for 'APU' is selected.
10:37:07 INFO  : Hardware design information is loaded from 'C:/Users/Sergaljerk/EE234/blackboard_v_2_2_hw_platform_0/system.hdf'.
10:37:07 INFO  : 'configparams force-mem-access 1' command is executed.
10:37:07 INFO  : Context for 'APU' is selected.
10:37:07 INFO  : 'stop' command is executed.
10:37:07 INFO  : 'ps7_init' command is executed.
10:37:07 INFO  : 'ps7_post_config' command is executed.
10:37:07 INFO  : Context for processor 'ps7_cortexa9_0' is selected.
10:37:07 INFO  : Processor reset is completed for 'ps7_cortexa9_0'.
10:37:07 INFO  : Context for processor 'ps7_cortexa9_0' is selected.
10:37:07 INFO  : The application 'C:/Users/Sergaljerk/EE234/Project_1/Debug/Project_1.elf' is downloaded to processor 'ps7_cortexa9_0'.
10:37:07 INFO  : 'configparams force-mem-access 0' command is executed.
10:37:07 INFO  : ----------------XSDB Script----------------
connect -url tcp:127.0.0.1:3121
source C:/Users/Sergaljerk/EE234/blackboard_v_2_2_hw_platform_0/ps7_init.tcl
targets -set -nocase -filter {name =~"APU*" && jtag_cable_name =~ "RealDigital Bla 887100000093A"} -index 0
loadhw -hw C:/Users/Sergaljerk/EE234/blackboard_v_2_2_hw_platform_0/system.hdf -mem-ranges [list {0x40000000 0xbfffffff}]
configparams force-mem-access 1
targets -set -nocase -filter {name =~"APU*" && jtag_cable_name =~ "RealDigital Bla 887100000093A"} -index 0
stop
ps7_init
ps7_post_config
targets -set -nocase -filter {name =~ "ARM*#0" && jtag_cable_name =~ "RealDigital Bla 887100000093A"} -index 0
rst -processor
targets -set -nocase -filter {name =~ "ARM*#0" && jtag_cable_name =~ "RealDigital Bla 887100000093A"} -index 0
dow C:/Users/Sergaljerk/EE234/Project_1/Debug/Project_1.elf
configparams force-mem-access 0
----------------End of Script----------------

10:37:07 INFO  : Memory regions updated for context APU
10:37:07 INFO  : Context for processor 'ps7_cortexa9_0' is selected.
10:37:08 INFO  : 'con' command is executed.
10:37:08 INFO  : ----------------XSDB Script (After Launch)----------------
targets -set -nocase -filter {name =~ "ARM*#0" && jtag_cable_name =~ "RealDigital Bla 887100000093A"} -index 0
con
----------------End of Script----------------

10:37:08 INFO  : Launch script is exported to file 'C:\Users\Sergaljerk\EE234\.sdk\launch_scripts\xilinx_c-c++_application_(system_debugger)\system_debugger_using_debug_project_1.elf_on_local.tcl'
10:41:37 INFO  : Disconnected from the channel tcfchan#2.
10:41:38 INFO  : 'targets -set -filter {jtag_cable_name =~ "RealDigital Bla 887100000093A" && level==0} -index 1' command is executed.
10:41:38 INFO  : 'fpga -state' command is executed.
10:41:38 INFO  : Connected to target on host '127.0.0.1' and port '3121'.
10:41:39 INFO  : Jtag cable 'RealDigital Bla 887100000093A' is selected.
10:41:39 INFO  : 'jtag frequency' command is executed.
10:41:39 INFO  : Sourcing of 'C:/Users/Sergaljerk/EE234/blackboard_v_2_2_hw_platform_0/ps7_init.tcl' is done.
10:41:39 INFO  : Context for 'APU' is selected.
10:41:41 INFO  : Hardware design information is loaded from 'C:/Users/Sergaljerk/EE234/blackboard_v_2_2_hw_platform_0/system.hdf'.
10:41:41 INFO  : 'configparams force-mem-access 1' command is executed.
10:41:41 INFO  : Context for 'APU' is selected.
10:41:41 INFO  : 'stop' command is executed.
10:41:42 INFO  : 'ps7_init' command is executed.
10:41:42 INFO  : 'ps7_post_config' command is executed.
10:41:42 INFO  : Context for processor 'ps7_cortexa9_0' is selected.
10:41:42 INFO  : Processor reset is completed for 'ps7_cortexa9_0'.
10:41:42 INFO  : Context for processor 'ps7_cortexa9_0' is selected.
10:41:42 INFO  : The application 'C:/Users/Sergaljerk/EE234/Project_1/Debug/Project_1.elf' is downloaded to processor 'ps7_cortexa9_0'.
10:41:42 INFO  : 'configparams force-mem-access 0' command is executed.
10:41:42 INFO  : ----------------XSDB Script----------------
connect -url tcp:127.0.0.1:3121
source C:/Users/Sergaljerk/EE234/blackboard_v_2_2_hw_platform_0/ps7_init.tcl
targets -set -nocase -filter {name =~"APU*" && jtag_cable_name =~ "RealDigital Bla 887100000093A"} -index 0
loadhw -hw C:/Users/Sergaljerk/EE234/blackboard_v_2_2_hw_platform_0/system.hdf -mem-ranges [list {0x40000000 0xbfffffff}]
configparams force-mem-access 1
targets -set -nocase -filter {name =~"APU*" && jtag_cable_name =~ "RealDigital Bla 887100000093A"} -index 0
stop
ps7_init
ps7_post_config
targets -set -nocase -filter {name =~ "ARM*#0" && jtag_cable_name =~ "RealDigital Bla 887100000093A"} -index 0
rst -processor
targets -set -nocase -filter {name =~ "ARM*#0" && jtag_cable_name =~ "RealDigital Bla 887100000093A"} -index 0
dow C:/Users/Sergaljerk/EE234/Project_1/Debug/Project_1.elf
configparams force-mem-access 0
----------------End of Script----------------

10:41:42 INFO  : Memory regions updated for context APU
10:41:42 INFO  : Context for processor 'ps7_cortexa9_0' is selected.
10:41:42 INFO  : 'con' command is executed.
10:41:42 INFO  : ----------------XSDB Script (After Launch)----------------
targets -set -nocase -filter {name =~ "ARM*#0" && jtag_cable_name =~ "RealDigital Bla 887100000093A"} -index 0
con
----------------End of Script----------------

10:41:42 INFO  : Launch script is exported to file 'C:\Users\Sergaljerk\EE234\.sdk\launch_scripts\xilinx_c-c++_application_(system_debugger)\system_debugger_using_debug_project_1.elf_on_local.tcl'
10:42:58 INFO  : Disconnected from the channel tcfchan#3.
10:42:59 INFO  : 'targets -set -filter {jtag_cable_name =~ "RealDigital Bla 887100000093A" && level==0} -index 1' command is executed.
10:42:59 INFO  : 'fpga -state' command is executed.
10:42:59 INFO  : Connected to target on host '127.0.0.1' and port '3121'.
10:42:59 INFO  : Jtag cable 'RealDigital Bla 887100000093A' is selected.
10:42:59 INFO  : 'jtag frequency' command is executed.
10:42:59 INFO  : Sourcing of 'C:/Users/Sergaljerk/EE234/blackboard_v_2_2_hw_platform_0/ps7_init.tcl' is done.
10:42:59 INFO  : Context for 'APU' is selected.
10:43:02 INFO  : Hardware design information is loaded from 'C:/Users/Sergaljerk/EE234/blackboard_v_2_2_hw_platform_0/system.hdf'.
10:43:02 INFO  : 'configparams force-mem-access 1' command is executed.
10:43:02 INFO  : Context for 'APU' is selected.
10:43:02 INFO  : 'stop' command is executed.
10:43:02 INFO  : 'ps7_init' command is executed.
10:43:02 INFO  : 'ps7_post_config' command is executed.
10:43:02 INFO  : Context for processor 'ps7_cortexa9_0' is selected.
10:43:02 INFO  : Processor reset is completed for 'ps7_cortexa9_0'.
10:43:02 INFO  : Context for processor 'ps7_cortexa9_0' is selected.
10:43:02 INFO  : The application 'C:/Users/Sergaljerk/EE234/Project_1/Debug/Project_1.elf' is downloaded to processor 'ps7_cortexa9_0'.
10:43:02 INFO  : 'configparams force-mem-access 0' command is executed.
10:43:02 INFO  : ----------------XSDB Script----------------
connect -url tcp:127.0.0.1:3121
source C:/Users/Sergaljerk/EE234/blackboard_v_2_2_hw_platform_0/ps7_init.tcl
targets -set -nocase -filter {name =~"APU*" && jtag_cable_name =~ "RealDigital Bla 887100000093A"} -index 0
loadhw -hw C:/Users/Sergaljerk/EE234/blackboard_v_2_2_hw_platform_0/system.hdf -mem-ranges [list {0x40000000 0xbfffffff}]
configparams force-mem-access 1
targets -set -nocase -filter {name =~"APU*" && jtag_cable_name =~ "RealDigital Bla 887100000093A"} -index 0
stop
ps7_init
ps7_post_config
targets -set -nocase -filter {name =~ "ARM*#0" && jtag_cable_name =~ "RealDigital Bla 887100000093A"} -index 0
rst -processor
targets -set -nocase -filter {name =~ "ARM*#0" && jtag_cable_name =~ "RealDigital Bla 887100000093A"} -index 0
dow C:/Users/Sergaljerk/EE234/Project_1/Debug/Project_1.elf
configparams force-mem-access 0
----------------End of Script----------------

10:43:02 INFO  : Memory regions updated for context APU
10:43:03 INFO  : Context for processor 'ps7_cortexa9_0' is selected.
10:43:03 INFO  : 'con' command is executed.
10:43:03 INFO  : ----------------XSDB Script (After Launch)----------------
targets -set -nocase -filter {name =~ "ARM*#0" && jtag_cable_name =~ "RealDigital Bla 887100000093A"} -index 0
con
----------------End of Script----------------

10:43:03 INFO  : Launch script is exported to file 'C:\Users\Sergaljerk\EE234\.sdk\launch_scripts\xilinx_c-c++_application_(system_debugger)\system_debugger_using_debug_project_1.elf_on_local.tcl'
10:50:44 INFO  : Disconnected from the channel tcfchan#4.
00:19:16 INFO  : Registering command handlers for SDK TCF services
00:19:18 INFO  : Launching XSCT server: xsct.bat -interactive C:\Users\Sergaljerk\EE234\temp_xsdb_launch_script.tcl
00:19:24 INFO  : XSCT server has started successfully.
00:19:24 INFO  : Successfully done setting XSCT server connection channel  
00:19:28 INFO  : Successfully done setting SDK workspace  
