Copyright 1986-2019 Xilinx, Inc. All Rights Reserved.
------------------------------------------------------------------------------------
| Tool Version : Vivado v.2019.1 (lin64) Build 2552052 Fri May 24 14:47:09 MDT 2019
| Date         : Fri Aug 30 17:20:29 2019
| Host         : Necryotiks running 64-bit unknown
| Command      : upgrade_ip
| Device       : xc7z007sclg400-1
------------------------------------------------------------------------------------

Upgrade Log for IP 'LED_IP_SW_BUTTON_INTERFACE_0_0'

1. Summary
----------

SUCCESS in the upgrade of LED_IP_SW_BUTTON_INTERFACE_0_0 (user.org:user:SW_BUTTON_INTERFACE:1.0) from (Rev. 3) to (Rev. 4)






Copyright 1986-2019 Xilinx, Inc. All Rights Reserved.
------------------------------------------------------------------------------------
| Tool Version : Vivado v.2019.1 (lin64) Build 2552052 Fri May 24 14:47:09 MDT 2019
| Date         : Fri Aug 30 16:58:43 2019
| Host         : Necryotiks running 64-bit unknown
| Command      : upgrade_ip
| Device       : xc7z007sclg400-1
------------------------------------------------------------------------------------

Upgrade Log for IP 'LED_IP_ps7_0_axi_periph_0'

1. Summary
----------

SUCCESS in the upgrade of LED_IP_ps7_0_axi_periph_0 (xilinx.com:ip:axi_interconnect:2.1) from (Rev. 19) to (Rev. 20)






Copyright 1986-2019 Xilinx, Inc. All Rights Reserved.
------------------------------------------------------------------------------------
| Tool Version : Vivado v.2019.1 (lin64) Build 2552052 Fri May 24 14:47:09 MDT 2019
| Date         : Fri Aug 30 16:58:43 2019
| Host         : Necryotiks running 64-bit unknown
| Command      : upgrade_ip
| Device       : xc7z007sclg400-1
------------------------------------------------------------------------------------

Upgrade Log for IP 'LED_IP_LED_CONTROLLER_0_0'

1. Summary
----------

SUCCESS in the upgrade of LED_IP_LED_CONTROLLER_0_0 (xilinx.com:user:LED_CONTROLLER:1.0) from (Rev. 3) to (Rev. 4)






Copyright 1986-2018 Xilinx, Inc. All Rights Reserved.
------------------------------------------------------------------------------------
| Tool Version : Vivado v.2018.3 (lin64) Build 2405991 Thu Dec  6 23:36:41 MST 2018
| Date         : Fri Mar  8 18:07:26 2019
| Host         : Necryotiks running 64-bit unknown
| Command      : upgrade_ip
| Device       : xc7z007sclg400-1
------------------------------------------------------------------------------------

Upgrade Log for IP 'LED_IP_SW_BUTTON_INTERFACE_0_0'

1. Summary
----------

CAUTION (success, with warnings) in the upgrade of LED_IP_SW_BUTTON_INTERFACE_0_0 (user.org:user:SW_BUTTON_INTERFACE:1.0) from (Rev. 2) to (Rev. 3)

After upgrade, an IP may have parameter and port differences compared to the original customization. Please review the parameters within the IP customization GUI to ensure proper functionality. Also, please review the updated IP instantiation template to ensure proper connectivity, and update your design if required.

2. Connection Warnings
----------------------

Detected external port differences while upgrading 'LED_IP_SW_BUTTON_INTERFACE_0_0'. These changes may impact your design.


-Upgrade has removed port 'o_BTN'

-Upgrade has removed port 'o_SW'

-Upgrade has added port 'i_BTN'

-Upgrade has added port 'i_SW'







Copyright 1986-2018 Xilinx, Inc. All Rights Reserved.
------------------------------------------------------------------------------------
| Tool Version : Vivado v.2018.3 (lin64) Build 2405991 Thu Dec  6 23:36:41 MST 2018
| Date         : Fri Mar  8 17:20:17 2019
| Host         : Necryotiks running 64-bit unknown
| Command      : upgrade_ip
| Device       : xc7z007sclg400-1
------------------------------------------------------------------------------------

Upgrade Log for IP 'LED_IP_SW_BUTTON_INTERFACE_0_0'

1. Summary
----------

CAUTION (success, with warnings) in the upgrade of LED_IP_SW_BUTTON_INTERFACE_0_0 (user.org:user:SW_BUTTON_INTERFACE:1.0) from (Rev. 1) to (Rev. 2)

After upgrade, an IP may have parameter and port differences compared to the original customization. Please review the parameters within the IP customization GUI to ensure proper functionality. Also, please review the updated IP instantiation template to ensure proper connectivity, and update your design if required.

2. Connection Warnings
----------------------

Detected external port differences while upgrading 'LED_IP_SW_BUTTON_INTERFACE_0_0'. These changes may impact your design.


-Upgrade has added port 'o_BTN'

-Upgrade has added port 'o_SW'







Copyright 1986-2018 Xilinx, Inc. All Rights Reserved.
------------------------------------------------------------------------------------
| Tool Version : Vivado v.2018.3 (win64) Build 2405991 Thu Dec  6 23:38:27 MST 2018
| Date         : Mon Mar  4 16:35:10 2019
| Host         : DESKTOP-3VDLSPS running 64-bit major release  (build 9200)
| Command      : upgrade_ip
| Device       : xc7z007sclg400-1
------------------------------------------------------------------------------------

Upgrade Log for IP 'LED_IP_RGB_CONTROLLER_0_0'

1. Summary
----------

SUCCESS in the upgrade of LED_IP_RGB_CONTROLLER_0_0 (xilinx.com:user:RGB_CONTROLLER:1.0) from (Rev. 2) to (Rev. 3)






Copyright 1986-2018 Xilinx, Inc. All Rights Reserved.
------------------------------------------------------------------------------------
| Tool Version : Vivado v.2018.3 (win64) Build 2405991 Thu Dec  6 23:38:27 MST 2018
| Date         : Mon Mar  4 13:44:55 2019
| Host         : DESKTOP-3VDLSPS running 64-bit major release  (build 9200)
| Command      : upgrade_ip
| Device       : xc7z007sclg400-1
------------------------------------------------------------------------------------

Upgrade Log for IP 'LED_IP_RGB_CONTROLLER_0_0'

1. Summary
----------

CAUTION (success, with warnings) in the upgrade of LED_IP_RGB_CONTROLLER_0_0 (xilinx.com:user:RGB_CONTROLLER:1.0) from (Rev. 1) to (Rev. 2)

After upgrade, an IP may have parameter and port differences compared to the original customization. Please review the parameters within the IP customization GUI to ensure proper functionality. Also, please review the updated IP instantiation template to ensure proper connectivity, and update your design if required.

2. Connection Warnings
----------------------

Detected external port differences while upgrading 'LED_IP_RGB_CONTROLLER_0_0'. These changes may impact your design.


-Upgrade has added port 'o_RGB'







Copyright 1986-2018 Xilinx, Inc. All Rights Reserved.
------------------------------------------------------------------------------------
| Tool Version : Vivado v.2018.3 (win64) Build 2405991 Thu Dec  6 23:38:27 MST 2018
| Date         : Mon Mar  4 12:57:52 2019
| Host         : DESKTOP-3VDLSPS running 64-bit major release  (build 9200)
| Command      : upgrade_ip
| Device       : xc7z007sclg400-1
------------------------------------------------------------------------------------

Upgrade Log for IP 'LED_IP_LED_CONTROLLER_0_0'

1. Summary
----------

SUCCESS in the upgrade of LED_IP_LED_CONTROLLER_0_0 (xilinx.com:user:LED_CONTROLLER:1.0) from (Rev. 2) to (Rev. 3)






Copyright 1986-2018 Xilinx, Inc. All Rights Reserved.
------------------------------------------------------------------------------------
| Tool Version : Vivado v.2018.3 (win64) Build 2405991 Thu Dec  6 23:38:27 MST 2018
| Date         : Sun Mar  3 23:49:50 2019
| Host         : DESKTOP-3VDLSPS running 64-bit major release  (build 9200)
| Command      : upgrade_ip
| Device       : xc7z007sclg400-1
------------------------------------------------------------------------------------

Upgrade Log for IP 'LED_IP_LED_CONTROLLER_0_0'

1. Summary
----------

CAUTION (success, with warnings) in the upgrade of LED_IP_LED_CONTROLLER_0_0 (xilinx.com:user:LED_CONTROLLER:1.0) from (Rev. 1) to (Rev. 2)

After upgrade, an IP may have parameter and port differences compared to the original customization. Please review the parameters within the IP customization GUI to ensure proper functionality. Also, please review the updated IP instantiation template to ensure proper connectivity, and update your design if required.

2. Connection Warnings
----------------------

Detected external port differences while upgrading 'LED_IP_LED_CONTROLLER_0_0'. These changes may impact your design.


-Upgrade has added port 'o_LED'


