#-----------------------------------------------------------
# Vivado v2019.1 (64-bit)
# SW Build 2552052 on Fri May 24 14:47:09 MDT 2019
# IP Build 2548770 on Fri May 24 18:01:18 MDT 2019
# Start of session at: Thu Sep  5 14:07:23 2019
# Process ID: 15400
# Current directory: /home/necryotiks/Documents/Repos/WSU-CPTE/EE324/Module_2
# Command line: vivado
# Log file: /home/necryotiks/Documents/Repos/WSU-CPTE/EE324/Module_2/vivado.log
# Journal file: /home/necryotiks/Documents/Repos/WSU-CPTE/EE324/Module_2/vivado.jou
#-----------------------------------------------------------
start_gui
xterm: cannot load font "-Misc-Fixed-medium-R-*-*-13-120-75-75-C-120-ISO10646-1"
open_project /home/necryotiks/Documents/Repos/WSU-CPTE/EE324/Module_2/Module_2.xpr
Scanning sources...
Finished scanning sources
INFO: [IP_Flow 19-234] Refreshing IP repositories
INFO: [IP_Flow 19-1700] Loaded user IP repository '/home/necryotiks/Documents/Repos/WSU-CPTE/EE324/ip_repo/SW_BTN_INTERFACE_1.0'.
INFO: [IP_Flow 19-1700] Loaded user IP repository '/home/necryotiks/Documents/Repos/WSU-CPTE/EE324/ip_repo/RGB_CONTROLLER_1.0'.
INFO: [IP_Flow 19-1700] Loaded user IP repository '/home/necryotiks/Documents/Repos/WSU-CPTE/EE324/ip_repo/LED_CONTROLLER_1.0'.
INFO: [IP_Flow 19-2313] Loaded Vivado IP repository '/home/necryotiks/Xilinx/Vivado/2019.1/data/ip'.
update_compile_order -fileset sources_1
launch_sdk -workspace /home/necryotiks/Documents/Repos/WSU-CPTE/EE324/Module_2/Module_2.sdk -hwspec /home/necryotiks/Documents/Repos/WSU-CPTE/EE324/Module_2/Module_2.sdk/design_1_wrapper.hdf
INFO: [Vivado 12-393] Launching SDK...
INFO: [Vivado 12-417] Running xsdk -workspace /home/necryotiks/Documents/Repos/WSU-CPTE/EE324/Module_2/Module_2.sdk -hwspec /home/necryotiks/Documents/Repos/WSU-CPTE/EE324/Module_2/Module_2.sdk/design_1_wrapper.hdf
INFO: [Vivado 12-3157] SDK launch initiated. Please check console for any further messages.
exit
INFO: [Common 17-206] Exiting Vivado at Thu Sep  5 14:09:30 2019...
