#-----------------------------------------------------------
# Webtalk v2019.1 (64-bit)
# SW Build 2552052 on Fri May 24 14:47:09 MDT 2019
# 
# Start of session at: Wed Oct 30 17:40:20 2019
# Process ID: 10377
# Current directory: /home/sergaljerk/Module_5/m5/m5.sdk/webtalk
# Command line: wbtcv -mode batch -source sdk_webtalk.tcl
# Log file: /home/sergaljerk/Module_5/m5/m5.sdk/webtalk/webtalk.log
# Journal file: /home/sergaljerk/Module_5/m5/m5.sdk/webtalk/webtalk.jou
#-----------------------------------------------------------
source sdk_webtalk.tcl
# webtalk_init -webtalk_dir /home/sergaljerk/Module_5/m5/m5.sdk/webtalk
# webtalk_register_client -client project
# webtalk_add_data -client project -key date_generated -value "2019-10-30 17:40:19" -context "software_version_and_target_device"
# webtalk_add_data -client project -key product_version -value "SDK v2019.1" -context "software_version_and_target_device"
# webtalk_add_data -client project -key build_version -value "2019.1" -context "software_version_and_target_device"
# webtalk_add_data -client project -key os_platform -value "amd64" -context "software_version_and_target_device"
# webtalk_add_data -client project -key registration_id -value "" -context "software_version_and_target_device"
# webtalk_add_data -client project -key tool_flow -value "SDK" -context "software_version_and_target_device"
# webtalk_add_data -client project -key beta -value "false" -context "software_version_and_target_device"
# webtalk_add_data -client project -key route_design -value "NA" -context "software_version_and_target_device"
# webtalk_add_data -client project -key target_family -value "NA" -context "software_version_and_target_device"
# webtalk_add_data -client project -key target_device -value "NA" -context "software_version_and_target_device"
# webtalk_add_data -client project -key target_package -value "NA" -context "software_version_and_target_device"
# webtalk_add_data -client project -key target_speed -value "NA" -context "software_version_and_target_device"
# webtalk_add_data -client project -key random_id -value "b8gtq1g55hb1r5lepdof8tcq3i" -context "software_version_and_target_device"
# webtalk_add_data -client project -key project_id -value "2019.1_10" -context "software_version_and_target_device"
# webtalk_add_data -client project -key project_iteration -value "10" -context "software_version_and_target_device"
# webtalk_add_data -client project -key os_name -value "Ubuntu" -context "user_environment"
# webtalk_add_data -client project -key os_release -value "Ubuntu 18.04.3 LTS" -context "user_environment"
# webtalk_add_data -client project -key cpu_name -value "AMD Ryzen 7 1700 Eight-Core Processor" -context "user_environment"
# webtalk_add_data -client project -key cpu_speed -value "2994.457 MHz" -context "user_environment"
# webtalk_add_data -client project -key total_processors -value "14" -context "user_environment"
# webtalk_add_data -client project -key system_ram -value "10.472 GB" -context "user_environment"
# webtalk_register_client -client sdk
# webtalk_add_data -client sdk -key uid -value "1572481390000" -context "sdk\\\\hardware/1572481390000"
# webtalk_add_data -client sdk -key isZynq -value "true" -context "sdk\\\\hardware/1572481390000"
# webtalk_add_data -client sdk -key isZynqMP -value "false" -context "sdk\\\\hardware/1572481390000"
# webtalk_add_data -client sdk -key Processors -value "1" -context "sdk\\\\hardware/1572481390000"
# webtalk_add_data -client sdk -key VivadoVersion -value "2019.1" -context "sdk\\\\hardware/1572481390000"
# webtalk_add_data -client sdk -key Arch -value "zynq" -context "sdk\\\\hardware/1572481390000"
# webtalk_add_data -client sdk -key Device -value "7z007s" -context "sdk\\\\hardware/1572481390000"
# webtalk_add_data -client sdk -key IsHandoff -value "true" -context "sdk\\\\hardware/1572481390000"
# webtalk_add_data -client sdk -key os -value "NA" -context "sdk\\\\hardware/1572481390000"
# webtalk_add_data -client sdk -key apptemplate -value "NA" -context "sdk\\\\hardware/1572481390000"
# webtalk_add_data -client sdk -key RecordType -value "HWCreation" -context "sdk\\\\hardware/1572481390000"
# webtalk_add_data -client sdk -key uid -value "1572481576000" -context "sdk\\\\bsp/1572481576000"
# webtalk_add_data -client sdk -key hwid -value "1572481390000" -context "sdk\\\\bsp/1572481576000"
# webtalk_add_data -client sdk -key os -value "standalone" -context "sdk\\\\bsp/1572481576000"
# webtalk_add_data -client sdk -key apptemplate -value "empty_application" -context "sdk\\\\bsp/1572481576000"
# webtalk_add_data -client sdk -key RecordType -value "BSPCreation" -context "sdk\\\\bsp/1572481576000"
# webtalk_add_data -client sdk -key uid -value "1572481577000" -context "sdk\\\\application/1572481577000"
# webtalk_add_data -client sdk -key hwid -value "1572481390000" -context "sdk\\\\application/1572481577000"
# webtalk_add_data -client sdk -key bspid -value "1572481576000" -context "sdk\\\\application/1572481577000"
# webtalk_add_data -client sdk -key newbsp -value "true" -context "sdk\\\\application/1572481577000"
# webtalk_add_data -client sdk -key os -value "standalone" -context "sdk\\\\application/1572481577000"
# webtalk_add_data -client sdk -key apptemplate -value "empty_application" -context "sdk\\\\application/1572481577000"
# webtalk_add_data -client sdk -key RecordType -value "APPCreation" -context "sdk\\\\application/1572481577000"
# webtalk_add_data -client sdk -key LangUsed -value "C" -context "sdk\\\\application/1572481577000"
# webtalk_add_data -client sdk -key Procused -value "ps7_cortexa9" -context "sdk\\\\application/1572481577000"
# webtalk_add_data -client sdk -key projSize -value "145.12890625" -context "sdk\\\\application/1572481577000"
# webtalk_add_data -client sdk -key uid -value "NA" -context "sdk\\\\bsp/1572482419465"
# webtalk_add_data -client sdk -key RecordType -value "ToolUsage" -context "sdk\\\\bsp/1572482419465"
# webtalk_add_data -client sdk -key BootgenCount -value "0" -context "sdk\\\\bsp/1572482419465"
# webtalk_add_data -client sdk -key DebugCount -value "10" -context "sdk\\\\bsp/1572482419465"
# webtalk_add_data -client sdk -key PerfCount -value "0" -context "sdk\\\\bsp/1572482419465"
# webtalk_add_data -client sdk -key FlashCount -value "0" -context "sdk\\\\bsp/1572482419465"
# webtalk_add_data -client sdk -key CrossTriggCount -value "0" -context "sdk\\\\bsp/1572482419465"
# webtalk_add_data -client sdk -key QemuDebugCount -value "0" -context "sdk\\\\bsp/1572482419465"
# webtalk_transmit -clientid 1425300290 -regid "" -xml /home/sergaljerk/Module_5/m5/m5.sdk/webtalk/usage_statistics_ext_sdk.xml -html /home/sergaljerk/Module_5/m5/m5.sdk/webtalk/usage_statistics_ext_sdk.html -wdm /home/sergaljerk/Module_5/m5/m5.sdk/webtalk/sdk_webtalk.wdm -intro "<H3>SDK Usage Report</H3><BR>"
# webtalk_terminate
INFO: [Common 17-206] Exiting Webtalk at Wed Oct 30 17:40:20 2019...
