00:25:02 INFO  : Registering command handlers for SDK TCF services
00:25:03 INFO  : Launching XSCT server: xsct -n -interactive /home/sergaljerk/Documents/Repos/WSU-CPTE/EE324/Module_2/Module_2.sdk/temp_xsdb_launch_script.tcl
00:25:06 INFO  : XSCT server has started successfully.
00:25:06 INFO  : Successfully done setting XSCT server connection channel  
00:25:09 INFO  : Successfully done setting SDK workspace  
00:25:09 INFO  : Processing command line option -hwspec /home/sergaljerk/Documents/Repos/WSU-CPTE/EE324/Module_2/Module_2.sdk/design_1_wrapper.hdf.
00:32:02 INFO  : Launching XSCT server: xsct -n -interactive /home/sergaljerk/Documents/Repos/WSU-CPTE/EE324/Module_2/Module_2.sdk/temp_xsdb_launch_script.tcl
00:32:04 INFO  : XSCT server has started successfully.
00:32:04 INFO  : Successfully done setting XSCT server connection channel  
00:32:07 INFO  : Successfully done setting SDK workspace  
00:32:08 INFO  : Registering command handlers for SDK TCF services
00:32:09 INFO  : Processing command line option -hwspec /home/sergaljerk/Documents/Repos/WSU-CPTE/EE324/Module_2/Module_2.sdk/design_1_wrapper.hdf.
00:32:10 INFO  : Checking for hwspec changes in the project design_1_wrapper_hw_platform_0.
00:32:10 INFO  : SDK has detected change in the last modified timestamps for source hardware specification file Source:1567236652000,  Project:1567235568000
00:32:10 INFO  : The hardware specification for project 'design_1_wrapper_hw_platform_0' is different from /home/sergaljerk/Documents/Repos/WSU-CPTE/EE324/Module_2/Module_2.sdk/design_1_wrapper.hdf.
00:32:10 INFO  : Copied contents of /home/sergaljerk/Documents/Repos/WSU-CPTE/EE324/Module_2/Module_2.sdk/design_1_wrapper.hdf into /design_1_wrapper_hw_platform_0/system.hdf.
00:32:13 INFO  : Synchronizing projects in the workspace with the hardware platform specification changes.
00:32:13 INFO  : Clearing existing target manager status.
00:32:13 INFO  : Workspace synchronized with the new hardware specification file. Cleaning dependent projects...
00:32:13 WARN  : Linker script will not be updated automatically. Users need to update it manually.
20:33:59 INFO  : Registering command handlers for SDK TCF services
20:34:00 INFO  : Launching XSCT server: xsct -n -interactive /home/sergaljerk/Documents/Repos/WSU-CPTE/EE324/Module_2/Module_2.sdk/temp_xsdb_launch_script.tcl
20:34:03 INFO  : XSCT server has started successfully.
20:34:04 INFO  : Successfully done setting XSCT server connection channel  
20:34:05 INFO  : Successfully done setting SDK workspace  
20:34:05 INFO  : Processing command line option -hwspec /home/sergaljerk/Documents/Repos/WSU-CPTE/EE324/Module_2/Module_2.sdk/design_1_wrapper.hdf.
20:34:05 INFO  : Checking for hwspec changes in the project design_1_wrapper_hw_platform_0.
20:34:11 INFO  : SDK has detected change in the last modified timestamps for source hardware specification file Source:1567567998000,  Project:1567236652000
20:34:11 INFO  : The hardware specification for project 'design_1_wrapper_hw_platform_0' is different from /home/sergaljerk/Documents/Repos/WSU-CPTE/EE324/Module_2/Module_2.sdk/design_1_wrapper.hdf.
20:34:11 INFO  : Copied contents of /home/sergaljerk/Documents/Repos/WSU-CPTE/EE324/Module_2/Module_2.sdk/design_1_wrapper.hdf into /design_1_wrapper_hw_platform_0/system.hdf.
20:34:14 INFO  : Synchronizing projects in the workspace with the hardware platform specification changes.
20:34:17 INFO  : 
20:34:18 INFO  : Updating hardware inferred compiler options for Mod2.
20:34:18 INFO  : Clearing existing target manager status.
20:53:16 INFO  : 'targets -set -filter {jtag_cable_name =~ "RealDigital Bla 887100000093A" && level==0} -index 1' command is executed.
20:53:16 INFO  : 'fpga -state' command is executed.
20:53:19 INFO  : Memory regions updated for context APU
20:53:29 INFO  : Connected to target on host '127.0.0.1' and port '3121'.
20:53:29 INFO  : 'targets -set -filter {jtag_cable_name =~ "RealDigital Bla 887100000093A" && level==0} -index 1' command is executed.
20:53:30 INFO  : FPGA configured successfully with bitstream "/home/sergaljerk/Documents/Repos/WSU-CPTE/EE324/Module_2/Module_2.sdk/design_1_wrapper_hw_platform_0/design_1_wrapper.bit"
20:53:37 INFO  : 'targets -set -filter {jtag_cable_name =~ "RealDigital Bla 887100000093A" && level==0} -index 1' command is executed.
20:53:37 INFO  : 'fpga -state' command is executed.
20:53:37 INFO  : Connected to target on host '127.0.0.1' and port '3121'.
20:53:37 INFO  : Jtag cable 'RealDigital Bla 887100000093A' is selected.
20:53:37 INFO  : 'jtag frequency' command is executed.
20:53:37 INFO  : Sourcing of '/home/sergaljerk/Documents/Repos/WSU-CPTE/EE324/Module_2/Module_2.sdk/design_1_wrapper_hw_platform_0/ps7_init.tcl' is done.
20:53:37 INFO  : Context for 'APU' is selected.
20:53:37 INFO  : Hardware design information is loaded from '/home/sergaljerk/Documents/Repos/WSU-CPTE/EE324/Module_2/Module_2.sdk/design_1_wrapper_hw_platform_0/system.hdf'.
20:53:37 INFO  : 'configparams force-mem-access 1' command is executed.
20:53:37 INFO  : Context for 'APU' is selected.
20:53:37 INFO  : 'stop' command is executed.
20:53:38 INFO  : 'ps7_init' command is executed.
20:53:38 INFO  : 'ps7_post_config' command is executed.
20:53:38 INFO  : Context for processor 'ps7_cortexa9_0' is selected.
20:53:38 INFO  : Processor reset is completed for 'ps7_cortexa9_0'.
20:53:38 INFO  : Context for processor 'ps7_cortexa9_0' is selected.
20:53:38 INFO  : The application '/home/sergaljerk/Documents/Repos/WSU-CPTE/EE324/Module_2/Module_2.sdk/Mod2/Debug/Mod2.elf' is downloaded to processor 'ps7_cortexa9_0'.
20:53:38 INFO  : 'configparams force-mem-access 0' command is executed.
20:53:38 INFO  : ----------------XSDB Script----------------
connect -url tcp:127.0.0.1:3121
source /home/sergaljerk/Documents/Repos/WSU-CPTE/EE324/Module_2/Module_2.sdk/design_1_wrapper_hw_platform_0/ps7_init.tcl
targets -set -nocase -filter {name =~"APU*" && jtag_cable_name =~ "RealDigital Bla 887100000093A"} -index 0
loadhw -hw /home/sergaljerk/Documents/Repos/WSU-CPTE/EE324/Module_2/Module_2.sdk/design_1_wrapper_hw_platform_0/system.hdf -mem-ranges [list {0x40000000 0xbfffffff}]
configparams force-mem-access 1
targets -set -nocase -filter {name =~"APU*" && jtag_cable_name =~ "RealDigital Bla 887100000093A"} -index 0
stop
ps7_init
ps7_post_config
targets -set -nocase -filter {name =~ "ARM*#0" && jtag_cable_name =~ "RealDigital Bla 887100000093A"} -index 0
rst -processor
targets -set -nocase -filter {name =~ "ARM*#0" && jtag_cable_name =~ "RealDigital Bla 887100000093A"} -index 0
dow /home/sergaljerk/Documents/Repos/WSU-CPTE/EE324/Module_2/Module_2.sdk/Mod2/Debug/Mod2.elf
configparams force-mem-access 0
----------------End of Script----------------

20:53:38 INFO  : Memory regions updated for context APU
20:53:38 INFO  : Context for processor 'ps7_cortexa9_0' is selected.
20:53:38 INFO  : 'con' command is executed.
20:53:38 INFO  : ----------------XSDB Script (After Launch)----------------
targets -set -nocase -filter {name =~ "ARM*#0" && jtag_cable_name =~ "RealDigital Bla 887100000093A"} -index 0
con
----------------End of Script----------------

20:53:38 INFO  : Launch script is exported to file '/home/sergaljerk/Documents/Repos/WSU-CPTE/EE324/Module_2/Module_2.sdk/.sdk/launch_scripts/xilinx_c-c++_application_(system_debugger)/system_debugger_using_debug_mod2.elf_on_local.tcl'
20:54:00 INFO  : Disconnected from the channel tcfchan#1.
20:54:01 INFO  : 'targets -set -filter {jtag_cable_name =~ "RealDigital Bla 887100000093A" && level==0} -index 1' command is executed.
20:54:01 INFO  : 'fpga -state' command is executed.
20:54:01 INFO  : Connected to target on host '127.0.0.1' and port '3121'.
20:54:01 INFO  : Jtag cable 'RealDigital Bla 887100000093A' is selected.
20:54:01 INFO  : 'jtag frequency' command is executed.
20:54:01 INFO  : Sourcing of '/home/sergaljerk/Documents/Repos/WSU-CPTE/EE324/Module_2/Module_2.sdk/design_1_wrapper_hw_platform_0/ps7_init.tcl' is done.
20:54:01 INFO  : Context for 'APU' is selected.
20:54:03 INFO  : Hardware design information is loaded from '/home/sergaljerk/Documents/Repos/WSU-CPTE/EE324/Module_2/Module_2.sdk/design_1_wrapper_hw_platform_0/system.hdf'.
20:54:03 INFO  : 'configparams force-mem-access 1' command is executed.
20:54:03 INFO  : Context for 'APU' is selected.
20:54:03 INFO  : 'stop' command is executed.
20:54:03 INFO  : 'ps7_init' command is executed.
20:54:03 INFO  : 'ps7_post_config' command is executed.
20:54:03 INFO  : Context for processor 'ps7_cortexa9_0' is selected.
20:54:03 INFO  : Processor reset is completed for 'ps7_cortexa9_0'.
20:54:03 INFO  : Context for processor 'ps7_cortexa9_0' is selected.
20:54:03 INFO  : The application '/home/sergaljerk/Documents/Repos/WSU-CPTE/EE324/Module_2/Module_2.sdk/Mod2/Debug/Mod2.elf' is downloaded to processor 'ps7_cortexa9_0'.
20:54:03 INFO  : 'configparams force-mem-access 0' command is executed.
20:54:03 INFO  : ----------------XSDB Script----------------
connect -url tcp:127.0.0.1:3121
source /home/sergaljerk/Documents/Repos/WSU-CPTE/EE324/Module_2/Module_2.sdk/design_1_wrapper_hw_platform_0/ps7_init.tcl
targets -set -nocase -filter {name =~"APU*" && jtag_cable_name =~ "RealDigital Bla 887100000093A"} -index 0
loadhw -hw /home/sergaljerk/Documents/Repos/WSU-CPTE/EE324/Module_2/Module_2.sdk/design_1_wrapper_hw_platform_0/system.hdf -mem-ranges [list {0x40000000 0xbfffffff}]
configparams force-mem-access 1
targets -set -nocase -filter {name =~"APU*" && jtag_cable_name =~ "RealDigital Bla 887100000093A"} -index 0
stop
ps7_init
ps7_post_config
targets -set -nocase -filter {name =~ "ARM*#0" && jtag_cable_name =~ "RealDigital Bla 887100000093A"} -index 0
rst -processor
targets -set -nocase -filter {name =~ "ARM*#0" && jtag_cable_name =~ "RealDigital Bla 887100000093A"} -index 0
dow /home/sergaljerk/Documents/Repos/WSU-CPTE/EE324/Module_2/Module_2.sdk/Mod2/Debug/Mod2.elf
configparams force-mem-access 0
----------------End of Script----------------

20:54:03 INFO  : Memory regions updated for context APU
20:54:03 INFO  : Context for processor 'ps7_cortexa9_0' is selected.
20:54:03 INFO  : 'con' command is executed.
20:54:03 INFO  : ----------------XSDB Script (After Launch)----------------
targets -set -nocase -filter {name =~ "ARM*#0" && jtag_cable_name =~ "RealDigital Bla 887100000093A"} -index 0
con
----------------End of Script----------------

20:54:03 INFO  : Launch script is exported to file '/home/sergaljerk/Documents/Repos/WSU-CPTE/EE324/Module_2/Module_2.sdk/.sdk/launch_scripts/xilinx_c-c++_application_(system_debugger)/system_debugger_using_debug_mod2.elf_on_local.tcl'
21:00:44 INFO  : Disconnected from the channel tcfchan#2.
21:00:45 INFO  : 'targets -set -filter {jtag_cable_name =~ "RealDigital Bla 887100000093A" && level==0} -index 1' command is executed.
21:00:45 INFO  : 'fpga -state' command is executed.
21:00:45 INFO  : Connected to target on host '127.0.0.1' and port '3121'.
21:00:45 INFO  : Jtag cable 'RealDigital Bla 887100000093A' is selected.
21:00:45 INFO  : 'jtag frequency' command is executed.
21:00:45 INFO  : Sourcing of '/home/sergaljerk/Documents/Repos/WSU-CPTE/EE324/Module_2/Module_2.sdk/design_1_wrapper_hw_platform_0/ps7_init.tcl' is done.
21:00:45 INFO  : Context for 'APU' is selected.
21:00:45 INFO  : Hardware design information is loaded from '/home/sergaljerk/Documents/Repos/WSU-CPTE/EE324/Module_2/Module_2.sdk/design_1_wrapper_hw_platform_0/system.hdf'.
21:00:45 INFO  : 'configparams force-mem-access 1' command is executed.
21:00:45 INFO  : Context for 'APU' is selected.
21:00:45 INFO  : 'stop' command is executed.
21:00:46 INFO  : 'ps7_init' command is executed.
21:00:46 INFO  : 'ps7_post_config' command is executed.
21:00:46 INFO  : Context for processor 'ps7_cortexa9_0' is selected.
21:00:46 INFO  : Processor reset is completed for 'ps7_cortexa9_0'.
21:00:46 INFO  : Context for processor 'ps7_cortexa9_0' is selected.
21:00:46 INFO  : The application '/home/sergaljerk/Documents/Repos/WSU-CPTE/EE324/Module_2/Module_2.sdk/Mod2/Debug/Mod2.elf' is downloaded to processor 'ps7_cortexa9_0'.
21:00:46 INFO  : 'configparams force-mem-access 0' command is executed.
21:00:46 INFO  : ----------------XSDB Script----------------
connect -url tcp:127.0.0.1:3121
source /home/sergaljerk/Documents/Repos/WSU-CPTE/EE324/Module_2/Module_2.sdk/design_1_wrapper_hw_platform_0/ps7_init.tcl
targets -set -nocase -filter {name =~"APU*" && jtag_cable_name =~ "RealDigital Bla 887100000093A"} -index 0
loadhw -hw /home/sergaljerk/Documents/Repos/WSU-CPTE/EE324/Module_2/Module_2.sdk/design_1_wrapper_hw_platform_0/system.hdf -mem-ranges [list {0x40000000 0xbfffffff}]
configparams force-mem-access 1
targets -set -nocase -filter {name =~"APU*" && jtag_cable_name =~ "RealDigital Bla 887100000093A"} -index 0
stop
ps7_init
ps7_post_config
targets -set -nocase -filter {name =~ "ARM*#0" && jtag_cable_name =~ "RealDigital Bla 887100000093A"} -index 0
rst -processor
targets -set -nocase -filter {name =~ "ARM*#0" && jtag_cable_name =~ "RealDigital Bla 887100000093A"} -index 0
dow /home/sergaljerk/Documents/Repos/WSU-CPTE/EE324/Module_2/Module_2.sdk/Mod2/Debug/Mod2.elf
configparams force-mem-access 0
----------------End of Script----------------

21:00:46 INFO  : Memory regions updated for context APU
21:00:46 INFO  : Context for processor 'ps7_cortexa9_0' is selected.
21:00:46 INFO  : 'con' command is executed.
21:00:46 INFO  : ----------------XSDB Script (After Launch)----------------
targets -set -nocase -filter {name =~ "ARM*#0" && jtag_cable_name =~ "RealDigital Bla 887100000093A"} -index 0
con
----------------End of Script----------------

21:00:46 INFO  : Launch script is exported to file '/home/sergaljerk/Documents/Repos/WSU-CPTE/EE324/Module_2/Module_2.sdk/.sdk/launch_scripts/xilinx_c-c++_application_(system_debugger)/system_debugger_using_debug_mod2.elf_on_local.tcl'
21:00:55 INFO  : Disconnected from the channel tcfchan#3.
21:00:56 INFO  : 'targets -set -filter {jtag_cable_name =~ "RealDigital Bla 887100000093A" && level==0} -index 1' command is executed.
21:00:56 INFO  : 'fpga -state' command is executed.
21:00:56 INFO  : Connected to target on host '127.0.0.1' and port '3121'.
21:00:56 INFO  : Jtag cable 'RealDigital Bla 887100000093A' is selected.
21:00:56 INFO  : 'jtag frequency' command is executed.
21:00:56 INFO  : Sourcing of '/home/sergaljerk/Documents/Repos/WSU-CPTE/EE324/Module_2/Module_2.sdk/design_1_wrapper_hw_platform_0/ps7_init.tcl' is done.
21:00:56 INFO  : Context for 'APU' is selected.
21:00:56 INFO  : Hardware design information is loaded from '/home/sergaljerk/Documents/Repos/WSU-CPTE/EE324/Module_2/Module_2.sdk/design_1_wrapper_hw_platform_0/system.hdf'.
21:00:56 INFO  : 'configparams force-mem-access 1' command is executed.
21:00:56 INFO  : Context for 'APU' is selected.
21:00:56 INFO  : 'stop' command is executed.
21:00:56 INFO  : 'ps7_init' command is executed.
21:00:56 INFO  : 'ps7_post_config' command is executed.
21:00:56 INFO  : Context for processor 'ps7_cortexa9_0' is selected.
21:00:57 INFO  : Processor reset is completed for 'ps7_cortexa9_0'.
21:00:57 INFO  : Context for processor 'ps7_cortexa9_0' is selected.
21:00:57 INFO  : The application '/home/sergaljerk/Documents/Repos/WSU-CPTE/EE324/Module_2/Module_2.sdk/Mod2/Debug/Mod2.elf' is downloaded to processor 'ps7_cortexa9_0'.
21:00:57 INFO  : 'configparams force-mem-access 0' command is executed.
21:00:57 INFO  : ----------------XSDB Script----------------
connect -url tcp:127.0.0.1:3121
source /home/sergaljerk/Documents/Repos/WSU-CPTE/EE324/Module_2/Module_2.sdk/design_1_wrapper_hw_platform_0/ps7_init.tcl
targets -set -nocase -filter {name =~"APU*" && jtag_cable_name =~ "RealDigital Bla 887100000093A"} -index 0
loadhw -hw /home/sergaljerk/Documents/Repos/WSU-CPTE/EE324/Module_2/Module_2.sdk/design_1_wrapper_hw_platform_0/system.hdf -mem-ranges [list {0x40000000 0xbfffffff}]
configparams force-mem-access 1
targets -set -nocase -filter {name =~"APU*" && jtag_cable_name =~ "RealDigital Bla 887100000093A"} -index 0
stop
ps7_init
ps7_post_config
targets -set -nocase -filter {name =~ "ARM*#0" && jtag_cable_name =~ "RealDigital Bla 887100000093A"} -index 0
rst -processor
targets -set -nocase -filter {name =~ "ARM*#0" && jtag_cable_name =~ "RealDigital Bla 887100000093A"} -index 0
dow /home/sergaljerk/Documents/Repos/WSU-CPTE/EE324/Module_2/Module_2.sdk/Mod2/Debug/Mod2.elf
configparams force-mem-access 0
----------------End of Script----------------

21:00:57 INFO  : Memory regions updated for context APU
21:00:57 INFO  : Context for processor 'ps7_cortexa9_0' is selected.
21:00:57 INFO  : 'con' command is executed.
21:00:57 INFO  : ----------------XSDB Script (After Launch)----------------
targets -set -nocase -filter {name =~ "ARM*#0" && jtag_cable_name =~ "RealDigital Bla 887100000093A"} -index 0
con
----------------End of Script----------------

21:00:57 INFO  : Launch script is exported to file '/home/sergaljerk/Documents/Repos/WSU-CPTE/EE324/Module_2/Module_2.sdk/.sdk/launch_scripts/xilinx_c-c++_application_(system_debugger)/system_debugger_using_debug_mod2.elf_on_local.tcl'
21:03:43 INFO  : Disconnected from the channel tcfchan#4.
21:03:44 INFO  : 'targets -set -filter {jtag_cable_name =~ "RealDigital Bla 887100000093A" && level==0} -index 1' command is executed.
21:03:44 INFO  : 'fpga -state' command is executed.
21:03:44 INFO  : Connected to target on host '127.0.0.1' and port '3121'.
21:03:44 INFO  : Jtag cable 'RealDigital Bla 887100000093A' is selected.
21:03:44 INFO  : 'jtag frequency' command is executed.
21:03:44 INFO  : Sourcing of '/home/sergaljerk/Documents/Repos/WSU-CPTE/EE324/Module_2/Module_2.sdk/design_1_wrapper_hw_platform_0/ps7_init.tcl' is done.
21:03:44 INFO  : Context for 'APU' is selected.
21:03:44 INFO  : Hardware design information is loaded from '/home/sergaljerk/Documents/Repos/WSU-CPTE/EE324/Module_2/Module_2.sdk/design_1_wrapper_hw_platform_0/system.hdf'.
21:03:44 INFO  : 'configparams force-mem-access 1' command is executed.
21:03:44 INFO  : Context for 'APU' is selected.
21:03:44 INFO  : 'stop' command is executed.
21:03:45 INFO  : 'ps7_init' command is executed.
21:03:45 INFO  : 'ps7_post_config' command is executed.
21:03:45 INFO  : Context for processor 'ps7_cortexa9_0' is selected.
21:03:45 INFO  : Processor reset is completed for 'ps7_cortexa9_0'.
21:03:45 INFO  : Context for processor 'ps7_cortexa9_0' is selected.
21:03:45 INFO  : The application '/home/sergaljerk/Documents/Repos/WSU-CPTE/EE324/Module_2/Module_2.sdk/Mod2/Debug/Mod2.elf' is downloaded to processor 'ps7_cortexa9_0'.
21:03:45 INFO  : 'configparams force-mem-access 0' command is executed.
21:03:45 INFO  : ----------------XSDB Script----------------
connect -url tcp:127.0.0.1:3121
source /home/sergaljerk/Documents/Repos/WSU-CPTE/EE324/Module_2/Module_2.sdk/design_1_wrapper_hw_platform_0/ps7_init.tcl
targets -set -nocase -filter {name =~"APU*" && jtag_cable_name =~ "RealDigital Bla 887100000093A"} -index 0
loadhw -hw /home/sergaljerk/Documents/Repos/WSU-CPTE/EE324/Module_2/Module_2.sdk/design_1_wrapper_hw_platform_0/system.hdf -mem-ranges [list {0x40000000 0xbfffffff}]
configparams force-mem-access 1
targets -set -nocase -filter {name =~"APU*" && jtag_cable_name =~ "RealDigital Bla 887100000093A"} -index 0
stop
ps7_init
ps7_post_config
targets -set -nocase -filter {name =~ "ARM*#0" && jtag_cable_name =~ "RealDigital Bla 887100000093A"} -index 0
rst -processor
targets -set -nocase -filter {name =~ "ARM*#0" && jtag_cable_name =~ "RealDigital Bla 887100000093A"} -index 0
dow /home/sergaljerk/Documents/Repos/WSU-CPTE/EE324/Module_2/Module_2.sdk/Mod2/Debug/Mod2.elf
configparams force-mem-access 0
----------------End of Script----------------

21:03:45 INFO  : Memory regions updated for context APU
21:03:45 INFO  : Context for processor 'ps7_cortexa9_0' is selected.
21:03:45 INFO  : 'con' command is executed.
21:03:45 INFO  : ----------------XSDB Script (After Launch)----------------
targets -set -nocase -filter {name =~ "ARM*#0" && jtag_cable_name =~ "RealDigital Bla 887100000093A"} -index 0
con
----------------End of Script----------------

21:03:45 INFO  : Launch script is exported to file '/home/sergaljerk/Documents/Repos/WSU-CPTE/EE324/Module_2/Module_2.sdk/.sdk/launch_scripts/xilinx_c-c++_application_(system_debugger)/system_debugger_using_debug_mod2.elf_on_local.tcl'
21:39:20 INFO  : Disconnected from the channel tcfchan#5.
22:30:05 INFO  : Registering command handlers for SDK TCF services
22:30:07 INFO  : Launching XSCT server: xsct -n -interactive /home/sergaljerk/Documents/Repos/WSU-CPTE/EE324/Module_2/Module_2.sdk/temp_xsdb_launch_script.tcl
22:30:10 INFO  : XSCT server has started successfully.
22:30:10 INFO  : Successfully done setting XSCT server connection channel  
22:30:10 INFO  : Successfully done setting SDK workspace  
22:30:10 INFO  : Processing command line option -hwspec /home/sergaljerk/Documents/Repos/WSU-CPTE/EE324/Module_2/Module_2.sdk/design_1_wrapper.hdf.
22:30:10 INFO  : Checking for hwspec changes in the project design_1_wrapper_hw_platform_0.
22:30:14 INFO  : SDK has detected change in the last modified timestamps for source hardware specification file Source:1567574581000,  Project:1567567998000
22:30:14 INFO  : The hardware specification for project 'design_1_wrapper_hw_platform_0' is different from /home/sergaljerk/Documents/Repos/WSU-CPTE/EE324/Module_2/Module_2.sdk/design_1_wrapper.hdf.
22:30:14 INFO  : Copied contents of /home/sergaljerk/Documents/Repos/WSU-CPTE/EE324/Module_2/Module_2.sdk/design_1_wrapper.hdf into /design_1_wrapper_hw_platform_0/system.hdf.
22:30:16 INFO  : Synchronizing projects in the workspace with the hardware platform specification changes.
22:30:17 INFO  : 
22:30:18 INFO  : Updating hardware inferred compiler options for Mod2.
22:30:18 INFO  : Clearing existing target manager status.
