INFO: [VRFC 10-163] Analyzing VHDL file "C:/Users/lauer/WSU-CPTE/Project5.3_VHDL/Project5.3_VHDL.sim/sim_1/synth/func/xsim/clkdiv_tb_vhdl_func_synth.vhd" into library xil_defaultlib
INFO: [VRFC 10-307] analyzing entity dff_vhdl
INFO: [VRFC 10-307] analyzing entity dff_vhdl_0
INFO: [VRFC 10-307] analyzing entity dff_vhdl_1
INFO: [VRFC 10-307] analyzing entity dff_vhdl_10
INFO: [VRFC 10-307] analyzing entity dff_vhdl_11
INFO: [VRFC 10-307] analyzing entity dff_vhdl_12
INFO: [VRFC 10-307] analyzing entity dff_vhdl_13
INFO: [VRFC 10-307] analyzing entity dff_vhdl_14
INFO: [VRFC 10-307] analyzing entity dff_vhdl_15
INFO: [VRFC 10-307] analyzing entity dff_vhdl_16
INFO: [VRFC 10-307] analyzing entity dff_vhdl_17
INFO: [VRFC 10-307] analyzing entity dff_vhdl_18
INFO: [VRFC 10-307] analyzing entity dff_vhdl_19
INFO: [VRFC 10-307] analyzing entity dff_vhdl_2
INFO: [VRFC 10-307] analyzing entity dff_vhdl_20
INFO: [VRFC 10-307] analyzing entity dff_vhdl_21
INFO: [VRFC 10-307] analyzing entity dff_vhdl_22
INFO: [VRFC 10-307] analyzing entity dff_vhdl_23
INFO: [VRFC 10-307] analyzing entity dff_vhdl_24
INFO: [VRFC 10-307] analyzing entity dff_vhdl_25
INFO: [VRFC 10-307] analyzing entity dff_vhdl_3
INFO: [VRFC 10-307] analyzing entity dff_vhdl_4
INFO: [VRFC 10-307] analyzing entity dff_vhdl_5
INFO: [VRFC 10-307] analyzing entity dff_vhdl_6
INFO: [VRFC 10-307] analyzing entity dff_vhdl_7
INFO: [VRFC 10-307] analyzing entity dff_vhdl_8
INFO: [VRFC 10-307] analyzing entity dff_vhdl_9
INFO: [VRFC 10-307] analyzing entity clkdiv_vhdl
INFO: [VRFC 10-163] Analyzing VHDL file "C:/Users/lauer/WSU-CPTE/Project5.3_VHDL/Project5.3_VHDL.srcs/sim_1/new/clkdiv_tb_vhdl.vhd" into library xil_defaultlib
INFO: [VRFC 10-307] analyzing entity clkdiv_tb_vhdl
