
*** Running vivado
    with args -log Reaction_Time_Averager_xlslice_0_1.vds -m64 -product Vivado -mode batch -messageDb vivado.pb -notrace -source Reaction_Time_Averager_xlslice_0_1.tcl


****** Vivado v2018.2 (64-bit)
  **** SW Build 2258646 on Thu Jun 14 20:03:12 MDT 2018
  **** IP Build 2256618 on Thu Jun 14 22:10:49 MDT 2018
    ** Copyright 1986-2018 Xilinx, Inc. All Rights Reserved.

source Reaction_Time_Averager_xlslice_0_1.tcl -notrace
Command: synth_design -top Reaction_Time_Averager_xlslice_0_1 -part xc7z007sclg400-1 -mode out_of_context
Starting synth_design
Attempting to get a license for feature 'Synthesis' and/or device 'xc7z007s'
INFO: [Common 17-349] Got license for feature 'Synthesis' and/or device 'xc7z007s'
INFO: Launching helper process for spawning children vivado processes
INFO: Helper process launched with PID 9668 
---------------------------------------------------------------------------------
Starting Synthesize : Time (s): cpu = 00:00:03 ; elapsed = 00:00:05 . Memory (MB): peak = 384.742 ; gain = 94.883
---------------------------------------------------------------------------------
INFO: [Synth 8-6157] synthesizing module 'Reaction_Time_Averager_xlslice_0_1' [c:/Users/Necryotiks/AppData/Roaming/SPB_Data/WSU-CPTE/Module_12/Module_12.srcs/sources_1/bd/Reaction_Time_Averager/ip/Reaction_Time_Averager_xlslice_0_1/synth/Reaction_Time_Averager_xlslice_0_1.v:57]
INFO: [Synth 8-6157] synthesizing module 'xlslice_v1_0_1_xlslice' [c:/Users/Necryotiks/AppData/Roaming/SPB_Data/WSU-CPTE/Module_12/Module_12.srcs/sources_1/bd/Reaction_Time_Averager/ipshared/f3db/hdl/xlslice_v1_0_vl_rfs.v:13]
	Parameter DIN_WIDTH bound to: 16 - type: integer 
	Parameter DIN_FROM bound to: 11 - type: integer 
	Parameter DIN_TO bound to: 8 - type: integer 
INFO: [Synth 8-6155] done synthesizing module 'xlslice_v1_0_1_xlslice' (1#1) [c:/Users/Necryotiks/AppData/Roaming/SPB_Data/WSU-CPTE/Module_12/Module_12.srcs/sources_1/bd/Reaction_Time_Averager/ipshared/f3db/hdl/xlslice_v1_0_vl_rfs.v:13]
INFO: [Synth 8-6155] done synthesizing module 'Reaction_Time_Averager_xlslice_0_1' (2#1) [c:/Users/Necryotiks/AppData/Roaming/SPB_Data/WSU-CPTE/Module_12/Module_12.srcs/sources_1/bd/Reaction_Time_Averager/ip/Reaction_Time_Averager_xlslice_0_1/synth/Reaction_Time_Averager_xlslice_0_1.v:57]
WARNING: [Synth 8-3331] design xlslice_v1_0_1_xlslice has unconnected port Din[15]
WARNING: [Synth 8-3331] design xlslice_v1_0_1_xlslice has unconnected port Din[14]
WARNING: [Synth 8-3331] design xlslice_v1_0_1_xlslice has unconnected port Din[13]
WARNING: [Synth 8-3331] design xlslice_v1_0_1_xlslice has unconnected port Din[12]
WARNING: [Synth 8-3331] design xlslice_v1_0_1_xlslice has unconnected port Din[7]
WARNING: [Synth 8-3331] design xlslice_v1_0_1_xlslice has unconnected port Din[6]
WARNING: [Synth 8-3331] design xlslice_v1_0_1_xlslice has unconnected port Din[5]
WARNING: [Synth 8-3331] design xlslice_v1_0_1_xlslice has unconnected port Din[4]
WARNING: [Synth 8-3331] design xlslice_v1_0_1_xlslice has unconnected port Din[3]
WARNING: [Synth 8-3331] design xlslice_v1_0_1_xlslice has unconnected port Din[2]
WARNING: [Synth 8-3331] design xlslice_v1_0_1_xlslice has unconnected port Din[1]
WARNING: [Synth 8-3331] design xlslice_v1_0_1_xlslice has unconnected port Din[0]
---------------------------------------------------------------------------------
Finished Synthesize : Time (s): cpu = 00:00:04 ; elapsed = 00:00:06 . Memory (MB): peak = 439.516 ; gain = 149.656
---------------------------------------------------------------------------------
---------------------------------------------------------------------------------
Finished Constraint Validation : Time (s): cpu = 00:00:04 ; elapsed = 00:00:07 . Memory (MB): peak = 439.516 ; gain = 149.656
---------------------------------------------------------------------------------
---------------------------------------------------------------------------------
Start Loading Part and Timing Information
---------------------------------------------------------------------------------
Loading part: xc7z007sclg400-1
---------------------------------------------------------------------------------
Finished Loading Part and Timing Information : Time (s): cpu = 00:00:04 ; elapsed = 00:00:07 . Memory (MB): peak = 439.516 ; gain = 149.656
---------------------------------------------------------------------------------
INFO: [Device 21-403] Loading part xc7z007sclg400-1
---------------------------------------------------------------------------------
Finished RTL Optimization Phase 2 : Time (s): cpu = 00:00:04 ; elapsed = 00:00:07 . Memory (MB): peak = 439.516 ; gain = 149.656
---------------------------------------------------------------------------------

Report RTL Partitions: 
+-+--------------+------------+----------+
| |RTL Partition |Replication |Instances |
+-+--------------+------------+----------+
+-+--------------+------------+----------+
No constraint files found.
---------------------------------------------------------------------------------
Start RTL Component Statistics 
---------------------------------------------------------------------------------
Detailed RTL Component Info : 
---------------------------------------------------------------------------------
Finished RTL Component Statistics 
---------------------------------------------------------------------------------
---------------------------------------------------------------------------------
Start RTL Hierarchical Component Statistics 
---------------------------------------------------------------------------------
Hierarchical RTL Component report 
---------------------------------------------------------------------------------
Finished RTL Hierarchical Component Statistics
---------------------------------------------------------------------------------
---------------------------------------------------------------------------------
Start Part Resource Summary
---------------------------------------------------------------------------------
Part Resources:
DSPs: 66 (col length:40)
BRAMs: 100 (col length: RAMB18 40 RAMB36 20)
---------------------------------------------------------------------------------
Finished Part Resource Summary
---------------------------------------------------------------------------------
No constraint files found.
---------------------------------------------------------------------------------
Start Cross Boundary and Area Optimization
---------------------------------------------------------------------------------
Warning: Parallel synthesis criteria is not met 
WARNING: [Synth 8-3330] design Reaction_Time_Averager_xlslice_0_1 has an empty top module
WARNING: [Synth 8-3331] design Reaction_Time_Averager_xlslice_0_1 has unconnected port Din[15]
WARNING: [Synth 8-3331] design Reaction_Time_Averager_xlslice_0_1 has unconnected port Din[14]
WARNING: [Synth 8-3331] design Reaction_Time_Averager_xlslice_0_1 has unconnected port Din[13]
WARNING: [Synth 8-3331] design Reaction_Time_Averager_xlslice_0_1 has unconnected port Din[12]
WARNING: [Synth 8-3331] design Reaction_Time_Averager_xlslice_0_1 has unconnected port Din[7]
WARNING: [Synth 8-3331] design Reaction_Time_Averager_xlslice_0_1 has unconnected port Din[6]
WARNING: [Synth 8-3331] design Reaction_Time_Averager_xlslice_0_1 has unconnected port Din[5]
WARNING: [Synth 8-3331] design Reaction_Time_Averager_xlslice_0_1 has unconnected port Din[4]
WARNING: [Synth 8-3331] design Reaction_Time_Averager_xlslice_0_1 has unconnected port Din[3]
WARNING: [Synth 8-3331] design Reaction_Time_Averager_xlslice_0_1 has unconnected port Din[2]
WARNING: [Synth 8-3331] design Reaction_Time_Averager_xlslice_0_1 has unconnected port Din[1]
WARNING: [Synth 8-3331] design Reaction_Time_Averager_xlslice_0_1 has unconnected port Din[0]
---------------------------------------------------------------------------------
Finished Cross Boundary and Area Optimization : Time (s): cpu = 00:00:08 ; elapsed = 00:00:14 . Memory (MB): peak = 541.594 ; gain = 251.734
---------------------------------------------------------------------------------

Report RTL Partitions: 
+-+--------------+------------+----------+
| |RTL Partition |Replication |Instances |
+-+--------------+------------+----------+
+-+--------------+------------+----------+
No constraint files found.
---------------------------------------------------------------------------------
Start Timing Optimization
---------------------------------------------------------------------------------
---------------------------------------------------------------------------------
Finished Timing Optimization : Time (s): cpu = 00:00:08 ; elapsed = 00:00:14 . Memory (MB): peak = 541.594 ; gain = 251.734
---------------------------------------------------------------------------------

Report RTL Partitions: 
+-+--------------+------------+----------+
| |RTL Partition |Replication |Instances |
+-+--------------+------------+----------+
+-+--------------+------------+----------+
---------------------------------------------------------------------------------
Start Technology Mapping
---------------------------------------------------------------------------------
---------------------------------------------------------------------------------
Finished Technology Mapping : Time (s): cpu = 00:00:08 ; elapsed = 00:00:14 . Memory (MB): peak = 541.594 ; gain = 251.734
---------------------------------------------------------------------------------

Report RTL Partitions: 
+-+--------------+------------+----------+
| |RTL Partition |Replication |Instances |
+-+--------------+------------+----------+
+-+--------------+------------+----------+
---------------------------------------------------------------------------------
Start IO Insertion
---------------------------------------------------------------------------------
---------------------------------------------------------------------------------
Start Flattening Before IO Insertion
---------------------------------------------------------------------------------
---------------------------------------------------------------------------------
Finished Flattening Before IO Insertion
---------------------------------------------------------------------------------
---------------------------------------------------------------------------------
Start Final Netlist Cleanup
---------------------------------------------------------------------------------
---------------------------------------------------------------------------------
Finished Final Netlist Cleanup
---------------------------------------------------------------------------------
---------------------------------------------------------------------------------
Finished IO Insertion : Time (s): cpu = 00:00:09 ; elapsed = 00:00:15 . Memory (MB): peak = 541.953 ; gain = 252.094
---------------------------------------------------------------------------------

Report Check Netlist: 
+------+------------------+-------+---------+-------+------------------+
|      |Item              |Errors |Warnings |Status |Description       |
+------+------------------+-------+---------+-------+------------------+
|1     |multi_driven_nets |      0|        0|Passed |Multi driven nets |
+------+------------------+-------+---------+-------+------------------+
---------------------------------------------------------------------------------
Start Renaming Generated Instances
---------------------------------------------------------------------------------
---------------------------------------------------------------------------------
Finished Renaming Generated Instances : Time (s): cpu = 00:00:09 ; elapsed = 00:00:15 . Memory (MB): peak = 541.953 ; gain = 252.094
---------------------------------------------------------------------------------

Report RTL Partitions: 
+-+--------------+------------+----------+
| |RTL Partition |Replication |Instances |
+-+--------------+------------+----------+
+-+--------------+------------+----------+
---------------------------------------------------------------------------------
Start Rebuilding User Hierarchy
---------------------------------------------------------------------------------
---------------------------------------------------------------------------------
Finished Rebuilding User Hierarchy : Time (s): cpu = 00:00:09 ; elapsed = 00:00:15 . Memory (MB): peak = 541.953 ; gain = 252.094
---------------------------------------------------------------------------------
---------------------------------------------------------------------------------
Start Renaming Generated Ports
---------------------------------------------------------------------------------
---------------------------------------------------------------------------------
Finished Renaming Generated Ports : Time (s): cpu = 00:00:09 ; elapsed = 00:00:15 . Memory (MB): peak = 541.953 ; gain = 252.094
---------------------------------------------------------------------------------
---------------------------------------------------------------------------------
Start Handling Custom Attributes
---------------------------------------------------------------------------------
---------------------------------------------------------------------------------
Finished Handling Custom Attributes : Time (s): cpu = 00:00:09 ; elapsed = 00:00:15 . Memory (MB): peak = 541.953 ; gain = 252.094
---------------------------------------------------------------------------------
---------------------------------------------------------------------------------
Start Renaming Generated Nets
---------------------------------------------------------------------------------
---------------------------------------------------------------------------------
Finished Renaming Generated Nets : Time (s): cpu = 00:00:09 ; elapsed = 00:00:15 . Memory (MB): peak = 541.953 ; gain = 252.094
---------------------------------------------------------------------------------
---------------------------------------------------------------------------------
Start Writing Synthesis Report
---------------------------------------------------------------------------------

Report BlackBoxes: 
+-+--------------+----------+
| |BlackBox name |Instances |
+-+--------------+----------+
+-+--------------+----------+

Report Cell Usage: 
+-+-----+------+
| |Cell |Count |
+-+-----+------+
+-+-----+------+

Report Instance Areas: 
+------+---------+-------+------+
|      |Instance |Module |Cells |
+------+---------+-------+------+
|1     |top      |       |     0|
+------+---------+-------+------+
---------------------------------------------------------------------------------
Finished Writing Synthesis Report : Time (s): cpu = 00:00:09 ; elapsed = 00:00:15 . Memory (MB): peak = 541.953 ; gain = 252.094
---------------------------------------------------------------------------------
Synthesis finished with 0 errors, 0 critical warnings and 25 warnings.
Synthesis Optimization Runtime : Time (s): cpu = 00:00:09 ; elapsed = 00:00:15 . Memory (MB): peak = 541.953 ; gain = 252.094
Synthesis Optimization Complete : Time (s): cpu = 00:00:09 ; elapsed = 00:00:15 . Memory (MB): peak = 541.957 ; gain = 252.094
INFO: [Project 1-571] Translating synthesized netlist
INFO: [Project 1-570] Preparing netlist for logic optimization
INFO: [Opt 31-138] Pushed 0 inverter(s) to 0 load pin(s).
INFO: [Project 1-111] Unisim Transformation Summary:
No Unisim elements were transformed.

INFO: [Common 17-83] Releasing license: Synthesis
11 Infos, 25 Warnings, 0 Critical Warnings and 0 Errors encountered.
synth_design completed successfully
synth_design: Time (s): cpu = 00:00:14 ; elapsed = 00:00:21 . Memory (MB): peak = 664.641 ; gain = 382.816
WARNING: [Constraints 18-5210] No constraint will be written out.
INFO: [Timing 38-35] Done setting XDC timing constraints.
INFO: [Common 17-1381] The checkpoint 'C:/Users/Necryotiks/AppData/Roaming/SPB_Data/WSU-CPTE/Module_12/Module_12.runs/Reaction_Time_Averager_xlslice_0_1_synth_1/Reaction_Time_Averager_xlslice_0_1.dcp' has been generated.
write_checkpoint: Time (s): cpu = 00:00:10 ; elapsed = 00:00:13 . Memory (MB): peak = 1089.285 ; gain = 424.645
