
*** Running vivado
    with args -log BCD_Counter.vdi -applog -m64 -product Vivado -messageDb vivado.pb -mode batch -source BCD_Counter.tcl -notrace


****** Vivado v2018.2 (64-bit)
  **** SW Build 2258646 on Thu Jun 14 20:03:12 MDT 2018
  **** IP Build 2256618 on Thu Jun 14 22:10:49 MDT 2018
    ** Copyright 1986-2018 Xilinx, Inc. All Rights Reserved.

source BCD_Counter.tcl -notrace
Command: link_design -top BCD_Counter -part xc7z007sclg400-1
Design is defaulting to srcset: sources_1
Design is defaulting to constrset: constrs_1
INFO: [Netlist 29-17] Analyzing 18 Unisim elements for replacement
INFO: [Netlist 29-28] Unisim Transformation completed in 0 CPU seconds
INFO: [Project 1-479] Netlist was created with Vivado 2018.2
INFO: [Device 21-403] Loading part xc7z007sclg400-1
INFO: [Project 1-570] Preparing netlist for logic optimization
Parsing XDC File [C:/Users/Sergaljerk/WSU-CPTE/Module_8/Module_8.srcs/constrs_1/new/BCD_Counter_cons.xdc]
Finished Parsing XDC File [C:/Users/Sergaljerk/WSU-CPTE/Module_8/Module_8.srcs/constrs_1/new/BCD_Counter_cons.xdc]
INFO: [Opt 31-138] Pushed 0 inverter(s) to 0 load pin(s).
INFO: [Project 1-111] Unisim Transformation Summary:
No Unisim elements were transformed.

7 Infos, 0 Warnings, 0 Critical Warnings and 0 Errors encountered.
link_design completed successfully
link_design: Time (s): cpu = 00:00:09 ; elapsed = 00:00:11 . Memory (MB): peak = 574.750 ; gain = 324.660
Command: opt_design
Attempting to get a license for feature 'Implementation' and/or device 'xc7z007s'
INFO: [Common 17-349] Got license for feature 'Implementation' and/or device 'xc7z007s'
Running DRC as a precondition to command opt_design

Starting DRC Task
INFO: [DRC 23-27] Running DRC with 2 threads
INFO: [Project 1-461] DRC finished with 0 Errors
INFO: [Project 1-462] Please refer to the DRC report (report_drc) for more information.

Time (s): cpu = 00:00:02 ; elapsed = 00:00:00.865 . Memory (MB): peak = 586.586 ; gain = 11.836

Starting Cache Timing Information Task
INFO: [Timing 38-35] Done setting XDC timing constraints.
Ending Cache Timing Information Task | Checksum: 188394ce7

Time (s): cpu = 00:00:13 ; elapsed = 00:00:15 . Memory (MB): peak = 1134.008 ; gain = 547.422

Starting Logic Optimization Task

Phase 1 Retarget
INFO: [Opt 31-138] Pushed 0 inverter(s) to 0 load pin(s).
INFO: [Opt 31-49] Retargeted 0 cell(s).
Phase 1 Retarget | Checksum: 188394ce7

Time (s): cpu = 00:00:00 ; elapsed = 00:00:00.026 . Memory (MB): peak = 1134.008 ; gain = 0.000
INFO: [Opt 31-389] Phase Retarget created 0 cells and removed 0 cells

Phase 2 Constant propagation
INFO: [Opt 31-138] Pushed 0 inverter(s) to 0 load pin(s).
Phase 2 Constant propagation | Checksum: 188394ce7

Time (s): cpu = 00:00:00 ; elapsed = 00:00:00.034 . Memory (MB): peak = 1134.008 ; gain = 0.000
INFO: [Opt 31-389] Phase Constant propagation created 0 cells and removed 0 cells

Phase 3 Sweep
Phase 3 Sweep | Checksum: 16b1f1bd8

Time (s): cpu = 00:00:00 ; elapsed = 00:00:00.044 . Memory (MB): peak = 1134.008 ; gain = 0.000
INFO: [Opt 31-389] Phase Sweep created 0 cells and removed 0 cells

Phase 4 BUFG optimization
Phase 4 BUFG optimization | Checksum: 16b1f1bd8

Time (s): cpu = 00:00:00 ; elapsed = 00:00:00.053 . Memory (MB): peak = 1134.008 ; gain = 0.000
INFO: [Opt 31-662] Phase BUFG optimization created 0 cells of which 0 are BUFGs and removed 0 cells.

Phase 5 Shift Register Optimization
Phase 5 Shift Register Optimization | Checksum: 13b46f878

Time (s): cpu = 00:00:00 ; elapsed = 00:00:00.069 . Memory (MB): peak = 1134.008 ; gain = 0.000
INFO: [Opt 31-389] Phase Shift Register Optimization created 0 cells and removed 0 cells

Phase 6 Post Processing Netlist
Phase 6 Post Processing Netlist | Checksum: 13b46f878

Time (s): cpu = 00:00:00 ; elapsed = 00:00:00.072 . Memory (MB): peak = 1134.008 ; gain = 0.000
INFO: [Opt 31-389] Phase Post Processing Netlist created 0 cells and removed 0 cells

Starting Connectivity Check Task

Time (s): cpu = 00:00:00 ; elapsed = 00:00:00.001 . Memory (MB): peak = 1134.008 ; gain = 0.000
Ending Logic Optimization Task | Checksum: 13b46f878

Time (s): cpu = 00:00:00 ; elapsed = 00:00:00.076 . Memory (MB): peak = 1134.008 ; gain = 0.000

Starting Power Optimization Task
INFO: [Pwropt 34-132] Skipping clock gating for clocks with a period < 2.00 ns.
Ending Power Optimization Task | Checksum: 13b46f878

Time (s): cpu = 00:00:00 ; elapsed = 00:00:00.012 . Memory (MB): peak = 1134.008 ; gain = 0.000

Starting Final Cleanup Task
Ending Final Cleanup Task | Checksum: 13b46f878

Time (s): cpu = 00:00:00 ; elapsed = 00:00:00 . Memory (MB): peak = 1134.008 ; gain = 0.000
INFO: [Common 17-83] Releasing license: Implementation
23 Infos, 0 Warnings, 0 Critical Warnings and 0 Errors encountered.
opt_design completed successfully
opt_design: Time (s): cpu = 00:00:15 ; elapsed = 00:00:16 . Memory (MB): peak = 1134.008 ; gain = 559.258
INFO: [Timing 38-480] Writing timing data to binary archive.
Writing placer database...
Writing XDEF routing.
Writing XDEF routing logical nets.
Writing XDEF routing special nets.
Write XDEF Complete: Time (s): cpu = 00:00:00 ; elapsed = 00:00:00.085 . Memory (MB): peak = 1134.008 ; gain = 0.000
INFO: [Common 17-1381] The checkpoint 'C:/Users/Sergaljerk/WSU-CPTE/Module_8/Module_8.runs/impl_1/BCD_Counter_opt.dcp' has been generated.
INFO: [runtcl-4] Executing : report_drc -file BCD_Counter_drc_opted.rpt -pb BCD_Counter_drc_opted.pb -rpx BCD_Counter_drc_opted.rpx
Command: report_drc -file BCD_Counter_drc_opted.rpt -pb BCD_Counter_drc_opted.pb -rpx BCD_Counter_drc_opted.rpx
INFO: [IP_Flow 19-234] Refreshing IP repositories
INFO: [IP_Flow 19-1704] No user IP repositories specified
INFO: [IP_Flow 19-2313] Loaded Vivado IP repository 'C:/Xilinx/Vivado/2018.2/data/ip'.
INFO: [DRC 23-27] Running DRC with 2 threads
INFO: [Coretcl 2-168] The results of DRC are in file C:/Users/Sergaljerk/WSU-CPTE/Module_8/Module_8.runs/impl_1/BCD_Counter_drc_opted.rpt.
report_drc completed successfully
Command: place_design
Attempting to get a license for feature 'Implementation' and/or device 'xc7z007s'
INFO: [Common 17-349] Got license for feature 'Implementation' and/or device 'xc7z007s'
INFO: [DRC 23-27] Running DRC with 2 threads
INFO: [Vivado_Tcl 4-198] DRC finished with 0 Errors
INFO: [Vivado_Tcl 4-199] Please refer to the DRC report (report_drc) for more information.
Running DRC as a precondition to command place_design
INFO: [DRC 23-27] Running DRC with 2 threads
INFO: [Vivado_Tcl 4-198] DRC finished with 0 Errors
INFO: [Vivado_Tcl 4-199] Please refer to the DRC report (report_drc) for more information.

Starting Placer Task
INFO: [Place 30-611] Multithreading enabled for place_design using a maximum of 2 CPUs

Phase 1 Placer Initialization

Phase 1.1 Placer Initialization Netlist Sorting
Netlist sorting complete. Time (s): cpu = 00:00:00 ; elapsed = 00:00:00 . Memory (MB): peak = 1134.008 ; gain = 0.000
Phase 1.1 Placer Initialization Netlist Sorting | Checksum: 13ad817af

Time (s): cpu = 00:00:00 ; elapsed = 00:00:00.005 . Memory (MB): peak = 1134.008 ; gain = 0.000
Netlist sorting complete. Time (s): cpu = 00:00:00 ; elapsed = 00:00:00 . Memory (MB): peak = 1134.008 ; gain = 0.000

Phase 1.2 IO Placement/ Clock Placement/ Build Placer Device
INFO: [Timing 38-35] Done setting XDC timing constraints.
Phase 1.2 IO Placement/ Clock Placement/ Build Placer Device | Checksum: 123253413

Time (s): cpu = 00:00:01 ; elapsed = 00:00:00.475 . Memory (MB): peak = 1145.922 ; gain = 11.914

Phase 1.3 Build Placer Netlist Model
Phase 1.3 Build Placer Netlist Model | Checksum: 20954fc01

Time (s): cpu = 00:00:01 ; elapsed = 00:00:00.637 . Memory (MB): peak = 1145.922 ; gain = 11.914

Phase 1.4 Constrain Clocks/Macros
Phase 1.4 Constrain Clocks/Macros | Checksum: 20954fc01

Time (s): cpu = 00:00:01 ; elapsed = 00:00:00.639 . Memory (MB): peak = 1145.922 ; gain = 11.914
Phase 1 Placer Initialization | Checksum: 20954fc01

Time (s): cpu = 00:00:01 ; elapsed = 00:00:00.640 . Memory (MB): peak = 1145.922 ; gain = 11.914

Phase 2 Global Placement

Phase 2.1 Floorplanning
Phase 2.1 Floorplanning | Checksum: 1a500e7db

Time (s): cpu = 00:00:01 ; elapsed = 00:00:00.809 . Memory (MB): peak = 1145.922 ; gain = 11.914

Phase 2.2 Physical Synthesis In Placer
INFO: [Physopt 32-65] No nets found for high-fanout optimization.
INFO: [Physopt 32-232] Optimized 0 net. Created 0 new instance.
INFO: [Physopt 32-775] End 1 Pass. Optimized 0 net or cell. Created 0 new cell, deleted 0 existing cell and moved 0 existing cell
Netlist sorting complete. Time (s): cpu = 00:00:00 ; elapsed = 00:00:00.001 . Memory (MB): peak = 1145.922 ; gain = 0.000

Summary of Physical Synthesis Optimizations
============================================


-----------------------------------------------------------------------------------------------------------------------------
|  Optimization       |  Added Cells  |  Removed Cells  |  Optimized Cells/Nets  |  Dont Touch  |  Iterations  |  Elapsed   |
-----------------------------------------------------------------------------------------------------------------------------
|  Very High Fanout   |            0  |              0  |                     0  |           0  |           1  |  00:00:00  |
|  Total              |            0  |              0  |                     0  |           0  |           1  |  00:00:00  |
-----------------------------------------------------------------------------------------------------------------------------


Phase 2.2 Physical Synthesis In Placer | Checksum: 203058261

Time (s): cpu = 00:00:06 ; elapsed = 00:00:04 . Memory (MB): peak = 1145.922 ; gain = 11.914
Phase 2 Global Placement | Checksum: 1dd5b36ab

Time (s): cpu = 00:00:06 ; elapsed = 00:00:04 . Memory (MB): peak = 1145.922 ; gain = 11.914

Phase 3 Detail Placement

Phase 3.1 Commit Multi Column Macros
Phase 3.1 Commit Multi Column Macros | Checksum: 1dd5b36ab

Time (s): cpu = 00:00:06 ; elapsed = 00:00:04 . Memory (MB): peak = 1145.922 ; gain = 11.914

Phase 3.2 Commit Most Macros & LUTRAMs
Phase 3.2 Commit Most Macros & LUTRAMs | Checksum: 16e96db0d

Time (s): cpu = 00:00:06 ; elapsed = 00:00:04 . Memory (MB): peak = 1145.922 ; gain = 11.914

Phase 3.3 Area Swap Optimization
Phase 3.3 Area Swap Optimization | Checksum: 16f2f2321

Time (s): cpu = 00:00:06 ; elapsed = 00:00:04 . Memory (MB): peak = 1145.922 ; gain = 11.914

Phase 3.4 Pipeline Register Optimization
Phase 3.4 Pipeline Register Optimization | Checksum: 16f2f2321

Time (s): cpu = 00:00:06 ; elapsed = 00:00:04 . Memory (MB): peak = 1145.922 ; gain = 11.914

Phase 3.5 Small Shape Detail Placement
Phase 3.5 Small Shape Detail Placement | Checksum: 15747440a

Time (s): cpu = 00:00:07 ; elapsed = 00:00:04 . Memory (MB): peak = 1145.922 ; gain = 11.914

Phase 3.6 Re-assign LUT pins
Phase 3.6 Re-assign LUT pins | Checksum: 19adfa4e8

Time (s): cpu = 00:00:07 ; elapsed = 00:00:04 . Memory (MB): peak = 1145.922 ; gain = 11.914

Phase 3.7 Pipeline Register Optimization
Phase 3.7 Pipeline Register Optimization | Checksum: 19adfa4e8

Time (s): cpu = 00:00:07 ; elapsed = 00:00:04 . Memory (MB): peak = 1145.922 ; gain = 11.914
Phase 3 Detail Placement | Checksum: 19adfa4e8

Time (s): cpu = 00:00:07 ; elapsed = 00:00:04 . Memory (MB): peak = 1145.922 ; gain = 11.914

Phase 4 Post Placement Optimization and Clean-Up

Phase 4.1 Post Commit Optimization
INFO: [Timing 38-35] Done setting XDC timing constraints.

Phase 4.1.1 Post Placement Optimization
Post Placement Optimization Initialization | Checksum: 279feca6d

Phase 4.1.1.1 BUFG Insertion
INFO: [Place 46-31] BUFG insertion identified 0 candidate nets, 0 success, 0 skipped for placement/routing, 0 skipped for timing, 0 skipped for netlist change reason.
Phase 4.1.1.1 BUFG Insertion | Checksum: 279feca6d

Time (s): cpu = 00:00:07 ; elapsed = 00:00:04 . Memory (MB): peak = 1163.172 ; gain = 29.164
INFO: [Place 30-746] Post Placement Timing Summary WNS=19.481. For the most accurate timing information please run report_timing.
Phase 4.1.1 Post Placement Optimization | Checksum: 27ce0845a

Time (s): cpu = 00:00:07 ; elapsed = 00:00:04 . Memory (MB): peak = 1163.172 ; gain = 29.164
Phase 4.1 Post Commit Optimization | Checksum: 27ce0845a

Time (s): cpu = 00:00:07 ; elapsed = 00:00:04 . Memory (MB): peak = 1163.172 ; gain = 29.164

Phase 4.2 Post Placement Cleanup
Phase 4.2 Post Placement Cleanup | Checksum: 27ce0845a

Time (s): cpu = 00:00:07 ; elapsed = 00:00:04 . Memory (MB): peak = 1163.172 ; gain = 29.164

Phase 4.3 Placer Reporting
Phase 4.3 Placer Reporting | Checksum: 27ce0845a

Time (s): cpu = 00:00:07 ; elapsed = 00:00:04 . Memory (MB): peak = 1163.172 ; gain = 29.164

Phase 4.4 Final Placement Cleanup
Phase 4.4 Final Placement Cleanup | Checksum: 233dbde2e

Time (s): cpu = 00:00:07 ; elapsed = 00:00:04 . Memory (MB): peak = 1163.172 ; gain = 29.164
Phase 4 Post Placement Optimization and Clean-Up | Checksum: 233dbde2e

Time (s): cpu = 00:00:07 ; elapsed = 00:00:04 . Memory (MB): peak = 1163.172 ; gain = 29.164
Ending Placer Task | Checksum: 15fd2df57

Time (s): cpu = 00:00:07 ; elapsed = 00:00:04 . Memory (MB): peak = 1163.172 ; gain = 29.164
INFO: [Common 17-83] Releasing license: Implementation
47 Infos, 0 Warnings, 0 Critical Warnings and 0 Errors encountered.
place_design completed successfully
INFO: [Timing 38-480] Writing timing data to binary archive.
Writing placer database...
Writing XDEF routing.
Writing XDEF routing logical nets.
Writing XDEF routing special nets.
Write XDEF Complete: Time (s): cpu = 00:00:00 ; elapsed = 00:00:00.485 . Memory (MB): peak = 1171.695 ; gain = 8.488
INFO: [Common 17-1381] The checkpoint 'C:/Users/Sergaljerk/WSU-CPTE/Module_8/Module_8.runs/impl_1/BCD_Counter_placed.dcp' has been generated.
INFO: [runtcl-4] Executing : report_io -file BCD_Counter_io_placed.rpt
report_io: Time (s): cpu = 00:00:00 ; elapsed = 00:00:00.083 . Memory (MB): peak = 1171.695 ; gain = 0.000
INFO: [runtcl-4] Executing : report_utilization -file BCD_Counter_utilization_placed.rpt -pb BCD_Counter_utilization_placed.pb
report_utilization: Time (s): cpu = 00:00:00 ; elapsed = 00:00:00.035 . Memory (MB): peak = 1171.695 ; gain = 0.000
INFO: [runtcl-4] Executing : report_control_sets -verbose -file BCD_Counter_control_sets_placed.rpt
report_control_sets: Time (s): cpu = 00:00:00 ; elapsed = 00:00:00.007 . Memory (MB): peak = 1171.695 ; gain = 0.000
Command: route_design
Attempting to get a license for feature 'Implementation' and/or device 'xc7z007s'
INFO: [Common 17-349] Got license for feature 'Implementation' and/or device 'xc7z007s'
Running DRC as a precondition to command route_design
INFO: [DRC 23-27] Running DRC with 2 threads
INFO: [Vivado_Tcl 4-198] DRC finished with 0 Errors
INFO: [Vivado_Tcl 4-199] Please refer to the DRC report (report_drc) for more information.


Starting Routing Task
INFO: [Route 35-254] Multithreading enabled for route_design using a maximum of 2 CPUs
Checksum: PlaceDB: f1e7c35c ConstDB: 0 ShapeSum: 6deb1bfb RouteDB: 0

Phase 1 Build RT Design
Phase 1 Build RT Design | Checksum: 1345ab599

Time (s): cpu = 00:00:17 ; elapsed = 00:00:15 . Memory (MB): peak = 1219.242 ; gain = 47.547
Post Restoration Checksum: NetGraph: 75bbbb7f NumContArr: be9efa1a Constraints: 0 Timing: 0

Phase 2 Router Initialization

Phase 2.1 Create Timer
Phase 2.1 Create Timer | Checksum: 1345ab599

Time (s): cpu = 00:00:17 ; elapsed = 00:00:15 . Memory (MB): peak = 1219.242 ; gain = 47.547

Phase 2.2 Fix Topology Constraints
Phase 2.2 Fix Topology Constraints | Checksum: 1345ab599

Time (s): cpu = 00:00:17 ; elapsed = 00:00:15 . Memory (MB): peak = 1225.227 ; gain = 53.531

Phase 2.3 Pre Route Cleanup
Phase 2.3 Pre Route Cleanup | Checksum: 1345ab599

Time (s): cpu = 00:00:17 ; elapsed = 00:00:15 . Memory (MB): peak = 1225.227 ; gain = 53.531
 Number of Nodes with overlaps = 0

Phase 2.4 Update Timing
Phase 2.4 Update Timing | Checksum: 14d57805b

Time (s): cpu = 00:00:17 ; elapsed = 00:00:15 . Memory (MB): peak = 1228.813 ; gain = 57.117
INFO: [Route 35-416] Intermediate Timing Summary | WNS=19.339 | TNS=0.000  | WHS=-0.068 | THS=-0.068 |

Phase 2 Router Initialization | Checksum: f4a61e04

Time (s): cpu = 00:00:17 ; elapsed = 00:00:15 . Memory (MB): peak = 1228.813 ; gain = 57.117

Phase 3 Initial Routing
Phase 3 Initial Routing | Checksum: 168119c2a

Time (s): cpu = 00:00:18 ; elapsed = 00:00:16 . Memory (MB): peak = 1228.813 ; gain = 57.117

Phase 4 Rip-up And Reroute

Phase 4.1 Global Iteration 0
 Number of Nodes with overlaps = 6
 Number of Nodes with overlaps = 0
INFO: [Route 35-416] Intermediate Timing Summary | WNS=18.709 | TNS=0.000  | WHS=N/A    | THS=N/A    |

Phase 4.1 Global Iteration 0 | Checksum: 1a033ce18

Time (s): cpu = 00:00:18 ; elapsed = 00:00:16 . Memory (MB): peak = 1228.813 ; gain = 57.117
Phase 4 Rip-up And Reroute | Checksum: 1a033ce18

Time (s): cpu = 00:00:18 ; elapsed = 00:00:16 . Memory (MB): peak = 1228.813 ; gain = 57.117

Phase 5 Delay and Skew Optimization

Phase 5.1 Delay CleanUp
Phase 5.1 Delay CleanUp | Checksum: 1a033ce18

Time (s): cpu = 00:00:18 ; elapsed = 00:00:16 . Memory (MB): peak = 1228.813 ; gain = 57.117

Phase 5.2 Clock Skew Optimization
Phase 5.2 Clock Skew Optimization | Checksum: 1a033ce18

Time (s): cpu = 00:00:18 ; elapsed = 00:00:16 . Memory (MB): peak = 1228.813 ; gain = 57.117
Phase 5 Delay and Skew Optimization | Checksum: 1a033ce18

Time (s): cpu = 00:00:18 ; elapsed = 00:00:16 . Memory (MB): peak = 1228.813 ; gain = 57.117

Phase 6 Post Hold Fix

Phase 6.1 Hold Fix Iter

Phase 6.1.1 Update Timing
Phase 6.1.1 Update Timing | Checksum: 15ef0566e

Time (s): cpu = 00:00:18 ; elapsed = 00:00:16 . Memory (MB): peak = 1228.813 ; gain = 57.117
INFO: [Route 35-416] Intermediate Timing Summary | WNS=18.862 | TNS=0.000  | WHS=0.246  | THS=0.000  |

Phase 6.1 Hold Fix Iter | Checksum: 15ef0566e

Time (s): cpu = 00:00:18 ; elapsed = 00:00:16 . Memory (MB): peak = 1228.813 ; gain = 57.117
Phase 6 Post Hold Fix | Checksum: 15ef0566e

Time (s): cpu = 00:00:18 ; elapsed = 00:00:16 . Memory (MB): peak = 1228.813 ; gain = 57.117

Phase 7 Route finalize

Router Utilization Summary
  Global Vertical Routing Utilization    = 0.0547579 %
  Global Horizontal Routing Utilization  = 0.0450368 %
  Routable Net Status*
  *Does not include unroutable nets such as driverless and loadless.
  Run report_route_status for detailed report.
  Number of Failed Nets               = 0
  Number of Unrouted Nets             = 0
  Number of Partially Routed Nets     = 0
  Number of Node Overlaps             = 0

Phase 7 Route finalize | Checksum: 1ba7b909f

Time (s): cpu = 00:00:18 ; elapsed = 00:00:16 . Memory (MB): peak = 1228.813 ; gain = 57.117

Phase 8 Verifying routed nets

 Verification completed successfully
Phase 8 Verifying routed nets | Checksum: 1ba7b909f

Time (s): cpu = 00:00:18 ; elapsed = 00:00:16 . Memory (MB): peak = 1229.949 ; gain = 58.254

Phase 9 Depositing Routes
Phase 9 Depositing Routes | Checksum: 103d23797

Time (s): cpu = 00:00:18 ; elapsed = 00:00:16 . Memory (MB): peak = 1229.949 ; gain = 58.254

Phase 10 Post Router Timing
INFO: [Route 35-57] Estimated Timing Summary | WNS=18.862 | TNS=0.000  | WHS=0.246  | THS=0.000  |

INFO: [Route 35-327] The final timing numbers are based on the router estimated timing analysis. For a complete and accurate timing signoff, please run report_timing_summary.
Phase 10 Post Router Timing | Checksum: 103d23797

Time (s): cpu = 00:00:18 ; elapsed = 00:00:16 . Memory (MB): peak = 1229.949 ; gain = 58.254
INFO: [Route 35-16] Router Completed Successfully

Time (s): cpu = 00:00:18 ; elapsed = 00:00:16 . Memory (MB): peak = 1229.949 ; gain = 58.254

Routing Is Done.
INFO: [Common 17-83] Releasing license: Implementation
64 Infos, 0 Warnings, 0 Critical Warnings and 0 Errors encountered.
route_design completed successfully
route_design: Time (s): cpu = 00:00:20 ; elapsed = 00:00:17 . Memory (MB): peak = 1229.949 ; gain = 58.254
INFO: [Timing 38-480] Writing timing data to binary archive.
Writing placer database...
Writing XDEF routing.
Writing XDEF routing logical nets.
Writing XDEF routing special nets.
Write XDEF Complete: Time (s): cpu = 00:00:00 ; elapsed = 00:00:00.135 . Memory (MB): peak = 1231.168 ; gain = 1.219
INFO: [Common 17-1381] The checkpoint 'C:/Users/Sergaljerk/WSU-CPTE/Module_8/Module_8.runs/impl_1/BCD_Counter_routed.dcp' has been generated.
INFO: [runtcl-4] Executing : report_drc -file BCD_Counter_drc_routed.rpt -pb BCD_Counter_drc_routed.pb -rpx BCD_Counter_drc_routed.rpx
Command: report_drc -file BCD_Counter_drc_routed.rpt -pb BCD_Counter_drc_routed.pb -rpx BCD_Counter_drc_routed.rpx
INFO: [DRC 23-27] Running DRC with 2 threads
INFO: [Coretcl 2-168] The results of DRC are in file C:/Users/Sergaljerk/WSU-CPTE/Module_8/Module_8.runs/impl_1/BCD_Counter_drc_routed.rpt.
report_drc completed successfully
INFO: [runtcl-4] Executing : report_methodology -file BCD_Counter_methodology_drc_routed.rpt -pb BCD_Counter_methodology_drc_routed.pb -rpx BCD_Counter_methodology_drc_routed.rpx
Command: report_methodology -file BCD_Counter_methodology_drc_routed.rpt -pb BCD_Counter_methodology_drc_routed.pb -rpx BCD_Counter_methodology_drc_routed.rpx
INFO: [Timing 38-35] Done setting XDC timing constraints.
INFO: [Timing 38-35] Done setting XDC timing constraints.
INFO: [DRC 23-133] Running Methodology with 2 threads
INFO: [Coretcl 2-1520] The results of Report Methodology are in file C:/Users/Sergaljerk/WSU-CPTE/Module_8/Module_8.runs/impl_1/BCD_Counter_methodology_drc_routed.rpt.
report_methodology completed successfully
INFO: [runtcl-4] Executing : report_power -file BCD_Counter_power_routed.rpt -pb BCD_Counter_power_summary_routed.pb -rpx BCD_Counter_power_routed.rpx
Command: report_power -file BCD_Counter_power_routed.rpt -pb BCD_Counter_power_summary_routed.pb -rpx BCD_Counter_power_routed.rpx
INFO: [Timing 38-35] Done setting XDC timing constraints.
Running Vector-less Activity Propagation...

Finished Running Vector-less Activity Propagation
76 Infos, 0 Warnings, 0 Critical Warnings and 0 Errors encountered.
report_power completed successfully
INFO: [runtcl-4] Executing : report_route_status -file BCD_Counter_route_status.rpt -pb BCD_Counter_route_status.pb
INFO: [runtcl-4] Executing : report_timing_summary -max_paths 10 -file BCD_Counter_timing_summary_routed.rpt -pb BCD_Counter_timing_summary_routed.pb -rpx BCD_Counter_timing_summary_routed.rpx -warn_on_violation 
INFO: [Timing 38-91] UpdateTimingParams: Speed grade: -1, Delay Type: min_max, Timing Stage: Requireds.
INFO: [Timing 38-191] Multithreading enabled for timing update using a maximum of 2 CPUs
INFO: [runtcl-4] Executing : report_incremental_reuse -file BCD_Counter_incremental_reuse_routed.rpt
INFO: [Vivado_Tcl 4-545] No incremental reuse to report, no incremental placement and routing data was found.
INFO: [runtcl-4] Executing : report_clock_utilization -file BCD_Counter_clock_utilization_routed.rpt
INFO: [runtcl-4] Executing : report_bus_skew -warn_on_violation -file BCD_Counter_bus_skew_routed.rpt -pb BCD_Counter_bus_skew_routed.pb -rpx BCD_Counter_bus_skew_routed.rpx
INFO: [Timing 38-91] UpdateTimingParams: Speed grade: -1, Delay Type: min_max, Timing Stage: Requireds.
INFO: [Timing 38-191] Multithreading enabled for timing update using a maximum of 2 CPUs
Command: write_bitstream -force BCD_Counter.bit
Attempting to get a license for feature 'Implementation' and/or device 'xc7z007s'
INFO: [Common 17-349] Got license for feature 'Implementation' and/or device 'xc7z007s'
Running DRC as a precondition to command write_bitstream
INFO: [DRC 23-27] Running DRC with 2 threads
WARNING: [DRC ZPS7-1] PS7 block required: The PS7 cell must be used in this Zynq design in order to enable correct default configuration.
INFO: [Vivado 12-3199] DRC finished with 0 Errors, 1 Warnings
INFO: [Vivado 12-3200] Please refer to the DRC report (report_drc) for more information.
INFO: [Designutils 20-2272] Running write_bitstream with 2 threads.
Loading data files...
Loading site data...
Loading route data...
Processing options...
Creating bitmap...
Creating bitstream...
Writing bitstream ./BCD_Counter.bit...
INFO: [Vivado 12-1842] Bitgen Completed Successfully.
INFO: [Project 1-120] WebTalk data collection is mandatory when using a WebPACK part without a full Vivado license. To see the specific WebTalk data collected for your design, open the usage_statistics_webtalk.html or usage_statistics_webtalk.xml file in the implementation directory.
INFO: [Common 17-186] 'C:/Users/Sergaljerk/WSU-CPTE/Module_8/Module_8.runs/impl_1/usage_statistics_webtalk.xml' has been successfully sent to Xilinx on Sat Oct 13 22:20:10 2018. For additional details about this file, please refer to the WebTalk help file at C:/Xilinx/Vivado/2018.2/doc/webtalk_introduction.html.
INFO: [Common 17-83] Releasing license: Implementation
95 Infos, 1 Warnings, 0 Critical Warnings and 0 Errors encountered.
write_bitstream completed successfully
write_bitstream: Time (s): cpu = 00:00:16 ; elapsed = 00:00:18 . Memory (MB): peak = 1660.012 ; gain = 392.539
INFO: [Common 17-206] Exiting Vivado at Sat Oct 13 22:20:10 2018...
