
*** Running vivado
    with args -log Reaction_Time_Averager_stopwatch_ssd_driver_0_0.vds -m64 -product Vivado -mode batch -messageDb vivado.pb -notrace -source Reaction_Time_Averager_stopwatch_ssd_driver_0_0.tcl


****** Vivado v2018.2 (64-bit)
  **** SW Build 2258646 on Thu Jun 14 20:03:12 MDT 2018
  **** IP Build 2256618 on Thu Jun 14 22:10:49 MDT 2018
    ** Copyright 1986-2018 Xilinx, Inc. All Rights Reserved.

source Reaction_Time_Averager_stopwatch_ssd_driver_0_0.tcl -notrace
Command: synth_design -top Reaction_Time_Averager_stopwatch_ssd_driver_0_0 -part xc7z007sclg400-1 -mode out_of_context
Starting synth_design
Attempting to get a license for feature 'Synthesis' and/or device 'xc7z007s'
INFO: [Common 17-349] Got license for feature 'Synthesis' and/or device 'xc7z007s'
INFO: Launching helper process for spawning children vivado processes
INFO: Helper process launched with PID 8692 
---------------------------------------------------------------------------------
Starting Synthesize : Time (s): cpu = 00:00:03 ; elapsed = 00:00:02 . Memory (MB): peak = 384.512 ; gain = 101.137
---------------------------------------------------------------------------------
INFO: [Synth 8-6157] synthesizing module 'Reaction_Time_Averager_stopwatch_ssd_driver_0_0' [c:/Users/Necryotiks/AppData/Roaming/SPB_Data/WSU-CPTE/Module_12/Module_12.srcs/sources_1/bd/Reaction_Time_Averager/ip/Reaction_Time_Averager_stopwatch_ssd_driver_0_0/synth/Reaction_Time_Averager_stopwatch_ssd_driver_0_0.v:58]
INFO: [Synth 8-6157] synthesizing module 'stopwatch_ssd_driver' [C:/Users/Necryotiks/AppData/Roaming/SPB_Data/WSU-CPTE/Parts/stopwatch_ssd_driver.v:23]
	Parameter c_HEX_DEC bound to: 9 - type: integer 
INFO: [Synth 8-6155] done synthesizing module 'stopwatch_ssd_driver' (1#1) [C:/Users/Necryotiks/AppData/Roaming/SPB_Data/WSU-CPTE/Parts/stopwatch_ssd_driver.v:23]
INFO: [Synth 8-6155] done synthesizing module 'Reaction_Time_Averager_stopwatch_ssd_driver_0_0' (2#1) [c:/Users/Necryotiks/AppData/Roaming/SPB_Data/WSU-CPTE/Module_12/Module_12.srcs/sources_1/bd/Reaction_Time_Averager/ip/Reaction_Time_Averager_stopwatch_ssd_driver_0_0/synth/Reaction_Time_Averager_stopwatch_ssd_driver_0_0.v:58]
---------------------------------------------------------------------------------
Finished Synthesize : Time (s): cpu = 00:00:04 ; elapsed = 00:00:03 . Memory (MB): peak = 438.531 ; gain = 155.156
---------------------------------------------------------------------------------
---------------------------------------------------------------------------------
Finished Constraint Validation : Time (s): cpu = 00:00:04 ; elapsed = 00:00:03 . Memory (MB): peak = 438.531 ; gain = 155.156
---------------------------------------------------------------------------------
---------------------------------------------------------------------------------
Start Loading Part and Timing Information
---------------------------------------------------------------------------------
Loading part: xc7z007sclg400-1
---------------------------------------------------------------------------------
Finished Loading Part and Timing Information : Time (s): cpu = 00:00:04 ; elapsed = 00:00:03 . Memory (MB): peak = 438.531 ; gain = 155.156
---------------------------------------------------------------------------------
INFO: [Device 21-403] Loading part xc7z007sclg400-1
---------------------------------------------------------------------------------
Finished RTL Optimization Phase 2 : Time (s): cpu = 00:00:04 ; elapsed = 00:00:04 . Memory (MB): peak = 438.531 ; gain = 155.156
---------------------------------------------------------------------------------

Report RTL Partitions: 
+-+--------------+------------+----------+
| |RTL Partition |Replication |Instances |
+-+--------------+------------+----------+
+-+--------------+------------+----------+
No constraint files found.
---------------------------------------------------------------------------------
Start RTL Component Statistics 
---------------------------------------------------------------------------------
Detailed RTL Component Info : 
+---Adders : 
	   2 Input      4 Bit       Adders := 4     
+---Registers : 
	                4 Bit    Registers := 5     
+---Muxes : 
	   2 Input      4 Bit        Muxes := 8     
	   2 Input      1 Bit        Muxes := 4     
---------------------------------------------------------------------------------
Finished RTL Component Statistics 
---------------------------------------------------------------------------------
---------------------------------------------------------------------------------
Start RTL Hierarchical Component Statistics 
---------------------------------------------------------------------------------
Hierarchical RTL Component report 
Module stopwatch_ssd_driver 
Detailed RTL Component Info : 
+---Adders : 
	   2 Input      4 Bit       Adders := 4     
+---Registers : 
	                4 Bit    Registers := 5     
+---Muxes : 
	   2 Input      4 Bit        Muxes := 8     
	   2 Input      1 Bit        Muxes := 4     
---------------------------------------------------------------------------------
Finished RTL Hierarchical Component Statistics
---------------------------------------------------------------------------------
---------------------------------------------------------------------------------
Start Part Resource Summary
---------------------------------------------------------------------------------
Part Resources:
DSPs: 66 (col length:40)
BRAMs: 100 (col length: RAMB18 40 RAMB36 20)
---------------------------------------------------------------------------------
Finished Part Resource Summary
---------------------------------------------------------------------------------
No constraint files found.
---------------------------------------------------------------------------------
Start Cross Boundary and Area Optimization
---------------------------------------------------------------------------------
Warning: Parallel synthesis criteria is not met 
INFO: [Synth 8-3886] merging instance 'inst/r_HEX_DEC_reg[0]' (FD) to 'inst/r_HEX_DEC_reg[3]'
INFO: [Synth 8-3886] merging instance 'inst/r_HEX_DEC_reg[1]' (FD) to 'inst/r_HEX_DEC_reg[2]'
INFO: [Synth 8-3333] propagating constant 0 across sequential element (\inst/r_HEX_DEC_reg[2] )
INFO: [Synth 8-3333] propagating constant 1 across sequential element (\inst/r_HEX_DEC_reg[3] )
INFO: [Synth 8-3332] Sequential element (inst/r_HEX_DEC_reg[3]) is unused and will be removed from module Reaction_Time_Averager_stopwatch_ssd_driver_0_0.
INFO: [Synth 8-3332] Sequential element (inst/r_HEX_DEC_reg[2]) is unused and will be removed from module Reaction_Time_Averager_stopwatch_ssd_driver_0_0.
---------------------------------------------------------------------------------
Finished Cross Boundary and Area Optimization : Time (s): cpu = 00:00:08 ; elapsed = 00:00:09 . Memory (MB): peak = 579.660 ; gain = 296.285
---------------------------------------------------------------------------------

Report RTL Partitions: 
+-+--------------+------------+----------+
| |RTL Partition |Replication |Instances |
+-+--------------+------------+----------+
+-+--------------+------------+----------+
No constraint files found.
---------------------------------------------------------------------------------
Start Timing Optimization
---------------------------------------------------------------------------------
---------------------------------------------------------------------------------
Finished Timing Optimization : Time (s): cpu = 00:00:08 ; elapsed = 00:00:09 . Memory (MB): peak = 579.660 ; gain = 296.285
---------------------------------------------------------------------------------

Report RTL Partitions: 
+-+--------------+------------+----------+
| |RTL Partition |Replication |Instances |
+-+--------------+------------+----------+
+-+--------------+------------+----------+
---------------------------------------------------------------------------------
Start Technology Mapping
---------------------------------------------------------------------------------
---------------------------------------------------------------------------------
Finished Technology Mapping : Time (s): cpu = 00:00:08 ; elapsed = 00:00:09 . Memory (MB): peak = 579.660 ; gain = 296.285
---------------------------------------------------------------------------------

Report RTL Partitions: 
+-+--------------+------------+----------+
| |RTL Partition |Replication |Instances |
+-+--------------+------------+----------+
+-+--------------+------------+----------+
---------------------------------------------------------------------------------
Start IO Insertion
---------------------------------------------------------------------------------
---------------------------------------------------------------------------------
Start Flattening Before IO Insertion
---------------------------------------------------------------------------------
---------------------------------------------------------------------------------
Finished Flattening Before IO Insertion
---------------------------------------------------------------------------------
---------------------------------------------------------------------------------
Start Final Netlist Cleanup
---------------------------------------------------------------------------------
---------------------------------------------------------------------------------
Finished Final Netlist Cleanup
---------------------------------------------------------------------------------
---------------------------------------------------------------------------------
Finished IO Insertion : Time (s): cpu = 00:00:09 ; elapsed = 00:00:10 . Memory (MB): peak = 579.660 ; gain = 296.285
---------------------------------------------------------------------------------

Report Check Netlist: 
+------+------------------+-------+---------+-------+------------------+
|      |Item              |Errors |Warnings |Status |Description       |
+------+------------------+-------+---------+-------+------------------+
|1     |multi_driven_nets |      0|        0|Passed |Multi driven nets |
+------+------------------+-------+---------+-------+------------------+
---------------------------------------------------------------------------------
Start Renaming Generated Instances
---------------------------------------------------------------------------------
---------------------------------------------------------------------------------
Finished Renaming Generated Instances : Time (s): cpu = 00:00:09 ; elapsed = 00:00:10 . Memory (MB): peak = 579.660 ; gain = 296.285
---------------------------------------------------------------------------------

Report RTL Partitions: 
+-+--------------+------------+----------+
| |RTL Partition |Replication |Instances |
+-+--------------+------------+----------+
+-+--------------+------------+----------+
---------------------------------------------------------------------------------
Start Rebuilding User Hierarchy
---------------------------------------------------------------------------------
---------------------------------------------------------------------------------
Finished Rebuilding User Hierarchy : Time (s): cpu = 00:00:09 ; elapsed = 00:00:10 . Memory (MB): peak = 579.660 ; gain = 296.285
---------------------------------------------------------------------------------
---------------------------------------------------------------------------------
Start Renaming Generated Ports
---------------------------------------------------------------------------------
---------------------------------------------------------------------------------
Finished Renaming Generated Ports : Time (s): cpu = 00:00:09 ; elapsed = 00:00:10 . Memory (MB): peak = 579.660 ; gain = 296.285
---------------------------------------------------------------------------------
---------------------------------------------------------------------------------
Start Handling Custom Attributes
---------------------------------------------------------------------------------
---------------------------------------------------------------------------------
Finished Handling Custom Attributes : Time (s): cpu = 00:00:09 ; elapsed = 00:00:10 . Memory (MB): peak = 579.660 ; gain = 296.285
---------------------------------------------------------------------------------
---------------------------------------------------------------------------------
Start Renaming Generated Nets
---------------------------------------------------------------------------------
---------------------------------------------------------------------------------
Finished Renaming Generated Nets : Time (s): cpu = 00:00:09 ; elapsed = 00:00:10 . Memory (MB): peak = 579.660 ; gain = 296.285
---------------------------------------------------------------------------------
---------------------------------------------------------------------------------
Start Writing Synthesis Report
---------------------------------------------------------------------------------

Report BlackBoxes: 
+-+--------------+----------+
| |BlackBox name |Instances |
+-+--------------+----------+
+-+--------------+----------+

Report Cell Usage: 
+------+-----+------+
|      |Cell |Count |
+------+-----+------+
|1     |LUT2 |     1|
|2     |LUT4 |     8|
|3     |LUT5 |    13|
|4     |LUT6 |     1|
|5     |FDCE |    16|
+------+-----+------+

Report Instance Areas: 
+------+---------+---------------------+------+
|      |Instance |Module               |Cells |
+------+---------+---------------------+------+
|1     |top      |                     |    39|
|2     |  inst   |stopwatch_ssd_driver |    39|
+------+---------+---------------------+------+
---------------------------------------------------------------------------------
Finished Writing Synthesis Report : Time (s): cpu = 00:00:09 ; elapsed = 00:00:10 . Memory (MB): peak = 579.660 ; gain = 296.285
---------------------------------------------------------------------------------
Synthesis finished with 0 errors, 0 critical warnings and 0 warnings.
Synthesis Optimization Runtime : Time (s): cpu = 00:00:09 ; elapsed = 00:00:10 . Memory (MB): peak = 579.660 ; gain = 296.285
Synthesis Optimization Complete : Time (s): cpu = 00:00:09 ; elapsed = 00:00:10 . Memory (MB): peak = 579.660 ; gain = 296.285
INFO: [Project 1-571] Translating synthesized netlist
INFO: [Project 1-570] Preparing netlist for logic optimization
INFO: [Opt 31-138] Pushed 0 inverter(s) to 0 load pin(s).
INFO: [Project 1-111] Unisim Transformation Summary:
No Unisim elements were transformed.

INFO: [Common 17-83] Releasing license: Synthesis
17 Infos, 0 Warnings, 0 Critical Warnings and 0 Errors encountered.
synth_design completed successfully
synth_design: Time (s): cpu = 00:00:13 ; elapsed = 00:00:15 . Memory (MB): peak = 684.887 ; gain = 414.355
WARNING: [Constraints 18-5210] No constraint will be written out.
INFO: [Timing 38-35] Done setting XDC timing constraints.
INFO: [Common 17-1381] The checkpoint 'C:/Users/Necryotiks/AppData/Roaming/SPB_Data/WSU-CPTE/Module_12/Module_12.runs/Reaction_Time_Averager_stopwatch_ssd_driver_0_0_synth_1/Reaction_Time_Averager_stopwatch_ssd_driver_0_0.dcp' has been generated.
write_checkpoint: Time (s): cpu = 00:00:11 ; elapsed = 00:00:13 . Memory (MB): peak = 1165.375 ; gain = 480.488
WARNING: [Constraints 18-5210] No constraint will be written out.
INFO: [Common 17-1381] The checkpoint 'C:/Users/Necryotiks/AppData/Roaming/SPB_Data/WSU-CPTE/Module_12/Module_12.runs/Reaction_Time_Averager_stopwatch_ssd_driver_0_0_synth_1/Reaction_Time_Averager_stopwatch_ssd_driver_0_0.dcp' has been generated.
INFO: [runtcl-4] Executing : report_utilization -file Reaction_Time_Averager_stopwatch_ssd_driver_0_0_utilization_synth.rpt -pb Reaction_Time_Averager_stopwatch_ssd_driver_0_0_utilization_synth.pb
report_utilization: Time (s): cpu = 00:00:00 ; elapsed = 00:00:00.025 . Memory (MB): peak = 1165.844 ; gain = 0.000
INFO: [Common 17-206] Exiting Vivado at Fri Nov 23 15:49:24 2018...
