Copyright 1986-2019 Xilinx, Inc. All Rights Reserved.
-------------------------------------------------------------------------------------------
| Tool Version : Vivado v.2019.1 (lin64) Build 2552052 Fri May 24 14:47:09 MDT 2019
| Date         : Sat Aug 24 12:49:12 2019
| Host         : sergaljerk-Standard-PC-i440FX-PIIX-1996 running 64-bit Ubuntu 18.04.3 LTS
| Command      : upgrade_ip
| Device       : xc7z007sclg400-1
-------------------------------------------------------------------------------------------

Upgrade Log for IP 'Reaction_Time_Averager_xlslice_0_3'

1. Summary
----------

SUCCESS in the upgrade of Reaction_Time_Averager_xlslice_0_3 (xilinx.com:ip:xlslice:1.0) from (Rev. 1) to (Rev. 2)






Copyright 1986-2019 Xilinx, Inc. All Rights Reserved.
-------------------------------------------------------------------------------------------
| Tool Version : Vivado v.2019.1 (lin64) Build 2552052 Fri May 24 14:47:09 MDT 2019
| Date         : Sat Aug 24 12:49:12 2019
| Host         : sergaljerk-Standard-PC-i440FX-PIIX-1996 running 64-bit Ubuntu 18.04.3 LTS
| Command      : upgrade_ip
| Device       : xc7z007sclg400-1
-------------------------------------------------------------------------------------------

Upgrade Log for IP 'Reaction_Time_Averager_xlslice_0_2'

1. Summary
----------

SUCCESS in the upgrade of Reaction_Time_Averager_xlslice_0_2 (xilinx.com:ip:xlslice:1.0) from (Rev. 1) to (Rev. 2)






Copyright 1986-2019 Xilinx, Inc. All Rights Reserved.
-------------------------------------------------------------------------------------------
| Tool Version : Vivado v.2019.1 (lin64) Build 2552052 Fri May 24 14:47:09 MDT 2019
| Date         : Sat Aug 24 12:49:12 2019
| Host         : sergaljerk-Standard-PC-i440FX-PIIX-1996 running 64-bit Ubuntu 18.04.3 LTS
| Command      : upgrade_ip
| Device       : xc7z007sclg400-1
-------------------------------------------------------------------------------------------

Upgrade Log for IP 'Reaction_Time_Averager_xlslice_0_1'

1. Summary
----------

SUCCESS in the upgrade of Reaction_Time_Averager_xlslice_0_1 (xilinx.com:ip:xlslice:1.0) from (Rev. 1) to (Rev. 2)






Copyright 1986-2019 Xilinx, Inc. All Rights Reserved.
-------------------------------------------------------------------------------------------
| Tool Version : Vivado v.2019.1 (lin64) Build 2552052 Fri May 24 14:47:09 MDT 2019
| Date         : Sat Aug 24 12:49:12 2019
| Host         : sergaljerk-Standard-PC-i440FX-PIIX-1996 running 64-bit Ubuntu 18.04.3 LTS
| Command      : upgrade_ip
| Device       : xc7z007sclg400-1
-------------------------------------------------------------------------------------------

Upgrade Log for IP 'Reaction_Time_Averager_xlslice_0_0'

1. Summary
----------

SUCCESS in the upgrade of Reaction_Time_Averager_xlslice_0_0 (xilinx.com:ip:xlslice:1.0) from (Rev. 1) to (Rev. 2)






Copyright 1986-2019 Xilinx, Inc. All Rights Reserved.
-------------------------------------------------------------------------------------------
| Tool Version : Vivado v.2019.1 (lin64) Build 2552052 Fri May 24 14:47:09 MDT 2019
| Date         : Sat Aug 24 12:49:10 2019
| Host         : sergaljerk-Standard-PC-i440FX-PIIX-1996 running 64-bit Ubuntu 18.04.3 LTS
| Command      : upgrade_ip
| Device       : xc7z007sclg400-1
-------------------------------------------------------------------------------------------

Upgrade Log for IP 'Bounce_Timer_xlslice_3_0'

1. Summary
----------

SUCCESS in the upgrade of Bounce_Timer_xlslice_3_0 (xilinx.com:ip:xlslice:1.0) from (Rev. 1) to (Rev. 2)






Copyright 1986-2019 Xilinx, Inc. All Rights Reserved.
-------------------------------------------------------------------------------------------
| Tool Version : Vivado v.2019.1 (lin64) Build 2552052 Fri May 24 14:47:09 MDT 2019
| Date         : Sat Aug 24 12:49:10 2019
| Host         : sergaljerk-Standard-PC-i440FX-PIIX-1996 running 64-bit Ubuntu 18.04.3 LTS
| Command      : upgrade_ip
| Device       : xc7z007sclg400-1
-------------------------------------------------------------------------------------------

Upgrade Log for IP 'Bounce_Timer_xlslice_2_0'

1. Summary
----------

SUCCESS in the upgrade of Bounce_Timer_xlslice_2_0 (xilinx.com:ip:xlslice:1.0) from (Rev. 1) to (Rev. 2)






Copyright 1986-2019 Xilinx, Inc. All Rights Reserved.
-------------------------------------------------------------------------------------------
| Tool Version : Vivado v.2019.1 (lin64) Build 2552052 Fri May 24 14:47:09 MDT 2019
| Date         : Sat Aug 24 12:49:10 2019
| Host         : sergaljerk-Standard-PC-i440FX-PIIX-1996 running 64-bit Ubuntu 18.04.3 LTS
| Command      : upgrade_ip
| Device       : xc7z007sclg400-1
-------------------------------------------------------------------------------------------

Upgrade Log for IP 'Bounce_Timer_xlslice_1_0'

1. Summary
----------

SUCCESS in the upgrade of Bounce_Timer_xlslice_1_0 (xilinx.com:ip:xlslice:1.0) from (Rev. 1) to (Rev. 2)






Copyright 1986-2019 Xilinx, Inc. All Rights Reserved.
-------------------------------------------------------------------------------------------
| Tool Version : Vivado v.2019.1 (lin64) Build 2552052 Fri May 24 14:47:09 MDT 2019
| Date         : Sat Aug 24 12:49:10 2019
| Host         : sergaljerk-Standard-PC-i440FX-PIIX-1996 running 64-bit Ubuntu 18.04.3 LTS
| Command      : upgrade_ip
| Device       : xc7z007sclg400-1
-------------------------------------------------------------------------------------------

Upgrade Log for IP 'Bounce_Timer_xlslice_0_0'

1. Summary
----------

SUCCESS in the upgrade of Bounce_Timer_xlslice_0_0 (xilinx.com:ip:xlslice:1.0) from (Rev. 1) to (Rev. 2)

