#-----------------------------------------------------------
# Vivado v2018.3 (64-bit)
# SW Build 2405991 on Thu Dec  6 23:36:41 MST 2018
# IP Build 2404404 on Fri Dec  7 01:43:56 MST 2018
# Start of session at: Sat Aug 24 11:48:24 2019
# Process ID: 21569
# Current directory: /home/sergaljerk/Documents/Repos/WSU-CPTE/EE324/Module_1
# Command line: vivado
# Log file: /home/sergaljerk/Documents/Repos/WSU-CPTE/EE324/Module_1/vivado.log
# Journal file: /home/sergaljerk/Documents/Repos/WSU-CPTE/EE324/Module_1/vivado.jou
#-----------------------------------------------------------
start_gui
open_project /home/sergaljerk/Documents/Repos/WSU-CPTE/EE324/Module_1/Module_1.xpr
Scanning sources...
Finished scanning sources
INFO: [IP_Flow 19-234] Refreshing IP repositories
INFO: [IP_Flow 19-1700] Loaded user IP repository '/home/sergaljerk/Documents/Repos/WSU-CPTE/Parts'.
INFO: [IP_Flow 19-2313] Loaded Vivado IP repository '/tools/Xilinx/Vivado/2018.3/data/ip'.
open_hw
connect_hw_server
INFO: [Labtools 27-2285] Connecting to hw_server url TCP:localhost:3121
INFO: [Labtools 27-2222] Launching hw_server...
INFO: [Labtools 27-2221] Launch Output:

****** Xilinx hw_server v2018.3
  **** Build date : Dec  6 2018-23:53:53
    ** Copyright 1986-2018 Xilinx, Inc. All Rights Reserved.


update_compile_order -fileset sources_1
exit
INFO: [Common 17-206] Exiting Vivado at Sat Aug 24 11:52:34 2019...
