Design Route Status
                                               :      # nets :
   ------------------------------------------- : ----------- :
<<<<<<< HEAD
<<<<<<< HEAD
   # of logical nets.......................... :          23 :
       # of nets not needing routing.......... :          12 :
           # of internally routed nets........ :          12 :
       # of routable nets..................... :          11 :
           # of fully routed nets............. :          11 :
=======
=======
>>>>>>> 5ec567faa533c067fd38e29ea17d6632d7cd74e8
   # of logical nets.......................... :          24 :
       # of nets not needing routing.......... :          12 :
           # of internally routed nets........ :          12 :
       # of routable nets..................... :          12 :
           # of fully routed nets............. :          12 :
<<<<<<< HEAD
>>>>>>> master
=======
>>>>>>> 5ec567faa533c067fd38e29ea17d6632d7cd74e8
       # of nets with routing errors.......... :           0 :
   ------------------------------------------- : ----------- :

