
*** Running vivado
    with args -log HDMI_VGA_wrapper.vds -m64 -product Vivado -mode batch -messageDb vivado.pb -notrace -source HDMI_VGA_wrapper.tcl


****** Vivado v2018.2 (64-bit)
  **** SW Build 2258646 on Thu Jun 14 20:03:12 MDT 2018
  **** IP Build 2256618 on Thu Jun 14 22:10:49 MDT 2018
    ** Copyright 1986-2018 Xilinx, Inc. All Rights Reserved.

source HDMI_VGA_wrapper.tcl -notrace
INFO: [IP_Flow 19-234] Refreshing IP repositories
INFO: [IP_Flow 19-1700] Loaded user IP repository 'c:/Users/Sergaljerk/WSU-CPTE/IP_REPOS/hdmi_tx_1.0'.
INFO: [IP_Flow 19-2313] Loaded Vivado IP repository 'C:/Xilinx/Vivado/2018.2/data/ip'.
add_files: Time (s): cpu = 00:00:02 ; elapsed = 00:00:06 . Memory (MB): peak = 283.707 ; gain = 39.063
Command: synth_design -top HDMI_VGA_wrapper -part xc7z007sclg400-1
Starting synth_design
Attempting to get a license for feature 'Synthesis' and/or device 'xc7z007s'
INFO: [Common 17-349] Got license for feature 'Synthesis' and/or device 'xc7z007s'
INFO: Launching helper process for spawning children vivado processes
INFO: Helper process launched with PID 2648 
---------------------------------------------------------------------------------
Starting RTL Elaboration : Time (s): cpu = 00:00:03 ; elapsed = 00:00:04 . Memory (MB): peak = 388.008 ; gain = 96.883
---------------------------------------------------------------------------------
INFO: [Synth 8-6157] synthesizing module 'HDMI_VGA_wrapper' [C:/Users/Sergaljerk/WSU-CPTE/Module_13/Module_13.srcs/sources_1/bd/HDMI_VGA/hdl/HDMI_VGA_wrapper.v:12]
INFO: [Synth 8-6157] synthesizing module 'HDMI_VGA' [C:/Users/Sergaljerk/WSU-CPTE/Module_13/Module_13.srcs/sources_1/bd/HDMI_VGA/synth/HDMI_VGA.v:13]
INFO: [Synth 8-6157] synthesizing module 'HDMI_VGA_VGA_controller_0_0' [c:/Users/Sergaljerk/WSU-CPTE/Module_13/Module_13.srcs/sources_1/bd/HDMI_VGA/ip/HDMI_VGA_VGA_controller_0_0/synth/HDMI_VGA_VGA_controller_0_0.v:58]
INFO: [Synth 8-6157] synthesizing module 'VGA_controller' [C:/Users/Sergaljerk/WSU-CPTE/Module_13/Module_13.srcs/sources_1/new/VGA_controller.v:23]
	Parameter v_END_OF_LINE bound to: 800 - type: integer 
	Parameter v_END_OF_SCREEN bound to: 525 - type: integer 
	Parameter v_HA_START bound to: 0 - type: integer 
	Parameter v_VA_START bound to: 0 - type: integer 
	Parameter v_HA_END bound to: 640 - type: integer 
	Parameter v_VA_END bound to: 480 - type: integer 
INFO: [Synth 8-6155] done synthesizing module 'VGA_controller' (1#1) [C:/Users/Sergaljerk/WSU-CPTE/Module_13/Module_13.srcs/sources_1/new/VGA_controller.v:23]
INFO: [Synth 8-6155] done synthesizing module 'HDMI_VGA_VGA_controller_0_0' (2#1) [c:/Users/Sergaljerk/WSU-CPTE/Module_13/Module_13.srcs/sources_1/bd/HDMI_VGA/ip/HDMI_VGA_VGA_controller_0_0/synth/HDMI_VGA_VGA_controller_0_0.v:58]
INFO: [Synth 8-6157] synthesizing module 'HDMI_VGA_clk_wiz_0_0' [c:/Users/Sergaljerk/WSU-CPTE/Module_13/Module_13.srcs/sources_1/bd/HDMI_VGA/ip/HDMI_VGA_clk_wiz_0_0/HDMI_VGA_clk_wiz_0_0.v:70]
INFO: [Synth 8-6157] synthesizing module 'HDMI_VGA_clk_wiz_0_0_clk_wiz' [c:/Users/Sergaljerk/WSU-CPTE/Module_13/Module_13.srcs/sources_1/bd/HDMI_VGA/ip/HDMI_VGA_clk_wiz_0_0/HDMI_VGA_clk_wiz_0_0_clk_wiz.v:68]
INFO: [Synth 8-6157] synthesizing module 'IBUF' [C:/Xilinx/Vivado/2018.2/scripts/rt/data/unisim_comp.v:19473]
	Parameter CAPACITANCE bound to: DONT_CARE - type: string 
	Parameter IBUF_DELAY_VALUE bound to: 0 - type: string 
	Parameter IBUF_LOW_PWR bound to: TRUE - type: string 
	Parameter IFD_DELAY_VALUE bound to: AUTO - type: string 
	Parameter IOSTANDARD bound to: DEFAULT - type: string 
INFO: [Synth 8-6155] done synthesizing module 'IBUF' (3#1) [C:/Xilinx/Vivado/2018.2/scripts/rt/data/unisim_comp.v:19473]
INFO: [Synth 8-6157] synthesizing module 'MMCME2_ADV' [C:/Xilinx/Vivado/2018.2/scripts/rt/data/unisim_comp.v:25762]
	Parameter BANDWIDTH bound to: OPTIMIZED - type: string 
	Parameter CLKFBOUT_MULT_F bound to: 36.375000 - type: float 
	Parameter CLKFBOUT_PHASE bound to: 0.000000 - type: float 
	Parameter CLKFBOUT_USE_FINE_PS bound to: FALSE - type: string 
	Parameter CLKIN1_PERIOD bound to: 10.000000 - type: float 
	Parameter CLKIN2_PERIOD bound to: 0.000000 - type: float 
	Parameter CLKOUT0_DIVIDE_F bound to: 36.125000 - type: float 
	Parameter CLKOUT0_DUTY_CYCLE bound to: 0.500000 - type: float 
	Parameter CLKOUT0_PHASE bound to: 0.000000 - type: float 
	Parameter CLKOUT0_USE_FINE_PS bound to: FALSE - type: string 
	Parameter CLKOUT1_DIVIDE bound to: 1 - type: integer 
	Parameter CLKOUT1_DUTY_CYCLE bound to: 0.500000 - type: float 
	Parameter CLKOUT1_PHASE bound to: 0.000000 - type: float 
	Parameter CLKOUT1_USE_FINE_PS bound to: FALSE - type: string 
	Parameter CLKOUT2_DIVIDE bound to: 1 - type: integer 
	Parameter CLKOUT2_DUTY_CYCLE bound to: 0.500000 - type: float 
	Parameter CLKOUT2_PHASE bound to: 0.000000 - type: float 
	Parameter CLKOUT2_USE_FINE_PS bound to: FALSE - type: string 
	Parameter CLKOUT3_DIVIDE bound to: 1 - type: integer 
	Parameter CLKOUT3_DUTY_CYCLE bound to: 0.500000 - type: float 
	Parameter CLKOUT3_PHASE bound to: 0.000000 - type: float 
	Parameter CLKOUT3_USE_FINE_PS bound to: FALSE - type: string 
	Parameter CLKOUT4_CASCADE bound to: FALSE - type: string 
	Parameter CLKOUT4_DIVIDE bound to: 1 - type: integer 
	Parameter CLKOUT4_DUTY_CYCLE bound to: 0.500000 - type: float 
	Parameter CLKOUT4_PHASE bound to: 0.000000 - type: float 
	Parameter CLKOUT4_USE_FINE_PS bound to: FALSE - type: string 
	Parameter CLKOUT5_DIVIDE bound to: 1 - type: integer 
	Parameter CLKOUT5_DUTY_CYCLE bound to: 0.500000 - type: float 
	Parameter CLKOUT5_PHASE bound to: 0.000000 - type: float 
	Parameter CLKOUT5_USE_FINE_PS bound to: FALSE - type: string 
	Parameter CLKOUT6_DIVIDE bound to: 1 - type: integer 
	Parameter CLKOUT6_DUTY_CYCLE bound to: 0.500000 - type: float 
	Parameter CLKOUT6_PHASE bound to: 0.000000 - type: float 
	Parameter CLKOUT6_USE_FINE_PS bound to: FALSE - type: string 
	Parameter COMPENSATION bound to: ZHOLD - type: string 
	Parameter DIVCLK_DIVIDE bound to: 4 - type: integer 
	Parameter IS_CLKINSEL_INVERTED bound to: 1'b0 
	Parameter IS_PSEN_INVERTED bound to: 1'b0 
	Parameter IS_PSINCDEC_INVERTED bound to: 1'b0 
	Parameter IS_PWRDWN_INVERTED bound to: 1'b0 
	Parameter IS_RST_INVERTED bound to: 1'b0 
	Parameter REF_JITTER1 bound to: 0.010000 - type: float 
	Parameter REF_JITTER2 bound to: 0.010000 - type: float 
	Parameter SS_EN bound to: FALSE - type: string 
	Parameter SS_MODE bound to: CENTER_HIGH - type: string 
	Parameter SS_MOD_PERIOD bound to: 10000 - type: integer 
	Parameter STARTUP_WAIT bound to: FALSE - type: string 
INFO: [Synth 8-6155] done synthesizing module 'MMCME2_ADV' (4#1) [C:/Xilinx/Vivado/2018.2/scripts/rt/data/unisim_comp.v:25762]
INFO: [Synth 8-6157] synthesizing module 'BUFG' [C:/Xilinx/Vivado/2018.2/scripts/rt/data/unisim_comp.v:609]
INFO: [Synth 8-6155] done synthesizing module 'BUFG' (5#1) [C:/Xilinx/Vivado/2018.2/scripts/rt/data/unisim_comp.v:609]
INFO: [Synth 8-6155] done synthesizing module 'HDMI_VGA_clk_wiz_0_0_clk_wiz' (6#1) [c:/Users/Sergaljerk/WSU-CPTE/Module_13/Module_13.srcs/sources_1/bd/HDMI_VGA/ip/HDMI_VGA_clk_wiz_0_0/HDMI_VGA_clk_wiz_0_0_clk_wiz.v:68]
INFO: [Synth 8-6155] done synthesizing module 'HDMI_VGA_clk_wiz_0_0' (7#1) [c:/Users/Sergaljerk/WSU-CPTE/Module_13/Module_13.srcs/sources_1/bd/HDMI_VGA/ip/HDMI_VGA_clk_wiz_0_0/HDMI_VGA_clk_wiz_0_0.v:70]
WARNING: [Synth 8-350] instance 'clk_wiz_0' of module 'HDMI_VGA_clk_wiz_0_0' requires 4 connections, but only 3 given [C:/Users/Sergaljerk/WSU-CPTE/Module_13/Module_13.srcs/sources_1/bd/HDMI_VGA/synth/HDMI_VGA.v:62]
INFO: [Synth 8-6157] synthesizing module 'HDMI_VGA_color_logic_0_0' [c:/Users/Sergaljerk/WSU-CPTE/Module_13/Module_13.srcs/sources_1/bd/HDMI_VGA/ip/HDMI_VGA_color_logic_0_0/synth/HDMI_VGA_color_logic_0_0.v:58]
INFO: [Synth 8-6157] synthesizing module 'color_logic' [C:/Users/Sergaljerk/WSU-CPTE/Module_13/Module_13.srcs/sources_1/new/color_logic.v:23]
	Parameter v_HA_START bound to: 0 - type: integer 
	Parameter v_VA_START bound to: 0 - type: integer 
	Parameter v_HA_END bound to: 640 - type: integer 
	Parameter v_VA_END bound to: 480 - type: integer 
INFO: [Synth 8-6155] done synthesizing module 'color_logic' (8#1) [C:/Users/Sergaljerk/WSU-CPTE/Module_13/Module_13.srcs/sources_1/new/color_logic.v:23]
INFO: [Synth 8-6155] done synthesizing module 'HDMI_VGA_color_logic_0_0' (9#1) [c:/Users/Sergaljerk/WSU-CPTE/Module_13/Module_13.srcs/sources_1/bd/HDMI_VGA/ip/HDMI_VGA_color_logic_0_0/synth/HDMI_VGA_color_logic_0_0.v:58]
INFO: [Synth 8-6157] synthesizing module 'HDMI_VGA_xlslice_0_0' [c:/Users/Sergaljerk/WSU-CPTE/Module_13/Module_13.srcs/sources_1/bd/HDMI_VGA/ip/HDMI_VGA_xlslice_0_0/synth/HDMI_VGA_xlslice_0_0.v:57]
INFO: [Synth 8-6157] synthesizing module 'xlslice_v1_0_1_xlslice' [c:/Users/Sergaljerk/WSU-CPTE/Module_13/Module_13.srcs/sources_1/bd/HDMI_VGA/ipshared/f3db/hdl/xlslice_v1_0_vl_rfs.v:13]
	Parameter DIN_WIDTH bound to: 8 - type: integer 
	Parameter DIN_FROM bound to: 3 - type: integer 
	Parameter DIN_TO bound to: 0 - type: integer 
INFO: [Synth 8-6155] done synthesizing module 'xlslice_v1_0_1_xlslice' (10#1) [c:/Users/Sergaljerk/WSU-CPTE/Module_13/Module_13.srcs/sources_1/bd/HDMI_VGA/ipshared/f3db/hdl/xlslice_v1_0_vl_rfs.v:13]
INFO: [Synth 8-6155] done synthesizing module 'HDMI_VGA_xlslice_0_0' (11#1) [c:/Users/Sergaljerk/WSU-CPTE/Module_13/Module_13.srcs/sources_1/bd/HDMI_VGA/ip/HDMI_VGA_xlslice_0_0/synth/HDMI_VGA_xlslice_0_0.v:57]
INFO: [Synth 8-6157] synthesizing module 'HDMI_VGA_xlslice_0_1' [c:/Users/Sergaljerk/WSU-CPTE/Module_13/Module_13.srcs/sources_1/bd/HDMI_VGA/ip/HDMI_VGA_xlslice_0_1/synth/HDMI_VGA_xlslice_0_1.v:57]
INFO: [Synth 8-6155] done synthesizing module 'HDMI_VGA_xlslice_0_1' (12#1) [c:/Users/Sergaljerk/WSU-CPTE/Module_13/Module_13.srcs/sources_1/bd/HDMI_VGA/ip/HDMI_VGA_xlslice_0_1/synth/HDMI_VGA_xlslice_0_1.v:57]
INFO: [Synth 8-6157] synthesizing module 'HDMI_VGA_xlslice_0_2' [c:/Users/Sergaljerk/WSU-CPTE/Module_13/Module_13.srcs/sources_1/bd/HDMI_VGA/ip/HDMI_VGA_xlslice_0_2/synth/HDMI_VGA_xlslice_0_2.v:57]
INFO: [Synth 8-6155] done synthesizing module 'HDMI_VGA_xlslice_0_2' (13#1) [c:/Users/Sergaljerk/WSU-CPTE/Module_13/Module_13.srcs/sources_1/bd/HDMI_VGA/ip/HDMI_VGA_xlslice_0_2/synth/HDMI_VGA_xlslice_0_2.v:57]
INFO: [Synth 8-6155] done synthesizing module 'HDMI_VGA' (14#1) [C:/Users/Sergaljerk/WSU-CPTE/Module_13/Module_13.srcs/sources_1/bd/HDMI_VGA/synth/HDMI_VGA.v:13]
INFO: [Synth 8-6155] done synthesizing module 'HDMI_VGA_wrapper' (15#1) [C:/Users/Sergaljerk/WSU-CPTE/Module_13/Module_13.srcs/sources_1/bd/HDMI_VGA/hdl/HDMI_VGA_wrapper.v:12]
---------------------------------------------------------------------------------
Finished RTL Elaboration : Time (s): cpu = 00:00:04 ; elapsed = 00:00:05 . Memory (MB): peak = 444.008 ; gain = 152.883
---------------------------------------------------------------------------------

Report Check Netlist: 
+------+------------------+-------+---------+-------+------------------+
|      |Item              |Errors |Warnings |Status |Description       |
+------+------------------+-------+---------+-------+------------------+
|1     |multi_driven_nets |      0|        0|Passed |Multi driven nets |
+------+------------------+-------+---------+-------+------------------+
---------------------------------------------------------------------------------
Start Handling Custom Attributes
---------------------------------------------------------------------------------
---------------------------------------------------------------------------------
Finished Handling Custom Attributes : Time (s): cpu = 00:00:04 ; elapsed = 00:00:05 . Memory (MB): peak = 444.008 ; gain = 152.883
---------------------------------------------------------------------------------
---------------------------------------------------------------------------------
Finished RTL Optimization Phase 1 : Time (s): cpu = 00:00:04 ; elapsed = 00:00:05 . Memory (MB): peak = 444.008 ; gain = 152.883
---------------------------------------------------------------------------------
INFO: [Netlist 29-17] Analyzing 2 Unisim elements for replacement
INFO: [Netlist 29-28] Unisim Transformation completed in 0 CPU seconds
INFO: [Device 21-403] Loading part xc7z007sclg400-1
INFO: [Project 1-570] Preparing netlist for logic optimization

Processing XDC Constraints
Initializing timing engine
Parsing XDC File [c:/Users/Sergaljerk/WSU-CPTE/Module_13/Module_13.srcs/sources_1/bd/HDMI_VGA/ip/HDMI_VGA_clk_wiz_0_0/HDMI_VGA_clk_wiz_0_0_board.xdc] for cell 'HDMI_VGA_i/clk_wiz_0/inst'
Finished Parsing XDC File [c:/Users/Sergaljerk/WSU-CPTE/Module_13/Module_13.srcs/sources_1/bd/HDMI_VGA/ip/HDMI_VGA_clk_wiz_0_0/HDMI_VGA_clk_wiz_0_0_board.xdc] for cell 'HDMI_VGA_i/clk_wiz_0/inst'
Parsing XDC File [c:/Users/Sergaljerk/WSU-CPTE/Module_13/Module_13.srcs/sources_1/bd/HDMI_VGA/ip/HDMI_VGA_clk_wiz_0_0/HDMI_VGA_clk_wiz_0_0.xdc] for cell 'HDMI_VGA_i/clk_wiz_0/inst'
Finished Parsing XDC File [c:/Users/Sergaljerk/WSU-CPTE/Module_13/Module_13.srcs/sources_1/bd/HDMI_VGA/ip/HDMI_VGA_clk_wiz_0_0/HDMI_VGA_clk_wiz_0_0.xdc] for cell 'HDMI_VGA_i/clk_wiz_0/inst'
INFO: [Project 1-236] Implementation specific constraints were found while reading constraint file [c:/Users/Sergaljerk/WSU-CPTE/Module_13/Module_13.srcs/sources_1/bd/HDMI_VGA/ip/HDMI_VGA_clk_wiz_0_0/HDMI_VGA_clk_wiz_0_0.xdc]. These constraints will be ignored for synthesis but will be used in implementation. Impacted constraints are listed in the file [.Xil/HDMI_VGA_wrapper_propImpl.xdc].
Resolution: To avoid this warning, move constraints listed in [.Xil/HDMI_VGA_wrapper_propImpl.xdc] to another XDC file and exclude this new file from synthesis with the used_in_synthesis property (File Properties dialog in GUI) and re-run elaboration/synthesis.
INFO: [Timing 38-2] Deriving generated clocks
Parsing XDC File [C:/Users/Sergaljerk/WSU-CPTE/Module_13/Module_13.srcs/constrs_1/new/hdmi_cons.xdc]
WARNING: [Vivado 12-584] No ports matched 'hdmi_tx_0_tmds_clk_p'. [C:/Users/Sergaljerk/WSU-CPTE/Module_13/Module_13.srcs/constrs_1/new/hdmi_cons.xdc:35]
CRITICAL WARNING: [Common 17-55] 'set_property' expects at least one object. [C:/Users/Sergaljerk/WSU-CPTE/Module_13/Module_13.srcs/constrs_1/new/hdmi_cons.xdc:35]
Resolution: If [get_<value>] was used to populate the object, check to make sure this command returns at least one valid object.
WARNING: [Vivado 12-584] No ports matched 'hdmi_tx_0_tmds_data_p[2]'. [C:/Users/Sergaljerk/WSU-CPTE/Module_13/Module_13.srcs/constrs_1/new/hdmi_cons.xdc:38]
CRITICAL WARNING: [Common 17-55] 'set_property' expects at least one object. [C:/Users/Sergaljerk/WSU-CPTE/Module_13/Module_13.srcs/constrs_1/new/hdmi_cons.xdc:38]
Resolution: If [get_<value>] was used to populate the object, check to make sure this command returns at least one valid object.
WARNING: [Vivado 12-584] No ports matched 'hdmi_tx_0_tmds_data_p[1]'. [C:/Users/Sergaljerk/WSU-CPTE/Module_13/Module_13.srcs/constrs_1/new/hdmi_cons.xdc:39]
CRITICAL WARNING: [Common 17-55] 'set_property' expects at least one object. [C:/Users/Sergaljerk/WSU-CPTE/Module_13/Module_13.srcs/constrs_1/new/hdmi_cons.xdc:39]
Resolution: If [get_<value>] was used to populate the object, check to make sure this command returns at least one valid object.
WARNING: [Vivado 12-584] No ports matched 'hdmi_tx_0_tmds_data_p[0]'. [C:/Users/Sergaljerk/WSU-CPTE/Module_13/Module_13.srcs/constrs_1/new/hdmi_cons.xdc:40]
CRITICAL WARNING: [Common 17-55] 'set_property' expects at least one object. [C:/Users/Sergaljerk/WSU-CPTE/Module_13/Module_13.srcs/constrs_1/new/hdmi_cons.xdc:40]
Resolution: If [get_<value>] was used to populate the object, check to make sure this command returns at least one valid object.
WARNING: [Vivado 12-584] No ports matched 'hdmi_tx_0_tmds_clk_p'. [C:/Users/Sergaljerk/WSU-CPTE/Module_13/Module_13.srcs/constrs_1/new/hdmi_cons.xdc:41]
CRITICAL WARNING: [Common 17-55] 'set_property' expects at least one object. [C:/Users/Sergaljerk/WSU-CPTE/Module_13/Module_13.srcs/constrs_1/new/hdmi_cons.xdc:41]
Resolution: If [get_<value>] was used to populate the object, check to make sure this command returns at least one valid object.
WARNING: [Vivado 12-584] No ports matched 'hdmi_tx_0_tmds_data_p[2]'. [C:/Users/Sergaljerk/WSU-CPTE/Module_13/Module_13.srcs/constrs_1/new/hdmi_cons.xdc:42]
CRITICAL WARNING: [Common 17-55] 'set_property' expects at least one object. [C:/Users/Sergaljerk/WSU-CPTE/Module_13/Module_13.srcs/constrs_1/new/hdmi_cons.xdc:42]
Resolution: If [get_<value>] was used to populate the object, check to make sure this command returns at least one valid object.
WARNING: [Vivado 12-584] No ports matched 'hdmi_tx_0_tmds_data_p[1]'. [C:/Users/Sergaljerk/WSU-CPTE/Module_13/Module_13.srcs/constrs_1/new/hdmi_cons.xdc:43]
CRITICAL WARNING: [Common 17-55] 'set_property' expects at least one object. [C:/Users/Sergaljerk/WSU-CPTE/Module_13/Module_13.srcs/constrs_1/new/hdmi_cons.xdc:43]
Resolution: If [get_<value>] was used to populate the object, check to make sure this command returns at least one valid object.
WARNING: [Vivado 12-584] No ports matched 'hdmi_tx_0_tmds_data_p[0]'. [C:/Users/Sergaljerk/WSU-CPTE/Module_13/Module_13.srcs/constrs_1/new/hdmi_cons.xdc:44]
CRITICAL WARNING: [Common 17-55] 'set_property' expects at least one object. [C:/Users/Sergaljerk/WSU-CPTE/Module_13/Module_13.srcs/constrs_1/new/hdmi_cons.xdc:44]
Resolution: If [get_<value>] was used to populate the object, check to make sure this command returns at least one valid object.
Finished Parsing XDC File [C:/Users/Sergaljerk/WSU-CPTE/Module_13/Module_13.srcs/constrs_1/new/hdmi_cons.xdc]
INFO: [Project 1-236] Implementation specific constraints were found while reading constraint file [C:/Users/Sergaljerk/WSU-CPTE/Module_13/Module_13.srcs/constrs_1/new/hdmi_cons.xdc]. These constraints will be ignored for synthesis but will be used in implementation. Impacted constraints are listed in the file [.Xil/HDMI_VGA_wrapper_propImpl.xdc].
Resolution: To avoid this warning, move constraints listed in [.Xil/HDMI_VGA_wrapper_propImpl.xdc] to another XDC file and exclude this new file from synthesis with the used_in_synthesis property (File Properties dialog in GUI) and re-run elaboration/synthesis.
Parsing XDC File [C:/Users/Sergaljerk/WSU-CPTE/Module_13/Module_13.runs/synth_1/dont_touch.xdc]
Finished Parsing XDC File [C:/Users/Sergaljerk/WSU-CPTE/Module_13/Module_13.runs/synth_1/dont_touch.xdc]
INFO: [Project 1-236] Implementation specific constraints were found while reading constraint file [C:/Users/Sergaljerk/WSU-CPTE/Module_13/Module_13.runs/synth_1/dont_touch.xdc]. These constraints will be ignored for synthesis but will be used in implementation. Impacted constraints are listed in the file [.Xil/HDMI_VGA_wrapper_propImpl.xdc].
Resolution: To avoid this warning, move constraints listed in [.Xil/HDMI_VGA_wrapper_propImpl.xdc] to another XDC file and exclude this new file from synthesis with the used_in_synthesis property (File Properties dialog in GUI) and re-run elaboration/synthesis.
INFO: [Timing 38-2] Deriving generated clocks
Completed Processing XDC Constraints

INFO: [Project 1-111] Unisim Transformation Summary:
No Unisim elements were transformed.

Constraint Validation Runtime : Time (s): cpu = 00:00:00 ; elapsed = 00:00:00.023 . Memory (MB): peak = 776.793 ; gain = 0.000
---------------------------------------------------------------------------------
Finished Constraint Validation : Time (s): cpu = 00:00:15 ; elapsed = 00:00:21 . Memory (MB): peak = 776.793 ; gain = 485.668
---------------------------------------------------------------------------------
---------------------------------------------------------------------------------
Start Loading Part and Timing Information
---------------------------------------------------------------------------------
Loading part: xc7z007sclg400-1
---------------------------------------------------------------------------------
Finished Loading Part and Timing Information : Time (s): cpu = 00:00:15 ; elapsed = 00:00:21 . Memory (MB): peak = 776.793 ; gain = 485.668
---------------------------------------------------------------------------------
---------------------------------------------------------------------------------
Start Applying 'set_property' XDC Constraints
---------------------------------------------------------------------------------
Applied set_property DONT_TOUCH = true for HDMI_VGA_i. (constraint file  auto generated constraint, line ).
Applied set_property DONT_TOUCH = true for HDMI_VGA_i/VGA_controller_0. (constraint file  auto generated constraint, line ).
Applied set_property DONT_TOUCH = true for HDMI_VGA_i/clk_wiz_0. (constraint file  auto generated constraint, line ).
Applied set_property DONT_TOUCH = true for HDMI_VGA_i/color_logic_0. (constraint file  auto generated constraint, line ).
Applied set_property DONT_TOUCH = true for HDMI_VGA_i/xlslice_0. (constraint file  auto generated constraint, line ).
Applied set_property DONT_TOUCH = true for HDMI_VGA_i/xlslice_1. (constraint file  auto generated constraint, line ).
Applied set_property DONT_TOUCH = true for HDMI_VGA_i/xlslice_2. (constraint file  auto generated constraint, line ).
Applied set_property DONT_TOUCH = true for HDMI_VGA_i/clk_wiz_0/inst. (constraint file  C:/Users/Sergaljerk/WSU-CPTE/Module_13/Module_13.runs/synth_1/dont_touch.xdc, line 28).
---------------------------------------------------------------------------------
Finished applying 'set_property' XDC Constraints : Time (s): cpu = 00:00:15 ; elapsed = 00:00:21 . Memory (MB): peak = 776.793 ; gain = 485.668
---------------------------------------------------------------------------------
INFO: [Synth 8-5546] ROM "r_VCNT" won't be mapped to RAM because it is too sparse
INFO: [Synth 8-5546] ROM "r_SHIFT" won't be mapped to RAM because it is too sparse
---------------------------------------------------------------------------------
Finished RTL Optimization Phase 2 : Time (s): cpu = 00:00:15 ; elapsed = 00:00:22 . Memory (MB): peak = 776.793 ; gain = 485.668
---------------------------------------------------------------------------------

Report RTL Partitions: 
+-+--------------+------------+----------+
| |RTL Partition |Replication |Instances |
+-+--------------+------------+----------+
+-+--------------+------------+----------+
---------------------------------------------------------------------------------
Start RTL Component Statistics 
---------------------------------------------------------------------------------
Detailed RTL Component Info : 
+---Adders : 
	   2 Input     11 Bit       Adders := 1     
	   2 Input     10 Bit       Adders := 3     
	   2 Input      8 Bit       Adders := 1     
+---Registers : 
	               10 Bit    Registers := 5     
	                8 Bit    Registers := 4     
	                1 Bit    Registers := 3     
+---Muxes : 
	   2 Input      8 Bit        Muxes := 1     
	   4 Input      8 Bit        Muxes := 1     
	   2 Input      5 Bit        Muxes := 1     
	   4 Input      4 Bit        Muxes := 2     
	   2 Input      4 Bit        Muxes := 2     
	   2 Input      1 Bit        Muxes := 4     
	   4 Input      1 Bit        Muxes := 1     
---------------------------------------------------------------------------------
Finished RTL Component Statistics 
---------------------------------------------------------------------------------
---------------------------------------------------------------------------------
Start RTL Hierarchical Component Statistics 
---------------------------------------------------------------------------------
Hierarchical RTL Component report 
Module VGA_controller 
Detailed RTL Component Info : 
+---Adders : 
	   2 Input     10 Bit       Adders := 2     
+---Registers : 
	               10 Bit    Registers := 4     
	                1 Bit    Registers := 3     
+---Muxes : 
	   2 Input      1 Bit        Muxes := 2     
Module color_logic 
Detailed RTL Component Info : 
+---Adders : 
	   2 Input     11 Bit       Adders := 1     
	   2 Input     10 Bit       Adders := 1     
	   2 Input      8 Bit       Adders := 1     
+---Registers : 
	               10 Bit    Registers := 1     
	                8 Bit    Registers := 4     
+---Muxes : 
	   2 Input      8 Bit        Muxes := 1     
	   4 Input      8 Bit        Muxes := 1     
	   2 Input      5 Bit        Muxes := 1     
	   4 Input      4 Bit        Muxes := 2     
	   2 Input      4 Bit        Muxes := 2     
	   2 Input      1 Bit        Muxes := 2     
	   4 Input      1 Bit        Muxes := 1     
---------------------------------------------------------------------------------
Finished RTL Hierarchical Component Statistics
---------------------------------------------------------------------------------
---------------------------------------------------------------------------------
Start Part Resource Summary
---------------------------------------------------------------------------------
Part Resources:
DSPs: 66 (col length:40)
BRAMs: 100 (col length: RAMB18 40 RAMB36 20)
---------------------------------------------------------------------------------
Finished Part Resource Summary
---------------------------------------------------------------------------------
---------------------------------------------------------------------------------
Start Cross Boundary and Area Optimization
---------------------------------------------------------------------------------
Warning: Parallel synthesis criteria is not met 
INFO: [Synth 8-5546] ROM "inst/r_VCNT" won't be mapped to RAM because it is too sparse
INFO: [Synth 8-5546] ROM "inst/r_SHIFT" won't be mapped to RAM because it is too sparse
INFO: [Synth 8-3886] merging instance 'HDMI_VGA_i/color_logic_0/inst/r_BLUE_reg[0]' (FDRE) to 'HDMI_VGA_i/color_logic_0/inst/r_BLUE_reg[7]'
INFO: [Synth 8-3886] merging instance 'HDMI_VGA_i/color_logic_0/inst/r_BLUE_reg[1]' (FDRE) to 'HDMI_VGA_i/color_logic_0/inst/r_BLUE_reg[3]'
INFO: [Synth 8-3886] merging instance 'HDMI_VGA_i/color_logic_0/inst/r_BLUE_reg[2]' (FDRE) to 'HDMI_VGA_i/color_logic_0/inst/r_BLUE_reg[7]'
INFO: [Synth 8-3886] merging instance 'HDMI_VGA_i/color_logic_0/inst/r_BLUE_reg[4]' (FDRE) to 'HDMI_VGA_i/color_logic_0/inst/r_BLUE_reg[7]'
INFO: [Synth 8-3886] merging instance 'HDMI_VGA_i/color_logic_0/inst/r_BLUE_reg[5]' (FDRE) to 'HDMI_VGA_i/color_logic_0/inst/r_BLUE_reg[7]'
INFO: [Synth 8-3886] merging instance 'HDMI_VGA_i/color_logic_0/inst/r_BLUE_reg[6]' (FDRE) to 'HDMI_VGA_i/color_logic_0/inst/r_BLUE_reg[7]'
INFO: [Synth 8-3333] propagating constant 0 across sequential element (HDMI_VGA_i/color_logic_0/\inst/r_BLUE_reg[7] )
INFO: [Synth 8-3886] merging instance 'HDMI_VGA_i/color_logic_0/inst/r_GREEN_reg[0]' (FDR) to 'HDMI_VGA_i/color_logic_0/inst/r_GREEN_reg[3]'
INFO: [Synth 8-3886] merging instance 'HDMI_VGA_i/color_logic_0/inst/r_GREEN_reg[2]' (FDR) to 'HDMI_VGA_i/color_logic_0/inst/r_GREEN_reg[3]'
INFO: [Synth 8-3886] merging instance 'HDMI_VGA_i/color_logic_0/inst/r_GREEN_reg[4]' (FDR) to 'HDMI_VGA_i/color_logic_0/inst/r_RED_reg[4]'
INFO: [Synth 8-3886] merging instance 'HDMI_VGA_i/color_logic_0/inst/r_GREEN_reg[5]' (FDR) to 'HDMI_VGA_i/color_logic_0/inst/r_GREEN_reg[7]'
INFO: [Synth 8-3886] merging instance 'HDMI_VGA_i/color_logic_0/inst/r_GREEN_reg[6]' (FDR) to 'HDMI_VGA_i/color_logic_0/inst/r_GREEN_reg[7]'
INFO: [Synth 8-3886] merging instance 'HDMI_VGA_i/color_logic_0/inst/r_GREEN_reg[7]' (FDR) to 'HDMI_VGA_i/color_logic_0/inst/r_RED_reg[5]'
INFO: [Synth 8-3886] merging instance 'HDMI_VGA_i/color_logic_0/inst/r_RED_reg[0]' (FDR) to 'HDMI_VGA_i/color_logic_0/inst/r_RED_reg[1]'
INFO: [Synth 8-3886] merging instance 'HDMI_VGA_i/color_logic_0/inst/r_RED_reg[1]' (FDR) to 'HDMI_VGA_i/color_logic_0/inst/r_RED_reg[2]'
INFO: [Synth 8-3886] merging instance 'HDMI_VGA_i/color_logic_0/inst/r_RED_reg[2]' (FDR) to 'HDMI_VGA_i/color_logic_0/inst/r_RED_reg[3]'
INFO: [Synth 8-3333] propagating constant 0 across sequential element (HDMI_VGA_i/color_logic_0/\inst/r_RED_reg[4] )
INFO: [Synth 8-3886] merging instance 'HDMI_VGA_i/color_logic_0/inst/r_RED_reg[5]' (FDR) to 'HDMI_VGA_i/color_logic_0/inst/r_RED_reg[6]'
INFO: [Synth 8-3886] merging instance 'HDMI_VGA_i/color_logic_0/inst/r_RED_reg[6]' (FDR) to 'HDMI_VGA_i/color_logic_0/inst/r_RED_reg[7]'
INFO: [Synth 8-3333] propagating constant 0 across sequential element (HDMI_VGA_i/color_logic_0/\inst/r_RED_reg[7] )
INFO: [Synth 8-3332] Sequential element (inst/r_BLUE_reg[7]) is unused and will be removed from module HDMI_VGA_color_logic_0_0.
INFO: [Synth 8-3332] Sequential element (inst/r_RED_reg[4]) is unused and will be removed from module HDMI_VGA_color_logic_0_0.
INFO: [Synth 8-3332] Sequential element (inst/r_RED_reg[7]) is unused and will be removed from module HDMI_VGA_color_logic_0_0.
---------------------------------------------------------------------------------
Finished Cross Boundary and Area Optimization : Time (s): cpu = 00:00:17 ; elapsed = 00:00:25 . Memory (MB): peak = 776.793 ; gain = 485.668
---------------------------------------------------------------------------------

Report RTL Partitions: 
+-+--------------+------------+----------+
| |RTL Partition |Replication |Instances |
+-+--------------+------------+----------+
+-+--------------+------------+----------+
---------------------------------------------------------------------------------
Start Applying XDC Timing Constraints
---------------------------------------------------------------------------------
---------------------------------------------------------------------------------
Finished Applying XDC Timing Constraints : Time (s): cpu = 00:00:29 ; elapsed = 00:00:38 . Memory (MB): peak = 776.793 ; gain = 485.668
---------------------------------------------------------------------------------
---------------------------------------------------------------------------------
Start Timing Optimization
---------------------------------------------------------------------------------
---------------------------------------------------------------------------------
Finished Timing Optimization : Time (s): cpu = 00:00:29 ; elapsed = 00:00:38 . Memory (MB): peak = 794.668 ; gain = 503.543
---------------------------------------------------------------------------------

Report RTL Partitions: 
+-+--------------+------------+----------+
| |RTL Partition |Replication |Instances |
+-+--------------+------------+----------+
+-+--------------+------------+----------+
---------------------------------------------------------------------------------
Start Technology Mapping
---------------------------------------------------------------------------------
---------------------------------------------------------------------------------
Finished Technology Mapping : Time (s): cpu = 00:00:29 ; elapsed = 00:00:38 . Memory (MB): peak = 795.988 ; gain = 504.863
---------------------------------------------------------------------------------

Report RTL Partitions: 
+-+--------------+------------+----------+
| |RTL Partition |Replication |Instances |
+-+--------------+------------+----------+
+-+--------------+------------+----------+
---------------------------------------------------------------------------------
Start IO Insertion
---------------------------------------------------------------------------------
---------------------------------------------------------------------------------
Start Flattening Before IO Insertion
---------------------------------------------------------------------------------
---------------------------------------------------------------------------------
Finished Flattening Before IO Insertion
---------------------------------------------------------------------------------
---------------------------------------------------------------------------------
Start Final Netlist Cleanup
---------------------------------------------------------------------------------
---------------------------------------------------------------------------------
Finished Final Netlist Cleanup
---------------------------------------------------------------------------------
---------------------------------------------------------------------------------
Finished IO Insertion : Time (s): cpu = 00:00:30 ; elapsed = 00:00:40 . Memory (MB): peak = 795.988 ; gain = 504.863
---------------------------------------------------------------------------------

Report Check Netlist: 
+------+------------------+-------+---------+-------+------------------+
|      |Item              |Errors |Warnings |Status |Description       |
+------+------------------+-------+---------+-------+------------------+
|1     |multi_driven_nets |      0|        0|Passed |Multi driven nets |
+------+------------------+-------+---------+-------+------------------+
---------------------------------------------------------------------------------
Start Renaming Generated Instances
---------------------------------------------------------------------------------
---------------------------------------------------------------------------------
Finished Renaming Generated Instances : Time (s): cpu = 00:00:30 ; elapsed = 00:00:40 . Memory (MB): peak = 795.988 ; gain = 504.863
---------------------------------------------------------------------------------

Report RTL Partitions: 
+-+--------------+------------+----------+
| |RTL Partition |Replication |Instances |
+-+--------------+------------+----------+
+-+--------------+------------+----------+
---------------------------------------------------------------------------------
Start Rebuilding User Hierarchy
---------------------------------------------------------------------------------
---------------------------------------------------------------------------------
Finished Rebuilding User Hierarchy : Time (s): cpu = 00:00:30 ; elapsed = 00:00:40 . Memory (MB): peak = 795.988 ; gain = 504.863
---------------------------------------------------------------------------------
---------------------------------------------------------------------------------
Start Renaming Generated Ports
---------------------------------------------------------------------------------
---------------------------------------------------------------------------------
Finished Renaming Generated Ports : Time (s): cpu = 00:00:30 ; elapsed = 00:00:40 . Memory (MB): peak = 795.988 ; gain = 504.863
---------------------------------------------------------------------------------
---------------------------------------------------------------------------------
Start Handling Custom Attributes
---------------------------------------------------------------------------------
---------------------------------------------------------------------------------
Finished Handling Custom Attributes : Time (s): cpu = 00:00:30 ; elapsed = 00:00:40 . Memory (MB): peak = 795.988 ; gain = 504.863
---------------------------------------------------------------------------------
---------------------------------------------------------------------------------
Start Renaming Generated Nets
---------------------------------------------------------------------------------
---------------------------------------------------------------------------------
Finished Renaming Generated Nets : Time (s): cpu = 00:00:30 ; elapsed = 00:00:40 . Memory (MB): peak = 795.988 ; gain = 504.863
---------------------------------------------------------------------------------
---------------------------------------------------------------------------------
Start Writing Synthesis Report
---------------------------------------------------------------------------------

Report BlackBoxes: 
+-+--------------+----------+
| |BlackBox name |Instances |
+-+--------------+----------+
+-+--------------+----------+

Report Cell Usage: 
+------+-----------+------+
|      |Cell       |Count |
+------+-----------+------+
|1     |BUFG       |     2|
|2     |CARRY4     |     4|
|3     |LUT1       |     4|
|4     |LUT2       |     9|
|5     |LUT3       |    14|
|6     |LUT4       |    28|
|7     |LUT5       |    26|
|8     |LUT6       |    29|
|9     |MMCME2_ADV |     1|
|10    |FDRE       |    57|
|11    |FDSE       |     8|
|12    |IBUF       |     4|
|13    |OBUF       |    14|
+------+-----------+------+

Report Instance Areas: 
+------+---------------------+-----------------------------+------+
|      |Instance             |Module                       |Cells |
+------+---------------------+-----------------------------+------+
|1     |top                  |                             |   200|
|2     |  HDMI_VGA_i         |HDMI_VGA                     |   183|
|3     |    VGA_controller_0 |HDMI_VGA_VGA_controller_0_0  |    84|
|4     |      inst           |VGA_controller               |    84|
|5     |    clk_wiz_0        |HDMI_VGA_clk_wiz_0_0         |     4|
|6     |      inst           |HDMI_VGA_clk_wiz_0_0_clk_wiz |     4|
|7     |    color_logic_0    |HDMI_VGA_color_logic_0_0     |    95|
|8     |      inst           |color_logic                  |    95|
|9     |    xlslice_0        |HDMI_VGA_xlslice_0_0         |     0|
|10    |    xlslice_1        |HDMI_VGA_xlslice_0_1         |     0|
|11    |    xlslice_2        |HDMI_VGA_xlslice_0_2         |     0|
+------+---------------------+-----------------------------+------+
---------------------------------------------------------------------------------
Finished Writing Synthesis Report : Time (s): cpu = 00:00:30 ; elapsed = 00:00:40 . Memory (MB): peak = 795.988 ; gain = 504.863
---------------------------------------------------------------------------------
Synthesis finished with 0 errors, 0 critical warnings and 12 warnings.
Synthesis Optimization Runtime : Time (s): cpu = 00:00:19 ; elapsed = 00:00:27 . Memory (MB): peak = 795.988 ; gain = 172.078
Synthesis Optimization Complete : Time (s): cpu = 00:00:31 ; elapsed = 00:00:40 . Memory (MB): peak = 795.988 ; gain = 504.863
INFO: [Project 1-571] Translating synthesized netlist
INFO: [Netlist 29-17] Analyzing 9 Unisim elements for replacement
INFO: [Netlist 29-28] Unisim Transformation completed in 0 CPU seconds
INFO: [Project 1-570] Preparing netlist for logic optimization
INFO: [Opt 31-138] Pushed 0 inverter(s) to 0 load pin(s).
INFO: [Project 1-111] Unisim Transformation Summary:
No Unisim elements were transformed.

INFO: [Common 17-83] Releasing license: Synthesis
78 Infos, 9 Warnings, 8 Critical Warnings and 0 Errors encountered.
synth_design completed successfully
synth_design: Time (s): cpu = 00:00:33 ; elapsed = 00:00:43 . Memory (MB): peak = 795.988 ; gain = 512.281
WARNING: [Constraints 18-5210] No constraint will be written out.
INFO: [Common 17-1381] The checkpoint 'C:/Users/Sergaljerk/WSU-CPTE/Module_13/Module_13.runs/synth_1/HDMI_VGA_wrapper.dcp' has been generated.
INFO: [runtcl-4] Executing : report_utilization -file HDMI_VGA_wrapper_utilization_synth.rpt -pb HDMI_VGA_wrapper_utilization_synth.pb
report_utilization: Time (s): cpu = 00:00:00 ; elapsed = 00:00:00.050 . Memory (MB): peak = 795.988 ; gain = 0.000
INFO: [Common 17-206] Exiting Vivado at Fri Dec  7 10:02:36 2018...
