Design Route Status
                                               :      # nets :
   ------------------------------------------- : ----------- :
<<<<<<< HEAD
<<<<<<< HEAD
   # of logical nets.......................... :         175 :
       # of nets not needing routing.......... :          66 :
           # of internally routed nets........ :          66 :
       # of routable nets..................... :         109 :
           # of fully routed nets............. :         109 :
=======
=======
>>>>>>> 5ec567faa533c067fd38e29ea17d6632d7cd74e8
   # of logical nets.......................... :         160 :
       # of nets not needing routing.......... :          69 :
           # of internally routed nets........ :          69 :
       # of routable nets..................... :          91 :
           # of fully routed nets............. :          91 :
<<<<<<< HEAD
>>>>>>> master
=======
>>>>>>> 5ec567faa533c067fd38e29ea17d6632d7cd74e8
       # of nets with routing errors.......... :           0 :
   ------------------------------------------- : ----------- :

