Copyright 1986-2019 Xilinx, Inc. All Rights Reserved.
-----------------------------------------------------------------------------------------------------------------------
| Tool Version : Vivado v.2019.1 (lin64) Build 2552052 Fri May 24 14:47:09 MDT 2019
| Date         : Fri Aug 30 17:22:46 2019
| Host         : Necryotiks running 64-bit unknown
| Command      : report_utilization -file LED_IP_wrapper_utilization_synth.rpt -pb LED_IP_wrapper_utilization_synth.pb
| Design       : LED_IP_wrapper
| Device       : 7z007sclg400-1
| Design State : Synthesized
-----------------------------------------------------------------------------------------------------------------------

Utilization Design Information

Table of Contents
-----------------
1. Slice Logic
1.1 Summary of Registers by Type
2. Memory
3. DSP
4. IO and GT Specific
5. Clocking
6. Specific Feature
7. Primitives
8. Black Boxes
9. Instantiated Netlists

1. Slice Logic
--------------

+----------------------------+------+-------+-----------+-------+
|          Site Type         | Used | Fixed | Available | Util% |
+----------------------------+------+-------+-----------+-------+
| Slice LUTs*                |  925 |     0 |     14400 |  6.42 |
|   LUT as Logic             |  859 |     0 |     14400 |  5.97 |
|   LUT as Memory            |   66 |     0 |      6000 |  1.10 |
|     LUT as Distributed RAM |    0 |     0 |           |       |
|     LUT as Shift Register  |   66 |     0 |           |       |
| Slice Registers            | 1279 |     0 |     28800 |  4.44 |
|   Register as Flip Flop    | 1279 |     0 |     28800 |  4.44 |
|   Register as Latch        |    0 |     0 |     28800 |  0.00 |
| F7 Muxes                   |    0 |     0 |      8800 |  0.00 |
| F8 Muxes                   |    0 |     0 |      4400 |  0.00 |
+----------------------------+------+-------+-----------+-------+
* Warning! The Final LUT count, after physical optimizations and full implementation, is typically lower. Run opt_design after synthesis, if not already completed, for a more realistic count.


1.1 Summary of Registers by Type
--------------------------------

+-------+--------------+-------------+--------------+
| Total | Clock Enable | Synchronous | Asynchronous |
+-------+--------------+-------------+--------------+
| 0     |            _ |           - |            - |
| 0     |            _ |           - |          Set |
| 0     |            _ |           - |        Reset |
| 0     |            _ |         Set |            - |
| 0     |            _ |       Reset |            - |
| 0     |          Yes |           - |            - |
| 0     |          Yes |           - |          Set |
| 0     |          Yes |           - |        Reset |
| 22    |          Yes |         Set |            - |
| 1257  |          Yes |       Reset |            - |
+-------+--------------+-------------+--------------+


2. Memory
---------

+----------------+------+-------+-----------+-------+
|    Site Type   | Used | Fixed | Available | Util% |
+----------------+------+-------+-----------+-------+
| Block RAM Tile |    0 |     0 |        50 |  0.00 |
|   RAMB36/FIFO* |    0 |     0 |        50 |  0.00 |
|   RAMB18       |    0 |     0 |       100 |  0.00 |
+----------------+------+-------+-----------+-------+
* Note: Each Block RAM Tile only has one FIFO logic available and therefore can accommodate only one FIFO36E1 or one FIFO18E1. However, if a FIFO18E1 occupies a Block RAM Tile, that tile can still accommodate a RAMB18E1


3. DSP
------

+-----------+------+-------+-----------+-------+
| Site Type | Used | Fixed | Available | Util% |
+-----------+------+-------+-----------+-------+
| DSPs      |    0 |     0 |        66 |  0.00 |
+-----------+------+-------+-----------+-------+


4. IO and GT Specific
---------------------

+-----------------------------+------+-------+-----------+--------+
|          Site Type          | Used | Fixed | Available |  Util% |
+-----------------------------+------+-------+-----------+--------+
| Bonded IOB                  |   28 |     0 |       100 |  28.00 |
| Bonded IPADs                |    0 |     0 |         2 |   0.00 |
| Bonded IOPADs               |  130 |     0 |       130 | 100.00 |
| PHY_CONTROL                 |    0 |     0 |         2 |   0.00 |
| PHASER_REF                  |    0 |     0 |         2 |   0.00 |
| OUT_FIFO                    |    0 |     0 |         8 |   0.00 |
| IN_FIFO                     |    0 |     0 |         8 |   0.00 |
| IDELAYCTRL                  |    0 |     0 |         2 |   0.00 |
| IBUFDS                      |    0 |     0 |        96 |   0.00 |
| PHASER_OUT/PHASER_OUT_PHY   |    0 |     0 |         8 |   0.00 |
| PHASER_IN/PHASER_IN_PHY     |    0 |     0 |         8 |   0.00 |
| IDELAYE2/IDELAYE2_FINEDELAY |    0 |     0 |       100 |   0.00 |
| ILOGIC                      |    0 |     0 |       100 |   0.00 |
| OLOGIC                      |    0 |     0 |       100 |   0.00 |
+-----------------------------+------+-------+-----------+--------+


5. Clocking
-----------

+------------+------+-------+-----------+-------+
|  Site Type | Used | Fixed | Available | Util% |
+------------+------+-------+-----------+-------+
| BUFGCTRL   |    1 |     0 |        32 |  3.13 |
| BUFIO      |    0 |     0 |         8 |  0.00 |
| MMCME2_ADV |    0 |     0 |         2 |  0.00 |
| PLLE2_ADV  |    0 |     0 |         2 |  0.00 |
| BUFMRCE    |    0 |     0 |         4 |  0.00 |
| BUFHCE     |    0 |     0 |        48 |  0.00 |
| BUFR       |    0 |     0 |         8 |  0.00 |
+------------+------+-------+-----------+-------+


6. Specific Feature
-------------------

+-------------+------+-------+-----------+-------+
|  Site Type  | Used | Fixed | Available | Util% |
+-------------+------+-------+-----------+-------+
| BSCANE2     |    0 |     0 |         4 |  0.00 |
| CAPTUREE2   |    0 |     0 |         1 |  0.00 |
| DNA_PORT    |    0 |     0 |         1 |  0.00 |
| EFUSE_USR   |    0 |     0 |         1 |  0.00 |
| FRAME_ECCE2 |    0 |     0 |         1 |  0.00 |
| ICAPE2      |    0 |     0 |         2 |  0.00 |
| STARTUPE2   |    0 |     0 |         1 |  0.00 |
| XADC        |    0 |     0 |         1 |  0.00 |
+-------------+------+-------+-----------+-------+


7. Primitives
-------------

+----------+------+----------------------+
| Ref Name | Used |  Functional Category |
+----------+------+----------------------+
| FDRE     | 1257 |         Flop & Latch |
| LUT3     |  288 |                  LUT |
| LUT6     |  241 |                  LUT |
| LUT5     |  164 |                  LUT |
| LUT4     |  146 |                  LUT |
| LUT1     |  145 |                  LUT |
| BIBUF    |  130 |                   IO |
| LUT2     |   65 |                  LUT |
| SRLC32E  |   47 |   Distributed Memory |
| FDSE     |   22 |         Flop & Latch |
| SRL16E   |   19 |   Distributed Memory |
| CARRY4   |   18 |           CarryLogic |
| OBUF     |   16 |                   IO |
| IBUF     |   12 |                   IO |
| PS7      |    1 | Specialized Resource |
| BUFG     |    1 |                Clock |
+----------+------+----------------------+


8. Black Boxes
--------------

+----------+------+
| Ref Name | Used |
+----------+------+


9. Instantiated Netlists
------------------------

+----------+------+
| Ref Name | Used |
+----------+------+


