Vivado Simulator 2018.2
Copyright 1986-1999, 2001-2018 Xilinx, Inc. All Rights Reserved.
Running: C:/Xilinx/Vivado/2018.2/bin/unwrapped/win64.o/xelab.exe -wto 8bc1eb42c798436dbede9d5d5a38b6c3 --incr --debug typical --relax --mt 2 -L xil_defaultlib -L lib_cdc_v1_0_2 -L proc_sys_reset_v5_0_12 -L unisims_ver -L unimacro_ver -L secureip -L xpm --snapshot test_SERIAL_ADDER_behav xil_defaultlib.test_SERIAL_ADDER xil_defaultlib.glbl -log elaborate.log 
Using 2 slave threads.
Starting static elaboration
Completed static elaboration
Starting simulation data flow analysis
Completed simulation data flow analysis
Time Resolution for simulation is 1ps
Compiling package std.standard
Compiling package std.textio
Compiling package ieee.std_logic_1164
Compiling package ieee.numeric_std
Compiling package unisim.vcomponents
Compiling package ieee.vital_timing
Compiling package ieee.vital_primitives
Compiling package unisim.vpkg
Compiling package ieee.std_logic_arith
Compiling package synopsys.attributes
Compiling package ieee.std_logic_misc
Compiling package vl.vl_types
Compiling module xil_defaultlib.glbl
Compiling module xil_defaultlib.SerialAdder
Compiling module xil_defaultlib.SERIAL_ADDER_SerialAdder_0_1
Compiling architecture fdre_v of entity unisim.FDRE [fdre_default]
Compiling architecture fdre_v of entity unisim.FDRE [\FDRE(init='1')\]
Compiling architecture fdr_v of entity unisim.FDR [fdr_default]
Compiling architecture implementation of entity lib_cdc_v1_0_2.cdc_sync [\cdc_sync(c_vector_width=2,c_mtb...]
Compiling architecture srl16e_v of entity unisim.SRL16E [\SRL16E(init="1111111111111111")...]
Compiling architecture srl16_v of entity unisim.SRL16 [\SRL16(init="1111111111111111")(...]
Compiling architecture imp of entity proc_sys_reset_v5_0_12.lpf [\lpf(c_ext_rst_width=4,c_aux_rst...]
Compiling architecture imp of entity proc_sys_reset_v5_0_12.upcnt_n [\upcnt_n(c_size=6)\]
Compiling architecture imp of entity proc_sys_reset_v5_0_12.sequence_psr [sequence_psr_default]
Compiling architecture imp of entity proc_sys_reset_v5_0_12.proc_sys_reset [\proc_sys_reset(c_family="zynq",...]
Compiling architecture serial_adder_rst_clk_100mhz_100m_1_arch of entity xil_defaultlib.SERIAL_ADDER_rst_clk_100MHz_100M_1 [serial_adder_rst_clk_100mhz_100m...]
Compiling module xil_defaultlib.SERIAL_ADDER
Compiling architecture tb of entity xil_defaultlib.test_serial_adder
Built simulation snapshot test_SERIAL_ADDER_behav
