#-----------------------------------------------------------
# Webtalk v2018.2 (64-bit)
# SW Build 2258646 on Thu Jun 14 20:03:12 MDT 2018
# IP Build 2256618 on Thu Jun 14 22:10:49 MDT 2018
<<<<<<< HEAD
# Start of session at: Thu Nov 15 16:59:05 2018
# Process ID: 13104
=======
<<<<<<< HEAD
# Start of session at: Sat Nov 10 21:37:17 2018
# Process ID: 1860
# Current directory: C:/Users/Sergaljerk/WSU-CPTE/Module_11/Module_11.sim/sim_1/behav/xsim
# Command line: wbtcv.exe -mode batch -source C:/Users/Sergaljerk/WSU-CPTE/Module_11/Module_11.sim/sim_1/behav/xsim/xsim.dir/test_SERIAL_ADDER_behav/webtalk/xsim_webtalk.tcl -notrace
# Log file: C:/Users/Sergaljerk/WSU-CPTE/Module_11/Module_11.sim/sim_1/behav/xsim/webtalk.log
# Journal file: C:/Users/Sergaljerk/WSU-CPTE/Module_11/Module_11.sim/sim_1/behav/xsim\webtalk.jou
#-----------------------------------------------------------
source C:/Users/Sergaljerk/WSU-CPTE/Module_11/Module_11.sim/sim_1/behav/xsim/xsim.dir/test_SERIAL_ADDER_behav/webtalk/xsim_webtalk.tcl -notrace
INFO: [Common 17-186] 'C:/Users/Sergaljerk/WSU-CPTE/Module_11/Module_11.sim/sim_1/behav/xsim/xsim.dir/test_SERIAL_ADDER_behav/webtalk/usage_statistics_ext_xsim.xml' has been successfully sent to Xilinx on Sat Nov 10 21:37:19 2018. For additional details about this file, please refer to the WebTalk help file at C:/Xilinx/Vivado/2018.2/doc/webtalk_introduction.html.
INFO: [Common 17-206] Exiting Webtalk at Sat Nov 10 21:37:19 2018...
=======
# Start of session at: Sat Nov 10 12:13:48 2018
# Process ID: 7112
>>>>>>> f5b32d4ca83d31785747b52779843e931249981e
# Current directory: C:/Users/Necryotiks/AppData/Roaming/SPB_Data/WSU-CPTE/Module_11/Module_11.sim/sim_1/behav/xsim
# Command line: wbtcv.exe -mode batch -source C:/Users/Necryotiks/AppData/Roaming/SPB_Data/WSU-CPTE/Module_11/Module_11.sim/sim_1/behav/xsim/xsim.dir/test_SERIAL_ADDER_behav/webtalk/xsim_webtalk.tcl -notrace
# Log file: C:/Users/Necryotiks/AppData/Roaming/SPB_Data/WSU-CPTE/Module_11/Module_11.sim/sim_1/behav/xsim/webtalk.log
# Journal file: C:/Users/Necryotiks/AppData/Roaming/SPB_Data/WSU-CPTE/Module_11/Module_11.sim/sim_1/behav/xsim\webtalk.jou
#-----------------------------------------------------------
source C:/Users/Necryotiks/AppData/Roaming/SPB_Data/WSU-CPTE/Module_11/Module_11.sim/sim_1/behav/xsim/xsim.dir/test_SERIAL_ADDER_behav/webtalk/xsim_webtalk.tcl -notrace
<<<<<<< HEAD
INFO: [Common 17-186] 'C:/Users/Necryotiks/AppData/Roaming/SPB_Data/WSU-CPTE/Module_11/Module_11.sim/sim_1/behav/xsim/xsim.dir/test_SERIAL_ADDER_behav/webtalk/usage_statistics_ext_xsim.xml' has been successfully sent to Xilinx on Thu Nov 15 16:59:07 2018. For additional details about this file, please refer to the WebTalk help file at C:/Xilinx/Vivado/2018.2/doc/webtalk_introduction.html.
INFO: [Common 17-206] Exiting Webtalk at Thu Nov 15 16:59:07 2018...
=======
INFO: [Common 17-186] 'C:/Users/Necryotiks/AppData/Roaming/SPB_Data/WSU-CPTE/Module_11/Module_11.sim/sim_1/behav/xsim/xsim.dir/test_SERIAL_ADDER_behav/webtalk/usage_statistics_ext_xsim.xml' has been successfully sent to Xilinx on Sat Nov 10 12:13:51 2018. For additional details about this file, please refer to the WebTalk help file at C:/Xilinx/Vivado/2018.2/doc/webtalk_introduction.html.
INFO: [Common 17-206] Exiting Webtalk at Sat Nov 10 12:13:51 2018...
>>>>>>> 8c676840f2d6ed352e8a720fb7e570aabcf8c2b5
>>>>>>> f5b32d4ca83d31785747b52779843e931249981e
