
*** Running vivado
    with args -log system_my_RGB_LED_0_0.vds -m64 -product Vivado -mode batch -messageDb vivado.pb -notrace -source system_my_RGB_LED_0_0.tcl


****** Vivado v2018.2 (64-bit)
  **** SW Build 2258646 on Thu Jun 14 20:03:12 MDT 2018
  **** IP Build 2256618 on Thu Jun 14 22:10:49 MDT 2018
    ** Copyright 1986-2018 Xilinx, Inc. All Rights Reserved.

source system_my_RGB_LED_0_0.tcl -notrace
Command: synth_design -top system_my_RGB_LED_0_0 -part xc7z007sclg400-1 -mode out_of_context
Starting synth_design
Attempting to get a license for feature 'Synthesis' and/or device 'xc7z007s'
INFO: [Common 17-349] Got license for feature 'Synthesis' and/or device 'xc7z007s'
INFO: Launching helper process for spawning children vivado processes
INFO: Helper process launched with PID 5608 
---------------------------------------------------------------------------------
Starting RTL Elaboration : Time (s): cpu = 00:00:03 ; elapsed = 00:00:04 . Memory (MB): peak = 395.254 ; gain = 102.891
---------------------------------------------------------------------------------
INFO: [Synth 8-6157] synthesizing module 'system_my_RGB_LED_0_0' [c:/Users/Sergaljerk/WSU-CPTE/EE324/Module_2/Module_2.srcs/sources_1/bd/system/ip/system_my_RGB_LED_0_0/synth/system_my_RGB_LED_0_0.v:57]
INFO: [Synth 8-6157] synthesizing module 'my_RGB_LED_v1_0' [c:/Users/Sergaljerk/WSU-CPTE/EE324/Module_2/Module_2.srcs/sources_1/bd/system/ipshared/3e65/hdl/my_RGB_LED_v1_0.v:4]
	Parameter C_S00_AXI_DATA_WIDTH bound to: 32 - type: integer 
	Parameter C_S00_AXI_ADDR_WIDTH bound to: 5 - type: integer 
INFO: [Synth 8-6157] synthesizing module 'my_RGB_LED_v1_0_S00_AXI' [c:/Users/Sergaljerk/WSU-CPTE/EE324/Module_2/Module_2.srcs/sources_1/bd/system/ipshared/3e65/hdl/my_RGB_LED_v1_0_S00_AXI.v:4]
	Parameter C_S_AXI_DATA_WIDTH bound to: 32 - type: integer 
	Parameter C_S_AXI_ADDR_WIDTH bound to: 5 - type: integer 
	Parameter ADDR_LSB bound to: 2 - type: integer 
	Parameter OPT_MEM_ADDR_BITS bound to: 2 - type: integer 
INFO: [Synth 8-6155] done synthesizing module 'my_RGB_LED_v1_0_S00_AXI' (1#1) [c:/Users/Sergaljerk/WSU-CPTE/EE324/Module_2/Module_2.srcs/sources_1/bd/system/ipshared/3e65/hdl/my_RGB_LED_v1_0_S00_AXI.v:4]
INFO: [Synth 8-6155] done synthesizing module 'my_RGB_LED_v1_0' (2#1) [c:/Users/Sergaljerk/WSU-CPTE/EE324/Module_2/Module_2.srcs/sources_1/bd/system/ipshared/3e65/hdl/my_RGB_LED_v1_0.v:4]
INFO: [Synth 8-6155] done synthesizing module 'system_my_RGB_LED_0_0' (3#1) [c:/Users/Sergaljerk/WSU-CPTE/EE324/Module_2/Module_2.srcs/sources_1/bd/system/ip/system_my_RGB_LED_0_0/synth/system_my_RGB_LED_0_0.v:57]
WARNING: [Synth 8-3331] design my_RGB_LED_v1_0_S00_AXI has unconnected port S_AXI_AWPROT[2]
WARNING: [Synth 8-3331] design my_RGB_LED_v1_0_S00_AXI has unconnected port S_AXI_AWPROT[1]
WARNING: [Synth 8-3331] design my_RGB_LED_v1_0_S00_AXI has unconnected port S_AXI_AWPROT[0]
WARNING: [Synth 8-3331] design my_RGB_LED_v1_0_S00_AXI has unconnected port S_AXI_ARPROT[2]
WARNING: [Synth 8-3331] design my_RGB_LED_v1_0_S00_AXI has unconnected port S_AXI_ARPROT[1]
WARNING: [Synth 8-3331] design my_RGB_LED_v1_0_S00_AXI has unconnected port S_AXI_ARPROT[0]
---------------------------------------------------------------------------------
Finished RTL Elaboration : Time (s): cpu = 00:00:04 ; elapsed = 00:00:05 . Memory (MB): peak = 450.609 ; gain = 158.246
---------------------------------------------------------------------------------

Report Check Netlist: 
+------+------------------+-------+---------+-------+------------------+
|      |Item              |Errors |Warnings |Status |Description       |
+------+------------------+-------+---------+-------+------------------+
|1     |multi_driven_nets |      0|        0|Passed |Multi driven nets |
+------+------------------+-------+---------+-------+------------------+
---------------------------------------------------------------------------------
Start Handling Custom Attributes
---------------------------------------------------------------------------------
---------------------------------------------------------------------------------
Finished Handling Custom Attributes : Time (s): cpu = 00:00:04 ; elapsed = 00:00:06 . Memory (MB): peak = 450.609 ; gain = 158.246
---------------------------------------------------------------------------------
---------------------------------------------------------------------------------
Finished RTL Optimization Phase 1 : Time (s): cpu = 00:00:04 ; elapsed = 00:00:06 . Memory (MB): peak = 450.609 ; gain = 158.246
---------------------------------------------------------------------------------
INFO: [Device 21-403] Loading part xc7z007sclg400-1
INFO: [Project 1-570] Preparing netlist for logic optimization

Processing XDC Constraints
Initializing timing engine
Completed Processing XDC Constraints

INFO: [Project 1-111] Unisim Transformation Summary:
No Unisim elements were transformed.

WARNING: [Constraints 18-5210] No constraint will be written out.
Constraint Validation Runtime : Time (s): cpu = 00:00:00 ; elapsed = 00:00:00.210 . Memory (MB): peak = 766.270 ; gain = 2.953
---------------------------------------------------------------------------------
Finished Constraint Validation : Time (s): cpu = 00:00:16 ; elapsed = 00:00:20 . Memory (MB): peak = 766.270 ; gain = 473.906
---------------------------------------------------------------------------------
---------------------------------------------------------------------------------
Start Loading Part and Timing Information
---------------------------------------------------------------------------------
Loading part: xc7z007sclg400-1
---------------------------------------------------------------------------------
Finished Loading Part and Timing Information : Time (s): cpu = 00:00:16 ; elapsed = 00:00:20 . Memory (MB): peak = 766.270 ; gain = 473.906
---------------------------------------------------------------------------------
---------------------------------------------------------------------------------
Start Applying 'set_property' XDC Constraints
---------------------------------------------------------------------------------
---------------------------------------------------------------------------------
Finished applying 'set_property' XDC Constraints : Time (s): cpu = 00:00:16 ; elapsed = 00:00:20 . Memory (MB): peak = 766.270 ; gain = 473.906
---------------------------------------------------------------------------------
---------------------------------------------------------------------------------
Finished RTL Optimization Phase 2 : Time (s): cpu = 00:00:17 ; elapsed = 00:00:21 . Memory (MB): peak = 766.270 ; gain = 473.906
---------------------------------------------------------------------------------

Report RTL Partitions: 
+-+--------------+------------+----------+
| |RTL Partition |Replication |Instances |
+-+--------------+------------+----------+
+-+--------------+------------+----------+
---------------------------------------------------------------------------------
Start RTL Component Statistics 
---------------------------------------------------------------------------------
Detailed RTL Component Info : 
+---Registers : 
	               32 Bit    Registers := 6     
	                5 Bit    Registers := 2     
	                2 Bit    Registers := 2     
	                1 Bit    Registers := 6     
+---Muxes : 
	   2 Input     32 Bit        Muxes := 5     
	   6 Input     32 Bit        Muxes := 5     
	   2 Input      1 Bit        Muxes := 5     
---------------------------------------------------------------------------------
Finished RTL Component Statistics 
---------------------------------------------------------------------------------
---------------------------------------------------------------------------------
Start RTL Hierarchical Component Statistics 
---------------------------------------------------------------------------------
Hierarchical RTL Component report 
Module my_RGB_LED_v1_0_S00_AXI 
Detailed RTL Component Info : 
+---Registers : 
	               32 Bit    Registers := 6     
	                5 Bit    Registers := 2     
	                2 Bit    Registers := 2     
	                1 Bit    Registers := 6     
+---Muxes : 
	   2 Input     32 Bit        Muxes := 5     
	   6 Input     32 Bit        Muxes := 5     
	   2 Input      1 Bit        Muxes := 5     
---------------------------------------------------------------------------------
Finished RTL Hierarchical Component Statistics
---------------------------------------------------------------------------------
---------------------------------------------------------------------------------
Start Part Resource Summary
---------------------------------------------------------------------------------
Part Resources:
DSPs: 66 (col length:40)
BRAMs: 100 (col length: RAMB18 40 RAMB36 20)
---------------------------------------------------------------------------------
Finished Part Resource Summary
---------------------------------------------------------------------------------
---------------------------------------------------------------------------------
Start Cross Boundary and Area Optimization
---------------------------------------------------------------------------------
Warning: Parallel synthesis criteria is not met 
WARNING: [Synth 8-3331] design system_my_RGB_LED_0_0 has unconnected port s00_axi_awprot[2]
WARNING: [Synth 8-3331] design system_my_RGB_LED_0_0 has unconnected port s00_axi_awprot[1]
WARNING: [Synth 8-3331] design system_my_RGB_LED_0_0 has unconnected port s00_axi_awprot[0]
WARNING: [Synth 8-3331] design system_my_RGB_LED_0_0 has unconnected port s00_axi_arprot[2]
WARNING: [Synth 8-3331] design system_my_RGB_LED_0_0 has unconnected port s00_axi_arprot[1]
WARNING: [Synth 8-3331] design system_my_RGB_LED_0_0 has unconnected port s00_axi_arprot[0]
INFO: [Synth 8-3886] merging instance 'inst/my_RGB_LED_v1_0_S00_AXI_inst/axi_rresp_reg[0]' (FDRE) to 'inst/my_RGB_LED_v1_0_S00_AXI_inst/axi_rresp_reg[1]'
INFO: [Synth 8-3333] propagating constant 0 across sequential element (\inst/my_RGB_LED_v1_0_S00_AXI_inst/axi_rresp_reg[1] )
INFO: [Synth 8-3886] merging instance 'inst/my_RGB_LED_v1_0_S00_AXI_inst/axi_bresp_reg[0]' (FDRE) to 'inst/my_RGB_LED_v1_0_S00_AXI_inst/axi_bresp_reg[1]'
INFO: [Synth 8-3333] propagating constant 0 across sequential element (\inst/my_RGB_LED_v1_0_S00_AXI_inst/axi_bresp_reg[1] )
INFO: [Synth 8-3332] Sequential element (inst/my_RGB_LED_v1_0_S00_AXI_inst/axi_awaddr_reg[1]) is unused and will be removed from module system_my_RGB_LED_0_0.
INFO: [Synth 8-3332] Sequential element (inst/my_RGB_LED_v1_0_S00_AXI_inst/axi_awaddr_reg[0]) is unused and will be removed from module system_my_RGB_LED_0_0.
INFO: [Synth 8-3332] Sequential element (inst/my_RGB_LED_v1_0_S00_AXI_inst/axi_bresp_reg[1]) is unused and will be removed from module system_my_RGB_LED_0_0.
INFO: [Synth 8-3332] Sequential element (inst/my_RGB_LED_v1_0_S00_AXI_inst/axi_araddr_reg[1]) is unused and will be removed from module system_my_RGB_LED_0_0.
INFO: [Synth 8-3332] Sequential element (inst/my_RGB_LED_v1_0_S00_AXI_inst/axi_araddr_reg[0]) is unused and will be removed from module system_my_RGB_LED_0_0.
INFO: [Synth 8-3332] Sequential element (inst/my_RGB_LED_v1_0_S00_AXI_inst/axi_rresp_reg[1]) is unused and will be removed from module system_my_RGB_LED_0_0.
---------------------------------------------------------------------------------
Finished Cross Boundary and Area Optimization : Time (s): cpu = 00:00:18 ; elapsed = 00:00:22 . Memory (MB): peak = 766.270 ; gain = 473.906
---------------------------------------------------------------------------------

Report RTL Partitions: 
+-+--------------+------------+----------+
| |RTL Partition |Replication |Instances |
+-+--------------+------------+----------+
+-+--------------+------------+----------+
---------------------------------------------------------------------------------
Start Applying XDC Timing Constraints
---------------------------------------------------------------------------------
---------------------------------------------------------------------------------
Finished Applying XDC Timing Constraints : Time (s): cpu = 00:00:31 ; elapsed = 00:00:36 . Memory (MB): peak = 776.262 ; gain = 483.898
---------------------------------------------------------------------------------
---------------------------------------------------------------------------------
Start Timing Optimization
---------------------------------------------------------------------------------
---------------------------------------------------------------------------------
Finished Timing Optimization : Time (s): cpu = 00:00:31 ; elapsed = 00:00:36 . Memory (MB): peak = 776.488 ; gain = 484.125
---------------------------------------------------------------------------------

Report RTL Partitions: 
+-+--------------+------------+----------+
| |RTL Partition |Replication |Instances |
+-+--------------+------------+----------+
+-+--------------+------------+----------+
---------------------------------------------------------------------------------
Start Technology Mapping
---------------------------------------------------------------------------------
---------------------------------------------------------------------------------
Finished Technology Mapping : Time (s): cpu = 00:00:31 ; elapsed = 00:00:36 . Memory (MB): peak = 787.500 ; gain = 495.137
---------------------------------------------------------------------------------

Report RTL Partitions: 
+-+--------------+------------+----------+
| |RTL Partition |Replication |Instances |
+-+--------------+------------+----------+
+-+--------------+------------+----------+
---------------------------------------------------------------------------------
Start IO Insertion
---------------------------------------------------------------------------------
---------------------------------------------------------------------------------
Start Flattening Before IO Insertion
---------------------------------------------------------------------------------
---------------------------------------------------------------------------------
Finished Flattening Before IO Insertion
---------------------------------------------------------------------------------
---------------------------------------------------------------------------------
Start Final Netlist Cleanup
---------------------------------------------------------------------------------
---------------------------------------------------------------------------------
Finished Final Netlist Cleanup
---------------------------------------------------------------------------------
---------------------------------------------------------------------------------
Finished IO Insertion : Time (s): cpu = 00:00:33 ; elapsed = 00:00:38 . Memory (MB): peak = 787.500 ; gain = 495.137
---------------------------------------------------------------------------------

Report Check Netlist: 
+------+------------------+-------+---------+-------+------------------+
|      |Item              |Errors |Warnings |Status |Description       |
+------+------------------+-------+---------+-------+------------------+
|1     |multi_driven_nets |      0|        0|Passed |Multi driven nets |
+------+------------------+-------+---------+-------+------------------+
---------------------------------------------------------------------------------
Start Renaming Generated Instances
---------------------------------------------------------------------------------
---------------------------------------------------------------------------------
Finished Renaming Generated Instances : Time (s): cpu = 00:00:33 ; elapsed = 00:00:38 . Memory (MB): peak = 787.500 ; gain = 495.137
---------------------------------------------------------------------------------

Report RTL Partitions: 
+-+--------------+------------+----------+
| |RTL Partition |Replication |Instances |
+-+--------------+------------+----------+
+-+--------------+------------+----------+
---------------------------------------------------------------------------------
Start Rebuilding User Hierarchy
---------------------------------------------------------------------------------
---------------------------------------------------------------------------------
Finished Rebuilding User Hierarchy : Time (s): cpu = 00:00:33 ; elapsed = 00:00:38 . Memory (MB): peak = 787.500 ; gain = 495.137
---------------------------------------------------------------------------------
---------------------------------------------------------------------------------
Start Renaming Generated Ports
---------------------------------------------------------------------------------
---------------------------------------------------------------------------------
Finished Renaming Generated Ports : Time (s): cpu = 00:00:33 ; elapsed = 00:00:38 . Memory (MB): peak = 787.500 ; gain = 495.137
---------------------------------------------------------------------------------
---------------------------------------------------------------------------------
Start Handling Custom Attributes
---------------------------------------------------------------------------------
---------------------------------------------------------------------------------
Finished Handling Custom Attributes : Time (s): cpu = 00:00:33 ; elapsed = 00:00:38 . Memory (MB): peak = 787.500 ; gain = 495.137
---------------------------------------------------------------------------------
---------------------------------------------------------------------------------
Start Renaming Generated Nets
---------------------------------------------------------------------------------
---------------------------------------------------------------------------------
Finished Renaming Generated Nets : Time (s): cpu = 00:00:33 ; elapsed = 00:00:38 . Memory (MB): peak = 787.500 ; gain = 495.137
---------------------------------------------------------------------------------
---------------------------------------------------------------------------------
Start Writing Synthesis Report
---------------------------------------------------------------------------------

Report BlackBoxes: 
+-+--------------+----------+
| |BlackBox name |Instances |
+-+--------------+----------+
+-+--------------+----------+

Report Cell Usage: 
+------+-----+------+
|      |Cell |Count |
+------+-----+------+
|1     |LUT1 |     1|
|2     |LUT2 |    13|
|3     |LUT3 |     1|
|4     |LUT4 |     7|
|5     |LUT5 |    52|
|6     |LUT6 |    37|
|7     |FDRE |   203|
|8     |FDSE |     1|
+------+-----+------+

Report Instance Areas: 
+------+---------------------------------+------------------------+------+
|      |Instance                         |Module                  |Cells |
+------+---------------------------------+------------------------+------+
|1     |top                              |                        |   315|
|2     |  inst                           |my_RGB_LED_v1_0         |   315|
|3     |    my_RGB_LED_v1_0_S00_AXI_inst |my_RGB_LED_v1_0_S00_AXI |   315|
+------+---------------------------------+------------------------+------+
---------------------------------------------------------------------------------
Finished Writing Synthesis Report : Time (s): cpu = 00:00:33 ; elapsed = 00:00:38 . Memory (MB): peak = 787.500 ; gain = 495.137
---------------------------------------------------------------------------------
Synthesis finished with 0 errors, 0 critical warnings and 6 warnings.
Synthesis Optimization Runtime : Time (s): cpu = 00:00:20 ; elapsed = 00:00:27 . Memory (MB): peak = 787.500 ; gain = 179.477
Synthesis Optimization Complete : Time (s): cpu = 00:00:33 ; elapsed = 00:00:38 . Memory (MB): peak = 787.500 ; gain = 495.137
INFO: [Project 1-571] Translating synthesized netlist
INFO: [Project 1-570] Preparing netlist for logic optimization
INFO: [Opt 31-138] Pushed 0 inverter(s) to 0 load pin(s).
INFO: [Project 1-111] Unisim Transformation Summary:
No Unisim elements were transformed.

INFO: [Common 17-83] Releasing license: Synthesis
25 Infos, 13 Warnings, 0 Critical Warnings and 0 Errors encountered.
synth_design completed successfully
synth_design: Time (s): cpu = 00:00:36 ; elapsed = 00:00:41 . Memory (MB): peak = 797.488 ; gain = 515.539
WARNING: [Constraints 18-5210] No constraint will be written out.
INFO: [Common 17-1381] The checkpoint 'C:/Users/Sergaljerk/WSU-CPTE/EE324/Module_2/Module_2.runs/system_my_RGB_LED_0_0_synth_1/system_my_RGB_LED_0_0.dcp' has been generated.
