Copyright 1986-2019 Xilinx, Inc. All Rights Reserved.
--------------------------------------------------------------------------------------------------------------------------------------------------------------------------------------------------
| Tool Version : Vivado v.2019.1 (lin64) Build 2552052 Fri May 24 14:47:09 MDT 2019
| Date         : Sat Aug 24 16:53:38 2019
| Host         : sergaljerk-Standard-PC-i440FX-PIIX-1996 running 64-bit Ubuntu 18.04.3 LTS
| Command      : report_methodology -file Bounce_Timer_wrapper_methodology_drc_routed.rpt -pb Bounce_Timer_wrapper_methodology_drc_routed.pb -rpx Bounce_Timer_wrapper_methodology_drc_routed.rpx
| Design       : Bounce_Timer_wrapper
| Device       : xc7z007sclg400-1
| Speed File   : -1
| Design State : Fully Routed
--------------------------------------------------------------------------------------------------------------------------------------------------------------------------------------------------

Report Methodology

Table of Contents
-----------------
1. REPORT SUMMARY
2. REPORT DETAILS

1. REPORT SUMMARY
-----------------
            Netlist: netlist
          Floorplan: design_1
      Design limits: <entire design considered>
             Max violations: <unlimited>
             Violations found: 52
+-----------+------------------+-------------------------------+------------+
| Rule      | Severity         | Description                   | Violations |
+-----------+------------------+-------------------------------+------------+
| TIMING-17 | Critical Warning | Non-clocked sequential cell   | 45         |
| TIMING-18 | Warning          | Missing input or output delay | 7          |
+-----------+------------------+-------------------------------+------------+

2. REPORT DETAILS
-----------------
TIMING-17#1 Critical Warning
Non-clocked sequential cell  
The clock pin Bounce_Timer_i/BINARY_TO_BCD_0/inst/r_BCD_reg[0]/C is not reached by a timing clock
Related violations: <none>

TIMING-17#2 Critical Warning
Non-clocked sequential cell  
The clock pin Bounce_Timer_i/BINARY_TO_BCD_0/inst/r_BCD_reg[10]/C is not reached by a timing clock
Related violations: <none>

TIMING-17#3 Critical Warning
Non-clocked sequential cell  
The clock pin Bounce_Timer_i/BINARY_TO_BCD_0/inst/r_BCD_reg[11]/C is not reached by a timing clock
Related violations: <none>

TIMING-17#4 Critical Warning
Non-clocked sequential cell  
The clock pin Bounce_Timer_i/BINARY_TO_BCD_0/inst/r_BCD_reg[12]/C is not reached by a timing clock
Related violations: <none>

TIMING-17#5 Critical Warning
Non-clocked sequential cell  
The clock pin Bounce_Timer_i/BINARY_TO_BCD_0/inst/r_BCD_reg[13]/C is not reached by a timing clock
Related violations: <none>

TIMING-17#6 Critical Warning
Non-clocked sequential cell  
The clock pin Bounce_Timer_i/BINARY_TO_BCD_0/inst/r_BCD_reg[14]/C is not reached by a timing clock
Related violations: <none>

TIMING-17#7 Critical Warning
Non-clocked sequential cell  
The clock pin Bounce_Timer_i/BINARY_TO_BCD_0/inst/r_BCD_reg[15]/C is not reached by a timing clock
Related violations: <none>

TIMING-17#8 Critical Warning
Non-clocked sequential cell  
The clock pin Bounce_Timer_i/BINARY_TO_BCD_0/inst/r_BCD_reg[1]/C is not reached by a timing clock
Related violations: <none>

TIMING-17#9 Critical Warning
Non-clocked sequential cell  
The clock pin Bounce_Timer_i/BINARY_TO_BCD_0/inst/r_BCD_reg[2]/C is not reached by a timing clock
Related violations: <none>

TIMING-17#10 Critical Warning
Non-clocked sequential cell  
The clock pin Bounce_Timer_i/BINARY_TO_BCD_0/inst/r_BCD_reg[3]/C is not reached by a timing clock
Related violations: <none>

TIMING-17#11 Critical Warning
Non-clocked sequential cell  
The clock pin Bounce_Timer_i/BINARY_TO_BCD_0/inst/r_BCD_reg[4]/C is not reached by a timing clock
Related violations: <none>

TIMING-17#12 Critical Warning
Non-clocked sequential cell  
The clock pin Bounce_Timer_i/BINARY_TO_BCD_0/inst/r_BCD_reg[5]/C is not reached by a timing clock
Related violations: <none>

TIMING-17#13 Critical Warning
Non-clocked sequential cell  
The clock pin Bounce_Timer_i/BINARY_TO_BCD_0/inst/r_BCD_reg[6]/C is not reached by a timing clock
Related violations: <none>

TIMING-17#14 Critical Warning
Non-clocked sequential cell  
The clock pin Bounce_Timer_i/BINARY_TO_BCD_0/inst/r_BCD_reg[7]/C is not reached by a timing clock
Related violations: <none>

TIMING-17#15 Critical Warning
Non-clocked sequential cell  
The clock pin Bounce_Timer_i/BINARY_TO_BCD_0/inst/r_BCD_reg[8]/C is not reached by a timing clock
Related violations: <none>

TIMING-17#16 Critical Warning
Non-clocked sequential cell  
The clock pin Bounce_Timer_i/BINARY_TO_BCD_0/inst/r_BCD_reg[9]/C is not reached by a timing clock
Related violations: <none>

TIMING-17#17 Critical Warning
Non-clocked sequential cell  
The clock pin Bounce_Timer_i/BINARY_TO_BCD_0/inst/r_Binary_reg[0]/C is not reached by a timing clock
Related violations: <none>

TIMING-17#18 Critical Warning
Non-clocked sequential cell  
The clock pin Bounce_Timer_i/BINARY_TO_BCD_0/inst/r_Binary_reg[10]/C is not reached by a timing clock
Related violations: <none>

TIMING-17#19 Critical Warning
Non-clocked sequential cell  
The clock pin Bounce_Timer_i/BINARY_TO_BCD_0/inst/r_Binary_reg[11]/C is not reached by a timing clock
Related violations: <none>

TIMING-17#20 Critical Warning
Non-clocked sequential cell  
The clock pin Bounce_Timer_i/BINARY_TO_BCD_0/inst/r_Binary_reg[12]/C is not reached by a timing clock
Related violations: <none>

TIMING-17#21 Critical Warning
Non-clocked sequential cell  
The clock pin Bounce_Timer_i/BINARY_TO_BCD_0/inst/r_Binary_reg[13]/C is not reached by a timing clock
Related violations: <none>

TIMING-17#22 Critical Warning
Non-clocked sequential cell  
The clock pin Bounce_Timer_i/BINARY_TO_BCD_0/inst/r_Binary_reg[1]/C is not reached by a timing clock
Related violations: <none>

TIMING-17#23 Critical Warning
Non-clocked sequential cell  
The clock pin Bounce_Timer_i/BINARY_TO_BCD_0/inst/r_Binary_reg[2]/C is not reached by a timing clock
Related violations: <none>

TIMING-17#24 Critical Warning
Non-clocked sequential cell  
The clock pin Bounce_Timer_i/BINARY_TO_BCD_0/inst/r_Binary_reg[3]/C is not reached by a timing clock
Related violations: <none>

TIMING-17#25 Critical Warning
Non-clocked sequential cell  
The clock pin Bounce_Timer_i/BINARY_TO_BCD_0/inst/r_Binary_reg[4]/C is not reached by a timing clock
Related violations: <none>

TIMING-17#26 Critical Warning
Non-clocked sequential cell  
The clock pin Bounce_Timer_i/BINARY_TO_BCD_0/inst/r_Binary_reg[5]/C is not reached by a timing clock
Related violations: <none>

TIMING-17#27 Critical Warning
Non-clocked sequential cell  
The clock pin Bounce_Timer_i/BINARY_TO_BCD_0/inst/r_Binary_reg[6]/C is not reached by a timing clock
Related violations: <none>

TIMING-17#28 Critical Warning
Non-clocked sequential cell  
The clock pin Bounce_Timer_i/BINARY_TO_BCD_0/inst/r_Binary_reg[7]/C is not reached by a timing clock
Related violations: <none>

TIMING-17#29 Critical Warning
Non-clocked sequential cell  
The clock pin Bounce_Timer_i/BINARY_TO_BCD_0/inst/r_Binary_reg[8]/C is not reached by a timing clock
Related violations: <none>

TIMING-17#30 Critical Warning
Non-clocked sequential cell  
The clock pin Bounce_Timer_i/BINARY_TO_BCD_0/inst/r_Binary_reg[9]/C is not reached by a timing clock
Related violations: <none>

TIMING-17#31 Critical Warning
Non-clocked sequential cell  
The clock pin Bounce_Timer_i/BINARY_TO_BCD_0/inst/r_CURRENT_STATE_reg[0]/C is not reached by a timing clock
Related violations: <none>

TIMING-17#32 Critical Warning
Non-clocked sequential cell  
The clock pin Bounce_Timer_i/BINARY_TO_BCD_0/inst/r_CURRENT_STATE_reg[1]/C is not reached by a timing clock
Related violations: <none>

TIMING-17#33 Critical Warning
Non-clocked sequential cell  
The clock pin Bounce_Timer_i/BINARY_TO_BCD_0/inst/r_CURRENT_STATE_reg[2]/C is not reached by a timing clock
Related violations: <none>

TIMING-17#34 Critical Warning
Non-clocked sequential cell  
The clock pin Bounce_Timer_i/BINARY_TO_BCD_0/inst/r_Digit_Index_reg[0]/C is not reached by a timing clock
Related violations: <none>

TIMING-17#35 Critical Warning
Non-clocked sequential cell  
The clock pin Bounce_Timer_i/BINARY_TO_BCD_0/inst/r_Digit_Index_reg[1]/C is not reached by a timing clock
Related violations: <none>

TIMING-17#36 Critical Warning
Non-clocked sequential cell  
The clock pin Bounce_Timer_i/BINARY_TO_BCD_0/inst/r_Loop_Count_reg[0]/C is not reached by a timing clock
Related violations: <none>

TIMING-17#37 Critical Warning
Non-clocked sequential cell  
The clock pin Bounce_Timer_i/BINARY_TO_BCD_0/inst/r_Loop_Count_reg[1]/C is not reached by a timing clock
Related violations: <none>

TIMING-17#38 Critical Warning
Non-clocked sequential cell  
The clock pin Bounce_Timer_i/BINARY_TO_BCD_0/inst/r_Loop_Count_reg[2]/C is not reached by a timing clock
Related violations: <none>

TIMING-17#39 Critical Warning
Non-clocked sequential cell  
The clock pin Bounce_Timer_i/BINARY_TO_BCD_0/inst/r_Loop_Count_reg[3]/C is not reached by a timing clock
Related violations: <none>

TIMING-17#40 Critical Warning
Non-clocked sequential cell  
The clock pin Bounce_Timer_i/BINARY_TO_BCD_0/inst/r_Loop_Count_reg[4]/C is not reached by a timing clock
Related violations: <none>

TIMING-17#41 Critical Warning
Non-clocked sequential cell  
The clock pin Bounce_Timer_i/BINARY_TO_BCD_0/inst/r_Loop_Count_reg[5]/C is not reached by a timing clock
Related violations: <none>

TIMING-17#42 Critical Warning
Non-clocked sequential cell  
The clock pin Bounce_Timer_i/BINARY_TO_BCD_0/inst/r_Loop_Count_reg[6]/C is not reached by a timing clock
Related violations: <none>

TIMING-17#43 Critical Warning
Non-clocked sequential cell  
The clock pin Bounce_Timer_i/BINARY_TO_BCD_0/inst/r_Loop_Count_reg[7]/C is not reached by a timing clock
Related violations: <none>

TIMING-17#44 Critical Warning
Non-clocked sequential cell  
The clock pin Bounce_Timer_i/ssd_mux_0/inst/r_SUBCLK_reg[0]/C is not reached by a timing clock
Related violations: <none>

TIMING-17#45 Critical Warning
Non-clocked sequential cell  
The clock pin Bounce_Timer_i/ssd_mux_0/inst/r_SUBCLK_reg[1]/C is not reached by a timing clock
Related violations: <none>

TIMING-18#1 Warning
Missing input or output delay  
An output delay is missing on o_Cathodes_0[0] relative to clock(s) i_CLK
Related violations: <none>

TIMING-18#2 Warning
Missing input or output delay  
An output delay is missing on o_Cathodes_0[1] relative to clock(s) i_CLK
Related violations: <none>

TIMING-18#3 Warning
Missing input or output delay  
An output delay is missing on o_Cathodes_0[2] relative to clock(s) i_CLK
Related violations: <none>

TIMING-18#4 Warning
Missing input or output delay  
An output delay is missing on o_Cathodes_0[3] relative to clock(s) i_CLK
Related violations: <none>

TIMING-18#5 Warning
Missing input or output delay  
An output delay is missing on o_Cathodes_0[4] relative to clock(s) i_CLK
Related violations: <none>

TIMING-18#6 Warning
Missing input or output delay  
An output delay is missing on o_Cathodes_0[5] relative to clock(s) i_CLK
Related violations: <none>

TIMING-18#7 Warning
Missing input or output delay  
An output delay is missing on o_Cathodes_0[6] relative to clock(s) i_CLK
Related violations: <none>


