
*** Running vivado
    with args -log HDMI_VGA_wrapper.vdi -applog -m64 -product Vivado -messageDb vivado.pb -mode batch -source HDMI_VGA_wrapper.tcl -notrace


****** Vivado v2018.2 (64-bit)
  **** SW Build 2258646 on Thu Jun 14 20:03:12 MDT 2018
  **** IP Build 2256618 on Thu Jun 14 22:10:49 MDT 2018
    ** Copyright 1986-2018 Xilinx, Inc. All Rights Reserved.

source HDMI_VGA_wrapper.tcl -notrace
INFO: [IP_Flow 19-234] Refreshing IP repositories
INFO: [IP_Flow 19-1700] Loaded user IP repository 'c:/Users/Sergaljerk/WSU-CPTE/IP_REPOS/hdmi_tx_1.0'.
INFO: [IP_Flow 19-2313] Loaded Vivado IP repository 'C:/Xilinx/Vivado/2018.2/data/ip'.
add_files: Time (s): cpu = 00:00:02 ; elapsed = 00:00:06 . Memory (MB): peak = 284.020 ; gain = 33.840
Command: link_design -top HDMI_VGA_wrapper -part xc7z007sclg400-1
Design is defaulting to srcset: sources_1
Design is defaulting to constrset: constrs_1
INFO: [Netlist 29-17] Analyzing 7 Unisim elements for replacement
INFO: [Netlist 29-28] Unisim Transformation completed in 0 CPU seconds
INFO: [Project 1-479] Netlist was created with Vivado 2018.2
INFO: [Device 21-403] Loading part xc7z007sclg400-1
INFO: [Project 1-570] Preparing netlist for logic optimization
CRITICAL WARNING: [Designutils 20-1280] Could not find module 'clk_wiz_0'. The XDC file c:/Users/Sergaljerk/WSU-CPTE/Module_13/Module_13.srcs/sources_1/bd/HDMI_VGA/ip/HDMI_VGA_hdmi_tx_0_0/sim/clk_wiz_0/clk_wiz_0.xdc will not be read for any cell of this module.
Parsing XDC File [c:/Users/Sergaljerk/WSU-CPTE/Module_13/Module_13.srcs/sources_1/bd/HDMI_VGA/ip/HDMI_VGA_proc_sys_reset_0_0/HDMI_VGA_proc_sys_reset_0_0_board.xdc] for cell 'HDMI_VGA_i/proc_sys_reset_0/U0'
Finished Parsing XDC File [c:/Users/Sergaljerk/WSU-CPTE/Module_13/Module_13.srcs/sources_1/bd/HDMI_VGA/ip/HDMI_VGA_proc_sys_reset_0_0/HDMI_VGA_proc_sys_reset_0_0_board.xdc] for cell 'HDMI_VGA_i/proc_sys_reset_0/U0'
Parsing XDC File [c:/Users/Sergaljerk/WSU-CPTE/Module_13/Module_13.srcs/sources_1/bd/HDMI_VGA/ip/HDMI_VGA_proc_sys_reset_0_0/HDMI_VGA_proc_sys_reset_0_0.xdc] for cell 'HDMI_VGA_i/proc_sys_reset_0/U0'
Finished Parsing XDC File [c:/Users/Sergaljerk/WSU-CPTE/Module_13/Module_13.srcs/sources_1/bd/HDMI_VGA/ip/HDMI_VGA_proc_sys_reset_0_0/HDMI_VGA_proc_sys_reset_0_0.xdc] for cell 'HDMI_VGA_i/proc_sys_reset_0/U0'
Parsing XDC File [c:/Users/Sergaljerk/WSU-CPTE/Module_13/Module_13.srcs/sources_1/bd/HDMI_VGA/ip/HDMI_VGA_clk_wiz_0_0/HDMI_VGA_clk_wiz_0_0_board.xdc] for cell 'HDMI_VGA_i/clk_wiz_0/inst'
Finished Parsing XDC File [c:/Users/Sergaljerk/WSU-CPTE/Module_13/Module_13.srcs/sources_1/bd/HDMI_VGA/ip/HDMI_VGA_clk_wiz_0_0/HDMI_VGA_clk_wiz_0_0_board.xdc] for cell 'HDMI_VGA_i/clk_wiz_0/inst'
Parsing XDC File [c:/Users/Sergaljerk/WSU-CPTE/Module_13/Module_13.srcs/sources_1/bd/HDMI_VGA/ip/HDMI_VGA_clk_wiz_0_0/HDMI_VGA_clk_wiz_0_0.xdc] for cell 'HDMI_VGA_i/clk_wiz_0/inst'
INFO: [Timing 38-35] Done setting XDC timing constraints. [c:/Users/Sergaljerk/WSU-CPTE/Module_13/Module_13.srcs/sources_1/bd/HDMI_VGA/ip/HDMI_VGA_clk_wiz_0_0/HDMI_VGA_clk_wiz_0_0.xdc:57]
INFO: [Timing 38-2] Deriving generated clocks [c:/Users/Sergaljerk/WSU-CPTE/Module_13/Module_13.srcs/sources_1/bd/HDMI_VGA/ip/HDMI_VGA_clk_wiz_0_0/HDMI_VGA_clk_wiz_0_0.xdc:57]
get_clocks: Time (s): cpu = 00:00:14 ; elapsed = 00:00:15 . Memory (MB): peak = 1165.789 ; gain = 557.117
Finished Parsing XDC File [c:/Users/Sergaljerk/WSU-CPTE/Module_13/Module_13.srcs/sources_1/bd/HDMI_VGA/ip/HDMI_VGA_clk_wiz_0_0/HDMI_VGA_clk_wiz_0_0.xdc] for cell 'HDMI_VGA_i/clk_wiz_0/inst'
Parsing XDC File [C:/Users/Sergaljerk/WSU-CPTE/Module_13/Module_13.srcs/constrs_1/new/hdmi_cons.xdc]
Finished Parsing XDC File [C:/Users/Sergaljerk/WSU-CPTE/Module_13/Module_13.srcs/constrs_1/new/hdmi_cons.xdc]
INFO: [Opt 31-138] Pushed 0 inverter(s) to 0 load pin(s).
INFO: [Project 1-111] Unisim Transformation Summary:
No Unisim elements were transformed.

12 Infos, 0 Warnings, 1 Critical Warnings and 0 Errors encountered.
link_design completed successfully
link_design: Time (s): cpu = 00:00:24 ; elapsed = 00:00:26 . Memory (MB): peak = 1165.789 ; gain = 881.770
Command: opt_design
Attempting to get a license for feature 'Implementation' and/or device 'xc7z007s'
INFO: [Common 17-349] Got license for feature 'Implementation' and/or device 'xc7z007s'
Running DRC as a precondition to command opt_design

Starting DRC Task
INFO: [DRC 23-27] Running DRC with 2 threads
INFO: [Project 1-461] DRC finished with 0 Errors
INFO: [Project 1-462] Please refer to the DRC report (report_drc) for more information.

Time (s): cpu = 00:00:02 ; elapsed = 00:00:01 . Memory (MB): peak = 1165.789 ; gain = 0.000

Starting Cache Timing Information Task
INFO: [Timing 38-35] Done setting XDC timing constraints.
INFO: [Timing 38-2] Deriving generated clocks
Ending Cache Timing Information Task | Checksum: c44fe2e9

Time (s): cpu = 00:00:00 ; elapsed = 00:00:00.077 . Memory (MB): peak = 1182.777 ; gain = 16.988

Starting Logic Optimization Task

Phase 1 Retarget
INFO: [Opt 31-138] Pushed 0 inverter(s) to 0 load pin(s).
INFO: [Opt 31-49] Retargeted 0 cell(s).
Phase 1 Retarget | Checksum: 1e05ecf39

Time (s): cpu = 00:00:00 ; elapsed = 00:00:00.070 . Memory (MB): peak = 1182.777 ; gain = 0.000
INFO: [Opt 31-389] Phase Retarget created 0 cells and removed 0 cells

Phase 2 Constant propagation
INFO: [Opt 31-138] Pushed 12 inverter(s) to 18 load pin(s).
Phase 2 Constant propagation | Checksum: 154a4e34c

Time (s): cpu = 00:00:00 ; elapsed = 00:00:00.222 . Memory (MB): peak = 1182.777 ; gain = 0.000
INFO: [Opt 31-389] Phase Constant propagation created 97 cells and removed 300 cells

Phase 3 Sweep
Phase 3 Sweep | Checksum: 19b4f68a5

Time (s): cpu = 00:00:00 ; elapsed = 00:00:00.269 . Memory (MB): peak = 1182.777 ; gain = 0.000
INFO: [Opt 31-389] Phase Sweep created 2 cells and removed 16 cells

Phase 4 BUFG optimization
Phase 4 BUFG optimization | Checksum: 19b4f68a5

Time (s): cpu = 00:00:00 ; elapsed = 00:00:00.282 . Memory (MB): peak = 1182.777 ; gain = 0.000
INFO: [Opt 31-662] Phase BUFG optimization created 0 cells of which 0 are BUFGs and removed 0 cells.

Phase 5 Shift Register Optimization
Phase 5 Shift Register Optimization | Checksum: f48b41a6

Time (s): cpu = 00:00:00 ; elapsed = 00:00:00.309 . Memory (MB): peak = 1182.777 ; gain = 0.000
INFO: [Opt 31-389] Phase Shift Register Optimization created 0 cells and removed 0 cells

Phase 6 Post Processing Netlist
Phase 6 Post Processing Netlist | Checksum: 179471486

Time (s): cpu = 00:00:00 ; elapsed = 00:00:00.318 . Memory (MB): peak = 1182.777 ; gain = 0.000
INFO: [Opt 31-389] Phase Post Processing Netlist created 0 cells and removed 1 cells

Starting Connectivity Check Task

Time (s): cpu = 00:00:00 ; elapsed = 00:00:00.002 . Memory (MB): peak = 1182.777 ; gain = 0.000
Ending Logic Optimization Task | Checksum: 192018a86

Time (s): cpu = 00:00:00 ; elapsed = 00:00:00.324 . Memory (MB): peak = 1182.777 ; gain = 0.000

Starting Power Optimization Task
INFO: [Pwropt 34-132] Skipping clock gating for clocks with a period < 2.00 ns.
Ending Power Optimization Task | Checksum: 192018a86

Time (s): cpu = 00:00:00 ; elapsed = 00:00:00.016 . Memory (MB): peak = 1182.777 ; gain = 0.000

Starting Final Cleanup Task
Ending Final Cleanup Task | Checksum: 192018a86

Time (s): cpu = 00:00:00 ; elapsed = 00:00:00 . Memory (MB): peak = 1182.777 ; gain = 0.000
INFO: [Common 17-83] Releasing license: Implementation
29 Infos, 0 Warnings, 1 Critical Warnings and 0 Errors encountered.
opt_design completed successfully
INFO: [Timing 38-480] Writing timing data to binary archive.
Writing placer database...
Writing XDEF routing.
Writing XDEF routing logical nets.
Writing XDEF routing special nets.
Write XDEF Complete: Time (s): cpu = 00:00:01 ; elapsed = 00:00:00.088 . Memory (MB): peak = 1182.777 ; gain = 0.000
INFO: [Common 17-1381] The checkpoint 'C:/Users/Sergaljerk/WSU-CPTE/Module_13/Module_13.runs/impl_1/HDMI_VGA_wrapper_opt.dcp' has been generated.
INFO: [runtcl-4] Executing : report_drc -file HDMI_VGA_wrapper_drc_opted.rpt -pb HDMI_VGA_wrapper_drc_opted.pb -rpx HDMI_VGA_wrapper_drc_opted.rpx
Command: report_drc -file HDMI_VGA_wrapper_drc_opted.rpt -pb HDMI_VGA_wrapper_drc_opted.pb -rpx HDMI_VGA_wrapper_drc_opted.rpx
INFO: [DRC 23-27] Running DRC with 2 threads
INFO: [Coretcl 2-168] The results of DRC are in file C:/Users/Sergaljerk/WSU-CPTE/Module_13/Module_13.runs/impl_1/HDMI_VGA_wrapper_drc_opted.rpt.
report_drc completed successfully
Command: place_design
Attempting to get a license for feature 'Implementation' and/or device 'xc7z007s'
INFO: [Common 17-349] Got license for feature 'Implementation' and/or device 'xc7z007s'
INFO: [DRC 23-27] Running DRC with 2 threads
INFO: [Vivado_Tcl 4-198] DRC finished with 0 Errors
INFO: [Vivado_Tcl 4-199] Please refer to the DRC report (report_drc) for more information.
Running DRC as a precondition to command place_design
INFO: [DRC 23-27] Running DRC with 2 threads
INFO: [Vivado_Tcl 4-198] DRC finished with 0 Errors
INFO: [Vivado_Tcl 4-199] Please refer to the DRC report (report_drc) for more information.

Starting Placer Task
INFO: [Place 30-611] Multithreading enabled for place_design using a maximum of 2 CPUs

Phase 1 Placer Initialization

Phase 1.1 Placer Initialization Netlist Sorting
Netlist sorting complete. Time (s): cpu = 00:00:00 ; elapsed = 00:00:00.001 . Memory (MB): peak = 1182.777 ; gain = 0.000
Phase 1.1 Placer Initialization Netlist Sorting | Checksum: e9d7ecbf

Time (s): cpu = 00:00:00 ; elapsed = 00:00:00.007 . Memory (MB): peak = 1182.777 ; gain = 0.000
INFO: [Timing 38-35] Done setting XDC timing constraints.
INFO: [Opt 31-138] Pushed 0 inverter(s) to 0 load pin(s).
Netlist sorting complete. Time (s): cpu = 00:00:00 ; elapsed = 00:00:00.001 . Memory (MB): peak = 1182.777 ; gain = 0.000

Phase 1.2 IO Placement/ Clock Placement/ Build Placer Device
INFO: [Timing 38-35] Done setting XDC timing constraints.
Phase 1.2 IO Placement/ Clock Placement/ Build Placer Device | Checksum: 75e1675c

Time (s): cpu = 00:00:00 ; elapsed = 00:00:00.581 . Memory (MB): peak = 1182.777 ; gain = 0.000

Phase 1.3 Build Placer Netlist Model
Phase 1.3 Build Placer Netlist Model | Checksum: 127fc2eda

Time (s): cpu = 00:00:01 ; elapsed = 00:00:00.807 . Memory (MB): peak = 1182.777 ; gain = 0.000

Phase 1.4 Constrain Clocks/Macros
Phase 1.4 Constrain Clocks/Macros | Checksum: 127fc2eda

Time (s): cpu = 00:00:01 ; elapsed = 00:00:00.810 . Memory (MB): peak = 1182.777 ; gain = 0.000
Phase 1 Placer Initialization | Checksum: 127fc2eda

Time (s): cpu = 00:00:01 ; elapsed = 00:00:00.811 . Memory (MB): peak = 1182.777 ; gain = 0.000

Phase 2 Global Placement

Phase 2.1 Floorplanning
Phase 2.1 Floorplanning | Checksum: 13c0d3952

Time (s): cpu = 00:00:01 ; elapsed = 00:00:00.985 . Memory (MB): peak = 1182.777 ; gain = 0.000

Phase 2.2 Physical Synthesis In Placer
INFO: [Physopt 32-65] No nets found for high-fanout optimization.
INFO: [Physopt 32-232] Optimized 0 net. Created 0 new instance.
INFO: [Physopt 32-775] End 1 Pass. Optimized 0 net or cell. Created 0 new cell, deleted 0 existing cell and moved 0 existing cell
Netlist sorting complete. Time (s): cpu = 00:00:00 ; elapsed = 00:00:00.001 . Memory (MB): peak = 1182.777 ; gain = 0.000

Summary of Physical Synthesis Optimizations
============================================


-----------------------------------------------------------------------------------------------------------------------------
|  Optimization       |  Added Cells  |  Removed Cells  |  Optimized Cells/Nets  |  Dont Touch  |  Iterations  |  Elapsed   |
-----------------------------------------------------------------------------------------------------------------------------
|  Very High Fanout   |            0  |              0  |                     0  |           0  |           1  |  00:00:00  |
|  Total              |            0  |              0  |                     0  |           0  |           1  |  00:00:00  |
-----------------------------------------------------------------------------------------------------------------------------


Phase 2.2 Physical Synthesis In Placer | Checksum: 143626c42

Time (s): cpu = 00:00:07 ; elapsed = 00:00:04 . Memory (MB): peak = 1182.777 ; gain = 0.000
Phase 2 Global Placement | Checksum: 10fd38d03

Time (s): cpu = 00:00:07 ; elapsed = 00:00:04 . Memory (MB): peak = 1182.777 ; gain = 0.000

Phase 3 Detail Placement

Phase 3.1 Commit Multi Column Macros
Phase 3.1 Commit Multi Column Macros | Checksum: 10fd38d03

Time (s): cpu = 00:00:07 ; elapsed = 00:00:04 . Memory (MB): peak = 1182.777 ; gain = 0.000

Phase 3.2 Commit Most Macros & LUTRAMs
Phase 3.2 Commit Most Macros & LUTRAMs | Checksum: c2f63cfc

Time (s): cpu = 00:00:08 ; elapsed = 00:00:05 . Memory (MB): peak = 1182.777 ; gain = 0.000

Phase 3.3 Area Swap Optimization
Phase 3.3 Area Swap Optimization | Checksum: ce3b92c2

Time (s): cpu = 00:00:08 ; elapsed = 00:00:05 . Memory (MB): peak = 1182.777 ; gain = 0.000

Phase 3.4 Pipeline Register Optimization
Phase 3.4 Pipeline Register Optimization | Checksum: ce3b92c2

Time (s): cpu = 00:00:08 ; elapsed = 00:00:05 . Memory (MB): peak = 1182.777 ; gain = 0.000

Phase 3.5 Timing Path Optimizer
Phase 3.5 Timing Path Optimizer | Checksum: ce3b92c2

Time (s): cpu = 00:00:08 ; elapsed = 00:00:05 . Memory (MB): peak = 1182.777 ; gain = 0.000

Phase 3.6 Fast Optimization
Phase 3.6 Fast Optimization | Checksum: 151358b44

Time (s): cpu = 00:00:08 ; elapsed = 00:00:05 . Memory (MB): peak = 1182.777 ; gain = 0.000

Phase 3.7 Small Shape Detail Placement
Phase 3.7 Small Shape Detail Placement | Checksum: dfcdc9c6

Time (s): cpu = 00:00:08 ; elapsed = 00:00:05 . Memory (MB): peak = 1182.777 ; gain = 0.000

Phase 3.8 Re-assign LUT pins
Phase 3.8 Re-assign LUT pins | Checksum: 184db5ffc

Time (s): cpu = 00:00:08 ; elapsed = 00:00:05 . Memory (MB): peak = 1182.777 ; gain = 0.000

Phase 3.9 Pipeline Register Optimization
Phase 3.9 Pipeline Register Optimization | Checksum: 184db5ffc

Time (s): cpu = 00:00:08 ; elapsed = 00:00:05 . Memory (MB): peak = 1182.777 ; gain = 0.000

Phase 3.10 Fast Optimization
Phase 3.10 Fast Optimization | Checksum: 184db5ffc

Time (s): cpu = 00:00:10 ; elapsed = 00:00:06 . Memory (MB): peak = 1182.777 ; gain = 0.000
Phase 3 Detail Placement | Checksum: 184db5ffc

Time (s): cpu = 00:00:10 ; elapsed = 00:00:06 . Memory (MB): peak = 1182.777 ; gain = 0.000

Phase 4 Post Placement Optimization and Clean-Up

Phase 4.1 Post Commit Optimization
INFO: [Timing 38-35] Done setting XDC timing constraints.

Phase 4.1.1 Post Placement Optimization
Post Placement Optimization Initialization | Checksum: 246fc8428

Phase 4.1.1.1 BUFG Insertion
INFO: [Place 46-31] BUFG insertion identified 0 candidate nets, 0 success, 0 skipped for placement/routing, 0 skipped for timing, 0 skipped for netlist change reason.
Phase 4.1.1.1 BUFG Insertion | Checksum: 246fc8428

Time (s): cpu = 00:00:10 ; elapsed = 00:00:07 . Memory (MB): peak = 1182.777 ; gain = 0.000
INFO: [Place 30-746] Post Placement Timing Summary WNS=0.503. For the most accurate timing information please run report_timing.
Phase 4.1.1 Post Placement Optimization | Checksum: 9b308502

Time (s): cpu = 00:00:12 ; elapsed = 00:00:09 . Memory (MB): peak = 1182.777 ; gain = 0.000
Phase 4.1 Post Commit Optimization | Checksum: 9b308502

Time (s): cpu = 00:00:12 ; elapsed = 00:00:09 . Memory (MB): peak = 1182.777 ; gain = 0.000

Phase 4.2 Post Placement Cleanup
Phase 4.2 Post Placement Cleanup | Checksum: 9b308502

Time (s): cpu = 00:00:12 ; elapsed = 00:00:09 . Memory (MB): peak = 1182.777 ; gain = 0.000

Phase 4.3 Placer Reporting
Phase 4.3 Placer Reporting | Checksum: 9b308502

Time (s): cpu = 00:00:12 ; elapsed = 00:00:09 . Memory (MB): peak = 1182.777 ; gain = 0.000

Phase 4.4 Final Placement Cleanup
Phase 4.4 Final Placement Cleanup | Checksum: 47d8a953

Time (s): cpu = 00:00:12 ; elapsed = 00:00:09 . Memory (MB): peak = 1182.777 ; gain = 0.000
Phase 4 Post Placement Optimization and Clean-Up | Checksum: 47d8a953

Time (s): cpu = 00:00:12 ; elapsed = 00:00:09 . Memory (MB): peak = 1182.777 ; gain = 0.000
Ending Placer Task | Checksum: 3ddcec97

Time (s): cpu = 00:00:12 ; elapsed = 00:00:09 . Memory (MB): peak = 1182.777 ; gain = 0.000
INFO: [Common 17-83] Releasing license: Implementation
52 Infos, 0 Warnings, 1 Critical Warnings and 0 Errors encountered.
place_design completed successfully
place_design: Time (s): cpu = 00:00:14 ; elapsed = 00:00:10 . Memory (MB): peak = 1182.777 ; gain = 0.000
INFO: [Timing 38-480] Writing timing data to binary archive.
Writing placer database...
Writing XDEF routing.
Writing XDEF routing logical nets.
Writing XDEF routing special nets.
Write XDEF Complete: Time (s): cpu = 00:00:01 ; elapsed = 00:00:00.124 . Memory (MB): peak = 1182.777 ; gain = 0.000
INFO: [Common 17-1381] The checkpoint 'C:/Users/Sergaljerk/WSU-CPTE/Module_13/Module_13.runs/impl_1/HDMI_VGA_wrapper_placed.dcp' has been generated.
INFO: [runtcl-4] Executing : report_io -file HDMI_VGA_wrapper_io_placed.rpt
report_io: Time (s): cpu = 00:00:00 ; elapsed = 00:00:00.084 . Memory (MB): peak = 1182.777 ; gain = 0.000
INFO: [runtcl-4] Executing : report_utilization -file HDMI_VGA_wrapper_utilization_placed.rpt -pb HDMI_VGA_wrapper_utilization_placed.pb
report_utilization: Time (s): cpu = 00:00:00 ; elapsed = 00:00:00.039 . Memory (MB): peak = 1182.777 ; gain = 0.000
INFO: [runtcl-4] Executing : report_control_sets -verbose -file HDMI_VGA_wrapper_control_sets_placed.rpt
report_control_sets: Time (s): cpu = 00:00:00 ; elapsed = 00:00:00.007 . Memory (MB): peak = 1182.777 ; gain = 0.000
Command: route_design
Attempting to get a license for feature 'Implementation' and/or device 'xc7z007s'
INFO: [Common 17-349] Got license for feature 'Implementation' and/or device 'xc7z007s'
Running DRC as a precondition to command route_design
INFO: [DRC 23-27] Running DRC with 2 threads
INFO: [Vivado_Tcl 4-198] DRC finished with 0 Errors
INFO: [Vivado_Tcl 4-199] Please refer to the DRC report (report_drc) for more information.


Starting Routing Task
INFO: [Route 35-254] Multithreading enabled for route_design using a maximum of 2 CPUs
Checksum: PlaceDB: 3304c789 ConstDB: 0 ShapeSum: ad8250e RouteDB: 0

Phase 1 Build RT Design
Phase 1 Build RT Design | Checksum: 13dc3ef1a

Time (s): cpu = 00:00:17 ; elapsed = 00:00:15 . Memory (MB): peak = 1230.891 ; gain = 48.113
Post Restoration Checksum: NetGraph: 4bb410d8 NumContArr: f20fde42 Constraints: 0 Timing: 0

Phase 2 Router Initialization

Phase 2.1 Create Timer
Phase 2.1 Create Timer | Checksum: 13dc3ef1a

Time (s): cpu = 00:00:17 ; elapsed = 00:00:15 . Memory (MB): peak = 1230.891 ; gain = 48.113

Phase 2.2 Fix Topology Constraints
Phase 2.2 Fix Topology Constraints | Checksum: 13dc3ef1a

Time (s): cpu = 00:00:17 ; elapsed = 00:00:15 . Memory (MB): peak = 1236.879 ; gain = 54.102

Phase 2.3 Pre Route Cleanup
Phase 2.3 Pre Route Cleanup | Checksum: 13dc3ef1a

Time (s): cpu = 00:00:17 ; elapsed = 00:00:15 . Memory (MB): peak = 1236.879 ; gain = 54.102
 Number of Nodes with overlaps = 0

Phase 2.4 Update Timing
Phase 2.4 Update Timing | Checksum: 17c94cda7

Time (s): cpu = 00:00:18 ; elapsed = 00:00:16 . Memory (MB): peak = 1239.723 ; gain = 56.945
INFO: [Route 35-416] Intermediate Timing Summary | WNS=0.389  | TNS=0.000  | WHS=-0.386 | THS=-19.198|

Phase 2 Router Initialization | Checksum: 1a1b4d5bc

Time (s): cpu = 00:00:18 ; elapsed = 00:00:16 . Memory (MB): peak = 1239.723 ; gain = 56.945

Phase 3 Initial Routing
Phase 3 Initial Routing | Checksum: 1b06302e4

Time (s): cpu = 00:00:18 ; elapsed = 00:00:16 . Memory (MB): peak = 1239.723 ; gain = 56.945

Phase 4 Rip-up And Reroute

Phase 4.1 Global Iteration 0
 Number of Nodes with overlaps = 87
 Number of Nodes with overlaps = 31
 Number of Nodes with overlaps = 22
 Number of Nodes with overlaps = 11
 Number of Nodes with overlaps = 7
 Number of Nodes with overlaps = 3
 Number of Nodes with overlaps = 3
 Number of Nodes with overlaps = 2
 Number of Nodes with overlaps = 2
 Number of Nodes with overlaps = 0
INFO: [Route 35-416] Intermediate Timing Summary | WNS=0.151  | TNS=0.000  | WHS=N/A    | THS=N/A    |

Phase 4.1 Global Iteration 0 | Checksum: 1cabd1655

Time (s): cpu = 00:00:20 ; elapsed = 00:00:17 . Memory (MB): peak = 1239.723 ; gain = 56.945
Phase 4 Rip-up And Reroute | Checksum: 1cabd1655

Time (s): cpu = 00:00:20 ; elapsed = 00:00:17 . Memory (MB): peak = 1239.723 ; gain = 56.945

Phase 5 Delay and Skew Optimization

Phase 5.1 Delay CleanUp
Phase 5.1 Delay CleanUp | Checksum: 1cabd1655

Time (s): cpu = 00:00:20 ; elapsed = 00:00:17 . Memory (MB): peak = 1239.723 ; gain = 56.945

Phase 5.2 Clock Skew Optimization
Phase 5.2 Clock Skew Optimization | Checksum: 1cabd1655

Time (s): cpu = 00:00:20 ; elapsed = 00:00:17 . Memory (MB): peak = 1239.723 ; gain = 56.945
Phase 5 Delay and Skew Optimization | Checksum: 1cabd1655

Time (s): cpu = 00:00:20 ; elapsed = 00:00:17 . Memory (MB): peak = 1239.723 ; gain = 56.945

Phase 6 Post Hold Fix

Phase 6.1 Hold Fix Iter

Phase 6.1.1 Update Timing
Phase 6.1.1 Update Timing | Checksum: 1fb0a409a

Time (s): cpu = 00:00:20 ; elapsed = 00:00:17 . Memory (MB): peak = 1239.723 ; gain = 56.945
INFO: [Route 35-416] Intermediate Timing Summary | WNS=0.304  | TNS=0.000  | WHS=0.076  | THS=0.000  |

Phase 6.1 Hold Fix Iter | Checksum: 1fb0a409a

Time (s): cpu = 00:00:20 ; elapsed = 00:00:17 . Memory (MB): peak = 1239.723 ; gain = 56.945
Phase 6 Post Hold Fix | Checksum: 1fb0a409a

Time (s): cpu = 00:00:20 ; elapsed = 00:00:17 . Memory (MB): peak = 1239.723 ; gain = 56.945

Phase 7 Route finalize

Router Utilization Summary
  Global Vertical Routing Utilization    = 0.125282 %
  Global Horizontal Routing Utilization  = 0.118107 %
  Routable Net Status*
  *Does not include unroutable nets such as driverless and loadless.
  Run report_route_status for detailed report.
  Number of Failed Nets               = 0
  Number of Unrouted Nets             = 0
  Number of Partially Routed Nets     = 0
  Number of Node Overlaps             = 0

Phase 7 Route finalize | Checksum: 1d39b2fff

Time (s): cpu = 00:00:20 ; elapsed = 00:00:17 . Memory (MB): peak = 1239.723 ; gain = 56.945

Phase 8 Verifying routed nets

 Verification completed successfully
Phase 8 Verifying routed nets | Checksum: 1d39b2fff

Time (s): cpu = 00:00:20 ; elapsed = 00:00:17 . Memory (MB): peak = 1240.293 ; gain = 57.516

Phase 9 Depositing Routes
Phase 9 Depositing Routes | Checksum: 1d3f20dfa

Time (s): cpu = 00:00:20 ; elapsed = 00:00:17 . Memory (MB): peak = 1240.293 ; gain = 57.516

Phase 10 Post Router Timing
INFO: [Route 35-57] Estimated Timing Summary | WNS=0.304  | TNS=0.000  | WHS=0.076  | THS=0.000  |

INFO: [Route 35-327] The final timing numbers are based on the router estimated timing analysis. For a complete and accurate timing signoff, please run report_timing_summary.
Phase 10 Post Router Timing | Checksum: 1d3f20dfa

Time (s): cpu = 00:00:20 ; elapsed = 00:00:17 . Memory (MB): peak = 1240.293 ; gain = 57.516
INFO: [Route 35-16] Router Completed Successfully

Time (s): cpu = 00:00:20 ; elapsed = 00:00:17 . Memory (MB): peak = 1240.293 ; gain = 57.516

Routing Is Done.
INFO: [Common 17-83] Releasing license: Implementation
69 Infos, 0 Warnings, 1 Critical Warnings and 0 Errors encountered.
route_design completed successfully
route_design: Time (s): cpu = 00:00:22 ; elapsed = 00:00:18 . Memory (MB): peak = 1240.293 ; gain = 57.516
INFO: [Timing 38-480] Writing timing data to binary archive.
Writing placer database...
Writing XDEF routing.
Writing XDEF routing logical nets.
Writing XDEF routing special nets.
Write XDEF Complete: Time (s): cpu = 00:00:00 ; elapsed = 00:00:00.137 . Memory (MB): peak = 1243.578 ; gain = 3.285
INFO: [Common 17-1381] The checkpoint 'C:/Users/Sergaljerk/WSU-CPTE/Module_13/Module_13.runs/impl_1/HDMI_VGA_wrapper_routed.dcp' has been generated.
INFO: [runtcl-4] Executing : report_drc -file HDMI_VGA_wrapper_drc_routed.rpt -pb HDMI_VGA_wrapper_drc_routed.pb -rpx HDMI_VGA_wrapper_drc_routed.rpx
Command: report_drc -file HDMI_VGA_wrapper_drc_routed.rpt -pb HDMI_VGA_wrapper_drc_routed.pb -rpx HDMI_VGA_wrapper_drc_routed.rpx
INFO: [DRC 23-27] Running DRC with 2 threads
INFO: [Coretcl 2-168] The results of DRC are in file C:/Users/Sergaljerk/WSU-CPTE/Module_13/Module_13.runs/impl_1/HDMI_VGA_wrapper_drc_routed.rpt.
report_drc completed successfully
INFO: [runtcl-4] Executing : report_methodology -file HDMI_VGA_wrapper_methodology_drc_routed.rpt -pb HDMI_VGA_wrapper_methodology_drc_routed.pb -rpx HDMI_VGA_wrapper_methodology_drc_routed.rpx
Command: report_methodology -file HDMI_VGA_wrapper_methodology_drc_routed.rpt -pb HDMI_VGA_wrapper_methodology_drc_routed.pb -rpx HDMI_VGA_wrapper_methodology_drc_routed.rpx
INFO: [Timing 38-35] Done setting XDC timing constraints.
INFO: [Timing 38-35] Done setting XDC timing constraints.
INFO: [DRC 23-133] Running Methodology with 2 threads
INFO: [Coretcl 2-1520] The results of Report Methodology are in file C:/Users/Sergaljerk/WSU-CPTE/Module_13/Module_13.runs/impl_1/HDMI_VGA_wrapper_methodology_drc_routed.rpt.
report_methodology completed successfully
INFO: [runtcl-4] Executing : report_power -file HDMI_VGA_wrapper_power_routed.rpt -pb HDMI_VGA_wrapper_power_summary_routed.pb -rpx HDMI_VGA_wrapper_power_routed.rpx
Command: report_power -file HDMI_VGA_wrapper_power_routed.rpt -pb HDMI_VGA_wrapper_power_summary_routed.pb -rpx HDMI_VGA_wrapper_power_routed.rpx
INFO: [Timing 38-35] Done setting XDC timing constraints.
Running Vector-less Activity Propagation...

Finished Running Vector-less Activity Propagation
81 Infos, 0 Warnings, 1 Critical Warnings and 0 Errors encountered.
report_power completed successfully
INFO: [runtcl-4] Executing : report_route_status -file HDMI_VGA_wrapper_route_status.rpt -pb HDMI_VGA_wrapper_route_status.pb
INFO: [runtcl-4] Executing : report_timing_summary -max_paths 10 -file HDMI_VGA_wrapper_timing_summary_routed.rpt -pb HDMI_VGA_wrapper_timing_summary_routed.pb -rpx HDMI_VGA_wrapper_timing_summary_routed.rpx -warn_on_violation 
INFO: [Timing 38-91] UpdateTimingParams: Speed grade: -1, Delay Type: min_max, Timing Stage: Requireds.
INFO: [Timing 38-191] Multithreading enabled for timing update using a maximum of 2 CPUs
INFO: [runtcl-4] Executing : report_incremental_reuse -file HDMI_VGA_wrapper_incremental_reuse_routed.rpt
INFO: [Vivado_Tcl 4-545] No incremental reuse to report, no incremental placement and routing data was found.
INFO: [runtcl-4] Executing : report_clock_utilization -file HDMI_VGA_wrapper_clock_utilization_routed.rpt
INFO: [runtcl-4] Executing : report_bus_skew -warn_on_violation -file HDMI_VGA_wrapper_bus_skew_routed.rpt -pb HDMI_VGA_wrapper_bus_skew_routed.pb -rpx HDMI_VGA_wrapper_bus_skew_routed.rpx
INFO: [Timing 38-91] UpdateTimingParams: Speed grade: -1, Delay Type: min_max, Timing Stage: Requireds.
INFO: [Timing 38-191] Multithreading enabled for timing update using a maximum of 2 CPUs
INFO: [Common 17-206] Exiting Vivado at Tue Dec  4 14:26:36 2018...
