#-----------------------------------------------------------
# Vivado v2019.1 (64-bit)
# SW Build 2552052 on Fri May 24 14:47:09 MDT 2019
# IP Build 2548770 on Fri May 24 18:01:18 MDT 2019
# Start of session at: Sun Oct 27 15:23:12 2019
# Process ID: 7591
# Current directory: /home/sergaljerk/Module_5
# Command line: vivado
# Log file: /home/sergaljerk/Module_5/vivado.log
# Journal file: /home/sergaljerk/Module_5/vivado.jou
#-----------------------------------------------------------
start_gui
open_project /home/sergaljerk/Module_5/m5/m5.xpr
Scanning sources...
Finished scanning sources
INFO: [IP_Flow 19-234] Refreshing IP repositories
INFO: [IP_Flow 19-1700] Loaded user IP repository '/home/sergaljerk/Module_5/ip_repo/PWM_CONTROLLER_1.0'.
INFO: [IP_Flow 19-2313] Loaded Vivado IP repository '/opt/Vivado/2019.1/data/ip'.
open_project: Time (s): cpu = 00:00:11 ; elapsed = 00:00:07 . Memory (MB): peak = 6474.961 ; gain = 69.250 ; free physical = 2357 ; free virtual = 8168
update_compile_order -fileset sources_1
open_bd_design {/home/sergaljerk/Module_5/m5/m5.srcs/sources_1/bd/design_1/design_1.bd}
Adding component instance block -- xilinx.com:ip:util_vector_logic:2.0 - util_vector_logic_0
Adding component instance block -- xilinx.com:ip:processing_system7:5.5 - processing_system7_0
Adding component instance block -- xilinx.com:ip:proc_sys_reset:5.0 - rst_ps7_0_50M
Adding component instance block -- xilinx.com:ip:clk_wiz:6.0 - clk_wiz
Adding component instance block -- xilinx.com:ip:axi_interconnect:2.1 - ps7_0_axi_periph
Adding component instance block -- xilinx.com:ip:axi_protocol_converter:2.1 - auto_pc
Adding component instance block -- xilinx.com:ip:xlslice:1.0 - xlslice_0
Adding component instance block -- xilinx.com:module_ref:HZ_Counter:1.0 - HZ_Counter_0
Adding component instance block -- xilinx.com:module_ref:DUTY_CYCLE:1.0 - DUTY_CYCLE_0
Adding component instance block -- user.org:user:PWM_CONTROLLER:1.0 - PWM_CONTROLLER_0
Adding component instance block -- xilinx.com:module_ref:HZ_Counter:1.0 - HZ_Counter_1
Adding component instance block -- xilinx.com:module_ref:HZ_Counter:1.0 - HZ_Counter_2
Adding component instance block -- xilinx.com:module_ref:HZ_Counter:1.0 - HZ_Counter_3
Adding component instance block -- xilinx.com:module_ref:DUTY_CYCLE:1.0 - DUTY_CYCLE_1
Adding component instance block -- xilinx.com:module_ref:DUTY_CYCLE:1.0 - DUTY_CYCLE_2
Adding component instance block -- xilinx.com:module_ref:DUTY_CYCLE:1.0 - DUTY_CYCLE_3
Adding component instance block -- xilinx.com:ip:xlslice:1.0 - xlslice_1
Adding component instance block -- xilinx.com:ip:xlslice:1.0 - xlslice_2
Adding component instance block -- xilinx.com:ip:xlslice:1.0 - xlslice_3
Successfully read diagram <design_1> from BD file </home/sergaljerk/Module_5/m5/m5.srcs/sources_1/bd/design_1/design_1.bd>
open_bd_design: Time (s): cpu = 00:00:07 ; elapsed = 00:00:05 . Memory (MB): peak = 6711.320 ; gain = 0.000 ; free physical = 2268 ; free virtual = 8111
delete_bd_objs [get_bd_nets clk_wiz_locked] [get_bd_cells clk_wiz]
startgroup
apply_bd_automation -rule xilinx.com:bd_rule:clkrst -config {Clk "/processing_system7_0/FCLK_CLK0 (50 MHz)" }  [get_bd_pins HZ_Counter_0/i_CLK]
INFO: [BD 5-455] Automation on '/DUTY_CYCLE_0/i_CLK' will not be run, since it is obsolete due to previously run automations
endgroup
save_bd_design
Wrote  : </home/sergaljerk/Module_5/m5/m5.srcs/sources_1/bd/design_1/design_1.bd> 
Wrote  : </home/sergaljerk/Module_5/m5/m5.srcs/sources_1/bd/design_1/ui/bd_1f5defd0.ui> 
ipx::edit_ip_in_project -upgrade true -name PWM_CONTROLLER_v1_0_project -directory /home/sergaljerk/Module_5/m5/m5.tmp/PWM_CONTROLLER_v1_0_project /home/sergaljerk/Module_5/ip_repo/PWM_CONTROLLER_1.0/component.xml
INFO: [IP_Flow 19-234] Refreshing IP repositories
INFO: [IP_Flow 19-1704] No user IP repositories specified
INFO: [IP_Flow 19-2313] Loaded Vivado IP repository '/opt/Vivado/2019.1/data/ip'.
INFO: [IP_Flow 19-234] Refreshing IP repositories
INFO: [IP_Flow 19-1700] Loaded user IP repository '/home/sergaljerk/Module_5/ip_repo/PWM_CONTROLLER_1.0'.
INFO: [IP_Flow 19-795] Syncing license key meta-data
WARNING: [filemgmt 56-99] Vivado Synthesis ignores library specification for Verilog or SystemVerilog files. [/home/sergaljerk/Module_5/ip_repo/PWM_CONTROLLER_1.0/hdl/PWM_CONTROLLER_v1_0_S00_AXI.v:]
WARNING: [filemgmt 56-99] Vivado Synthesis ignores library specification for Verilog or SystemVerilog files. [/home/sergaljerk/Module_5/ip_repo/PWM_CONTROLLER_1.0/hdl/PWM_CONTROLLER_v1_0.v:]
ipx::edit_ip_in_project: Time (s): cpu = 00:00:12 ; elapsed = 00:00:06 . Memory (MB): peak = 6797.023 ; gain = 0.000 ; free physical = 2210 ; free virtual = 8052
update_compile_order -fileset sources_1
set_property core_revision 4 [ipx::current_core]
ipx::update_source_project_archive -component [ipx::current_core]
ipx::create_xgui_files [ipx::current_core]
ipx::update_checksums [ipx::current_core]
ipx::save_core [ipx::current_core]
ipx::move_temp_component_back -component [ipx::current_core]
close_project -delete
update_ip_catalog -rebuild -repo_path /home/sergaljerk/Module_5/ip_repo/PWM_CONTROLLER_1.0
INFO: [IP_Flow 19-725] Reloaded user IP repository '/home/sergaljerk/Module_5/ip_repo/PWM_CONTROLLER_1.0'
report_ip_status -name ip_status 
upgrade_ip -vlnv user.org:user:PWM_CONTROLLER:1.0 [get_ips  design_1_PWM_CONTROLLER_0_0] -log ip_upgrade.log
Upgrading '/home/sergaljerk/Module_5/m5/m5.srcs/sources_1/bd/design_1/design_1.bd'
INFO: [IP_Flow 19-3422] Upgraded design_1_PWM_CONTROLLER_0_0 (PWM_CONTROLLER_v1.0 1.0) from revision 3 to revision 4
Wrote  : </home/sergaljerk/Module_5/m5/m5.srcs/sources_1/bd/design_1/design_1.bd> 
Wrote  : </home/sergaljerk/Module_5/m5/m5.srcs/sources_1/bd/design_1/ui/bd_1f5defd0.ui> 
INFO: [Coretcl 2-1525] Wrote upgrade log to '/home/sergaljerk/Module_5/m5/ip_upgrade.log'.
export_ip_user_files -of_objects [get_ips design_1_PWM_CONTROLLER_0_0] -no_script -sync -force -quiet
generate_target all [get_files  /home/sergaljerk/Module_5/m5/m5.srcs/sources_1/bd/design_1/design_1.bd]
WARNING: [BD 41-927] Following properties on pin /HZ_Counter_0/i_CLK have been updated from connected ip. They may not be synchronized with cell properties. You can set property on pin directly to confirm the value and resolve the warning.
	CLK_DOMAIN=design_1_processing_system7_0_0_FCLK_CLK0 
WARNING: [BD 41-927] Following properties on pin /DUTY_CYCLE_0/i_CLK have been updated from connected ip. They may not be synchronized with cell properties. You can set property on pin directly to confirm the value and resolve the warning.
	CLK_DOMAIN=design_1_processing_system7_0_0_FCLK_CLK0 
WARNING: [BD 41-927] Following properties on pin /HZ_Counter_1/i_CLK have been updated from connected ip. They may not be synchronized with cell properties. You can set property on pin directly to confirm the value and resolve the warning.
	CLK_DOMAIN=design_1_processing_system7_0_0_FCLK_CLK0 
WARNING: [BD 41-927] Following properties on pin /HZ_Counter_2/i_CLK have been updated from connected ip. They may not be synchronized with cell properties. You can set property on pin directly to confirm the value and resolve the warning.
	CLK_DOMAIN=design_1_processing_system7_0_0_FCLK_CLK0 
WARNING: [BD 41-927] Following properties on pin /HZ_Counter_3/i_CLK have been updated from connected ip. They may not be synchronized with cell properties. You can set property on pin directly to confirm the value and resolve the warning.
	CLK_DOMAIN=design_1_processing_system7_0_0_FCLK_CLK0 
WARNING: [BD 41-927] Following properties on pin /DUTY_CYCLE_1/i_CLK have been updated from connected ip. They may not be synchronized with cell properties. You can set property on pin directly to confirm the value and resolve the warning.
	CLK_DOMAIN=design_1_processing_system7_0_0_FCLK_CLK0 
WARNING: [BD 41-927] Following properties on pin /DUTY_CYCLE_2/i_CLK have been updated from connected ip. They may not be synchronized with cell properties. You can set property on pin directly to confirm the value and resolve the warning.
	CLK_DOMAIN=design_1_processing_system7_0_0_FCLK_CLK0 
WARNING: [BD 41-927] Following properties on pin /DUTY_CYCLE_3/i_CLK have been updated from connected ip. They may not be synchronized with cell properties. You can set property on pin directly to confirm the value and resolve the warning.
	CLK_DOMAIN=design_1_processing_system7_0_0_FCLK_CLK0 
Wrote  : </home/sergaljerk/Module_5/m5/m5.srcs/sources_1/bd/design_1/design_1.bd> 
VHDL Output written to : /home/sergaljerk/Module_5/m5/m5.srcs/sources_1/bd/design_1/synth/design_1.v
VHDL Output written to : /home/sergaljerk/Module_5/m5/m5.srcs/sources_1/bd/design_1/sim/design_1.v
VHDL Output written to : /home/sergaljerk/Module_5/m5/m5.srcs/sources_1/bd/design_1/hdl/design_1_wrapper.v
INFO: [BD 41-1029] Generation completed for the IP Integrator block HZ_Counter_0 .
INFO: [BD 41-1029] Generation completed for the IP Integrator block util_vector_logic_0 .
INFO: [BD 41-1029] Generation completed for the IP Integrator block processing_system7_0 .
INFO: [BD 41-1029] Generation completed for the IP Integrator block rst_ps7_0_50M .
INFO: [BD 41-1029] Generation completed for the IP Integrator block PWM_CONTROLLER_0 .
INFO: [BD 41-1029] Generation completed for the IP Integrator block xlslice_0 .
INFO: [BD 41-1029] Generation completed for the IP Integrator block DUTY_CYCLE_0 .
INFO: [BD 41-1029] Generation completed for the IP Integrator block HZ_Counter_1 .
INFO: [BD 41-1029] Generation completed for the IP Integrator block HZ_Counter_2 .
INFO: [BD 41-1029] Generation completed for the IP Integrator block HZ_Counter_3 .
INFO: [BD 41-1029] Generation completed for the IP Integrator block DUTY_CYCLE_1 .
INFO: [BD 41-1029] Generation completed for the IP Integrator block DUTY_CYCLE_2 .
INFO: [BD 41-1029] Generation completed for the IP Integrator block DUTY_CYCLE_3 .
INFO: [BD 41-1029] Generation completed for the IP Integrator block xlslice_1 .
INFO: [BD 41-1029] Generation completed for the IP Integrator block xlslice_2 .
INFO: [BD 41-1029] Generation completed for the IP Integrator block xlslice_3 .
WARNING: [IP_Flow 19-4994] Overwriting existing constraint file '/home/sergaljerk/Module_5/m5/m5.srcs/sources_1/bd/design_1/ip/design_1_auto_pc_0/design_1_auto_pc_0_ooc.xdc'
INFO: [BD 41-1029] Generation completed for the IP Integrator block ps7_0_axi_periph/s00_couplers/auto_pc .
Exporting to file /home/sergaljerk/Module_5/m5/m5.srcs/sources_1/bd/design_1/hw_handoff/design_1.hwh
Generated Block Design Tcl file /home/sergaljerk/Module_5/m5/m5.srcs/sources_1/bd/design_1/hw_handoff/design_1_bd.tcl
Generated Hardware Definition File /home/sergaljerk/Module_5/m5/m5.srcs/sources_1/bd/design_1/synth/design_1.hwdef
export_ip_user_files -of_objects [get_files /home/sergaljerk/Module_5/m5/m5.srcs/sources_1/bd/design_1/design_1.bd] -no_script -sync -force -quiet
export_simulation -of_objects [get_files /home/sergaljerk/Module_5/m5/m5.srcs/sources_1/bd/design_1/design_1.bd] -directory /home/sergaljerk/Module_5/m5/m5.ip_user_files/sim_scripts -ip_user_files_dir /home/sergaljerk/Module_5/m5/m5.ip_user_files -ipstatic_source_dir /home/sergaljerk/Module_5/m5/m5.ip_user_files/ipstatic -lib_map_path [list {modelsim=/home/sergaljerk/Module_5/m5/m5.cache/compile_simlib/modelsim} {questa=/home/sergaljerk/Module_5/m5/m5.cache/compile_simlib/questa} {ies=/home/sergaljerk/Module_5/m5/m5.cache/compile_simlib/ies} {xcelium=/home/sergaljerk/Module_5/m5/m5.cache/compile_simlib/xcelium} {vcs=/home/sergaljerk/Module_5/m5/m5.cache/compile_simlib/vcs} {riviera=/home/sergaljerk/Module_5/m5/m5.cache/compile_simlib/riviera}] -use_ip_compiled_libs -force -quiet
report_ip_status -name ip_status 
launch_runs synth_1 -jobs 14
[Sun Oct 27 15:29:02 2019] Launched synth_1...
Run output will be captured here: /home/sergaljerk/Module_5/m5/m5.runs/synth_1/runme.log
open_run synth_1 -name synth_1
Design is defaulting to impl run constrset: constrs_1
Design is defaulting to synth run part: xc7z007sclg400-1
INFO: [Device 21-403] Loading part xc7z007sclg400-1
INFO: [Netlist 29-17] Analyzing 142 Unisim elements for replacement
INFO: [Netlist 29-28] Unisim Transformation completed in 0 CPU seconds
INFO: [Project 1-479] Netlist was created with Vivado 2019.1
INFO: [Project 1-570] Preparing netlist for logic optimization
Parsing XDC File [/home/sergaljerk/Module_5/m5/m5.srcs/sources_1/bd/design_1/ip/design_1_processing_system7_0_0/design_1_processing_system7_0_0.xdc] for cell 'design_1_i/processing_system7_0/inst'
Finished Parsing XDC File [/home/sergaljerk/Module_5/m5/m5.srcs/sources_1/bd/design_1/ip/design_1_processing_system7_0_0/design_1_processing_system7_0_0.xdc] for cell 'design_1_i/processing_system7_0/inst'
Parsing XDC File [/home/sergaljerk/Module_5/m5/m5.srcs/sources_1/bd/design_1/ip/design_1_rst_ps7_0_50M_0/design_1_rst_ps7_0_50M_0_board.xdc] for cell 'design_1_i/rst_ps7_0_50M/U0'
Finished Parsing XDC File [/home/sergaljerk/Module_5/m5/m5.srcs/sources_1/bd/design_1/ip/design_1_rst_ps7_0_50M_0/design_1_rst_ps7_0_50M_0_board.xdc] for cell 'design_1_i/rst_ps7_0_50M/U0'
Parsing XDC File [/home/sergaljerk/Module_5/m5/m5.srcs/sources_1/bd/design_1/ip/design_1_rst_ps7_0_50M_0/design_1_rst_ps7_0_50M_0.xdc] for cell 'design_1_i/rst_ps7_0_50M/U0'
Finished Parsing XDC File [/home/sergaljerk/Module_5/m5/m5.srcs/sources_1/bd/design_1/ip/design_1_rst_ps7_0_50M_0/design_1_rst_ps7_0_50M_0.xdc] for cell 'design_1_i/rst_ps7_0_50M/U0'
INFO: [Opt 31-138] Pushed 0 inverter(s) to 0 load pin(s).
Netlist sorting complete. Time (s): cpu = 00:00:00.01 ; elapsed = 00:00:00 . Memory (MB): peak = 7129.977 ; gain = 0.000 ; free physical = 1658 ; free virtual = 7644
INFO: [Project 1-111] Unisim Transformation Summary:
No Unisim elements were transformed.

open_run: Time (s): cpu = 00:00:15 ; elapsed = 00:00:11 . Memory (MB): peak = 7297.617 ; gain = 263.086 ; free physical = 1584 ; free virtual = 7573
set_property IOSTANDARD LVCMOS33 [get_ports [list o_OUT_0]]
set_property IOSTANDARD LVCMOS33 [get_ports [list o_OUT_1]]
set_property IOSTANDARD LVCMOS33 [get_ports [list o_OUT_2]]
set_property IOSTANDARD LVCMOS33 [get_ports [list o_OUT_3]]
place_ports o_OUT_3 T20
place_ports o_OUT_2 R19
place_ports o_OUT_1 P20
place_ports o_OUT_0 N20
place_ports reset_rtl_0 W14
file mkdir /home/sergaljerk/Module_5/m5/m5.srcs/constrs_1/new
close [ open /home/sergaljerk/Module_5/m5/m5.srcs/constrs_1/new/pwm.xdc w ]
add_files -fileset constrs_1 /home/sergaljerk/Module_5/m5/m5.srcs/constrs_1/new/pwm.xdc
set_property target_constrs_file /home/sergaljerk/Module_5/m5/m5.srcs/constrs_1/new/pwm.xdc [current_fileset -constrset]
save_constraints -force
reset_run synth_1
launch_runs synth_1 -jobs 14
[Sun Oct 27 15:34:11 2019] Launched synth_1...
Run output will be captured here: /home/sergaljerk/Module_5/m5/m5.runs/synth_1/runme.log
launch_runs impl_1 -to_step write_bitstream -jobs 14
WARNING: [Project 1-478] Design 'synth_1' is stale and will not be used when launching 'impl_1'
[Sun Oct 27 15:36:14 2019] Launched impl_1...
Run output will be captured here: /home/sergaljerk/Module_5/m5/m5.runs/impl_1/runme.log
set_property IOSTANDARD LVCMOS33 [get_ports [list reset_rtl_0]]
save_constraints -force
refresh_design
INFO: [Netlist 29-17] Analyzing 142 Unisim elements for replacement
INFO: [Netlist 29-28] Unisim Transformation completed in 0 CPU seconds
INFO: [Project 1-479] Netlist was created with Vivado 2019.1
INFO: [Project 1-570] Preparing netlist for logic optimization
Parsing XDC File [/home/sergaljerk/Module_5/m5/m5.srcs/sources_1/bd/design_1/ip/design_1_processing_system7_0_0/design_1_processing_system7_0_0.xdc] for cell 'design_1_i/processing_system7_0/inst'
Finished Parsing XDC File [/home/sergaljerk/Module_5/m5/m5.srcs/sources_1/bd/design_1/ip/design_1_processing_system7_0_0/design_1_processing_system7_0_0.xdc] for cell 'design_1_i/processing_system7_0/inst'
Parsing XDC File [/home/sergaljerk/Module_5/m5/m5.srcs/sources_1/bd/design_1/ip/design_1_rst_ps7_0_50M_0/design_1_rst_ps7_0_50M_0_board.xdc] for cell 'design_1_i/rst_ps7_0_50M/U0'
Finished Parsing XDC File [/home/sergaljerk/Module_5/m5/m5.srcs/sources_1/bd/design_1/ip/design_1_rst_ps7_0_50M_0/design_1_rst_ps7_0_50M_0_board.xdc] for cell 'design_1_i/rst_ps7_0_50M/U0'
Parsing XDC File [/home/sergaljerk/Module_5/m5/m5.srcs/sources_1/bd/design_1/ip/design_1_rst_ps7_0_50M_0/design_1_rst_ps7_0_50M_0.xdc] for cell 'design_1_i/rst_ps7_0_50M/U0'
Finished Parsing XDC File [/home/sergaljerk/Module_5/m5/m5.srcs/sources_1/bd/design_1/ip/design_1_rst_ps7_0_50M_0/design_1_rst_ps7_0_50M_0.xdc] for cell 'design_1_i/rst_ps7_0_50M/U0'
Parsing XDC File [/home/sergaljerk/Module_5/m5/m5.srcs/constrs_1/new/pwm.xdc]
Finished Parsing XDC File [/home/sergaljerk/Module_5/m5/m5.srcs/constrs_1/new/pwm.xdc]
INFO: [Opt 31-138] Pushed 0 inverter(s) to 0 load pin(s).
refresh_design: Time (s): cpu = 00:00:10 ; elapsed = 00:00:06 . Memory (MB): peak = 7661.000 ; gain = 40.020 ; free physical = 1240 ; free virtual = 7244
reset_run impl_1
launch_runs impl_1 -to_step write_bitstream -jobs 14
Netlist sorting complete. Time (s): cpu = 00:00:00 ; elapsed = 00:00:00 . Memory (MB): peak = 7661.000 ; gain = 0.000 ; free physical = 1215 ; free virtual = 7218
INFO: [Timing 38-480] Writing timing data to binary archive.
Writing placer database...
Writing XDEF routing.
Writing XDEF routing logical nets.
Writing XDEF routing special nets.
Write XDEF Complete: Time (s): cpu = 00:00:00.18 ; elapsed = 00:00:00.05 . Memory (MB): peak = 7661.000 ; gain = 0.000 ; free physical = 1202 ; free virtual = 7207
[Sun Oct 27 15:38:27 2019] Launched impl_1...
Run output will be captured here: /home/sergaljerk/Module_5/m5/m5.runs/impl_1/runme.log
file mkdir /home/sergaljerk/Module_5/m5/m5.sdk
file copy -force /home/sergaljerk/Module_5/m5/m5.runs/impl_1/design_1_wrapper.sysdef /home/sergaljerk/Module_5/m5/m5.sdk/design_1_wrapper.hdf

launch_sdk -workspace /home/sergaljerk/Module_5/m5/m5.sdk -hwspec /home/sergaljerk/Module_5/m5/m5.sdk/design_1_wrapper.hdf
INFO: [Vivado 12-393] Launching SDK...
INFO: [Vivado 12-417] Running xsdk -workspace /home/sergaljerk/Module_5/m5/m5.sdk -hwspec /home/sergaljerk/Module_5/m5/m5.sdk/design_1_wrapper.hdf
INFO: [Vivado 12-3157] SDK launch initiated. Please check console for any further messages.
open_bd_design {/home/sergaljerk/Module_5/m5/m5.srcs/sources_1/bd/design_1/design_1.bd}
WARNING: [IP_Flow 19-474] Invalid Parameter 'Component_Name'
WARNING: [IP_Flow 19-474] Invalid Parameter 'Component_Name'
startgroup
set_property -dict [list CONFIG.PCW_DDR_RAM_HIGHADDR {0x1FFFFFFF} CONFIG.PCW_UIPARAM_DDR_BANK_ADDR_COUNT {3} CONFIG.PCW_UIPARAM_DDR_ROW_ADDR_COUNT {15} CONFIG.PCW_UIPARAM_DDR_COL_ADDR_COUNT {10} CONFIG.PCW_UIPARAM_DDR_CL {7} CONFIG.PCW_UIPARAM_DDR_CWL {6.000000} CONFIG.PCW_UIPARAM_DDR_T_RCD {13.75} CONFIG.PCW_UIPARAM_DDR_T_RP {13.75} CONFIG.PCW_UIPARAM_DDR_T_RC {48.75} CONFIG.PCW_UIPARAM_DDR_T_RAS_MIN {35.0} CONFIG.PCW_UIPARAM_DDR_T_FAW {40} CONFIG.PCW_QSPI_PERIPHERAL_FREQMHZ {200} CONFIG.PCW_USB0_PERIPHERAL_FREQMHZ {60} CONFIG.PCW_SDIO_PERIPHERAL_FREQMHZ {100} CONFIG.PCW_UART_PERIPHERAL_FREQMHZ {100} CONFIG.PCW_SPI_PERIPHERAL_FREQMHZ {166.666666} CONFIG.PCW_I2C_PERIPHERAL_FREQMHZ {25} CONFIG.PCW_FPGA0_PERIPHERAL_FREQMHZ {50} CONFIG.PCW_ACT_APU_PERIPHERAL_FREQMHZ {666.666687} CONFIG.PCW_UIPARAM_ACT_DDR_FREQ_MHZ {533.333374} CONFIG.PCW_ACT_DCI_PERIPHERAL_FREQMHZ {10.158730} CONFIG.PCW_ACT_QSPI_PERIPHERAL_FREQMHZ {200.000000} CONFIG.PCW_ACT_SMC_PERIPHERAL_FREQMHZ {10.000000} CONFIG.PCW_ACT_ENET0_PERIPHERAL_FREQMHZ {10.000000} CONFIG.PCW_ACT_ENET1_PERIPHERAL_FREQMHZ {10.000000} CONFIG.PCW_ACT_SDIO_PERIPHERAL_FREQMHZ {100.000000} CONFIG.PCW_ACT_UART_PERIPHERAL_FREQMHZ {100.000000} CONFIG.PCW_ACT_SPI_PERIPHERAL_FREQMHZ {166.666672} CONFIG.PCW_ACT_CAN_PERIPHERAL_FREQMHZ {10.000000} CONFIG.PCW_ACT_WDT_PERIPHERAL_FREQMHZ {111.111115} CONFIG.PCW_ACT_PCAP_PERIPHERAL_FREQMHZ {200.000000} CONFIG.PCW_ACT_TPIU_PERIPHERAL_FREQMHZ {200.000000} CONFIG.PCW_ACT_FPGA0_PERIPHERAL_FREQMHZ {50.000000} CONFIG.PCW_ACT_FPGA1_PERIPHERAL_FREQMHZ {10.000000} CONFIG.PCW_ACT_FPGA2_PERIPHERAL_FREQMHZ {10.000000} CONFIG.PCW_ACT_FPGA3_PERIPHERAL_FREQMHZ {10.000000} CONFIG.PCW_ACT_TTC0_CLK0_PERIPHERAL_FREQMHZ {111.111115} CONFIG.PCW_ACT_TTC0_CLK1_PERIPHERAL_FREQMHZ {111.111115} CONFIG.PCW_ACT_TTC0_CLK2_PERIPHERAL_FREQMHZ {111.111115} CONFIG.PCW_ACT_TTC1_CLK0_PERIPHERAL_FREQMHZ {111.111115} CONFIG.PCW_ACT_TTC1_CLK1_PERIPHERAL_FREQMHZ {111.111115} CONFIG.PCW_ACT_TTC1_CLK2_PERIPHERAL_FREQMHZ {111.111115} CONFIG.PCW_CLK0_FREQ {50000000} CONFIG.PCW_CLK1_FREQ {10000000} CONFIG.PCW_CLK2_FREQ {10000000} CONFIG.PCW_CLK3_FREQ {10000000} CONFIG.PCW_CPU_PERIPHERAL_DIVISOR0 {2} CONFIG.PCW_DDR_PERIPHERAL_DIVISOR0 {2} CONFIG.PCW_SMC_PERIPHERAL_DIVISOR0 {1} CONFIG.PCW_QSPI_PERIPHERAL_DIVISOR0 {5} CONFIG.PCW_SDIO_PERIPHERAL_DIVISOR0 {10} CONFIG.PCW_UART_PERIPHERAL_DIVISOR0 {10} CONFIG.PCW_SPI_PERIPHERAL_DIVISOR0 {6} CONFIG.PCW_CAN_PERIPHERAL_DIVISOR0 {1} CONFIG.PCW_CAN_PERIPHERAL_DIVISOR1 {1} CONFIG.PCW_FCLK0_PERIPHERAL_DIVISOR0 {5} CONFIG.PCW_FCLK1_PERIPHERAL_DIVISOR0 {1} CONFIG.PCW_FCLK2_PERIPHERAL_DIVISOR0 {1} CONFIG.PCW_FCLK3_PERIPHERAL_DIVISOR0 {1} CONFIG.PCW_FCLK0_PERIPHERAL_DIVISOR1 {4} CONFIG.PCW_FCLK1_PERIPHERAL_DIVISOR1 {1} CONFIG.PCW_FCLK2_PERIPHERAL_DIVISOR1 {1} CONFIG.PCW_FCLK3_PERIPHERAL_DIVISOR1 {1} CONFIG.PCW_ENET0_PERIPHERAL_DIVISOR0 {1} CONFIG.PCW_ENET1_PERIPHERAL_DIVISOR0 {1} CONFIG.PCW_ENET0_PERIPHERAL_DIVISOR1 {1} CONFIG.PCW_ENET1_PERIPHERAL_DIVISOR1 {1} CONFIG.PCW_TPIU_PERIPHERAL_DIVISOR0 {1} CONFIG.PCW_DCI_PERIPHERAL_DIVISOR0 {15} CONFIG.PCW_DCI_PERIPHERAL_DIVISOR1 {7} CONFIG.PCW_PCAP_PERIPHERAL_DIVISOR0 {5} CONFIG.PCW_ARMPLL_CTRL_FBDIV {40} CONFIG.PCW_IOPLL_CTRL_FBDIV {30} CONFIG.PCW_DDRPLL_CTRL_FBDIV {32} CONFIG.PCW_CPU_CPU_PLL_FREQMHZ {1333.333} CONFIG.PCW_IO_IO_PLL_FREQMHZ {1000.000} CONFIG.PCW_DDR_DDR_PLL_FREQMHZ {1066.667} CONFIG.PCW_SDIO_PERIPHERAL_VALID {1} CONFIG.PCW_SPI_PERIPHERAL_VALID {1} CONFIG.PCW_UART_PERIPHERAL_VALID {1} CONFIG.PCW_EN_EMIO_SPI1 {0} CONFIG.PCW_EN_EMIO_UART0 {0} CONFIG.PCW_EN_QSPI {1} CONFIG.PCW_EN_GPIO {1} CONFIG.PCW_EN_SDIO0 {1} CONFIG.PCW_EN_SPI1 {1} CONFIG.PCW_EN_UART0 {1} CONFIG.PCW_EN_UART1 {0} CONFIG.PCW_EN_USB0 {1} CONFIG.PCW_UIPARAM_DDR_MEMORY_TYPE {DDR 3 (Low Voltage)} CONFIG.PCW_UIPARAM_DDR_ECC {Disabled} CONFIG.PCW_UIPARAM_DDR_BUS_WIDTH {16 Bit} CONFIG.PCW_UIPARAM_DDR_BL {8} CONFIG.PCW_UIPARAM_DDR_PARTNO {Custom} CONFIG.PCW_UIPARAM_DDR_DRAM_WIDTH {16 Bits} CONFIG.PCW_UIPARAM_DDR_DEVICE_CAPACITY {4096 MBits} CONFIG.PCW_UIPARAM_DDR_SPEED_BIN {DDR3_1600K} CONFIG.PCW_NAND_PERIPHERAL_ENABLE {0} CONFIG.PCW_NAND_GRP_D8_ENABLE {0} CONFIG.PCW_NOR_PERIPHERAL_ENABLE {0} CONFIG.PCW_NOR_GRP_A25_ENABLE {0} CONFIG.PCW_NOR_GRP_CS0_ENABLE {0} CONFIG.PCW_NOR_GRP_SRAM_CS0_ENABLE {0} CONFIG.PCW_NOR_GRP_CS1_ENABLE {0} CONFIG.PCW_NOR_GRP_SRAM_CS1_ENABLE {0} CONFIG.PCW_NOR_GRP_SRAM_INT_ENABLE {0} CONFIG.PCW_QSPI_PERIPHERAL_ENABLE {1} CONFIG.PCW_QSPI_QSPI_IO {MIO 1 .. 6} CONFIG.PCW_QSPI_GRP_SINGLE_SS_ENABLE {1} CONFIG.PCW_QSPI_GRP_SINGLE_SS_IO {MIO 1 .. 6} CONFIG.PCW_QSPI_GRP_SS1_ENABLE {0} CONFIG.PCW_SINGLE_QSPI_DATA_MODE {x4} CONFIG.PCW_QSPI_GRP_IO1_ENABLE {0} CONFIG.PCW_QSPI_GRP_FBCLK_ENABLE {1} CONFIG.PCW_QSPI_GRP_FBCLK_IO {MIO 8} CONFIG.PCW_ENET_RESET_ENABLE {0} CONFIG.PCW_ENET0_RESET_ENABLE {0} CONFIG.PCW_ENET1_RESET_ENABLE {0} CONFIG.PCW_SD0_PERIPHERAL_ENABLE {1} CONFIG.PCW_SD0_SD0_IO {MIO 40 .. 45} CONFIG.PCW_SD0_GRP_CD_ENABLE {1} CONFIG.PCW_SD0_GRP_CD_IO {MIO 47} CONFIG.PCW_SD0_GRP_WP_ENABLE {0} CONFIG.PCW_SD0_GRP_POW_ENABLE {0} CONFIG.PCW_UART0_PERIPHERAL_ENABLE {1} CONFIG.PCW_UART0_UART0_IO {MIO 14 .. 15} CONFIG.PCW_UART0_GRP_FULL_ENABLE {0} CONFIG.PCW_UART1_PERIPHERAL_ENABLE {0} CONFIG.PCW_UART1_UART1_IO {<Select>} CONFIG.PCW_UART1_GRP_FULL_ENABLE {0} CONFIG.PCW_SPI1_PERIPHERAL_ENABLE {1} CONFIG.PCW_SPI1_SPI1_IO {MIO 10 .. 15} CONFIG.PCW_SPI1_GRP_SS0_ENABLE {1} CONFIG.PCW_SPI1_GRP_SS0_IO {MIO 13} CONFIG.PCW_SPI1_GRP_SS1_ENABLE {0} CONFIG.PCW_SPI1_GRP_SS2_ENABLE {0} CONFIG.PCW_USB0_PERIPHERAL_ENABLE {1} CONFIG.PCW_USB0_USB0_IO {MIO 28 .. 39} CONFIG.PCW_USB_RESET_ENABLE {1} CONFIG.PCW_USB_RESET_SELECT {Share reset pin} CONFIG.PCW_USB0_RESET_ENABLE {1} CONFIG.PCW_USB0_RESET_IO {MIO 46} CONFIG.PCW_USB1_RESET_ENABLE {0} CONFIG.PCW_I2C0_RESET_ENABLE {0} CONFIG.PCW_I2C_RESET_ENABLE {1} CONFIG.PCW_I2C1_RESET_ENABLE {0} CONFIG.PCW_GPIO_MIO_GPIO_ENABLE {1} CONFIG.PCW_GPIO_MIO_GPIO_IO {MIO} CONFIG.PCW_MIO_0_PULLUP {enabled} CONFIG.PCW_MIO_0_IOTYPE {LVCMOS 3.3V} CONFIG.PCW_MIO_0_DIRECTION {inout} CONFIG.PCW_MIO_0_SLEW {slow} CONFIG.PCW_MIO_1_PULLUP {enabled} CONFIG.PCW_MIO_1_IOTYPE {LVCMOS 3.3V} CONFIG.PCW_MIO_1_DIRECTION {out} CONFIG.PCW_MIO_1_SLEW {slow} CONFIG.PCW_MIO_2_PULLUP {disabled} CONFIG.PCW_MIO_2_IOTYPE {LVCMOS 3.3V} CONFIG.PCW_MIO_2_DIRECTION {inout} CONFIG.PCW_MIO_2_SLEW {slow} CONFIG.PCW_MIO_3_PULLUP {disabled} CONFIG.PCW_MIO_3_IOTYPE {LVCMOS 3.3V} CONFIG.PCW_MIO_3_DIRECTION {inout} CONFIG.PCW_MIO_3_SLEW {slow} CONFIG.PCW_MIO_4_PULLUP {disabled} CONFIG.PCW_MIO_4_IOTYPE {LVCMOS 3.3V} CONFIG.PCW_MIO_4_DIRECTION {inout} CONFIG.PCW_MIO_4_SLEW {slow} CONFIG.PCW_MIO_5_PULLUP {disabled} CONFIG.PCW_MIO_5_IOTYPE {LVCMOS 3.3V} CONFIG.PCW_MIO_5_DIRECTION {inout} CONFIG.PCW_MIO_5_SLEW {slow} CONFIG.PCW_MIO_6_PULLUP {disabled} CONFIG.PCW_MIO_6_IOTYPE {LVCMOS 3.3V} CONFIG.PCW_MIO_6_DIRECTION {out} CONFIG.PCW_MIO_6_SLEW {slow} CONFIG.PCW_MIO_7_PULLUP {disabled} CONFIG.PCW_MIO_7_IOTYPE {LVCMOS 3.3V} CONFIG.PCW_MIO_7_DIRECTION {out} CONFIG.PCW_MIO_7_SLEW {slow} CONFIG.PCW_MIO_8_PULLUP {disabled} CONFIG.PCW_MIO_8_IOTYPE {LVCMOS 3.3V} CONFIG.PCW_MIO_8_DIRECTION {out} CONFIG.PCW_MIO_8_SLEW {slow} CONFIG.PCW_MIO_9_PULLUP {enabled} CONFIG.PCW_MIO_9_IOTYPE {LVCMOS 3.3V} CONFIG.PCW_MIO_9_DIRECTION {inout} CONFIG.PCW_MIO_9_SLEW {slow} CONFIG.PCW_MIO_10_PULLUP {enabled} CONFIG.PCW_MIO_10_IOTYPE {LVCMOS 3.3V} CONFIG.PCW_MIO_10_DIRECTION {inout} CONFIG.PCW_MIO_10_SLEW {slow} CONFIG.PCW_MIO_11_PULLUP {enabled} CONFIG.PCW_MIO_11_IOTYPE {LVCMOS 3.3V} CONFIG.PCW_MIO_11_DIRECTION {inout} CONFIG.PCW_MIO_11_SLEW {slow} CONFIG.PCW_MIO_12_PULLUP {enabled} CONFIG.PCW_MIO_12_IOTYPE {LVCMOS 3.3V} CONFIG.PCW_MIO_12_DIRECTION {inout} CONFIG.PCW_MIO_12_SLEW {slow} CONFIG.PCW_MIO_13_PULLUP {enabled} CONFIG.PCW_MIO_13_IOTYPE {LVCMOS 3.3V} CONFIG.PCW_MIO_13_DIRECTION {inout} CONFIG.PCW_MIO_13_SLEW {slow} CONFIG.PCW_MIO_14_PULLUP {enabled} CONFIG.PCW_MIO_14_IOTYPE {LVCMOS 3.3V} CONFIG.PCW_MIO_14_DIRECTION {in} CONFIG.PCW_MIO_14_SLEW {slow} CONFIG.PCW_MIO_15_PULLUP {enabled} CONFIG.PCW_MIO_15_IOTYPE {LVCMOS 3.3V} CONFIG.PCW_MIO_15_DIRECTION {out} CONFIG.PCW_MIO_15_SLEW {slow} CONFIG.PCW_MIO_16_PULLUP {enabled} CONFIG.PCW_MIO_16_IOTYPE {LVCMOS 3.3V} CONFIG.PCW_MIO_16_DIRECTION {inout} CONFIG.PCW_MIO_16_SLEW {slow} CONFIG.PCW_MIO_17_PULLUP {enabled} CONFIG.PCW_MIO_17_IOTYPE {LVCMOS 3.3V} CONFIG.PCW_MIO_17_DIRECTION {inout} CONFIG.PCW_MIO_17_SLEW {slow} CONFIG.PCW_MIO_18_PULLUP {enabled} CONFIG.PCW_MIO_18_IOTYPE {LVCMOS 3.3V} CONFIG.PCW_MIO_18_DIRECTION {inout} CONFIG.PCW_MIO_18_SLEW {slow} CONFIG.PCW_MIO_19_PULLUP {enabled} CONFIG.PCW_MIO_19_IOTYPE {LVCMOS 3.3V} CONFIG.PCW_MIO_19_DIRECTION {inout} CONFIG.PCW_MIO_19_SLEW {slow} CONFIG.PCW_MIO_20_PULLUP {enabled} CONFIG.PCW_MIO_20_IOTYPE {LVCMOS 3.3V} CONFIG.PCW_MIO_20_DIRECTION {inout} CONFIG.PCW_MIO_20_SLEW {slow} CONFIG.PCW_MIO_21_PULLUP {enabled} CONFIG.PCW_MIO_21_IOTYPE {LVCMOS 3.3V} CONFIG.PCW_MIO_21_DIRECTION {inout} CONFIG.PCW_MIO_21_SLEW {slow} CONFIG.PCW_MIO_22_PULLUP {enabled} CONFIG.PCW_MIO_22_IOTYPE {LVCMOS 3.3V} CONFIG.PCW_MIO_22_DIRECTION {inout} CONFIG.PCW_MIO_22_SLEW {slow} CONFIG.PCW_MIO_23_PULLUP {enabled} CONFIG.PCW_MIO_23_IOTYPE {LVCMOS 3.3V} CONFIG.PCW_MIO_23_DIRECTION {inout} CONFIG.PCW_MIO_23_SLEW {slow} CONFIG.PCW_MIO_24_PULLUP {enabled} CONFIG.PCW_MIO_24_IOTYPE {LVCMOS 3.3V} CONFIG.PCW_MIO_24_DIRECTION {inout} CONFIG.PCW_MIO_24_SLEW {slow} CONFIG.PCW_MIO_25_PULLUP {enabled} CONFIG.PCW_MIO_25_IOTYPE {LVCMOS 3.3V} CONFIG.PCW_MIO_25_DIRECTION {inout} CONFIG.PCW_MIO_25_SLEW {slow} CONFIG.PCW_MIO_26_PULLUP {enabled} CONFIG.PCW_MIO_26_IOTYPE {LVCMOS 3.3V} CONFIG.PCW_MIO_26_DIRECTION {inout} CONFIG.PCW_MIO_26_SLEW {slow} CONFIG.PCW_MIO_27_PULLUP {enabled} CONFIG.PCW_MIO_27_IOTYPE {LVCMOS 3.3V} CONFIG.PCW_MIO_27_DIRECTION {inout} CONFIG.PCW_MIO_27_SLEW {slow} CONFIG.PCW_MIO_28_PULLUP {enabled} CONFIG.PCW_MIO_28_IOTYPE {LVCMOS 3.3V} CONFIG.PCW_MIO_28_DIRECTION {inout} CONFIG.PCW_MIO_28_SLEW {slow} CONFIG.PCW_MIO_29_PULLUP {enabled} CONFIG.PCW_MIO_29_IOTYPE {LVCMOS 3.3V} CONFIG.PCW_MIO_29_DIRECTION {in} CONFIG.PCW_MIO_29_SLEW {slow} CONFIG.PCW_MIO_30_PULLUP {enabled} CONFIG.PCW_MIO_30_IOTYPE {LVCMOS 3.3V} CONFIG.PCW_MIO_30_DIRECTION {out} CONFIG.PCW_MIO_30_SLEW {slow} CONFIG.PCW_MIO_31_PULLUP {enabled} CONFIG.PCW_MIO_31_IOTYPE {LVCMOS 3.3V} CONFIG.PCW_MIO_31_DIRECTION {in} CONFIG.PCW_MIO_31_SLEW {slow} CONFIG.PCW_MIO_32_PULLUP {enabled} CONFIG.PCW_MIO_32_IOTYPE {LVCMOS 3.3V} CONFIG.PCW_MIO_32_DIRECTION {inout} CONFIG.PCW_MIO_32_SLEW {slow} CONFIG.PCW_MIO_33_PULLUP {enabled} CONFIG.PCW_MIO_33_IOTYPE {LVCMOS 3.3V} CONFIG.PCW_MIO_33_DIRECTION {inout} CONFIG.PCW_MIO_33_SLEW {slow} CONFIG.PCW_MIO_34_PULLUP {enabled} CONFIG.PCW_MIO_34_IOTYPE {LVCMOS 3.3V} CONFIG.PCW_MIO_34_DIRECTION {inout} CONFIG.PCW_MIO_34_SLEW {slow} CONFIG.PCW_MIO_35_PULLUP {enabled} CONFIG.PCW_MIO_35_IOTYPE {LVCMOS 3.3V} CONFIG.PCW_MIO_35_DIRECTION {inout} CONFIG.PCW_MIO_35_SLEW {slow} CONFIG.PCW_MIO_36_PULLUP {enabled} CONFIG.PCW_MIO_36_IOTYPE {LVCMOS 3.3V} CONFIG.PCW_MIO_36_DIRECTION {in} CONFIG.PCW_MIO_36_SLEW {slow} CONFIG.PCW_MIO_37_PULLUP {enabled} CONFIG.PCW_MIO_37_IOTYPE {LVCMOS 3.3V} CONFIG.PCW_MIO_37_DIRECTION {inout} CONFIG.PCW_MIO_37_SLEW {slow} CONFIG.PCW_MIO_38_PULLUP {enabled} CONFIG.PCW_MIO_38_IOTYPE {LVCMOS 3.3V} CONFIG.PCW_MIO_38_DIRECTION {inout} CONFIG.PCW_MIO_38_SLEW {slow} CONFIG.PCW_MIO_39_PULLUP {enabled} CONFIG.PCW_MIO_39_IOTYPE {LVCMOS 3.3V} CONFIG.PCW_MIO_39_DIRECTION {inout} CONFIG.PCW_MIO_39_SLEW {slow} CONFIG.PCW_MIO_40_PULLUP {enabled} CONFIG.PCW_MIO_40_IOTYPE {LVCMOS 3.3V} CONFIG.PCW_MIO_40_DIRECTION {inout} CONFIG.PCW_MIO_40_SLEW {slow} CONFIG.PCW_MIO_41_PULLUP {enabled} CONFIG.PCW_MIO_41_IOTYPE {LVCMOS 3.3V} CONFIG.PCW_MIO_41_DIRECTION {inout} CONFIG.PCW_MIO_41_SLEW {slow} CONFIG.PCW_MIO_42_PULLUP {enabled} CONFIG.PCW_MIO_42_IOTYPE {LVCMOS 3.3V} CONFIG.PCW_MIO_42_DIRECTION {inout} CONFIG.PCW_MIO_42_SLEW {slow} CONFIG.PCW_MIO_43_PULLUP {enabled} CONFIG.PCW_MIO_43_IOTYPE {LVCMOS 3.3V} CONFIG.PCW_MIO_43_DIRECTION {inout} CONFIG.PCW_MIO_43_SLEW {slow} CONFIG.PCW_MIO_44_PULLUP {enabled} CONFIG.PCW_MIO_44_IOTYPE {LVCMOS 3.3V} CONFIG.PCW_MIO_44_DIRECTION {inout} CONFIG.PCW_MIO_44_SLEW {slow} CONFIG.PCW_MIO_45_PULLUP {enabled} CONFIG.PCW_MIO_45_IOTYPE {LVCMOS 3.3V} CONFIG.PCW_MIO_45_DIRECTION {inout} CONFIG.PCW_MIO_45_SLEW {slow} CONFIG.PCW_MIO_46_PULLUP {enabled} CONFIG.PCW_MIO_46_IOTYPE {LVCMOS 3.3V} CONFIG.PCW_MIO_46_DIRECTION {out} CONFIG.PCW_MIO_46_SLEW {slow} CONFIG.PCW_MIO_47_PULLUP {enabled} CONFIG.PCW_MIO_47_IOTYPE {LVCMOS 3.3V} CONFIG.PCW_MIO_47_DIRECTION {in} CONFIG.PCW_MIO_47_SLEW {slow} CONFIG.PCW_MIO_48_PULLUP {enabled} CONFIG.PCW_MIO_48_IOTYPE {LVCMOS 3.3V} CONFIG.PCW_MIO_48_DIRECTION {inout} CONFIG.PCW_MIO_48_SLEW {slow} CONFIG.PCW_MIO_49_PULLUP {enabled} CONFIG.PCW_MIO_49_IOTYPE {LVCMOS 3.3V} CONFIG.PCW_MIO_49_DIRECTION {inout} CONFIG.PCW_MIO_49_SLEW {slow} CONFIG.PCW_MIO_50_PULLUP {enabled} CONFIG.PCW_MIO_50_IOTYPE {LVCMOS 3.3V} CONFIG.PCW_MIO_50_DIRECTION {inout} CONFIG.PCW_MIO_50_SLEW {slow} CONFIG.PCW_MIO_51_PULLUP {enabled} CONFIG.PCW_MIO_51_IOTYPE {LVCMOS 3.3V} CONFIG.PCW_MIO_51_DIRECTION {inout} CONFIG.PCW_MIO_51_SLEW {slow} CONFIG.PCW_MIO_52_PULLUP {enabled} CONFIG.PCW_MIO_52_IOTYPE {LVCMOS 3.3V} CONFIG.PCW_MIO_52_DIRECTION {inout} CONFIG.PCW_MIO_52_SLEW {slow} CONFIG.PCW_MIO_53_PULLUP {enabled} CONFIG.PCW_MIO_53_IOTYPE {LVCMOS 3.3V} CONFIG.PCW_MIO_53_DIRECTION {inout} CONFIG.PCW_MIO_53_SLEW {slow} CONFIG.PCW_MIO_TREE_PERIPHERALS {GPIO#Quad SPI Flash#Quad SPI Flash#Quad SPI Flash#Quad SPI Flash#Quad SPI Flash#Quad SPI Flash#GPIO#Quad SPI Flash#GPIO#SPI 1#SPI 1#SPI 1#SPI 1#UART 0#UART 0#GPIO#GPIO#GPIO#GPIO#GPIO#GPIO#GPIO#GPIO#GPIO#GPIO#GPIO#GPIO#USB 0#USB 0#USB 0#USB 0#USB 0#USB 0#USB 0#USB 0#USB 0#USB 0#USB 0#USB 0#SD 0#SD 0#SD 0#SD 0#SD 0#SD 0#USB Reset#SD 0#GPIO#GPIO#GPIO#GPIO#GPIO#GPIO} CONFIG.PCW_MIO_TREE_SIGNALS {gpio[0]#qspi0_ss_b#qspi0_io[0]#qspi0_io[1]#qspi0_io[2]#qspi0_io[3]/HOLD_B#qspi0_sclk#gpio[7]#qspi_fbclk#gpio[9]#mosi#miso#sclk#ss[0]#rx#tx#gpio[16]#gpio[17]#gpio[18]#gpio[19]#gpio[20]#gpio[21]#gpio[22]#gpio[23]#gpio[24]#gpio[25]#gpio[26]#gpio[27]#data[4]#dir#stp#nxt#data[0]#data[1]#data[2]#data[3]#clk#data[5]#data[6]#data[7]#clk#cmd#data[0]#data[1]#data[2]#data[3]#reset#cd#gpio[48]#gpio[49]#gpio[50]#gpio[51]#gpio[52]#gpio[53]} CONFIG.PCW_FPGA_FCLK0_ENABLE {1} CONFIG.PCW_FPGA_FCLK1_ENABLE {0} CONFIG.PCW_FPGA_FCLK2_ENABLE {0} CONFIG.PCW_FPGA_FCLK3_ENABLE {0}] [get_bd_cells processing_system7_0]
endgroup
save_bd_design
Wrote  : </home/sergaljerk/Module_5/m5/m5.srcs/sources_1/bd/design_1/design_1.bd> 
Wrote  : </home/sergaljerk/Module_5/m5/m5.srcs/sources_1/bd/design_1/ui/bd_1f5defd0.ui> 
ipx::edit_ip_in_project -upgrade true -name PWM_CONTROLLER_v1_0_project -directory /home/sergaljerk/Module_5/m5/m5.tmp/PWM_CONTROLLER_v1_0_project /home/sergaljerk/Module_5/ip_repo/PWM_CONTROLLER_1.0/component.xml
INFO: [IP_Flow 19-234] Refreshing IP repositories
INFO: [IP_Flow 19-1704] No user IP repositories specified
INFO: [IP_Flow 19-2313] Loaded Vivado IP repository '/opt/Vivado/2019.1/data/ip'.
INFO: [IP_Flow 19-234] Refreshing IP repositories
INFO: [IP_Flow 19-1700] Loaded user IP repository '/home/sergaljerk/Module_5/ip_repo/PWM_CONTROLLER_1.0'.
INFO: [IP_Flow 19-795] Syncing license key meta-data
WARNING: [filemgmt 56-99] Vivado Synthesis ignores library specification for Verilog or SystemVerilog files. [/home/sergaljerk/Module_5/ip_repo/PWM_CONTROLLER_1.0/hdl/PWM_CONTROLLER_v1_0_S00_AXI.v:]
WARNING: [filemgmt 56-99] Vivado Synthesis ignores library specification for Verilog or SystemVerilog files. [/home/sergaljerk/Module_5/ip_repo/PWM_CONTROLLER_1.0/hdl/PWM_CONTROLLER_v1_0.v:]
update_compile_order -fileset sources_1
set_property core_revision 5 [ipx::current_core]
ipx::update_source_project_archive -component [ipx::current_core]
ipx::create_xgui_files [ipx::current_core]
ipx::update_checksums [ipx::current_core]
ipx::save_core [ipx::current_core]
ipx::move_temp_component_back -component [ipx::current_core]
close_project -delete
update_ip_catalog -rebuild -repo_path /home/sergaljerk/Module_5/ip_repo/PWM_CONTROLLER_1.0
INFO: [IP_Flow 19-725] Reloaded user IP repository '/home/sergaljerk/Module_5/ip_repo/PWM_CONTROLLER_1.0'
report_ip_status -name ip_status 
upgrade_ip -vlnv user.org:user:PWM_CONTROLLER:1.0 [get_ips  design_1_PWM_CONTROLLER_0_0] -log ip_upgrade.log
Upgrading '/home/sergaljerk/Module_5/m5/m5.srcs/sources_1/bd/design_1/design_1.bd'
INFO: [IP_Flow 19-3422] Upgraded design_1_PWM_CONTROLLER_0_0 (PWM_CONTROLLER_v1.0 1.0) from revision 4 to revision 5
Wrote  : </home/sergaljerk/Module_5/m5/m5.srcs/sources_1/bd/design_1/design_1.bd> 
INFO: [Coretcl 2-1525] Wrote upgrade log to '/home/sergaljerk/Module_5/m5/ip_upgrade.log'.
export_ip_user_files -of_objects [get_ips design_1_PWM_CONTROLLER_0_0] -no_script -sync -force -quiet
generate_target all [get_files  /home/sergaljerk/Module_5/m5/m5.srcs/sources_1/bd/design_1/design_1.bd]
WARNING: [BD 41-927] Following properties on pin /HZ_Counter_0/i_CLK have been updated from connected ip. They may not be synchronized with cell properties. You can set property on pin directly to confirm the value and resolve the warning.
	CLK_DOMAIN=design_1_processing_system7_0_0_FCLK_CLK0 
WARNING: [BD 41-927] Following properties on pin /DUTY_CYCLE_0/i_CLK have been updated from connected ip. They may not be synchronized with cell properties. You can set property on pin directly to confirm the value and resolve the warning.
	CLK_DOMAIN=design_1_processing_system7_0_0_FCLK_CLK0 
WARNING: [BD 41-927] Following properties on pin /HZ_Counter_1/i_CLK have been updated from connected ip. They may not be synchronized with cell properties. You can set property on pin directly to confirm the value and resolve the warning.
	CLK_DOMAIN=design_1_processing_system7_0_0_FCLK_CLK0 
WARNING: [BD 41-927] Following properties on pin /HZ_Counter_2/i_CLK have been updated from connected ip. They may not be synchronized with cell properties. You can set property on pin directly to confirm the value and resolve the warning.
	CLK_DOMAIN=design_1_processing_system7_0_0_FCLK_CLK0 
WARNING: [BD 41-927] Following properties on pin /HZ_Counter_3/i_CLK have been updated from connected ip. They may not be synchronized with cell properties. You can set property on pin directly to confirm the value and resolve the warning.
	CLK_DOMAIN=design_1_processing_system7_0_0_FCLK_CLK0 
WARNING: [BD 41-927] Following properties on pin /DUTY_CYCLE_1/i_CLK have been updated from connected ip. They may not be synchronized with cell properties. You can set property on pin directly to confirm the value and resolve the warning.
	CLK_DOMAIN=design_1_processing_system7_0_0_FCLK_CLK0 
WARNING: [BD 41-927] Following properties on pin /DUTY_CYCLE_2/i_CLK have been updated from connected ip. They may not be synchronized with cell properties. You can set property on pin directly to confirm the value and resolve the warning.
	CLK_DOMAIN=design_1_processing_system7_0_0_FCLK_CLK0 
WARNING: [BD 41-927] Following properties on pin /DUTY_CYCLE_3/i_CLK have been updated from connected ip. They may not be synchronized with cell properties. You can set property on pin directly to confirm the value and resolve the warning.
	CLK_DOMAIN=design_1_processing_system7_0_0_FCLK_CLK0 
Wrote  : </home/sergaljerk/Module_5/m5/m5.srcs/sources_1/bd/design_1/design_1.bd> 
VHDL Output written to : /home/sergaljerk/Module_5/m5/m5.srcs/sources_1/bd/design_1/synth/design_1.v
VHDL Output written to : /home/sergaljerk/Module_5/m5/m5.srcs/sources_1/bd/design_1/sim/design_1.v
VHDL Output written to : /home/sergaljerk/Module_5/m5/m5.srcs/sources_1/bd/design_1/hdl/design_1_wrapper.v
INFO: [BD 41-1029] Generation completed for the IP Integrator block HZ_Counter_0 .
INFO: [BD 41-1029] Generation completed for the IP Integrator block util_vector_logic_0 .
INFO: [BD 41-1029] Generation completed for the IP Integrator block processing_system7_0 .
INFO: [BD 41-1029] Generation completed for the IP Integrator block rst_ps7_0_50M .
INFO: [BD 41-1029] Generation completed for the IP Integrator block PWM_CONTROLLER_0 .
INFO: [BD 41-1029] Generation completed for the IP Integrator block xlslice_0 .
INFO: [BD 41-1029] Generation completed for the IP Integrator block DUTY_CYCLE_0 .
INFO: [BD 41-1029] Generation completed for the IP Integrator block HZ_Counter_1 .
INFO: [BD 41-1029] Generation completed for the IP Integrator block HZ_Counter_2 .
INFO: [BD 41-1029] Generation completed for the IP Integrator block HZ_Counter_3 .
INFO: [BD 41-1029] Generation completed for the IP Integrator block DUTY_CYCLE_1 .
INFO: [BD 41-1029] Generation completed for the IP Integrator block DUTY_CYCLE_2 .
INFO: [BD 41-1029] Generation completed for the IP Integrator block DUTY_CYCLE_3 .
INFO: [BD 41-1029] Generation completed for the IP Integrator block xlslice_1 .
INFO: [BD 41-1029] Generation completed for the IP Integrator block xlslice_2 .
INFO: [BD 41-1029] Generation completed for the IP Integrator block xlslice_3 .
WARNING: [IP_Flow 19-4994] Overwriting existing constraint file '/home/sergaljerk/Module_5/m5/m5.srcs/sources_1/bd/design_1/ip/design_1_auto_pc_0/design_1_auto_pc_0_ooc.xdc'
INFO: [BD 41-1029] Generation completed for the IP Integrator block ps7_0_axi_periph/s00_couplers/auto_pc .
Exporting to file /home/sergaljerk/Module_5/m5/m5.srcs/sources_1/bd/design_1/hw_handoff/design_1.hwh
Generated Block Design Tcl file /home/sergaljerk/Module_5/m5/m5.srcs/sources_1/bd/design_1/hw_handoff/design_1_bd.tcl
Generated Hardware Definition File /home/sergaljerk/Module_5/m5/m5.srcs/sources_1/bd/design_1/synth/design_1.hwdef
generate_target: Time (s): cpu = 00:00:16 ; elapsed = 00:00:16 . Memory (MB): peak = 7840.188 ; gain = 0.000 ; free physical = 1318 ; free virtual = 7182
export_ip_user_files -of_objects [get_files /home/sergaljerk/Module_5/m5/m5.srcs/sources_1/bd/design_1/design_1.bd] -no_script -sync -force -quiet
export_simulation -of_objects [get_files /home/sergaljerk/Module_5/m5/m5.srcs/sources_1/bd/design_1/design_1.bd] -directory /home/sergaljerk/Module_5/m5/m5.ip_user_files/sim_scripts -ip_user_files_dir /home/sergaljerk/Module_5/m5/m5.ip_user_files -ipstatic_source_dir /home/sergaljerk/Module_5/m5/m5.ip_user_files/ipstatic -lib_map_path [list {modelsim=/home/sergaljerk/Module_5/m5/m5.cache/compile_simlib/modelsim} {questa=/home/sergaljerk/Module_5/m5/m5.cache/compile_simlib/questa} {ies=/home/sergaljerk/Module_5/m5/m5.cache/compile_simlib/ies} {xcelium=/home/sergaljerk/Module_5/m5/m5.cache/compile_simlib/xcelium} {vcs=/home/sergaljerk/Module_5/m5/m5.cache/compile_simlib/vcs} {riviera=/home/sergaljerk/Module_5/m5/m5.cache/compile_simlib/riviera}] -use_ip_compiled_libs -force -quiet
report_ip_status -name ip_status 
reset_run synth_1
launch_runs impl_1 -to_step write_bitstream -jobs 14
WARNING: [Project 1-478] Design 'synth_1' is stale and will not be used when launching 'impl_1'
[Sun Oct 27 15:55:30 2019] Launched synth_1...
Run output will be captured here: /home/sergaljerk/Module_5/m5/m5.runs/synth_1/runme.log
[Sun Oct 27 15:55:30 2019] Launched impl_1...
Run output will be captured here: /home/sergaljerk/Module_5/m5/m5.runs/impl_1/runme.log
file copy -force /home/sergaljerk/Module_5/m5/m5.runs/impl_1/design_1_wrapper.sysdef /home/sergaljerk/Module_5/m5/m5.sdk/design_1_wrapper.hdf

launch_sdk -workspace /home/sergaljerk/Module_5/m5/m5.sdk -hwspec /home/sergaljerk/Module_5/m5/m5.sdk/design_1_wrapper.hdf
INFO: [Vivado 12-393] Launching SDK...
INFO: [Vivado 12-417] Running xsdk -workspace /home/sergaljerk/Module_5/m5/m5.sdk -hwspec /home/sergaljerk/Module_5/m5/m5.sdk/design_1_wrapper.hdf
INFO: [Vivado 12-3157] SDK launch initiated. Please check console for any further messages.
file copy -force /home/sergaljerk/Module_5/m5/m5.runs/impl_1/design_1_wrapper.sysdef /home/sergaljerk/Module_5/m5/m5.sdk/design_1_wrapper.hdf

launch_sdk -workspace /home/sergaljerk/Module_5/m5/m5.sdk -hwspec /home/sergaljerk/Module_5/m5/m5.sdk/design_1_wrapper.hdf
INFO: [Vivado 12-393] Launching SDK...
INFO: [Vivado 12-417] Running xsdk -workspace /home/sergaljerk/Module_5/m5/m5.sdk -hwspec /home/sergaljerk/Module_5/m5/m5.sdk/design_1_wrapper.hdf
INFO: [Vivado 12-3157] SDK launch initiated. Please check console for any further messages.
exit
INFO: [Common 17-206] Exiting Vivado at Sun Oct 27 16:32:44 2019...
