Exception at PC 0x00007FFCB6DAC5F4
Attemped to read address 0x00000000089FF000
Printing stacktrace...

[0] (memmove+0x2c4) [0x00007FFCB6DAC5F4]
[1] (memmove+0x2c4) [0x00007FFCB6DAC5F4]
[2] (SimBridge::WdbCircularBuffer::putPacket+0x1bb) [0x00007FFC937ED29B]
[3] (SimBridge::WdbSharedMemMgr::putPacket+0x29) [0x00007FFC93806F89]
[4] (SimBridge::IWdbWriter::operator=+0x934) [0x00007FFC937FBB94]
[5] (SimBridge::IWdbWriter::operator=+0x42c) [0x00007FFC937FB68C]
[6] (xsi_trace_all+0xb333) [0x00007FFC60284CC3]
[7] (xilinx_sc::sc_core::sc_vector_base::size+0xe3ff) [0x00007FFC603A2C2F]
[8]  [0x00007FFC601C3A1E]
[9]  [0x00007FFC601C3A5E]
[10]  [0x00007FFC601C3A5E]
[11]  [0x00007FFC601C909A]
[12]  [0x00007FFC601BCC95]
[13]  [0x00007FFC601C36A8]
[14]  [0x00007FFC601C6FF4]
[15] (iki_simulate_design+0x36) [0x00007FFC601F6256]
[16]  [0x0000000000408979]
[17]  [0x00000000004013E8]
[18]  [0x000000000040151B]
[19] (BaseThreadInitThunk+0x14) [0x00007FFCC0851FE4]
[20] (RtlUserThreadStart+0x21) [0x00007FFCC0FACB31]
Done
