
*** Running vivado
    with args -log system_myLED_0_0.vds -m64 -product Vivado -mode batch -messageDb vivado.pb -notrace -source system_myLED_0_0.tcl


****** Vivado v2018.2 (64-bit)
  **** SW Build 2258646 on Thu Jun 14 20:03:12 MDT 2018
  **** IP Build 2256618 on Thu Jun 14 22:10:49 MDT 2018
    ** Copyright 1986-2018 Xilinx, Inc. All Rights Reserved.

source system_myLED_0_0.tcl -notrace
Command: synth_design -top system_myLED_0_0 -part xc7z007sclg400-1 -mode out_of_context
Starting synth_design
Attempting to get a license for feature 'Synthesis' and/or device 'xc7z007s'
INFO: [Common 17-349] Got license for feature 'Synthesis' and/or device 'xc7z007s'
INFO: Launching helper process for spawning children vivado processes
INFO: Helper process launched with PID 7680 
---------------------------------------------------------------------------------
Starting RTL Elaboration : Time (s): cpu = 00:00:02 ; elapsed = 00:00:04 . Memory (MB): peak = 395.844 ; gain = 102.125
---------------------------------------------------------------------------------
INFO: [Synth 8-6157] synthesizing module 'system_myLED_0_0' [c:/Users/Sergaljerk/WSU-CPTE/EE324/Module_2/Module_2.srcs/sources_1/bd/system/ip/system_myLED_0_0/synth/system_myLED_0_0.v:57]
INFO: [Synth 8-6157] synthesizing module 'myLED_v1_0' [c:/Users/Sergaljerk/WSU-CPTE/EE324/Module_2/Module_2.srcs/sources_1/bd/system/ipshared/9f7e/hdl/myLED_v1_0.v:4]
	Parameter C_S00_AXI_DATA_WIDTH bound to: 32 - type: integer 
	Parameter C_S00_AXI_ADDR_WIDTH bound to: 4 - type: integer 
INFO: [Synth 8-6157] synthesizing module 'myLED_v1_0_S00_AXI' [c:/Users/Sergaljerk/WSU-CPTE/EE324/Module_2/Module_2.srcs/sources_1/bd/system/ipshared/9f7e/hdl/myLED_v1_0_S00_AXI.v:4]
	Parameter C_S_AXI_DATA_WIDTH bound to: 32 - type: integer 
	Parameter C_S_AXI_ADDR_WIDTH bound to: 4 - type: integer 
	Parameter ADDR_LSB bound to: 2 - type: integer 
	Parameter OPT_MEM_ADDR_BITS bound to: 1 - type: integer 
INFO: [Synth 8-5534] Detected attribute (* keep = "true" *) [c:/Users/Sergaljerk/WSU-CPTE/EE324/Module_2/Module_2.srcs/sources_1/bd/system/ipshared/9f7e/hdl/myLED_v1_0_S00_AXI.v:108]
INFO: [Synth 8-5534] Detected attribute (* mark_debug = "true" *) [c:/Users/Sergaljerk/WSU-CPTE/EE324/Module_2/Module_2.srcs/sources_1/bd/system/ipshared/9f7e/hdl/myLED_v1_0_S00_AXI.v:108]
INFO: [Synth 8-5534] Detected attribute (* keep = "true" *) [c:/Users/Sergaljerk/WSU-CPTE/EE324/Module_2/Module_2.srcs/sources_1/bd/system/ipshared/9f7e/hdl/myLED_v1_0_S00_AXI.v:110]
INFO: [Synth 8-5534] Detected attribute (* mark_debug = "true" *) [c:/Users/Sergaljerk/WSU-CPTE/EE324/Module_2/Module_2.srcs/sources_1/bd/system/ipshared/9f7e/hdl/myLED_v1_0_S00_AXI.v:110]
INFO: [Synth 8-5534] Detected attribute (* keep = "true" *) [c:/Users/Sergaljerk/WSU-CPTE/EE324/Module_2/Module_2.srcs/sources_1/bd/system/ipshared/9f7e/hdl/myLED_v1_0_S00_AXI.v:112]
INFO: [Synth 8-5534] Detected attribute (* mark_debug = "true" *) [c:/Users/Sergaljerk/WSU-CPTE/EE324/Module_2/Module_2.srcs/sources_1/bd/system/ipshared/9f7e/hdl/myLED_v1_0_S00_AXI.v:112]
INFO: [Synth 8-5534] Detected attribute (* keep = "true" *) [c:/Users/Sergaljerk/WSU-CPTE/EE324/Module_2/Module_2.srcs/sources_1/bd/system/ipshared/9f7e/hdl/myLED_v1_0_S00_AXI.v:114]
INFO: [Synth 8-5534] Detected attribute (* mark_debug = "true" *) [c:/Users/Sergaljerk/WSU-CPTE/EE324/Module_2/Module_2.srcs/sources_1/bd/system/ipshared/9f7e/hdl/myLED_v1_0_S00_AXI.v:114]
INFO: [Synth 8-226] default block is never used [c:/Users/Sergaljerk/WSU-CPTE/EE324/Module_2/Module_2.srcs/sources_1/bd/system/ipshared/9f7e/hdl/myLED_v1_0_S00_AXI.v:235]
INFO: [Synth 8-226] default block is never used [c:/Users/Sergaljerk/WSU-CPTE/EE324/Module_2/Module_2.srcs/sources_1/bd/system/ipshared/9f7e/hdl/myLED_v1_0_S00_AXI.v:376]
INFO: [Synth 8-6155] done synthesizing module 'myLED_v1_0_S00_AXI' (1#1) [c:/Users/Sergaljerk/WSU-CPTE/EE324/Module_2/Module_2.srcs/sources_1/bd/system/ipshared/9f7e/hdl/myLED_v1_0_S00_AXI.v:4]
INFO: [Synth 8-6155] done synthesizing module 'myLED_v1_0' (2#1) [c:/Users/Sergaljerk/WSU-CPTE/EE324/Module_2/Module_2.srcs/sources_1/bd/system/ipshared/9f7e/hdl/myLED_v1_0.v:4]
INFO: [Synth 8-6155] done synthesizing module 'system_myLED_0_0' (3#1) [c:/Users/Sergaljerk/WSU-CPTE/EE324/Module_2/Module_2.srcs/sources_1/bd/system/ip/system_myLED_0_0/synth/system_myLED_0_0.v:57]
WARNING: [Synth 8-3331] design myLED_v1_0_S00_AXI has unconnected port S_AXI_AWPROT[2]
WARNING: [Synth 8-3331] design myLED_v1_0_S00_AXI has unconnected port S_AXI_AWPROT[1]
WARNING: [Synth 8-3331] design myLED_v1_0_S00_AXI has unconnected port S_AXI_AWPROT[0]
WARNING: [Synth 8-3331] design myLED_v1_0_S00_AXI has unconnected port S_AXI_ARPROT[2]
WARNING: [Synth 8-3331] design myLED_v1_0_S00_AXI has unconnected port S_AXI_ARPROT[1]
WARNING: [Synth 8-3331] design myLED_v1_0_S00_AXI has unconnected port S_AXI_ARPROT[0]
---------------------------------------------------------------------------------
Finished RTL Elaboration : Time (s): cpu = 00:00:03 ; elapsed = 00:00:05 . Memory (MB): peak = 451.016 ; gain = 157.297
---------------------------------------------------------------------------------

Report Check Netlist: 
+------+------------------+-------+---------+-------+------------------+
|      |Item              |Errors |Warnings |Status |Description       |
+------+------------------+-------+---------+-------+------------------+
|1     |multi_driven_nets |      0|        0|Passed |Multi driven nets |
+------+------------------+-------+---------+-------+------------------+
---------------------------------------------------------------------------------
Start Handling Custom Attributes
---------------------------------------------------------------------------------
---------------------------------------------------------------------------------
Finished Handling Custom Attributes : Time (s): cpu = 00:00:03 ; elapsed = 00:00:05 . Memory (MB): peak = 451.016 ; gain = 157.297
---------------------------------------------------------------------------------
---------------------------------------------------------------------------------
Finished RTL Optimization Phase 1 : Time (s): cpu = 00:00:03 ; elapsed = 00:00:05 . Memory (MB): peak = 451.016 ; gain = 157.297
---------------------------------------------------------------------------------
INFO: [Device 21-403] Loading part xc7z007sclg400-1
INFO: [Project 1-570] Preparing netlist for logic optimization

Processing XDC Constraints
Initializing timing engine
Completed Processing XDC Constraints

INFO: [Project 1-111] Unisim Transformation Summary:
No Unisim elements were transformed.

WARNING: [Constraints 18-5210] No constraint will be written out.
Constraint Validation Runtime : Time (s): cpu = 00:00:00 ; elapsed = 00:00:00.128 . Memory (MB): peak = 755.352 ; gain = 3.348
---------------------------------------------------------------------------------
Finished Constraint Validation : Time (s): cpu = 00:00:13 ; elapsed = 00:00:17 . Memory (MB): peak = 755.352 ; gain = 461.633
---------------------------------------------------------------------------------
---------------------------------------------------------------------------------
Start Loading Part and Timing Information
---------------------------------------------------------------------------------
Loading part: xc7z007sclg400-1
---------------------------------------------------------------------------------
Finished Loading Part and Timing Information : Time (s): cpu = 00:00:13 ; elapsed = 00:00:17 . Memory (MB): peak = 755.352 ; gain = 461.633
---------------------------------------------------------------------------------
---------------------------------------------------------------------------------
Start Applying 'set_property' XDC Constraints
---------------------------------------------------------------------------------
---------------------------------------------------------------------------------
Finished applying 'set_property' XDC Constraints : Time (s): cpu = 00:00:13 ; elapsed = 00:00:17 . Memory (MB): peak = 755.352 ; gain = 461.633
---------------------------------------------------------------------------------
---------------------------------------------------------------------------------
Finished RTL Optimization Phase 2 : Time (s): cpu = 00:00:14 ; elapsed = 00:00:17 . Memory (MB): peak = 755.352 ; gain = 461.633
---------------------------------------------------------------------------------

Report RTL Partitions: 
+-+--------------+------------+----------+
| |RTL Partition |Replication |Instances |
+-+--------------+------------+----------+
+-+--------------+------------+----------+
---------------------------------------------------------------------------------
Start RTL Component Statistics 
---------------------------------------------------------------------------------
Detailed RTL Component Info : 
+---Registers : 
	               32 Bit    Registers := 5     
	                4 Bit    Registers := 3     
	                2 Bit    Registers := 2     
	                1 Bit    Registers := 6     
+---Muxes : 
	   4 Input     32 Bit        Muxes := 5     
	   2 Input      8 Bit        Muxes := 16    
	   2 Input      1 Bit        Muxes := 5     
---------------------------------------------------------------------------------
Finished RTL Component Statistics 
---------------------------------------------------------------------------------
---------------------------------------------------------------------------------
Start RTL Hierarchical Component Statistics 
---------------------------------------------------------------------------------
Hierarchical RTL Component report 
Module myLED_v1_0_S00_AXI 
Detailed RTL Component Info : 
+---Registers : 
	               32 Bit    Registers := 5     
	                4 Bit    Registers := 3     
	                2 Bit    Registers := 2     
	                1 Bit    Registers := 6     
+---Muxes : 
	   4 Input     32 Bit        Muxes := 5     
	   2 Input      8 Bit        Muxes := 16    
	   2 Input      1 Bit        Muxes := 5     
---------------------------------------------------------------------------------
Finished RTL Hierarchical Component Statistics
---------------------------------------------------------------------------------
---------------------------------------------------------------------------------
Start Part Resource Summary
---------------------------------------------------------------------------------
Part Resources:
DSPs: 66 (col length:40)
BRAMs: 100 (col length: RAMB18 40 RAMB36 20)
---------------------------------------------------------------------------------
Finished Part Resource Summary
---------------------------------------------------------------------------------
---------------------------------------------------------------------------------
Start Cross Boundary and Area Optimization
---------------------------------------------------------------------------------
Warning: Parallel synthesis criteria is not met 
WARNING: [Synth 8-3331] design system_myLED_0_0 has unconnected port s00_axi_awprot[2]
WARNING: [Synth 8-3331] design system_myLED_0_0 has unconnected port s00_axi_awprot[1]
WARNING: [Synth 8-3331] design system_myLED_0_0 has unconnected port s00_axi_awprot[0]
WARNING: [Synth 8-3331] design system_myLED_0_0 has unconnected port s00_axi_arprot[2]
WARNING: [Synth 8-3331] design system_myLED_0_0 has unconnected port s00_axi_arprot[1]
WARNING: [Synth 8-3331] design system_myLED_0_0 has unconnected port s00_axi_arprot[0]
INFO: [Synth 8-3886] merging instance 'inst/myLED_v1_0_S00_AXI_inst/axi_rresp_reg[0]' (FDRE) to 'inst/myLED_v1_0_S00_AXI_inst/axi_rresp_reg[1]'
INFO: [Synth 8-3333] propagating constant 0 across sequential element (\inst/myLED_v1_0_S00_AXI_inst/axi_rresp_reg[1] )
INFO: [Synth 8-3886] merging instance 'inst/myLED_v1_0_S00_AXI_inst/axi_bresp_reg[0]' (FDRE) to 'inst/myLED_v1_0_S00_AXI_inst/axi_bresp_reg[1]'
INFO: [Synth 8-3333] propagating constant 0 across sequential element (\inst/myLED_v1_0_S00_AXI_inst/axi_bresp_reg[1] )
INFO: [Synth 8-3332] Sequential element (inst/myLED_v1_0_S00_AXI_inst/axi_awaddr_reg[1]) is unused and will be removed from module system_myLED_0_0.
INFO: [Synth 8-3332] Sequential element (inst/myLED_v1_0_S00_AXI_inst/axi_awaddr_reg[0]) is unused and will be removed from module system_myLED_0_0.
INFO: [Synth 8-3332] Sequential element (inst/myLED_v1_0_S00_AXI_inst/axi_bresp_reg[1]) is unused and will be removed from module system_myLED_0_0.
INFO: [Synth 8-3332] Sequential element (inst/myLED_v1_0_S00_AXI_inst/axi_araddr_reg[1]) is unused and will be removed from module system_myLED_0_0.
INFO: [Synth 8-3332] Sequential element (inst/myLED_v1_0_S00_AXI_inst/axi_araddr_reg[0]) is unused and will be removed from module system_myLED_0_0.
INFO: [Synth 8-3332] Sequential element (inst/myLED_v1_0_S00_AXI_inst/axi_rresp_reg[1]) is unused and will be removed from module system_myLED_0_0.
---------------------------------------------------------------------------------
Finished Cross Boundary and Area Optimization : Time (s): cpu = 00:00:15 ; elapsed = 00:00:19 . Memory (MB): peak = 755.352 ; gain = 461.633
---------------------------------------------------------------------------------

Report RTL Partitions: 
+-+--------------+------------+----------+
| |RTL Partition |Replication |Instances |
+-+--------------+------------+----------+
+-+--------------+------------+----------+
---------------------------------------------------------------------------------
Start Applying XDC Timing Constraints
---------------------------------------------------------------------------------
---------------------------------------------------------------------------------
Finished Applying XDC Timing Constraints : Time (s): cpu = 00:00:27 ; elapsed = 00:00:31 . Memory (MB): peak = 778.250 ; gain = 484.531
---------------------------------------------------------------------------------
---------------------------------------------------------------------------------
Start Timing Optimization
---------------------------------------------------------------------------------
---------------------------------------------------------------------------------
Finished Timing Optimization : Time (s): cpu = 00:00:27 ; elapsed = 00:00:31 . Memory (MB): peak = 778.695 ; gain = 484.977
---------------------------------------------------------------------------------

Report RTL Partitions: 
+-+--------------+------------+----------+
| |RTL Partition |Replication |Instances |
+-+--------------+------------+----------+
+-+--------------+------------+----------+
---------------------------------------------------------------------------------
Start Technology Mapping
---------------------------------------------------------------------------------
---------------------------------------------------------------------------------
Finished Technology Mapping : Time (s): cpu = 00:00:27 ; elapsed = 00:00:31 . Memory (MB): peak = 789.102 ; gain = 495.383
---------------------------------------------------------------------------------

Report RTL Partitions: 
+-+--------------+------------+----------+
| |RTL Partition |Replication |Instances |
+-+--------------+------------+----------+
+-+--------------+------------+----------+
---------------------------------------------------------------------------------
Start IO Insertion
---------------------------------------------------------------------------------
---------------------------------------------------------------------------------
Start Flattening Before IO Insertion
---------------------------------------------------------------------------------
---------------------------------------------------------------------------------
Finished Flattening Before IO Insertion
---------------------------------------------------------------------------------
---------------------------------------------------------------------------------
Start Final Netlist Cleanup
---------------------------------------------------------------------------------
---------------------------------------------------------------------------------
Finished Final Netlist Cleanup
---------------------------------------------------------------------------------
---------------------------------------------------------------------------------
Finished IO Insertion : Time (s): cpu = 00:00:28 ; elapsed = 00:00:32 . Memory (MB): peak = 789.102 ; gain = 495.383
---------------------------------------------------------------------------------

Report Check Netlist: 
+------+------------------+-------+---------+-------+------------------+
|      |Item              |Errors |Warnings |Status |Description       |
+------+------------------+-------+---------+-------+------------------+
|1     |multi_driven_nets |      0|        0|Passed |Multi driven nets |
+------+------------------+-------+---------+-------+------------------+
---------------------------------------------------------------------------------
Start Renaming Generated Instances
---------------------------------------------------------------------------------
---------------------------------------------------------------------------------
Finished Renaming Generated Instances : Time (s): cpu = 00:00:28 ; elapsed = 00:00:32 . Memory (MB): peak = 789.102 ; gain = 495.383
---------------------------------------------------------------------------------

Report RTL Partitions: 
+-+--------------+------------+----------+
| |RTL Partition |Replication |Instances |
+-+--------------+------------+----------+
+-+--------------+------------+----------+
---------------------------------------------------------------------------------
Start Rebuilding User Hierarchy
---------------------------------------------------------------------------------
---------------------------------------------------------------------------------
Finished Rebuilding User Hierarchy : Time (s): cpu = 00:00:28 ; elapsed = 00:00:32 . Memory (MB): peak = 789.102 ; gain = 495.383
---------------------------------------------------------------------------------
---------------------------------------------------------------------------------
Start Renaming Generated Ports
---------------------------------------------------------------------------------
---------------------------------------------------------------------------------
Finished Renaming Generated Ports : Time (s): cpu = 00:00:28 ; elapsed = 00:00:32 . Memory (MB): peak = 789.102 ; gain = 495.383
---------------------------------------------------------------------------------
---------------------------------------------------------------------------------
Start Handling Custom Attributes
---------------------------------------------------------------------------------
---------------------------------------------------------------------------------
Finished Handling Custom Attributes : Time (s): cpu = 00:00:28 ; elapsed = 00:00:32 . Memory (MB): peak = 789.102 ; gain = 495.383
---------------------------------------------------------------------------------
---------------------------------------------------------------------------------
Start Renaming Generated Nets
---------------------------------------------------------------------------------
---------------------------------------------------------------------------------
Finished Renaming Generated Nets : Time (s): cpu = 00:00:28 ; elapsed = 00:00:32 . Memory (MB): peak = 789.102 ; gain = 495.383
---------------------------------------------------------------------------------
---------------------------------------------------------------------------------
Start Writing Synthesis Report
---------------------------------------------------------------------------------

Report BlackBoxes: 
+-+--------------+----------+
| |BlackBox name |Instances |
+-+--------------+----------+
+-+--------------+----------+

Report Cell Usage: 
+------+-----+------+
|      |Cell |Count |
+------+-----+------+
|1     |LUT1 |     1|
|2     |LUT2 |     5|
|3     |LUT3 |     1|
|4     |LUT4 |     6|
|5     |LUT5 |   128|
|6     |LUT6 |    36|
|7     |FDRE |   173|
|8     |FDSE |     1|
+------+-----+------+

Report Instance Areas: 
+------+----------------------------+-------------------+------+
|      |Instance                    |Module             |Cells |
+------+----------------------------+-------------------+------+
|1     |top                         |                   |   351|
|2     |  inst                      |myLED_v1_0         |   351|
|3     |    myLED_v1_0_S00_AXI_inst |myLED_v1_0_S00_AXI |   351|
+------+----------------------------+-------------------+------+
---------------------------------------------------------------------------------
Finished Writing Synthesis Report : Time (s): cpu = 00:00:28 ; elapsed = 00:00:32 . Memory (MB): peak = 789.102 ; gain = 495.383
---------------------------------------------------------------------------------
Synthesis finished with 0 errors, 0 critical warnings and 6 warnings.
Synthesis Optimization Runtime : Time (s): cpu = 00:00:17 ; elapsed = 00:00:23 . Memory (MB): peak = 789.102 ; gain = 191.047
Synthesis Optimization Complete : Time (s): cpu = 00:00:28 ; elapsed = 00:00:33 . Memory (MB): peak = 789.102 ; gain = 495.383
INFO: [Project 1-571] Translating synthesized netlist
INFO: [Project 1-570] Preparing netlist for logic optimization
INFO: [Opt 31-138] Pushed 0 inverter(s) to 0 load pin(s).
INFO: [Project 1-111] Unisim Transformation Summary:
No Unisim elements were transformed.

INFO: [Common 17-83] Releasing license: Synthesis
35 Infos, 13 Warnings, 0 Critical Warnings and 0 Errors encountered.
synth_design completed successfully
synth_design: Time (s): cpu = 00:00:31 ; elapsed = 00:00:35 . Memory (MB): peak = 804.141 ; gain = 522.203
WARNING: [Constraints 18-5210] No constraint will be written out.
INFO: [Common 17-1381] The checkpoint 'C:/Users/Sergaljerk/WSU-CPTE/EE324/Module_2/Module_2.runs/system_myLED_0_0_synth_1/system_myLED_0_0.dcp' has been generated.
INFO: [Coretcl 2-1482] Added synthesis output to IP cache for IP c:/Users/Sergaljerk/WSU-CPTE/EE324/Module_2/Module_2.srcs/sources_1/bd/system/ip/system_myLED_0_0/system_myLED_0_0.xci
INFO: [Coretcl 2-1174] Renamed 2 cell refs.
WARNING: [Constraints 18-5210] No constraint will be written out.
INFO: [Common 17-1381] The checkpoint 'C:/Users/Sergaljerk/WSU-CPTE/EE324/Module_2/Module_2.runs/system_myLED_0_0_synth_1/system_myLED_0_0.dcp' has been generated.
INFO: [runtcl-4] Executing : report_utilization -file system_myLED_0_0_utilization_synth.rpt -pb system_myLED_0_0_utilization_synth.pb
report_utilization: Time (s): cpu = 00:00:00 ; elapsed = 00:00:00.029 . Memory (MB): peak = 804.141 ; gain = 0.000
INFO: [Common 17-206] Exiting Vivado at Tue Oct 23 22:03:27 2018...
