Copyright 1986-2018 Xilinx, Inc. All Rights Reserved.
--------------------------------------------------------------------------------------------------------------------------------------------------------------------------------------------------------------------------------
| Tool Version : Vivado v.2018.2 (win64) Build 2258646 Thu Jun 14 20:03:12 MDT 2018
| Date         : Sun Nov 18 23:13:49 2018
| Host         : LAPTOP-QC2AS776 running 64-bit major release  (build 9200)
| Command      : report_methodology -file Reaction_Time_Averager_wrapper_methodology_drc_routed.rpt -pb Reaction_Time_Averager_wrapper_methodology_drc_routed.pb -rpx Reaction_Time_Averager_wrapper_methodology_drc_routed.rpx
| Design       : Reaction_Time_Averager_wrapper
| Device       : xc7z007sclg400-1
| Speed File   : -1
| Design State : Routed
--------------------------------------------------------------------------------------------------------------------------------------------------------------------------------------------------------------------------------

Report Methodology

Table of Contents
-----------------
1. REPORT SUMMARY
2. REPORT DETAILS

1. REPORT SUMMARY
-----------------
            Netlist: netlist
          Floorplan: design_1
      Design limits: <entire design considered>
             Max violations: <unlimited>
             Violations found: 36
+-----------+----------+-----------------------------+------------+
| Rule      | Severity | Description                 | Violations |
+-----------+----------+-----------------------------+------------+
| TIMING-17 | Warning  | Non-clocked sequential cell | 18         |
| TIMING-20 | Warning  | Non-clocked latch           | 18         |
+-----------+----------+-----------------------------+------------+

2. REPORT DETAILS
-----------------
TIMING-17#1 Warning
Non-clocked sequential cell  
The clock pin Reaction_Time_Averager_i/RTM_FSM_0/inst/r_CURRENT_STATE_reg[0]/C is not reached by a timing clock
Related violations: <none>

TIMING-17#2 Warning
Non-clocked sequential cell  
The clock pin Reaction_Time_Averager_i/RTM_FSM_0/inst/r_CURRENT_STATE_reg[1]/C is not reached by a timing clock
Related violations: <none>

TIMING-17#3 Warning
Non-clocked sequential cell  
The clock pin Reaction_Time_Averager_i/stopwatch_ssd_driver_0/inst/r_Digit_1_val_reg[0]/C is not reached by a timing clock
Related violations: <none>

TIMING-17#4 Warning
Non-clocked sequential cell  
The clock pin Reaction_Time_Averager_i/stopwatch_ssd_driver_0/inst/r_Digit_1_val_reg[1]/C is not reached by a timing clock
Related violations: <none>

TIMING-17#5 Warning
Non-clocked sequential cell  
The clock pin Reaction_Time_Averager_i/stopwatch_ssd_driver_0/inst/r_Digit_1_val_reg[2]/C is not reached by a timing clock
Related violations: <none>

TIMING-17#6 Warning
Non-clocked sequential cell  
The clock pin Reaction_Time_Averager_i/stopwatch_ssd_driver_0/inst/r_Digit_1_val_reg[3]/C is not reached by a timing clock
Related violations: <none>

TIMING-17#7 Warning
Non-clocked sequential cell  
The clock pin Reaction_Time_Averager_i/stopwatch_ssd_driver_0/inst/r_Digit_2_val_reg[0]/C is not reached by a timing clock
Related violations: <none>

TIMING-17#8 Warning
Non-clocked sequential cell  
The clock pin Reaction_Time_Averager_i/stopwatch_ssd_driver_0/inst/r_Digit_2_val_reg[1]/C is not reached by a timing clock
Related violations: <none>

TIMING-17#9 Warning
Non-clocked sequential cell  
The clock pin Reaction_Time_Averager_i/stopwatch_ssd_driver_0/inst/r_Digit_2_val_reg[2]/C is not reached by a timing clock
Related violations: <none>

TIMING-17#10 Warning
Non-clocked sequential cell  
The clock pin Reaction_Time_Averager_i/stopwatch_ssd_driver_0/inst/r_Digit_2_val_reg[3]/C is not reached by a timing clock
Related violations: <none>

TIMING-17#11 Warning
Non-clocked sequential cell  
The clock pin Reaction_Time_Averager_i/stopwatch_ssd_driver_0/inst/r_Digit_3_val_reg[0]/C is not reached by a timing clock
Related violations: <none>

TIMING-17#12 Warning
Non-clocked sequential cell  
The clock pin Reaction_Time_Averager_i/stopwatch_ssd_driver_0/inst/r_Digit_3_val_reg[1]/C is not reached by a timing clock
Related violations: <none>

TIMING-17#13 Warning
Non-clocked sequential cell  
The clock pin Reaction_Time_Averager_i/stopwatch_ssd_driver_0/inst/r_Digit_3_val_reg[2]/C is not reached by a timing clock
Related violations: <none>

TIMING-17#14 Warning
Non-clocked sequential cell  
The clock pin Reaction_Time_Averager_i/stopwatch_ssd_driver_0/inst/r_Digit_3_val_reg[3]/C is not reached by a timing clock
Related violations: <none>

TIMING-17#15 Warning
Non-clocked sequential cell  
The clock pin Reaction_Time_Averager_i/stopwatch_ssd_driver_0/inst/r_Digit_4_val_reg[0]/C is not reached by a timing clock
Related violations: <none>

TIMING-17#16 Warning
Non-clocked sequential cell  
The clock pin Reaction_Time_Averager_i/stopwatch_ssd_driver_0/inst/r_Digit_4_val_reg[1]/C is not reached by a timing clock
Related violations: <none>

TIMING-17#17 Warning
Non-clocked sequential cell  
The clock pin Reaction_Time_Averager_i/stopwatch_ssd_driver_0/inst/r_Digit_4_val_reg[2]/C is not reached by a timing clock
Related violations: <none>

TIMING-17#18 Warning
Non-clocked sequential cell  
The clock pin Reaction_Time_Averager_i/stopwatch_ssd_driver_0/inst/r_Digit_4_val_reg[3]/C is not reached by a timing clock
Related violations: <none>

TIMING-20#1 Warning
Non-clocked latch  
The latch Reaction_Time_Averager_i/RTM_FSM_0/inst/r_CEN_reg cannot be properly analyzed as its control pin Reaction_Time_Averager_i/RTM_FSM_0/inst/r_CEN_reg/G is not reached by a timing clock
Related violations: <none>

TIMING-20#2 Warning
Non-clocked latch  
The latch Reaction_Time_Averager_i/RTM_FSM_0/inst/r_COUNTER_reg[0] cannot be properly analyzed as its control pin Reaction_Time_Averager_i/RTM_FSM_0/inst/r_COUNTER_reg[0]/G is not reached by a timing clock
Related violations: <none>

TIMING-20#3 Warning
Non-clocked latch  
The latch Reaction_Time_Averager_i/RTM_FSM_0/inst/r_COUNTER_reg[10] cannot be properly analyzed as its control pin Reaction_Time_Averager_i/RTM_FSM_0/inst/r_COUNTER_reg[10]/G is not reached by a timing clock
Related violations: <none>

TIMING-20#4 Warning
Non-clocked latch  
The latch Reaction_Time_Averager_i/RTM_FSM_0/inst/r_COUNTER_reg[11] cannot be properly analyzed as its control pin Reaction_Time_Averager_i/RTM_FSM_0/inst/r_COUNTER_reg[11]/G is not reached by a timing clock
Related violations: <none>

TIMING-20#5 Warning
Non-clocked latch  
The latch Reaction_Time_Averager_i/RTM_FSM_0/inst/r_COUNTER_reg[12] cannot be properly analyzed as its control pin Reaction_Time_Averager_i/RTM_FSM_0/inst/r_COUNTER_reg[12]/G is not reached by a timing clock
Related violations: <none>

TIMING-20#6 Warning
Non-clocked latch  
The latch Reaction_Time_Averager_i/RTM_FSM_0/inst/r_COUNTER_reg[1] cannot be properly analyzed as its control pin Reaction_Time_Averager_i/RTM_FSM_0/inst/r_COUNTER_reg[1]/G is not reached by a timing clock
Related violations: <none>

TIMING-20#7 Warning
Non-clocked latch  
The latch Reaction_Time_Averager_i/RTM_FSM_0/inst/r_COUNTER_reg[2] cannot be properly analyzed as its control pin Reaction_Time_Averager_i/RTM_FSM_0/inst/r_COUNTER_reg[2]/G is not reached by a timing clock
Related violations: <none>

TIMING-20#8 Warning
Non-clocked latch  
The latch Reaction_Time_Averager_i/RTM_FSM_0/inst/r_COUNTER_reg[3] cannot be properly analyzed as its control pin Reaction_Time_Averager_i/RTM_FSM_0/inst/r_COUNTER_reg[3]/G is not reached by a timing clock
Related violations: <none>

TIMING-20#9 Warning
Non-clocked latch  
The latch Reaction_Time_Averager_i/RTM_FSM_0/inst/r_COUNTER_reg[4] cannot be properly analyzed as its control pin Reaction_Time_Averager_i/RTM_FSM_0/inst/r_COUNTER_reg[4]/G is not reached by a timing clock
Related violations: <none>

TIMING-20#10 Warning
Non-clocked latch  
The latch Reaction_Time_Averager_i/RTM_FSM_0/inst/r_COUNTER_reg[5] cannot be properly analyzed as its control pin Reaction_Time_Averager_i/RTM_FSM_0/inst/r_COUNTER_reg[5]/G is not reached by a timing clock
Related violations: <none>

TIMING-20#11 Warning
Non-clocked latch  
The latch Reaction_Time_Averager_i/RTM_FSM_0/inst/r_COUNTER_reg[6] cannot be properly analyzed as its control pin Reaction_Time_Averager_i/RTM_FSM_0/inst/r_COUNTER_reg[6]/G is not reached by a timing clock
Related violations: <none>

TIMING-20#12 Warning
Non-clocked latch  
The latch Reaction_Time_Averager_i/RTM_FSM_0/inst/r_COUNTER_reg[7] cannot be properly analyzed as its control pin Reaction_Time_Averager_i/RTM_FSM_0/inst/r_COUNTER_reg[7]/G is not reached by a timing clock
Related violations: <none>

TIMING-20#13 Warning
Non-clocked latch  
The latch Reaction_Time_Averager_i/RTM_FSM_0/inst/r_COUNTER_reg[8] cannot be properly analyzed as its control pin Reaction_Time_Averager_i/RTM_FSM_0/inst/r_COUNTER_reg[8]/G is not reached by a timing clock
Related violations: <none>

TIMING-20#14 Warning
Non-clocked latch  
The latch Reaction_Time_Averager_i/RTM_FSM_0/inst/r_COUNTER_reg[9] cannot be properly analyzed as its control pin Reaction_Time_Averager_i/RTM_FSM_0/inst/r_COUNTER_reg[9]/G is not reached by a timing clock
Related violations: <none>

TIMING-20#15 Warning
Non-clocked latch  
The latch Reaction_Time_Averager_i/RTM_FSM_0/inst/r_NEXT_STATE_reg[0] cannot be properly analyzed as its control pin Reaction_Time_Averager_i/RTM_FSM_0/inst/r_NEXT_STATE_reg[0]/G is not reached by a timing clock
Related violations: <none>

TIMING-20#16 Warning
Non-clocked latch  
The latch Reaction_Time_Averager_i/RTM_FSM_0/inst/r_NEXT_STATE_reg[1] cannot be properly analyzed as its control pin Reaction_Time_Averager_i/RTM_FSM_0/inst/r_NEXT_STATE_reg[1]/G is not reached by a timing clock
Related violations: <none>

TIMING-20#17 Warning
Non-clocked latch  
The latch Reaction_Time_Averager_i/RTM_FSM_0/inst/r_Ready_reg[1] cannot be properly analyzed as its control pin Reaction_Time_Averager_i/RTM_FSM_0/inst/r_Ready_reg[1]/G is not reached by a timing clock
Related violations: <none>

TIMING-20#18 Warning
Non-clocked latch  
The latch Reaction_Time_Averager_i/RTM_FSM_0/inst/r_SWEN_reg cannot be properly analyzed as its control pin Reaction_Time_Averager_i/RTM_FSM_0/inst/r_SWEN_reg/G is not reached by a timing clock
Related violations: <none>


