INFO: [VRFC 10-2263] Analyzing Verilog file "C:/Users/Sergaljerk/WSU-CPTE/Module_9/Module_9.srcs/sources_1/new/Multiplier.v" into library xil_defaultlib
INFO: [VRFC 10-311] analyzing module Multiplier
INFO: [VRFC 10-2263] Analyzing Verilog file "C:/Users/Sergaljerk/WSU-CPTE/Module_9/Module_9.srcs/sources_1/imports/Parts/ssd_dec.v" into library xil_defaultlib
INFO: [VRFC 10-311] analyzing module ssd_dec
INFO: [VRFC 10-2263] Analyzing Verilog file "C:/Users/Sergaljerk/WSU-CPTE/Module_9/Module_9.srcs/sources_1/imports/Parts/ssd_mux.v" into library xil_defaultlib
INFO: [VRFC 10-311] analyzing module ssd_mux
INFO: [VRFC 10-2263] Analyzing Verilog file "C:/Users/Sergaljerk/WSU-CPTE/Module_9/Module_9.ip_user_files/bd/MUL/ip/MUL_Digit_1_0/sim/MUL_Digit_1_0.v" into library xil_defaultlib
INFO: [VRFC 10-311] analyzing module MUL_Digit_1_0
INFO: [VRFC 10-2263] Analyzing Verilog file "C:/Users/Sergaljerk/WSU-CPTE/Module_9/Module_9.ip_user_files/bd/MUL/ip/MUL_Digit_2_0/sim/MUL_Digit_2_0.v" into library xil_defaultlib
INFO: [VRFC 10-311] analyzing module MUL_Digit_2_0
INFO: [VRFC 10-2263] Analyzing Verilog file "C:/Users/Sergaljerk/WSU-CPTE/Module_9/Module_9.ip_user_files/bd/MUL/ip/MUL_Digit_3_0/sim/MUL_Digit_3_0.v" into library xil_defaultlib
INFO: [VRFC 10-311] analyzing module MUL_Digit_3_0
INFO: [VRFC 10-2263] Analyzing Verilog file "C:/Users/Sergaljerk/WSU-CPTE/Module_9/Module_9.ip_user_files/bd/MUL/ip/MUL_Digit_4_0/sim/MUL_Digit_4_0.v" into library xil_defaultlib
INFO: [VRFC 10-311] analyzing module MUL_Digit_4_0
INFO: [VRFC 10-2263] Analyzing Verilog file "C:/Users/Sergaljerk/WSU-CPTE/Module_9/Module_9.ip_user_files/bd/MUL/ip/MUL_Multiplier_0_0/MUL_Multiplier_0_0_sim_netlist.v" into library xil_defaultlib
INFO: [VRFC 10-311] analyzing module MUL_Multiplier_0_0
INFO: [VRFC 10-311] analyzing module MUL_Multiplier_0_0_Multiplier
INFO: [VRFC 10-311] analyzing module glbl
INFO: [VRFC 10-2263] Analyzing Verilog file "C:/Users/Sergaljerk/WSU-CPTE/Module_9/Module_9.ip_user_files/bd/MUL/ip/MUL_ssd_dec_0_0/MUL_ssd_dec_0_0_sim_netlist.v" into library xil_defaultlib
INFO: [VRFC 10-311] analyzing module MUL_ssd_dec_0_0
INFO: [VRFC 10-311] analyzing module MUL_ssd_dec_0_0_ssd_dec
INFO: [VRFC 10-2263] Analyzing Verilog file "C:/Users/Sergaljerk/WSU-CPTE/Module_9/Module_9.ip_user_files/bd/MUL/ip/MUL_ssd_mux_0_0/MUL_ssd_mux_0_0_sim_netlist.v" into library xil_defaultlib
INFO: [VRFC 10-311] analyzing module MUL_ssd_mux_0_0
INFO: [VRFC 10-311] analyzing module MUL_ssd_mux_0_0_ssd_mux
INFO: [VRFC 10-2263] Analyzing Verilog file "C:/Users/Sergaljerk/WSU-CPTE/Module_9/Module_9.ip_user_files/bd/MUL/sim/MUL.v" into library xil_defaultlib
INFO: [VRFC 10-311] analyzing module MUL
INFO: [VRFC 10-163] Analyzing VHDL file "C:/Users/Sergaljerk/AppData/Roaming/Xilinx/Vivado/test_MUL.vhd" into library xil_defaultlib
INFO: [VRFC 10-307] analyzing entity test_MUL
