Copyright 1986-2018 Xilinx, Inc. All Rights Reserved.
------------------------------------------------------------------------------------
| Tool Version : Vivado v.2018.2 (win64) Build 2258646 Thu Jun 14 20:03:12 MDT 2018
| Date         : Tue Dec  4 14:23:34 2018
| Host         : DESKTOP-3VDLSPS running 64-bit major release  (build 9200)
| Command      : upgrade_ip
| Device       : xc7z007sclg400-1
------------------------------------------------------------------------------------

Upgrade Log for IP 'hdmi_tx_0'

1. Summary
----------

SUCCESS in the upgrade of hdmi_tx_0 (realdigital.org:realdigital:hdmi_tx:1.0) from (Rev. 1) to (Rev. 2)






Copyright 1986-2018 Xilinx, Inc. All Rights Reserved.
------------------------------------------------------------------------------------
| Tool Version : Vivado v.2018.2 (win64) Build 2258646 Thu Jun 14 20:03:12 MDT 2018
| Date         : Tue Dec  4 14:23:34 2018
| Host         : DESKTOP-3VDLSPS running 64-bit major release  (build 9200)
| Command      : upgrade_ip
| Device       : xc7z007sclg400-1
------------------------------------------------------------------------------------

Upgrade Log for IP 'YEET_hdmi_tx_0_0'

1. Summary
----------

SUCCESS in the upgrade of YEET_hdmi_tx_0_0 (realdigital.org:realdigital:hdmi_tx:1.0) from (Rev. 1) to (Rev. 2)

