Copyright 1986-2018 Xilinx, Inc. All Rights Reserved.
-------------------------------------------------------------------------------------------------------------------------------------------------------
| Tool Version     : Vivado v.2018.2 (win64) Build 2258646 Thu Jun 14 20:03:12 MDT 2018
| Date             : Fri Sep 14 20:40:14 2018
| Host             : DESKTOP-3VDLSPS running 64-bit major release  (build 9200)
| Command          : report_power -file challenge_7_power_routed.rpt -pb challenge_7_power_summary_routed.pb -rpx challenge_7_power_routed.rpx
| Design           : challenge_7
| Device           : xc7z007sclg400-1
| Design State     : routed
| Grade            : commercial
| Process          : typical
| Characterization : Production
-------------------------------------------------------------------------------------------------------------------------------------------------------

Power Report

Table of Contents
-----------------
1. Summary
1.1 On-Chip Components
1.2 Power Supply Summary
1.3 Confidence Level
2. Settings
2.1 Environment
2.2 Clock Constraints
3. Detailed Reports
3.1 By Hierarchy

1. Summary
----------

+--------------------------+--------------+
| Total On-Chip Power (W)  | 0.106        |
| Design Power Budget (W)  | Unspecified* |
| Power Budget Margin (W)  | NA           |
| Dynamic (W)              | 0.012        |
| Device Static (W)        | 0.093        |
| Effective TJA (C/W)      | 11.5         |
| Max Ambient (C)          | 83.8         |
| Junction Temperature (C) | 26.2         |
| Confidence Level         | Low          |
| Setting File             | ---          |
| Simulation Activity File | ---          |
| Design Nets Matched      | NA           |
+--------------------------+--------------+
* Specify Design Power Budget using, set_operating_conditions -design_power_budget <value in Watts>


1.1 On-Chip Components
----------------------

+----------------+-----------+----------+-----------+-----------------+
| On-Chip        | Power (W) | Used     | Available | Utilization (%) |
+----------------+-----------+----------+-----------+-----------------+
| Clocks         |    <0.001 |        3 |       --- |             --- |
| Slice Logic    |    <0.001 |      108 |       --- |             --- |
|   LUT as Logic |    <0.001 |       21 |     14400 |            0.15 |
|   Register     |    <0.001 |       33 |     28800 |            0.11 |
|   Others       |     0.000 |       50 |       --- |             --- |
| Signals        |    <0.001 |       45 |       --- |             --- |
| I/O            |     0.012 |       21 |       100 |           21.00 |
| Static Power   |     0.093 |          |           |                 |
| Total          |     0.106 |          |           |                 |
+----------------+-----------+----------+-----------+-----------------+


1.2 Power Supply Summary
------------------------

+-----------+-------------+-----------+-------------+------------+
| Source    | Voltage (V) | Total (A) | Dynamic (A) | Static (A) |
+-----------+-------------+-----------+-------------+------------+
| Vccint    |       1.000 |     0.005 |       0.001 |      0.004 |
| Vccaux    |       1.800 |     0.006 |       0.000 |      0.005 |
| Vcco33    |       3.300 |     0.004 |       0.003 |      0.001 |
| Vcco25    |       2.500 |     0.000 |       0.000 |      0.000 |
| Vcco18    |       1.800 |     0.000 |       0.000 |      0.000 |
| Vcco15    |       1.500 |     0.000 |       0.000 |      0.000 |
| Vcco135   |       1.350 |     0.000 |       0.000 |      0.000 |
| Vcco12    |       1.200 |     0.000 |       0.000 |      0.000 |
| Vccaux_io |       1.800 |     0.000 |       0.000 |      0.000 |
| Vccbram   |       1.000 |     0.000 |       0.000 |      0.000 |
| MGTAVcc   |       1.000 |     0.000 |       0.000 |      0.000 |
| MGTAVtt   |       1.200 |     0.000 |       0.000 |      0.000 |
| MGTVccaux |       1.800 |     0.000 |       0.000 |      0.000 |
| Vccpint   |       1.000 |     0.016 |       0.000 |      0.016 |
| Vccpaux   |       1.800 |     0.010 |       0.000 |      0.010 |
| Vccpll    |       1.800 |     0.003 |       0.000 |      0.003 |
| Vcco_ddr  |       1.500 |     0.000 |       0.000 |      0.000 |
| Vcco_mio0 |       1.800 |     0.000 |       0.000 |      0.000 |
| Vcco_mio1 |       1.800 |     0.000 |       0.000 |      0.000 |
| Vccadc    |       1.800 |     0.020 |       0.000 |      0.020 |
+-----------+-------------+-----------+-------------+------------+


1.3 Confidence Level
--------------------

+-----------------------------+------------+--------------------------------------------------------+--------------------------------------------------------------------------------------------------------------------+
| User Input Data             | Confidence | Details                                                | Action                                                                                                             |
+-----------------------------+------------+--------------------------------------------------------+--------------------------------------------------------------------------------------------------------------------+
| Design implementation state | High       | Design is routed                                       |                                                                                                                    |
| Clock nodes activity        | Medium     | More than 5% of clocks are missing user specification  | Provide missing clock activity with a constraint file, simulation results or by editing the "By Clock Domain" view |
| I/O nodes activity          | Low        | More than 75% of inputs are missing user specification | Provide missing input activity with simulation results or by editing the "By Resource Type -> I/Os" view           |
| Internal nodes activity     | High       | User specified more than 25% of internal nodes         |                                                                                                                    |
| Device models               | High       | Device models are Production                           |                                                                                                                    |
|                             |            |                                                        |                                                                                                                    |
| Overall confidence level    | Low        |                                                        |                                                                                                                    |
+-----------------------------+------------+--------------------------------------------------------+--------------------------------------------------------------------------------------------------------------------+


2. Settings
-----------

2.1 Environment
---------------

+-----------------------+------------------------+
| Ambient Temp (C)      | 25.0                   |
| ThetaJA (C/W)         | 11.5                   |
| Airflow (LFM)         | 250                    |
| Heat Sink             | none                   |
| ThetaSA (C/W)         | 0.0                    |
| Board Selection       | medium (10"x10")       |
| # of Board Layers     | 8to11 (8 to 11 Layers) |
| Board Temperature (C) | 25.0                   |
+-----------------------+------------------------+


2.2 Clock Constraints
---------------------

+-------------+--------+-----------------+
| Clock       | Domain | Constraint (ns) |
+-------------+--------+-----------------+
| sys_clk_pin | i_CLK  |            10.0 |
+-------------+--------+-----------------+


3. Detailed Reports
-------------------

3.1 By Hierarchy
----------------

+------------------------------------+-----------+
| Name                               | Power (W) |
+------------------------------------+-----------+
| challenge_7                        |     0.012 |
|   genblk1.muxshift_1[1].mux_x      |    <0.001 |
|   genblk1.muxshift_1[2].mux_x      |    <0.001 |
|   genblk1.muxshift_1[3].mux_x      |    <0.001 |
|   genblk1.muxshift_1[4].mux_x      |    <0.001 |
|   genblk1.muxshift_1[5].mux_x      |    <0.001 |
|   genblk1.muxshift_1[6].mux_x      |    <0.001 |
|   genblk1.muxshift_1[7].mux_x      |    <0.001 |
|   genblk2.muxshift_2[2].mux_x      |    <0.001 |
|   genblk2.muxshift_2[3].mux_x      |    <0.001 |
|   genblk2.muxshift_2[4].mux_x      |    <0.001 |
|   genblk2.muxshift_2[5].mux_x      |    <0.001 |
|   genblk2.muxshift_2[6].mux_x      |    <0.001 |
|   genblk2.muxshift_2[7].mux_x      |    <0.001 |
|   genblk3.muxshift_3_low[0].mux_x  |    <0.001 |
|   genblk3.muxshift_3_low[1].mux_x  |    <0.001 |
|   genblk3.muxshift_3_low[2].mux_x  |    <0.001 |
|   genblk3.muxshift_3_low[3].mux_x  |    <0.001 |
|   genblk4.muxshift_3_high[4].mux_x |    <0.001 |
|   genblk4.muxshift_3_high[5].mux_x |    <0.001 |
|   genblk4.muxshift_3_high[6].mux_x |    <0.001 |
|   genblk4.muxshift_3_high[7].mux_x |    <0.001 |
|   in_reg                           |    <0.001 |
|   mux_0                            |    <0.001 |
|   mux_8                            |    <0.001 |
|   mux_9                            |    <0.001 |
+------------------------------------+-----------+


