
*** Running vivado
    with args -log PISO_wrapper.vdi -applog -m64 -product Vivado -messageDb vivado.pb -mode batch -source PISO_wrapper.tcl -notrace


****** Vivado v2018.2 (64-bit)
  **** SW Build 2258646 on Thu Jun 14 20:03:12 MDT 2018
  **** IP Build 2256618 on Thu Jun 14 22:10:49 MDT 2018
    ** Copyright 1986-2018 Xilinx, Inc. All Rights Reserved.

source PISO_wrapper.tcl -notrace
Command: link_design -top PISO_wrapper -part xc7z007sclg400-1
Design is defaulting to srcset: sources_1
Design is defaulting to constrset: constrs_1
INFO: [Netlist 29-17] Analyzing 18 Unisim elements for replacement
INFO: [Netlist 29-28] Unisim Transformation completed in 0 CPU seconds
INFO: [Project 1-479] Netlist was created with Vivado 2018.2
INFO: [Device 21-403] Loading part xc7z007sclg400-1
INFO: [Project 1-570] Preparing netlist for logic optimization
Parsing XDC File [C:/Users/Sergaljerk/WSU-CPTE/Module_7/Module_7.srcs/constrs_1/new/PISO_cons.xdc]
Finished Parsing XDC File [C:/Users/Sergaljerk/WSU-CPTE/Module_7/Module_7.srcs/constrs_1/new/PISO_cons.xdc]
INFO: [Opt 31-138] Pushed 0 inverter(s) to 0 load pin(s).
INFO: [Project 1-111] Unisim Transformation Summary:
No Unisim elements were transformed.

7 Infos, 0 Warnings, 0 Critical Warnings and 0 Errors encountered.
link_design completed successfully
link_design: Time (s): cpu = 00:00:09 ; elapsed = 00:00:11 . Memory (MB): peak = 573.711 ; gain = 323.918
Command: opt_design
Attempting to get a license for feature 'Implementation' and/or device 'xc7z007s'
INFO: [Common 17-349] Got license for feature 'Implementation' and/or device 'xc7z007s'
Running DRC as a precondition to command opt_design

Starting DRC Task
INFO: [DRC 23-27] Running DRC with 2 threads
INFO: [Project 1-461] DRC finished with 0 Errors
INFO: [Project 1-462] Please refer to the DRC report (report_drc) for more information.

Time (s): cpu = 00:00:02 ; elapsed = 00:00:01 . Memory (MB): peak = 587.527 ; gain = 13.816

Starting Cache Timing Information Task
INFO: [Timing 38-35] Done setting XDC timing constraints.
Ending Cache Timing Information Task | Checksum: 274ced1c9

Time (s): cpu = 00:00:14 ; elapsed = 00:00:16 . Memory (MB): peak = 1111.336 ; gain = 523.809

Starting Logic Optimization Task

Phase 1 Retarget
INFO: [Opt 31-138] Pushed 0 inverter(s) to 0 load pin(s).
INFO: [Opt 31-49] Retargeted 0 cell(s).
Phase 1 Retarget | Checksum: 274ced1c9

Time (s): cpu = 00:00:00 ; elapsed = 00:00:00.013 . Memory (MB): peak = 1111.336 ; gain = 0.000
INFO: [Opt 31-389] Phase Retarget created 0 cells and removed 0 cells

Phase 2 Constant propagation
INFO: [Opt 31-138] Pushed 0 inverter(s) to 0 load pin(s).
Phase 2 Constant propagation | Checksum: 274ced1c9

Time (s): cpu = 00:00:00 ; elapsed = 00:00:00.016 . Memory (MB): peak = 1111.336 ; gain = 0.000
INFO: [Opt 31-389] Phase Constant propagation created 0 cells and removed 0 cells

Phase 3 Sweep
Phase 3 Sweep | Checksum: 19d2a3dee

Time (s): cpu = 00:00:00 ; elapsed = 00:00:00.027 . Memory (MB): peak = 1111.336 ; gain = 0.000
INFO: [Opt 31-389] Phase Sweep created 16 cells and removed 0 cells

Phase 4 BUFG optimization
INFO: [Opt 31-194] Inserted BUFG counter1_reg[24]_BUFG_inst to drive 33 load(s) on clock net counter1_reg_BUFG[24]
INFO: [Opt 31-193] Inserted 1 BUFG(s) on clock nets
Phase 4 BUFG optimization | Checksum: 1b229765a

Time (s): cpu = 00:00:00 ; elapsed = 00:00:00.034 . Memory (MB): peak = 1111.336 ; gain = 0.000
INFO: [Opt 31-662] Phase BUFG optimization created 1 cells of which 1 are BUFGs and removed 0 cells.

Phase 5 Shift Register Optimization
Phase 5 Shift Register Optimization | Checksum: 16574fb1c

Time (s): cpu = 00:00:00 ; elapsed = 00:00:00.048 . Memory (MB): peak = 1111.336 ; gain = 0.000
INFO: [Opt 31-389] Phase Shift Register Optimization created 0 cells and removed 0 cells

Phase 6 Post Processing Netlist
Phase 6 Post Processing Netlist | Checksum: 1bebbb566

Time (s): cpu = 00:00:00 ; elapsed = 00:00:00.050 . Memory (MB): peak = 1111.336 ; gain = 0.000
INFO: [Opt 31-389] Phase Post Processing Netlist created 0 cells and removed 0 cells

Starting Connectivity Check Task

Time (s): cpu = 00:00:00 ; elapsed = 00:00:00 . Memory (MB): peak = 1111.336 ; gain = 0.000
Ending Logic Optimization Task | Checksum: 1bebbb566

Time (s): cpu = 00:00:00 ; elapsed = 00:00:00.052 . Memory (MB): peak = 1111.336 ; gain = 0.000

Starting Power Optimization Task
INFO: [Pwropt 34-132] Skipping clock gating for clocks with a period < 2.00 ns.
Ending Power Optimization Task | Checksum: 1bebbb566

Time (s): cpu = 00:00:00 ; elapsed = 00:00:00.010 . Memory (MB): peak = 1111.336 ; gain = 0.000

Starting Final Cleanup Task
Ending Final Cleanup Task | Checksum: 1bebbb566

Time (s): cpu = 00:00:00 ; elapsed = 00:00:00 . Memory (MB): peak = 1111.336 ; gain = 0.000
INFO: [Common 17-83] Releasing license: Implementation
25 Infos, 0 Warnings, 0 Critical Warnings and 0 Errors encountered.
opt_design completed successfully
opt_design: Time (s): cpu = 00:00:16 ; elapsed = 00:00:17 . Memory (MB): peak = 1111.336 ; gain = 537.625
INFO: [Timing 38-480] Writing timing data to binary archive.
Writing placer database...
Writing XDEF routing.
Writing XDEF routing logical nets.
Writing XDEF routing special nets.
Write XDEF Complete: Time (s): cpu = 00:00:00 ; elapsed = 00:00:00.082 . Memory (MB): peak = 1111.336 ; gain = 0.000
INFO: [Common 17-1381] The checkpoint 'C:/Users/Sergaljerk/WSU-CPTE/Module_7/Module_7.runs/impl_1/PISO_wrapper_opt.dcp' has been generated.
INFO: [runtcl-4] Executing : report_drc -file PISO_wrapper_drc_opted.rpt -pb PISO_wrapper_drc_opted.pb -rpx PISO_wrapper_drc_opted.rpx
Command: report_drc -file PISO_wrapper_drc_opted.rpt -pb PISO_wrapper_drc_opted.pb -rpx PISO_wrapper_drc_opted.rpx
INFO: [IP_Flow 19-234] Refreshing IP repositories
INFO: [IP_Flow 19-1704] No user IP repositories specified
INFO: [IP_Flow 19-2313] Loaded Vivado IP repository 'C:/Xilinx/Vivado/2018.2/data/ip'.
INFO: [DRC 23-27] Running DRC with 2 threads
INFO: [Coretcl 2-168] The results of DRC are in file C:/Users/Sergaljerk/WSU-CPTE/Module_7/Module_7.runs/impl_1/PISO_wrapper_drc_opted.rpt.
report_drc completed successfully
Command: place_design
Attempting to get a license for feature 'Implementation' and/or device 'xc7z007s'
INFO: [Common 17-349] Got license for feature 'Implementation' and/or device 'xc7z007s'
INFO: [DRC 23-27] Running DRC with 2 threads
INFO: [Vivado_Tcl 4-198] DRC finished with 0 Errors
INFO: [Vivado_Tcl 4-199] Please refer to the DRC report (report_drc) for more information.
Running DRC as a precondition to command place_design
INFO: [DRC 23-27] Running DRC with 2 threads
INFO: [Vivado_Tcl 4-198] DRC finished with 0 Errors
INFO: [Vivado_Tcl 4-199] Please refer to the DRC report (report_drc) for more information.

Starting Placer Task
INFO: [Place 30-611] Multithreading enabled for place_design using a maximum of 2 CPUs

Phase 1 Placer Initialization

Phase 1.1 Placer Initialization Netlist Sorting
Netlist sorting complete. Time (s): cpu = 00:00:00 ; elapsed = 00:00:00.001 . Memory (MB): peak = 1111.336 ; gain = 0.000
Phase 1.1 Placer Initialization Netlist Sorting | Checksum: 14c9c8344

Time (s): cpu = 00:00:00 ; elapsed = 00:00:00.004 . Memory (MB): peak = 1111.336 ; gain = 0.000
Netlist sorting complete. Time (s): cpu = 00:00:00 ; elapsed = 00:00:00 . Memory (MB): peak = 1111.336 ; gain = 0.000

Phase 1.2 IO Placement/ Clock Placement/ Build Placer Device
INFO: [Timing 38-35] Done setting XDC timing constraints.
Phase 1.2 IO Placement/ Clock Placement/ Build Placer Device | Checksum: ce007de9

Time (s): cpu = 00:00:01 ; elapsed = 00:00:00.645 . Memory (MB): peak = 1134.559 ; gain = 23.223

Phase 1.3 Build Placer Netlist Model
Phase 1.3 Build Placer Netlist Model | Checksum: 1ac132af6

Time (s): cpu = 00:00:01 ; elapsed = 00:00:00.762 . Memory (MB): peak = 1134.559 ; gain = 23.223

Phase 1.4 Constrain Clocks/Macros
Phase 1.4 Constrain Clocks/Macros | Checksum: 1ac132af6

Time (s): cpu = 00:00:01 ; elapsed = 00:00:00.764 . Memory (MB): peak = 1134.559 ; gain = 23.223
Phase 1 Placer Initialization | Checksum: 1ac132af6

Time (s): cpu = 00:00:01 ; elapsed = 00:00:00.765 . Memory (MB): peak = 1134.559 ; gain = 23.223

Phase 2 Global Placement

Phase 2.1 Floorplanning
Phase 2.1 Floorplanning | Checksum: ecbc4a06

Time (s): cpu = 00:00:02 ; elapsed = 00:00:00.927 . Memory (MB): peak = 1134.559 ; gain = 23.223

Phase 2.2 Physical Synthesis In Placer
INFO: [Physopt 32-65] No nets found for high-fanout optimization.
INFO: [Physopt 32-232] Optimized 0 net. Created 0 new instance.
INFO: [Physopt 32-775] End 1 Pass. Optimized 0 net or cell. Created 0 new cell, deleted 0 existing cell and moved 0 existing cell
Netlist sorting complete. Time (s): cpu = 00:00:00 ; elapsed = 00:00:00.001 . Memory (MB): peak = 1134.559 ; gain = 0.000

Summary of Physical Synthesis Optimizations
============================================


-----------------------------------------------------------------------------------------------------------------------------
|  Optimization       |  Added Cells  |  Removed Cells  |  Optimized Cells/Nets  |  Dont Touch  |  Iterations  |  Elapsed   |
-----------------------------------------------------------------------------------------------------------------------------
|  Very High Fanout   |            0  |              0  |                     0  |           0  |           1  |  00:00:00  |
|  Total              |            0  |              0  |                     0  |           0  |           1  |  00:00:00  |
-----------------------------------------------------------------------------------------------------------------------------


Phase 2.2 Physical Synthesis In Placer | Checksum: f1012594

Time (s): cpu = 00:00:03 ; elapsed = 00:00:02 . Memory (MB): peak = 1134.559 ; gain = 23.223
Phase 2 Global Placement | Checksum: 164224a8c

Time (s): cpu = 00:00:03 ; elapsed = 00:00:02 . Memory (MB): peak = 1134.559 ; gain = 23.223

Phase 3 Detail Placement

Phase 3.1 Commit Multi Column Macros
Phase 3.1 Commit Multi Column Macros | Checksum: 164224a8c

Time (s): cpu = 00:00:03 ; elapsed = 00:00:02 . Memory (MB): peak = 1134.559 ; gain = 23.223

Phase 3.2 Commit Most Macros & LUTRAMs
Phase 3.2 Commit Most Macros & LUTRAMs | Checksum: 1998c0d2b

Time (s): cpu = 00:00:04 ; elapsed = 00:00:02 . Memory (MB): peak = 1134.559 ; gain = 23.223

Phase 3.3 Area Swap Optimization
Phase 3.3 Area Swap Optimization | Checksum: 190f73ec9

Time (s): cpu = 00:00:04 ; elapsed = 00:00:02 . Memory (MB): peak = 1134.559 ; gain = 23.223

Phase 3.4 Pipeline Register Optimization
Phase 3.4 Pipeline Register Optimization | Checksum: 190f73ec9

Time (s): cpu = 00:00:04 ; elapsed = 00:00:02 . Memory (MB): peak = 1134.559 ; gain = 23.223

Phase 3.5 Small Shape Detail Placement
Phase 3.5 Small Shape Detail Placement | Checksum: 15189b33d

Time (s): cpu = 00:00:04 ; elapsed = 00:00:02 . Memory (MB): peak = 1134.559 ; gain = 23.223

Phase 3.6 Re-assign LUT pins
Phase 3.6 Re-assign LUT pins | Checksum: 15189b33d

Time (s): cpu = 00:00:04 ; elapsed = 00:00:02 . Memory (MB): peak = 1134.559 ; gain = 23.223

Phase 3.7 Pipeline Register Optimization
Phase 3.7 Pipeline Register Optimization | Checksum: 15189b33d

Time (s): cpu = 00:00:04 ; elapsed = 00:00:02 . Memory (MB): peak = 1134.559 ; gain = 23.223
Phase 3 Detail Placement | Checksum: 15189b33d

Time (s): cpu = 00:00:04 ; elapsed = 00:00:02 . Memory (MB): peak = 1134.559 ; gain = 23.223

Phase 4 Post Placement Optimization and Clean-Up

Phase 4.1 Post Commit Optimization
INFO: [Timing 38-35] Done setting XDC timing constraints.

Phase 4.1.1 Post Placement Optimization
Post Placement Optimization Initialization | Checksum: c6460bb4

Phase 4.1.1.1 BUFG Insertion
INFO: [Place 46-31] BUFG insertion identified 0 candidate nets, 0 success, 0 skipped for placement/routing, 0 skipped for timing, 0 skipped for netlist change reason.
Phase 4.1.1.1 BUFG Insertion | Checksum: c6460bb4

Time (s): cpu = 00:00:04 ; elapsed = 00:00:02 . Memory (MB): peak = 1148.391 ; gain = 37.055
INFO: [Place 30-746] Post Placement Timing Summary WNS=6.795. For the most accurate timing information please run report_timing.
Phase 4.1.1 Post Placement Optimization | Checksum: 91243cf3

Time (s): cpu = 00:00:04 ; elapsed = 00:00:02 . Memory (MB): peak = 1148.391 ; gain = 37.055
Phase 4.1 Post Commit Optimization | Checksum: 91243cf3

Time (s): cpu = 00:00:04 ; elapsed = 00:00:02 . Memory (MB): peak = 1148.391 ; gain = 37.055

Phase 4.2 Post Placement Cleanup
Phase 4.2 Post Placement Cleanup | Checksum: 91243cf3

Time (s): cpu = 00:00:04 ; elapsed = 00:00:02 . Memory (MB): peak = 1148.391 ; gain = 37.055

Phase 4.3 Placer Reporting
Phase 4.3 Placer Reporting | Checksum: 91243cf3

Time (s): cpu = 00:00:04 ; elapsed = 00:00:02 . Memory (MB): peak = 1148.391 ; gain = 37.055

Phase 4.4 Final Placement Cleanup
Phase 4.4 Final Placement Cleanup | Checksum: 91243cf3

Time (s): cpu = 00:00:04 ; elapsed = 00:00:02 . Memory (MB): peak = 1148.391 ; gain = 37.055
Phase 4 Post Placement Optimization and Clean-Up | Checksum: 91243cf3

Time (s): cpu = 00:00:04 ; elapsed = 00:00:02 . Memory (MB): peak = 1148.391 ; gain = 37.055
Ending Placer Task | Checksum: 900311bd

Time (s): cpu = 00:00:04 ; elapsed = 00:00:02 . Memory (MB): peak = 1148.391 ; gain = 37.055
INFO: [Common 17-83] Releasing license: Implementation
49 Infos, 0 Warnings, 0 Critical Warnings and 0 Errors encountered.
place_design completed successfully
INFO: [Timing 38-480] Writing timing data to binary archive.
Writing placer database...
Writing XDEF routing.
Writing XDEF routing logical nets.
Writing XDEF routing special nets.
Write XDEF Complete: Time (s): cpu = 00:00:00 ; elapsed = 00:00:00.094 . Memory (MB): peak = 1156.047 ; gain = 7.629
INFO: [Common 17-1381] The checkpoint 'C:/Users/Sergaljerk/WSU-CPTE/Module_7/Module_7.runs/impl_1/PISO_wrapper_placed.dcp' has been generated.
INFO: [runtcl-4] Executing : report_io -file PISO_wrapper_io_placed.rpt
report_io: Time (s): cpu = 00:00:00 ; elapsed = 00:00:00.084 . Memory (MB): peak = 1156.047 ; gain = 0.000
INFO: [runtcl-4] Executing : report_utilization -file PISO_wrapper_utilization_placed.rpt -pb PISO_wrapper_utilization_placed.pb
report_utilization: Time (s): cpu = 00:00:00 ; elapsed = 00:00:00.034 . Memory (MB): peak = 1156.047 ; gain = 0.000
INFO: [runtcl-4] Executing : report_control_sets -verbose -file PISO_wrapper_control_sets_placed.rpt
report_control_sets: Time (s): cpu = 00:00:00 ; elapsed = 00:00:00.006 . Memory (MB): peak = 1156.047 ; gain = 0.000
Command: route_design
Attempting to get a license for feature 'Implementation' and/or device 'xc7z007s'
INFO: [Common 17-349] Got license for feature 'Implementation' and/or device 'xc7z007s'
Running DRC as a precondition to command route_design
INFO: [DRC 23-27] Running DRC with 2 threads
INFO: [Vivado_Tcl 4-198] DRC finished with 0 Errors
INFO: [Vivado_Tcl 4-199] Please refer to the DRC report (report_drc) for more information.


Starting Routing Task
INFO: [Route 35-254] Multithreading enabled for route_design using a maximum of 2 CPUs
Checksum: PlaceDB: 4653bea3 ConstDB: 0 ShapeSum: 49af531a RouteDB: 0

Phase 1 Build RT Design
Phase 1 Build RT Design | Checksum: 164ccbf25

Time (s): cpu = 00:00:16 ; elapsed = 00:00:15 . Memory (MB): peak = 1215.211 ; gain = 59.164
Post Restoration Checksum: NetGraph: ae44c265 NumContArr: b687fcc0 Constraints: 0 Timing: 0

Phase 2 Router Initialization

Phase 2.1 Create Timer
Phase 2.1 Create Timer | Checksum: 164ccbf25

Time (s): cpu = 00:00:16 ; elapsed = 00:00:15 . Memory (MB): peak = 1215.211 ; gain = 59.164

Phase 2.2 Fix Topology Constraints
Phase 2.2 Fix Topology Constraints | Checksum: 164ccbf25

Time (s): cpu = 00:00:16 ; elapsed = 00:00:15 . Memory (MB): peak = 1221.195 ; gain = 65.148

Phase 2.3 Pre Route Cleanup
Phase 2.3 Pre Route Cleanup | Checksum: 164ccbf25

Time (s): cpu = 00:00:16 ; elapsed = 00:00:15 . Memory (MB): peak = 1221.195 ; gain = 65.148
 Number of Nodes with overlaps = 0

Phase 2.4 Update Timing
Phase 2.4 Update Timing | Checksum: 19373b5ae

Time (s): cpu = 00:00:16 ; elapsed = 00:00:15 . Memory (MB): peak = 1223.836 ; gain = 67.789
INFO: [Route 35-416] Intermediate Timing Summary | WNS=6.500  | TNS=0.000  | WHS=0.006  | THS=0.000  |

Phase 2 Router Initialization | Checksum: 10539762d

Time (s): cpu = 00:00:16 ; elapsed = 00:00:15 . Memory (MB): peak = 1223.836 ; gain = 67.789

Phase 3 Initial Routing
Phase 3 Initial Routing | Checksum: 14ed33995

Time (s): cpu = 00:00:16 ; elapsed = 00:00:15 . Memory (MB): peak = 1223.836 ; gain = 67.789

Phase 4 Rip-up And Reroute

Phase 4.1 Global Iteration 0
 Number of Nodes with overlaps = 1
 Number of Nodes with overlaps = 0
INFO: [Route 35-416] Intermediate Timing Summary | WNS=6.500  | TNS=0.000  | WHS=N/A    | THS=N/A    |

Phase 4.1 Global Iteration 0 | Checksum: ba7a4fed

Time (s): cpu = 00:00:17 ; elapsed = 00:00:15 . Memory (MB): peak = 1223.836 ; gain = 67.789
Phase 4 Rip-up And Reroute | Checksum: ba7a4fed

Time (s): cpu = 00:00:17 ; elapsed = 00:00:15 . Memory (MB): peak = 1223.836 ; gain = 67.789

Phase 5 Delay and Skew Optimization

Phase 5.1 Delay CleanUp
Phase 5.1 Delay CleanUp | Checksum: ba7a4fed

Time (s): cpu = 00:00:17 ; elapsed = 00:00:15 . Memory (MB): peak = 1223.836 ; gain = 67.789

Phase 5.2 Clock Skew Optimization
Phase 5.2 Clock Skew Optimization | Checksum: ba7a4fed

Time (s): cpu = 00:00:17 ; elapsed = 00:00:15 . Memory (MB): peak = 1223.836 ; gain = 67.789
Phase 5 Delay and Skew Optimization | Checksum: ba7a4fed

Time (s): cpu = 00:00:17 ; elapsed = 00:00:15 . Memory (MB): peak = 1223.836 ; gain = 67.789

Phase 6 Post Hold Fix

Phase 6.1 Hold Fix Iter

Phase 6.1.1 Update Timing
Phase 6.1.1 Update Timing | Checksum: 109179202

Time (s): cpu = 00:00:17 ; elapsed = 00:00:15 . Memory (MB): peak = 1223.836 ; gain = 67.789
INFO: [Route 35-416] Intermediate Timing Summary | WNS=6.649  | TNS=0.000  | WHS=0.306  | THS=0.000  |

Phase 6.1 Hold Fix Iter | Checksum: 109179202

Time (s): cpu = 00:00:17 ; elapsed = 00:00:15 . Memory (MB): peak = 1223.836 ; gain = 67.789
Phase 6 Post Hold Fix | Checksum: 109179202

Time (s): cpu = 00:00:17 ; elapsed = 00:00:15 . Memory (MB): peak = 1223.836 ; gain = 67.789

Phase 7 Route finalize

Router Utilization Summary
  Global Vertical Routing Utilization    = 0.060107 %
  Global Horizontal Routing Utilization  = 0.0317096 %
  Routable Net Status*
  *Does not include unroutable nets such as driverless and loadless.
  Run report_route_status for detailed report.
  Number of Failed Nets               = 0
  Number of Unrouted Nets             = 0
  Number of Partially Routed Nets     = 0
  Number of Node Overlaps             = 0

Phase 7 Route finalize | Checksum: 109179202

Time (s): cpu = 00:00:17 ; elapsed = 00:00:15 . Memory (MB): peak = 1223.836 ; gain = 67.789

Phase 8 Verifying routed nets

 Verification completed successfully
Phase 8 Verifying routed nets | Checksum: 109179202

Time (s): cpu = 00:00:17 ; elapsed = 00:00:15 . Memory (MB): peak = 1224.250 ; gain = 68.203

Phase 9 Depositing Routes
Phase 9 Depositing Routes | Checksum: 13b41e0a8

Time (s): cpu = 00:00:17 ; elapsed = 00:00:15 . Memory (MB): peak = 1224.250 ; gain = 68.203

Phase 10 Post Router Timing
INFO: [Route 35-57] Estimated Timing Summary | WNS=6.649  | TNS=0.000  | WHS=0.306  | THS=0.000  |

INFO: [Route 35-327] The final timing numbers are based on the router estimated timing analysis. For a complete and accurate timing signoff, please run report_timing_summary.
Phase 10 Post Router Timing | Checksum: 13b41e0a8

Time (s): cpu = 00:00:17 ; elapsed = 00:00:15 . Memory (MB): peak = 1224.250 ; gain = 68.203
INFO: [Route 35-16] Router Completed Successfully

Time (s): cpu = 00:00:17 ; elapsed = 00:00:15 . Memory (MB): peak = 1224.250 ; gain = 68.203

Routing Is Done.
INFO: [Common 17-83] Releasing license: Implementation
66 Infos, 0 Warnings, 0 Critical Warnings and 0 Errors encountered.
route_design completed successfully
route_design: Time (s): cpu = 00:00:19 ; elapsed = 00:00:16 . Memory (MB): peak = 1224.250 ; gain = 68.203
INFO: [Timing 38-480] Writing timing data to binary archive.
Writing placer database...
Writing XDEF routing.
Writing XDEF routing logical nets.
Writing XDEF routing special nets.
Write XDEF Complete: Time (s): cpu = 00:00:00 ; elapsed = 00:00:00.127 . Memory (MB): peak = 1225.020 ; gain = 0.770
INFO: [Common 17-1381] The checkpoint 'C:/Users/Sergaljerk/WSU-CPTE/Module_7/Module_7.runs/impl_1/PISO_wrapper_routed.dcp' has been generated.
INFO: [runtcl-4] Executing : report_drc -file PISO_wrapper_drc_routed.rpt -pb PISO_wrapper_drc_routed.pb -rpx PISO_wrapper_drc_routed.rpx
Command: report_drc -file PISO_wrapper_drc_routed.rpt -pb PISO_wrapper_drc_routed.pb -rpx PISO_wrapper_drc_routed.rpx
INFO: [DRC 23-27] Running DRC with 2 threads
INFO: [Coretcl 2-168] The results of DRC are in file C:/Users/Sergaljerk/WSU-CPTE/Module_7/Module_7.runs/impl_1/PISO_wrapper_drc_routed.rpt.
report_drc completed successfully
INFO: [runtcl-4] Executing : report_methodology -file PISO_wrapper_methodology_drc_routed.rpt -pb PISO_wrapper_methodology_drc_routed.pb -rpx PISO_wrapper_methodology_drc_routed.rpx
Command: report_methodology -file PISO_wrapper_methodology_drc_routed.rpt -pb PISO_wrapper_methodology_drc_routed.pb -rpx PISO_wrapper_methodology_drc_routed.rpx
INFO: [Timing 38-35] Done setting XDC timing constraints.
INFO: [Timing 38-35] Done setting XDC timing constraints.
INFO: [DRC 23-133] Running Methodology with 2 threads
INFO: [Coretcl 2-1520] The results of Report Methodology are in file C:/Users/Sergaljerk/WSU-CPTE/Module_7/Module_7.runs/impl_1/PISO_wrapper_methodology_drc_routed.rpt.
report_methodology completed successfully
INFO: [runtcl-4] Executing : report_power -file PISO_wrapper_power_routed.rpt -pb PISO_wrapper_power_summary_routed.pb -rpx PISO_wrapper_power_routed.rpx
Command: report_power -file PISO_wrapper_power_routed.rpt -pb PISO_wrapper_power_summary_routed.pb -rpx PISO_wrapper_power_routed.rpx
INFO: [Timing 38-35] Done setting XDC timing constraints.
Running Vector-less Activity Propagation...

Finished Running Vector-less Activity Propagation
78 Infos, 0 Warnings, 0 Critical Warnings and 0 Errors encountered.
report_power completed successfully
INFO: [runtcl-4] Executing : report_route_status -file PISO_wrapper_route_status.rpt -pb PISO_wrapper_route_status.pb
INFO: [runtcl-4] Executing : report_timing_summary -max_paths 10 -file PISO_wrapper_timing_summary_routed.rpt -pb PISO_wrapper_timing_summary_routed.pb -rpx PISO_wrapper_timing_summary_routed.rpx -warn_on_violation 
INFO: [Timing 38-91] UpdateTimingParams: Speed grade: -1, Delay Type: min_max, Timing Stage: Requireds.
INFO: [Timing 38-191] Multithreading enabled for timing update using a maximum of 2 CPUs
INFO: [runtcl-4] Executing : report_incremental_reuse -file PISO_wrapper_incremental_reuse_routed.rpt
INFO: [Vivado_Tcl 4-545] No incremental reuse to report, no incremental placement and routing data was found.
INFO: [runtcl-4] Executing : report_clock_utilization -file PISO_wrapper_clock_utilization_routed.rpt
INFO: [runtcl-4] Executing : report_bus_skew -warn_on_violation -file PISO_wrapper_bus_skew_routed.rpt -pb PISO_wrapper_bus_skew_routed.pb -rpx PISO_wrapper_bus_skew_routed.rpx
INFO: [Timing 38-91] UpdateTimingParams: Speed grade: -1, Delay Type: min_max, Timing Stage: Requireds.
INFO: [Timing 38-191] Multithreading enabled for timing update using a maximum of 2 CPUs
Command: write_bitstream -force PISO_wrapper.bit
Attempting to get a license for feature 'Implementation' and/or device 'xc7z007s'
INFO: [Common 17-349] Got license for feature 'Implementation' and/or device 'xc7z007s'
Running DRC as a precondition to command write_bitstream
INFO: [DRC 23-27] Running DRC with 2 threads
WARNING: [DRC ZPS7-1] PS7 block required: The PS7 cell must be used in this Zynq design in order to enable correct default configuration.
INFO: [Vivado 12-3199] DRC finished with 0 Errors, 1 Warnings
INFO: [Vivado 12-3200] Please refer to the DRC report (report_drc) for more information.
INFO: [Designutils 20-2272] Running write_bitstream with 2 threads.
Loading data files...
Loading site data...
Loading route data...
Processing options...
Creating bitmap...
Creating bitstream...
Writing bitstream ./PISO_wrapper.bit...
INFO: [Vivado 12-1842] Bitgen Completed Successfully.
INFO: [Project 1-120] WebTalk data collection is mandatory when using a WebPACK part without a full Vivado license. To see the specific WebTalk data collected for your design, open the usage_statistics_webtalk.html or usage_statistics_webtalk.xml file in the implementation directory.
INFO: [Common 17-186] 'C:/Users/Sergaljerk/WSU-CPTE/Module_7/Module_7.runs/impl_1/usage_statistics_webtalk.xml' has been successfully sent to Xilinx on Mon Aug 20 09:36:29 2018. For additional details about this file, please refer to the WebTalk help file at C:/Xilinx/Vivado/2018.2/doc/webtalk_introduction.html.
INFO: [Common 17-83] Releasing license: Implementation
97 Infos, 1 Warnings, 0 Critical Warnings and 0 Errors encountered.
write_bitstream completed successfully
write_bitstream: Time (s): cpu = 00:00:15 ; elapsed = 00:00:17 . Memory (MB): peak = 1663.844 ; gain = 402.719
INFO: [Common 17-206] Exiting Vivado at Mon Aug 20 09:36:29 2018...
