Copyright 1986-2018 Xilinx, Inc. All Rights Reserved.
---------------------------------------------------------------------------------------------------------------------------------------------------------------------------------
| Tool Version : Vivado v.2018.2 (win64) Build 2258646 Thu Jun 14 20:03:12 MDT 2018
| Date         : Sun Nov  4 16:32:30 2018
| Host         : DESKTOP-3VDLSPS running 64-bit major release  (build 9200)
| Command      : report_drc -file ARITHMETIC_LOGIC_UNIT_wrapper_drc_routed.rpt -pb ARITHMETIC_LOGIC_UNIT_wrapper_drc_routed.pb -rpx ARITHMETIC_LOGIC_UNIT_wrapper_drc_routed.rpx
| Design       : ARITHMETIC_LOGIC_UNIT_wrapper
| Device       : xc7z007sclg400-1
| Speed File   : -1
| Design State : Routed
---------------------------------------------------------------------------------------------------------------------------------------------------------------------------------

Report DRC

Table of Contents
-----------------
1. REPORT SUMMARY
2. REPORT DETAILS

1. REPORT SUMMARY
-----------------
            Netlist: netlist
          Floorplan: design_1
      Design limits: <entire design considered>
           Ruledeck: default
             Max violations: <unlimited>
             Violations found: 3
+----------+----------+--------------------+------------+
| Rule     | Severity | Description        | Violations |
+----------+----------+--------------------+------------+
| PDRC-153 | Warning  | Gated clock check  | 2          |
| ZPS7-1   | Warning  | PS7 block required | 1          |
+----------+----------+--------------------+------------+

2. REPORT DETAILS
-----------------
PDRC-153#1 Warning
Gated clock check  
Net ARITHMETIC_LOGIC_UNIT_i/ALU_0/inst/r_Carry_reg_i_2_n_0 is a gated clock net sourced by a combinational pin ARITHMETIC_LOGIC_UNIT_i/ALU_0/inst/r_Carry_reg_i_2/O, cell ARITHMETIC_LOGIC_UNIT_i/ALU_0/inst/r_Carry_reg_i_2. This is not good design practice and will likely impact performance. For SLICE registers, for example, use the CE pin to control the loading of data.
Related violations: <none>

PDRC-153#2 Warning
Gated clock check  
Net ARITHMETIC_LOGIC_UNIT_i/ALU_0/inst/r_Out_reg[7]_i_2_n_0 is a gated clock net sourced by a combinational pin ARITHMETIC_LOGIC_UNIT_i/ALU_0/inst/r_Out_reg[7]_i_2/O, cell ARITHMETIC_LOGIC_UNIT_i/ALU_0/inst/r_Out_reg[7]_i_2. This is not good design practice and will likely impact performance. For SLICE registers, for example, use the CE pin to control the loading of data.
Related violations: <none>

ZPS7-1#1 Warning
PS7 block required  
The PS7 cell must be used in this Zynq design in order to enable correct default configuration.
Related violations: <none>


