22:26:10 **** Build of project Project1_bsp ****
make -k all 
"Running Make include in ps7_cortexa9_0/libsrc/coresightps_dcc_v1_4/src"
make -C ps7_cortexa9_0/libsrc/coresightps_dcc_v1_4/src -s include  "SHELL=CMD" "COMPILER=arm-none-eabi-gcc" "ARCHIVER=arm-none-eabi-ar" "COMPILER_FLAGS=  -O2 -c" "EXTRA_COMPILER_FLAGS=-mcpu=cortex-a9 -mfpu=vfpv3 -mfloat-abi=hard -nostartfiles -g -Wall -Wextra"
"Running Make include in ps7_cortexa9_0/libsrc/cpu_cortexa9_v2_6/src"
make -C ps7_cortexa9_0/libsrc/cpu_cortexa9_v2_6/src -s include  "SHELL=CMD" "COMPILER=arm-none-eabi-gcc" "ARCHIVER=arm-none-eabi-ar" "COMPILER_FLAGS=  -O2 -c" "EXTRA_COMPILER_FLAGS=-mcpu=cortex-a9 -mfpu=vfpv3 -mfloat-abi=hard -nostartfiles -g -Wall -Wextra"
"Running Make include in ps7_cortexa9_0/libsrc/ddrps_v1_0/src"
make -C ps7_cortexa9_0/libsrc/ddrps_v1_0/src -s include  "SHELL=CMD" "COMPILER=arm-none-eabi-gcc" "ARCHIVER=arm-none-eabi-ar" "COMPILER_FLAGS=  -O2 -c" "EXTRA_COMPILER_FLAGS=-mcpu=cortex-a9 -mfpu=vfpv3 -mfloat-abi=hard -nostartfiles -g -Wall -Wextra"
"Running Make include in ps7_cortexa9_0/libsrc/devcfg_v3_5/src"
make -C ps7_cortexa9_0/libsrc/devcfg_v3_5/src -s include  "SHELL=CMD" "COMPILER=arm-none-eabi-gcc" "ARCHIVER=arm-none-eabi-ar" "COMPILER_FLAGS=  -O2 -c" "EXTRA_COMPILER_FLAGS=-mcpu=cortex-a9 -mfpu=vfpv3 -mfloat-abi=hard -nostartfiles -g -Wall -Wextra"
"Running Make include in ps7_cortexa9_0/libsrc/dmaps_v2_3/src"
make -C ps7_cortexa9_0/libsrc/dmaps_v2_3/src -s include  "SHELL=CMD" "COMPILER=arm-none-eabi-gcc" "ARCHIVER=arm-none-eabi-ar" "COMPILER_FLAGS=  -O2 -c" "EXTRA_COMPILER_FLAGS=-mcpu=cortex-a9 -mfpu=vfpv3 -mfloat-abi=hard -nostartfiles -g -Wall -Wextra"
"Running Make include in ps7_cortexa9_0/libsrc/gpiops_v3_3/src"
make -C ps7_cortexa9_0/libsrc/gpiops_v3_3/src -s include  "SHELL=CMD" "COMPILER=arm-none-eabi-gcc" "ARCHIVER=arm-none-eabi-ar" "COMPILER_FLAGS=  -O2 -c" "EXTRA_COMPILER_FLAGS=-mcpu=cortex-a9 -mfpu=vfpv3 -mfloat-abi=hard -nostartfiles -g -Wall -Wextra"
"Running Make include in ps7_cortexa9_0/libsrc/H_Bridge_v1_0/src"
make -C ps7_cortexa9_0/libsrc/H_Bridge_v1_0/src -s include  "SHELL=CMD" "COMPILER=arm-none-eabi-gcc" "ARCHIVER=arm-none-eabi-ar" "COMPILER_FLAGS=  -O2 -c" "EXTRA_COMPILER_FLAGS=-mcpu=cortex-a9 -mfpu=vfpv3 -mfloat-abi=hard -nostartfiles -g -Wall -Wextra"
"Running Make include in ps7_cortexa9_0/libsrc/iicps_v3_7/src"
make -C ps7_cortexa9_0/libsrc/iicps_v3_7/src -s include  "SHELL=CMD" "COMPILER=arm-none-eabi-gcc" "ARCHIVER=arm-none-eabi-ar" "COMPILER_FLAGS=  -O2 -c" "EXTRA_COMPILER_FLAGS=-mcpu=cortex-a9 -mfpu=vfpv3 -mfloat-abi=hard -nostartfiles -g -Wall -Wextra"
"Running Make include in ps7_cortexa9_0/libsrc/qspips_v3_4/src"
make -C ps7_cortexa9_0/libsrc/qspips_v3_4/src -s include  "SHELL=CMD" "COMPILER=arm-none-eabi-gcc" "ARCHIVER=arm-none-eabi-ar" "COMPILER_FLAGS=  -O2 -c" "EXTRA_COMPILER_FLAGS=-mcpu=cortex-a9 -mfpu=vfpv3 -mfloat-abi=hard -nostartfiles -g -Wall -Wextra"
"Running Make include in ps7_cortexa9_0/libsrc/RGB_LED_v1_0/src"
make -C ps7_cortexa9_0/libsrc/RGB_LED_v1_0/src -s include  "SHELL=CMD" "COMPILER=arm-none-eabi-gcc" "ARCHIVER=arm-none-eabi-ar" "COMPILER_FLAGS=  -O2 -c" "EXTRA_COMPILER_FLAGS=-mcpu=cortex-a9 -mfpu=vfpv3 -mfloat-abi=hard -nostartfiles -g -Wall -Wextra"
"Running Make include in ps7_cortexa9_0/libsrc/scugic_v3_9/src"
make -C ps7_cortexa9_0/libsrc/scugic_v3_9/src -s include  "SHELL=CMD" "COMPILER=arm-none-eabi-gcc" "ARCHIVER=arm-none-eabi-ar" "COMPILER_FLAGS=  -O2 -c" "EXTRA_COMPILER_FLAGS=-mcpu=cortex-a9 -mfpu=vfpv3 -mfloat-abi=hard -nostartfiles -g -Wall -Wextra"
"Running Make include in ps7_cortexa9_0/libsrc/scutimer_v2_1/src"
make -C ps7_cortexa9_0/libsrc/scutimer_v2_1/src -s include  "SHELL=CMD" "COMPILER=arm-none-eabi-gcc" "ARCHIVER=arm-none-eabi-ar" "COMPILER_FLAGS=  -O2 -c" "EXTRA_COMPILER_FLAGS=-mcpu=cortex-a9 -mfpu=vfpv3 -mfloat-abi=hard -nostartfiles -g -Wall -Wextra"
"Running Make include in ps7_cortexa9_0/libsrc/scuwdt_v2_1/src"
make -C ps7_cortexa9_0/libsrc/scuwdt_v2_1/src -s include  "SHELL=CMD" "COMPILER=arm-none-eabi-gcc" "ARCHIVER=arm-none-eabi-ar" "COMPILER_FLAGS=  -O2 -c" "EXTRA_COMPILER_FLAGS=-mcpu=cortex-a9 -mfpu=vfpv3 -mfloat-abi=hard -nostartfiles -g -Wall -Wextra"
"Running Make include in ps7_cortexa9_0/libsrc/sdps_v3_5/src"
make -C ps7_cortexa9_0/libsrc/sdps_v3_5/src -s include  "SHELL=CMD" "COMPILER=arm-none-eabi-gcc" "ARCHIVER=arm-none-eabi-ar" "COMPILER_FLAGS=  -O2 -c" "EXTRA_COMPILER_FLAGS=-mcpu=cortex-a9 -mfpu=vfpv3 -mfloat-abi=hard -nostartfiles -g -Wall -Wextra"
"Running Make include in ps7_cortexa9_0/libsrc/SEVEN_SEG_DISP_v1_0/src"
make -C ps7_cortexa9_0/libsrc/SEVEN_SEG_DISP_v1_0/src -s include  "SHELL=CMD" "COMPILER=arm-none-eabi-gcc" "ARCHIVER=arm-none-eabi-ar" "COMPILER_FLAGS=  -O2 -c" "EXTRA_COMPILER_FLAGS=-mcpu=cortex-a9 -mfpu=vfpv3 -mfloat-abi=hard -nostartfiles -g -Wall -Wextra"
"Running Make include in ps7_cortexa9_0/libsrc/spips_v3_1/src"
make -C ps7_cortexa9_0/libsrc/spips_v3_1/src -s include  "SHELL=CMD" "COMPILER=arm-none-eabi-gcc" "ARCHIVER=arm-none-eabi-ar" "COMPILER_FLAGS=  -O2 -c" "EXTRA_COMPILER_FLAGS=-mcpu=cortex-a9 -mfpu=vfpv3 -mfloat-abi=hard -nostartfiles -g -Wall -Wextra"
"Running Make include in ps7_cortexa9_0/libsrc/standalone_v6_7/src"
make -C ps7_cortexa9_0/libsrc/standalone_v6_7/src -s include  "SHELL=CMD" "COMPILER=arm-none-eabi-gcc" "ARCHIVER=arm-none-eabi-ar" "COMPILER_FLAGS=  -O2 -c" "EXTRA_COMPILER_FLAGS=-mcpu=cortex-a9 -mfpu=vfpv3 -mfloat-abi=hard -nostartfiles -g -Wall -Wextra"
"Running Make include in ps7_cortexa9_0/libsrc/SWITCHES_BUTTONS_v1_0/src"
make -C ps7_cortexa9_0/libsrc/SWITCHES_BUTTONS_v1_0/src -s include  "SHELL=CMD" "COMPILER=arm-none-eabi-gcc" "ARCHIVER=arm-none-eabi-ar" "COMPILER_FLAGS=  -O2 -c" "EXTRA_COMPILER_FLAGS=-mcpu=cortex-a9 -mfpu=vfpv3 -mfloat-abi=hard -nostartfiles -g -Wall -Wextra"
"Running Make include in ps7_cortexa9_0/libsrc/sysmon_v7_4/src"
make -C ps7_cortexa9_0/libsrc/sysmon_v7_4/src -s include  "SHELL=CMD" "COMPILER=arm-none-eabi-gcc" "ARCHIVER=arm-none-eabi-ar" "COMPILER_FLAGS=  -O2 -c" "EXTRA_COMPILER_FLAGS=-mcpu=cortex-a9 -mfpu=vfpv3 -mfloat-abi=hard -nostartfiles -g -Wall -Wextra"
"Running Make include in ps7_cortexa9_0/libsrc/ttcps_v3_6/src"
make -C ps7_cortexa9_0/libsrc/ttcps_v3_6/src -s include  "SHELL=CMD" "COMPILER=arm-none-eabi-gcc" "ARCHIVER=arm-none-eabi-ar" "COMPILER_FLAGS=  -O2 -c" "EXTRA_COMPILER_FLAGS=-mcpu=cortex-a9 -mfpu=vfpv3 -mfloat-abi=hard -nostartfiles -g -Wall -Wextra"
"Running Make include in ps7_cortexa9_0/libsrc/uartps_v3_6/src"
make -C ps7_cortexa9_0/libsrc/uartps_v3_6/src -s include  "SHELL=CMD" "COMPILER=arm-none-eabi-gcc" "ARCHIVER=arm-none-eabi-ar" "COMPILER_FLAGS=  -O2 -c" "EXTRA_COMPILER_FLAGS=-mcpu=cortex-a9 -mfpu=vfpv3 -mfloat-abi=hard -nostartfiles -g -Wall -Wextra"
"Running Make include in ps7_cortexa9_0/libsrc/usbps_v2_4/src"
make -C ps7_cortexa9_0/libsrc/usbps_v2_4/src -s include  "SHELL=CMD" "COMPILER=arm-none-eabi-gcc" "ARCHIVER=arm-none-eabi-ar" "COMPILER_FLAGS=  -O2 -c" "EXTRA_COMPILER_FLAGS=-mcpu=cortex-a9 -mfpu=vfpv3 -mfloat-abi=hard -nostartfiles -g -Wall -Wextra"
"Running Make include in ps7_cortexa9_0/libsrc/xadcps_v2_2/src"
make -C ps7_cortexa9_0/libsrc/xadcps_v2_2/src -s include  "SHELL=CMD" "COMPILER=arm-none-eabi-gcc" "ARCHIVER=arm-none-eabi-ar" "COMPILER_FLAGS=  -O2 -c" "EXTRA_COMPILER_FLAGS=-mcpu=cortex-a9 -mfpu=vfpv3 -mfloat-abi=hard -nostartfiles -g -Wall -Wextra"
"Running Make libs in ps7_cortexa9_0/libsrc/coresightps_dcc_v1_4/src"
make -C ps7_cortexa9_0/libsrc/coresightps_dcc_v1_4/src -s libs  "SHELL=CMD" "COMPILER=arm-none-eabi-gcc" "ARCHIVER=arm-none-eabi-ar" "COMPILER_FLAGS=  -O2 -c" "EXTRA_COMPILER_FLAGS=-mcpu=cortex-a9 -mfpu=vfpv3 -mfloat-abi=hard -nostartfiles -g -Wall -Wextra"
"Compiling coresightps_dcc"
arm-none-eabi-ar: creating ../../../lib/libxil.a
"Running Make libs in ps7_cortexa9_0/libsrc/cpu_cortexa9_v2_6/src"
make -C ps7_cortexa9_0/libsrc/cpu_cortexa9_v2_6/src -s libs  "SHELL=CMD" "COMPILER=arm-none-eabi-gcc" "ARCHIVER=arm-none-eabi-ar" "COMPILER_FLAGS=  -O2 -c" "EXTRA_COMPILER_FLAGS=-mcpu=cortex-a9 -mfpu=vfpv3 -mfloat-abi=hard -nostartfiles -g -Wall -Wextra"
"Compiling cpu_cortexa9"
"Running Make libs in ps7_cortexa9_0/libsrc/ddrps_v1_0/src"
make -C ps7_cortexa9_0/libsrc/ddrps_v1_0/src -s libs  "SHELL=CMD" "COMPILER=arm-none-eabi-gcc" "ARCHIVER=arm-none-eabi-ar" "COMPILER_FLAGS=  -O2 -c" "EXTRA_COMPILER_FLAGS=-mcpu=cortex-a9 -mfpu=vfpv3 -mfloat-abi=hard -nostartfiles -g -Wall -Wextra"
"Compiling ddrps"
"Running Make libs in ps7_cortexa9_0/libsrc/devcfg_v3_5/src"
make -C ps7_cortexa9_0/libsrc/devcfg_v3_5/src -s libs  "SHELL=CMD" "COMPILER=arm-none-eabi-gcc" "ARCHIVER=arm-none-eabi-ar" "COMPILER_FLAGS=  -O2 -c" "EXTRA_COMPILER_FLAGS=-mcpu=cortex-a9 -mfpu=vfpv3 -mfloat-abi=hard -nostartfiles -g -Wall -Wextra"
"Compiling devcfg"
"Running Make libs in ps7_cortexa9_0/libsrc/dmaps_v2_3/src"
make -C ps7_cortexa9_0/libsrc/dmaps_v2_3/src -s libs  "SHELL=CMD" "COMPILER=arm-none-eabi-gcc" "ARCHIVER=arm-none-eabi-ar" "COMPILER_FLAGS=  -O2 -c" "EXTRA_COMPILER_FLAGS=-mcpu=cortex-a9 -mfpu=vfpv3 -mfloat-abi=hard -nostartfiles -g -Wall -Wextra"
"Compiling dmaps"
"Running Make libs in ps7_cortexa9_0/libsrc/gpiops_v3_3/src"
make -C ps7_cortexa9_0/libsrc/gpiops_v3_3/src -s libs  "SHELL=CMD" "COMPILER=arm-none-eabi-gcc" "ARCHIVER=arm-none-eabi-ar" "COMPILER_FLAGS=  -O2 -c" "EXTRA_COMPILER_FLAGS=-mcpu=cortex-a9 -mfpu=vfpv3 -mfloat-abi=hard -nostartfiles -g -Wall -Wextra"
"Compiling gpiops"
"Running Make libs in ps7_cortexa9_0/libsrc/H_Bridge_v1_0/src"
make -C ps7_cortexa9_0/libsrc/H_Bridge_v1_0/src -s libs  "SHELL=CMD" "COMPILER=arm-none-eabi-gcc" "ARCHIVER=arm-none-eabi-ar" "COMPILER_FLAGS=  -O2 -c" "EXTRA_COMPILER_FLAGS=-mcpu=cortex-a9 -mfpu=vfpv3 -mfloat-abi=hard -nostartfiles -g -Wall -Wextra"
"Compiling H_Bridge..."
H_Bridge_selftest.c: In function 'H_BRIDGE_Reg_SelfTest':
H_Bridge_selftest.c:52:57: warning: comparison between signed and unsigned integer expressions [-Wsign-compare]
    if ( H_BRIDGE_mReadReg (baseaddr, read_loop_index*4) != (read_loop_index+1)*READ_WRITE_MUL_FACTOR){
                                                         ^~
H_Bridge_selftest.c:36:6: warning: unused variable 'Index' [-Wunused-variable]
  int Index;
      ^~~~~
"Running Make libs in ps7_cortexa9_0/libsrc/iicps_v3_7/src"
make -C ps7_cortexa9_0/libsrc/iicps_v3_7/src -s libs  "SHELL=CMD" "COMPILER=arm-none-eabi-gcc" "ARCHIVER=arm-none-eabi-ar" "COMPILER_FLAGS=  -O2 -c" "EXTRA_COMPILER_FLAGS=-mcpu=cortex-a9 -mfpu=vfpv3 -mfloat-abi=hard -nostartfiles -g -Wall -Wextra"
"Compiling iicps"
"Running Make libs in ps7_cortexa9_0/libsrc/qspips_v3_4/src"
make -C ps7_cortexa9_0/libsrc/qspips_v3_4/src -s libs  "SHELL=CMD" "COMPILER=arm-none-eabi-gcc" "ARCHIVER=arm-none-eabi-ar" "COMPILER_FLAGS=  -O2 -c" "EXTRA_COMPILER_FLAGS=-mcpu=cortex-a9 -mfpu=vfpv3 -mfloat-abi=hard -nostartfiles -g -Wall -Wextra"
"Compiling qspips"
"Running Make libs in ps7_cortexa9_0/libsrc/RGB_LED_v1_0/src"
make -C ps7_cortexa9_0/libsrc/RGB_LED_v1_0/src -s libs  "SHELL=CMD" "COMPILER=arm-none-eabi-gcc" "ARCHIVER=arm-none-eabi-ar" "COMPILER_FLAGS=  -O2 -c" "EXTRA_COMPILER_FLAGS=-mcpu=cortex-a9 -mfpu=vfpv3 -mfloat-abi=hard -nostartfiles -g -Wall -Wextra"
"Compiling RGB_LED..."
RGB_LED_selftest.c: In function 'RGB_LED_Reg_SelfTest':
RGB_LED_selftest.c:52:56: warning: comparison between signed and unsigned integer expressions [-Wsign-compare]
    if ( RGB_LED_mReadReg (baseaddr, read_loop_index*4) != (read_loop_index+1)*READ_WRITE_MUL_FACTOR){
                                                        ^~
RGB_LED_selftest.c:36:6: warning: unused variable 'Index' [-Wunused-variable]
  int Index;
      ^~~~~
"Running Make libs in ps7_cortexa9_0/libsrc/scugic_v3_9/src"
make -C ps7_cortexa9_0/libsrc/scugic_v3_9/src -s libs  "SHELL=CMD" "COMPILER=arm-none-eabi-gcc" "ARCHIVER=arm-none-eabi-ar" "COMPILER_FLAGS=  -O2 -c" "EXTRA_COMPILER_FLAGS=-mcpu=cortex-a9 -mfpu=vfpv3 -mfloat-abi=hard -nostartfiles -g -Wall -Wextra"
"Compiling scugic"
"Running Make libs in ps7_cortexa9_0/libsrc/scutimer_v2_1/src"
make -C ps7_cortexa9_0/libsrc/scutimer_v2_1/src -s libs  "SHELL=CMD" "COMPILER=arm-none-eabi-gcc" "ARCHIVER=arm-none-eabi-ar" "COMPILER_FLAGS=  -O2 -c" "EXTRA_COMPILER_FLAGS=-mcpu=cortex-a9 -mfpu=vfpv3 -mfloat-abi=hard -nostartfiles -g -Wall -Wextra"
"Compiling scutimer"
"Running Make libs in ps7_cortexa9_0/libsrc/scuwdt_v2_1/src"
make -C ps7_cortexa9_0/libsrc/scuwdt_v2_1/src -s libs  "SHELL=CMD" "COMPILER=arm-none-eabi-gcc" "ARCHIVER=arm-none-eabi-ar" "COMPILER_FLAGS=  -O2 -c" "EXTRA_COMPILER_FLAGS=-mcpu=cortex-a9 -mfpu=vfpv3 -mfloat-abi=hard -nostartfiles -g -Wall -Wextra"
"Compiling scuwdt"
"Running Make libs in ps7_cortexa9_0/libsrc/sdps_v3_5/src"
make -C ps7_cortexa9_0/libsrc/sdps_v3_5/src -s libs  "SHELL=CMD" "COMPILER=arm-none-eabi-gcc" "ARCHIVER=arm-none-eabi-ar" "COMPILER_FLAGS=  -O2 -c" "EXTRA_COMPILER_FLAGS=-mcpu=cortex-a9 -mfpu=vfpv3 -mfloat-abi=hard -nostartfiles -g -Wall -Wextra"
"Compiling sdps"
"Running Make libs in ps7_cortexa9_0/libsrc/SEVEN_SEG_DISP_v1_0/src"
make -C ps7_cortexa9_0/libsrc/SEVEN_SEG_DISP_v1_0/src -s libs  "SHELL=CMD" "COMPILER=arm-none-eabi-gcc" "ARCHIVER=arm-none-eabi-ar" "COMPILER_FLAGS=  -O2 -c" "EXTRA_COMPILER_FLAGS=-mcpu=cortex-a9 -mfpu=vfpv3 -mfloat-abi=hard -nostartfiles -g -Wall -Wextra"
"Compiling SEVEN_SEG_DISP..."
SEVEN_SEG_DISP_selftest.c: In function 'SEVEN_SEG_DISP_Reg_SelfTest':
SEVEN_SEG_DISP_selftest.c:52:63: warning: comparison between signed and unsigned integer expressions [-Wsign-compare]
    if ( SEVEN_SEG_DISP_mReadReg (baseaddr, read_loop_index*4) != (read_loop_index+1)*READ_WRITE_MUL_FACTOR){
                                                               ^~
SEVEN_SEG_DISP_selftest.c:36:6: warning: unused variable 'Index' [-Wunused-variable]
  int Index;
      ^~~~~
"Running Make libs in ps7_cortexa9_0/libsrc/spips_v3_1/src"
make -C ps7_cortexa9_0/libsrc/spips_v3_1/src -s libs  "SHELL=CMD" "COMPILER=arm-none-eabi-gcc" "ARCHIVER=arm-none-eabi-ar" "COMPILER_FLAGS=  -O2 -c" "EXTRA_COMPILER_FLAGS=-mcpu=cortex-a9 -mfpu=vfpv3 -mfloat-abi=hard -nostartfiles -g -Wall -Wextra"
"Compiling spips"
"Running Make libs in ps7_cortexa9_0/libsrc/standalone_v6_7/src"
make -C ps7_cortexa9_0/libsrc/standalone_v6_7/src -s libs  "SHELL=CMD" "COMPILER=arm-none-eabi-gcc" "ARCHIVER=arm-none-eabi-ar" "COMPILER_FLAGS=  -O2 -c" "EXTRA_COMPILER_FLAGS=-mcpu=cortex-a9 -mfpu=vfpv3 -mfloat-abi=hard -nostartfiles -g -Wall -Wextra"
"Compiling standalone"
In file included from sleep.c:57:0:
xtime_l.h:89:9: note: #pragma message: For the sleep routines, Global timer is being used
 #pragma message ("For the sleep routines, Global timer is being used")
         ^~~~~~~
In file included from usleep.c:60:0:
xtime_l.h:89:9: note: #pragma message: For the sleep routines, Global timer is being used
 #pragma message ("For the sleep routines, Global timer is being used")
         ^~~~~~~
In file included from xil_sleeptimer.c:55:0:
xtime_l.h:89:9: note: #pragma message: For the sleep routines, Global timer is being used
 #pragma message ("For the sleep routines, Global timer is being used")
         ^~~~~~~
In file included from xtime_l.c:53:0:
xtime_l.h:89:9: note: #pragma message: For the sleep routines, Global timer is being used
 #pragma message ("For the sleep routines, Global timer is being used")
         ^~~~~~~
"Running Make libs in ps7_cortexa9_0/libsrc/SWITCHES_BUTTONS_v1_0/src"
make -C ps7_cortexa9_0/libsrc/SWITCHES_BUTTONS_v1_0/src -s libs  "SHELL=CMD" "COMPILER=arm-none-eabi-gcc" "ARCHIVER=arm-none-eabi-ar" "COMPILER_FLAGS=  -O2 -c" "EXTRA_COMPILER_FLAGS=-mcpu=cortex-a9 -mfpu=vfpv3 -mfloat-abi=hard -nostartfiles -g -Wall -Wextra"
"Compiling SWITCHES_BUTTONS..."
SWITCHES_BUTTONS_selftest.c: In function 'SWITCHES_BUTTONS_Reg_SelfTest':
SWITCHES_BUTTONS_selftest.c:52:65: warning: comparison between signed and unsigned integer expressions [-Wsign-compare]
    if ( SWITCHES_BUTTONS_mReadReg (baseaddr, read_loop_index*4) != (read_loop_index+1)*READ_WRITE_MUL_FACTOR){
                                                                 ^~
SWITCHES_BUTTONS_selftest.c:36:6: warning: unused variable 'Index' [-Wunused-variable]
  int Index;
      ^~~~~
"Running Make libs in ps7_cortexa9_0/libsrc/sysmon_v7_4/src"
make -C ps7_cortexa9_0/libsrc/sysmon_v7_4/src -s libs  "SHELL=CMD" "COMPILER=arm-none-eabi-gcc" "ARCHIVER=arm-none-eabi-ar" "COMPILER_FLAGS=  -O2 -c" "EXTRA_COMPILER_FLAGS=-mcpu=cortex-a9 -mfpu=vfpv3 -mfloat-abi=hard -nostartfiles -g -Wall -Wextra"
"Compiling sysmon"
"Running Make libs in ps7_cortexa9_0/libsrc/ttcps_v3_6/src"
make -C ps7_cortexa9_0/libsrc/ttcps_v3_6/src -s libs  "SHELL=CMD" "COMPILER=arm-none-eabi-gcc" "ARCHIVER=arm-none-eabi-ar" "COMPILER_FLAGS=  -O2 -c" "EXTRA_COMPILER_FLAGS=-mcpu=cortex-a9 -mfpu=vfpv3 -mfloat-abi=hard -nostartfiles -g -Wall -Wextra"
"Compiling ttcps"
"Running Make libs in ps7_cortexa9_0/libsrc/uartps_v3_6/src"
make -C ps7_cortexa9_0/libsrc/uartps_v3_6/src -s libs  "SHELL=CMD" "COMPILER=arm-none-eabi-gcc" "ARCHIVER=arm-none-eabi-ar" "COMPILER_FLAGS=  -O2 -c" "EXTRA_COMPILER_FLAGS=-mcpu=cortex-a9 -mfpu=vfpv3 -mfloat-abi=hard -nostartfiles -g -Wall -Wextra"
"Compiling uartps"
"Running Make libs in ps7_cortexa9_0/libsrc/usbps_v2_4/src"
make -C ps7_cortexa9_0/libsrc/usbps_v2_4/src -s libs  "SHELL=CMD" "COMPILER=arm-none-eabi-gcc" "ARCHIVER=arm-none-eabi-ar" "COMPILER_FLAGS=  -O2 -c" "EXTRA_COMPILER_FLAGS=-mcpu=cortex-a9 -mfpu=vfpv3 -mfloat-abi=hard -nostartfiles -g -Wall -Wextra"
"Compiling usbps"
"Running Make libs in ps7_cortexa9_0/libsrc/xadcps_v2_2/src"
make -C ps7_cortexa9_0/libsrc/xadcps_v2_2/src -s libs  "SHELL=CMD" "COMPILER=arm-none-eabi-gcc" "ARCHIVER=arm-none-eabi-ar" "COMPILER_FLAGS=  -O2 -c" "EXTRA_COMPILER_FLAGS=-mcpu=cortex-a9 -mfpu=vfpv3 -mfloat-abi=hard -nostartfiles -g -Wall -Wextra"
"Compiling xadcps"
'Finished building libraries'
22:27:14 **** Build of configuration Debug for project Project1 ****
make pre-build main-build 
a9-linaro-pre-build-step
' '
'Building file: ../src/helloworld.c'
'Invoking: ARM v7 gcc compiler'
arm-none-eabi-gcc -Wall -O0 -g3 -c -fmessage-length=0 -MT"src/helloworld.o" -mcpu=cortex-a9 -mfpu=vfpv3 -mfloat-abi=hard -I../../Project1_bsp/ps7_cortexa9_0/include -MMD -MP -MF"src/helloworld.d" -MT"src/helloworld.o" -o "src/helloworld.o" "../src/helloworld.c"
'Finished building: ../src/helloworld.c'
' '
'Building file: ../src/platform.c'
'Invoking: ARM v7 gcc compiler'
arm-none-eabi-gcc -Wall -O0 -g3 -c -fmessage-length=0 -MT"src/platform.o" -mcpu=cortex-a9 -mfpu=vfpv3 -mfloat-abi=hard -I../../Project1_bsp/ps7_cortexa9_0/include -MMD -MP -MF"src/platform.d" -MT"src/platform.o" -o "src/platform.o" "../src/platform.c"
'Finished building: ../src/platform.c'
' '
'Building target: Project1.elf'
'Invoking: ARM v7 gcc linker'
arm-none-eabi-gcc -mcpu=cortex-a9 -mfpu=vfpv3 -mfloat-abi=hard -Wl,-build-id=none -specs=Xilinx.spec -Wl,-T -Wl,../src/lscript.ld -L../../Project1_bsp/ps7_cortexa9_0/lib -o "Project1.elf"  ./src/helloworld.o ./src/platform.o   -Wl,--start-group,-lxil,-lgcc,-lc,--end-group
'Finished building target: Project1.elf'
' '
'Invoking: ARM v7 Print Size'
arm-none-eabi-size Project1.elf  |tee "Project1.elf.size"
   text	   data	    bss	    dec	    hex	filename
  19348	   1144	  22568	  43060	   a834	Project1.elf
'Finished building: Project1.elf.size'
' '
22:27:20 **** Build of project Project_1_bsp ****
make -k all 
"Running Make include in ps7_cortexa9_0/libsrc/coresightps_dcc_v1_4/src"
make -C ps7_cortexa9_0/libsrc/coresightps_dcc_v1_4/src -s include  "SHELL=CMD" "COMPILER=arm-none-eabi-gcc" "ARCHIVER=arm-none-eabi-ar" "COMPILER_FLAGS=  -O2 -c" "EXTRA_COMPILER_FLAGS=-mcpu=cortex-a9 -mfpu=vfpv3 -mfloat-abi=hard -nostartfiles -g -Wall -Wextra"
"Running Make include in ps7_cortexa9_0/libsrc/cpu_cortexa9_v2_6/src"
make -C ps7_cortexa9_0/libsrc/cpu_cortexa9_v2_6/src -s include  "SHELL=CMD" "COMPILER=arm-none-eabi-gcc" "ARCHIVER=arm-none-eabi-ar" "COMPILER_FLAGS=  -O2 -c" "EXTRA_COMPILER_FLAGS=-mcpu=cortex-a9 -mfpu=vfpv3 -mfloat-abi=hard -nostartfiles -g -Wall -Wextra"
"Running Make include in ps7_cortexa9_0/libsrc/ddrps_v1_0/src"
make -C ps7_cortexa9_0/libsrc/ddrps_v1_0/src -s include  "SHELL=CMD" "COMPILER=arm-none-eabi-gcc" "ARCHIVER=arm-none-eabi-ar" "COMPILER_FLAGS=  -O2 -c" "EXTRA_COMPILER_FLAGS=-mcpu=cortex-a9 -mfpu=vfpv3 -mfloat-abi=hard -nostartfiles -g -Wall -Wextra"
"Running Make include in ps7_cortexa9_0/libsrc/devcfg_v3_5/src"
make -C ps7_cortexa9_0/libsrc/devcfg_v3_5/src -s include  "SHELL=CMD" "COMPILER=arm-none-eabi-gcc" "ARCHIVER=arm-none-eabi-ar" "COMPILER_FLAGS=  -O2 -c" "EXTRA_COMPILER_FLAGS=-mcpu=cortex-a9 -mfpu=vfpv3 -mfloat-abi=hard -nostartfiles -g -Wall -Wextra"
"Running Make include in ps7_cortexa9_0/libsrc/dmaps_v2_3/src"
make -C ps7_cortexa9_0/libsrc/dmaps_v2_3/src -s include  "SHELL=CMD" "COMPILER=arm-none-eabi-gcc" "ARCHIVER=arm-none-eabi-ar" "COMPILER_FLAGS=  -O2 -c" "EXTRA_COMPILER_FLAGS=-mcpu=cortex-a9 -mfpu=vfpv3 -mfloat-abi=hard -nostartfiles -g -Wall -Wextra"
"Running Make include in ps7_cortexa9_0/libsrc/gpiops_v3_3/src"
make -C ps7_cortexa9_0/libsrc/gpiops_v3_3/src -s include  "SHELL=CMD" "COMPILER=arm-none-eabi-gcc" "ARCHIVER=arm-none-eabi-ar" "COMPILER_FLAGS=  -O2 -c" "EXTRA_COMPILER_FLAGS=-mcpu=cortex-a9 -mfpu=vfpv3 -mfloat-abi=hard -nostartfiles -g -Wall -Wextra"
"Running Make include in ps7_cortexa9_0/libsrc/H_Bridge_v1_0/src"
make -C ps7_cortexa9_0/libsrc/H_Bridge_v1_0/src -s include  "SHELL=CMD" "COMPILER=arm-none-eabi-gcc" "ARCHIVER=arm-none-eabi-ar" "COMPILER_FLAGS=  -O2 -c" "EXTRA_COMPILER_FLAGS=-mcpu=cortex-a9 -mfpu=vfpv3 -mfloat-abi=hard -nostartfiles -g -Wall -Wextra"
"Running Make include in ps7_cortexa9_0/libsrc/iicps_v3_7/src"
make -C ps7_cortexa9_0/libsrc/iicps_v3_7/src -s include  "SHELL=CMD" "COMPILER=arm-none-eabi-gcc" "ARCHIVER=arm-none-eabi-ar" "COMPILER_FLAGS=  -O2 -c" "EXTRA_COMPILER_FLAGS=-mcpu=cortex-a9 -mfpu=vfpv3 -mfloat-abi=hard -nostartfiles -g -Wall -Wextra"
"Running Make include in ps7_cortexa9_0/libsrc/qspips_v3_4/src"
make -C ps7_cortexa9_0/libsrc/qspips_v3_4/src -s include  "SHELL=CMD" "COMPILER=arm-none-eabi-gcc" "ARCHIVER=arm-none-eabi-ar" "COMPILER_FLAGS=  -O2 -c" "EXTRA_COMPILER_FLAGS=-mcpu=cortex-a9 -mfpu=vfpv3 -mfloat-abi=hard -nostartfiles -g -Wall -Wextra"
"Running Make include in ps7_cortexa9_0/libsrc/RGB_LED_v1_0/src"
make -C ps7_cortexa9_0/libsrc/RGB_LED_v1_0/src -s include  "SHELL=CMD" "COMPILER=arm-none-eabi-gcc" "ARCHIVER=arm-none-eabi-ar" "COMPILER_FLAGS=  -O2 -c" "EXTRA_COMPILER_FLAGS=-mcpu=cortex-a9 -mfpu=vfpv3 -mfloat-abi=hard -nostartfiles -g -Wall -Wextra"
"Running Make include in ps7_cortexa9_0/libsrc/scugic_v3_9/src"
make -C ps7_cortexa9_0/libsrc/scugic_v3_9/src -s include  "SHELL=CMD" "COMPILER=arm-none-eabi-gcc" "ARCHIVER=arm-none-eabi-ar" "COMPILER_FLAGS=  -O2 -c" "EXTRA_COMPILER_FLAGS=-mcpu=cortex-a9 -mfpu=vfpv3 -mfloat-abi=hard -nostartfiles -g -Wall -Wextra"
"Running Make include in ps7_cortexa9_0/libsrc/scutimer_v2_1/src"
make -C ps7_cortexa9_0/libsrc/scutimer_v2_1/src -s include  "SHELL=CMD" "COMPILER=arm-none-eabi-gcc" "ARCHIVER=arm-none-eabi-ar" "COMPILER_FLAGS=  -O2 -c" "EXTRA_COMPILER_FLAGS=-mcpu=cortex-a9 -mfpu=vfpv3 -mfloat-abi=hard -nostartfiles -g -Wall -Wextra"
"Running Make include in ps7_cortexa9_0/libsrc/scuwdt_v2_1/src"
make -C ps7_cortexa9_0/libsrc/scuwdt_v2_1/src -s include  "SHELL=CMD" "COMPILER=arm-none-eabi-gcc" "ARCHIVER=arm-none-eabi-ar" "COMPILER_FLAGS=  -O2 -c" "EXTRA_COMPILER_FLAGS=-mcpu=cortex-a9 -mfpu=vfpv3 -mfloat-abi=hard -nostartfiles -g -Wall -Wextra"
"Running Make include in ps7_cortexa9_0/libsrc/sdps_v3_5/src"
make -C ps7_cortexa9_0/libsrc/sdps_v3_5/src -s include  "SHELL=CMD" "COMPILER=arm-none-eabi-gcc" "ARCHIVER=arm-none-eabi-ar" "COMPILER_FLAGS=  -O2 -c" "EXTRA_COMPILER_FLAGS=-mcpu=cortex-a9 -mfpu=vfpv3 -mfloat-abi=hard -nostartfiles -g -Wall -Wextra"
"Running Make include in ps7_cortexa9_0/libsrc/SEVEN_SEG_DISP_v1_0/src"
make -C ps7_cortexa9_0/libsrc/SEVEN_SEG_DISP_v1_0/src -s include  "SHELL=CMD" "COMPILER=arm-none-eabi-gcc" "ARCHIVER=arm-none-eabi-ar" "COMPILER_FLAGS=  -O2 -c" "EXTRA_COMPILER_FLAGS=-mcpu=cortex-a9 -mfpu=vfpv3 -mfloat-abi=hard -nostartfiles -g -Wall -Wextra"
"Running Make include in ps7_cortexa9_0/libsrc/spips_v3_1/src"
make -C ps7_cortexa9_0/libsrc/spips_v3_1/src -s include  "SHELL=CMD" "COMPILER=arm-none-eabi-gcc" "ARCHIVER=arm-none-eabi-ar" "COMPILER_FLAGS=  -O2 -c" "EXTRA_COMPILER_FLAGS=-mcpu=cortex-a9 -mfpu=vfpv3 -mfloat-abi=hard -nostartfiles -g -Wall -Wextra"
"Running Make include in ps7_cortexa9_0/libsrc/standalone_v6_7/src"
make -C ps7_cortexa9_0/libsrc/standalone_v6_7/src -s include  "SHELL=CMD" "COMPILER=arm-none-eabi-gcc" "ARCHIVER=arm-none-eabi-ar" "COMPILER_FLAGS=  -O2 -c" "EXTRA_COMPILER_FLAGS=-mcpu=cortex-a9 -mfpu=vfpv3 -mfloat-abi=hard -nostartfiles -g -Wall -Wextra"
"Running Make include in ps7_cortexa9_0/libsrc/SWITCHES_BUTTONS_v1_0/src"
make -C ps7_cortexa9_0/libsrc/SWITCHES_BUTTONS_v1_0/src -s include  "SHELL=CMD" "COMPILER=arm-none-eabi-gcc" "ARCHIVER=arm-none-eabi-ar" "COMPILER_FLAGS=  -O2 -c" "EXTRA_COMPILER_FLAGS=-mcpu=cortex-a9 -mfpu=vfpv3 -mfloat-abi=hard -nostartfiles -g -Wall -Wextra"
"Running Make include in ps7_cortexa9_0/libsrc/sysmon_v7_4/src"
make -C ps7_cortexa9_0/libsrc/sysmon_v7_4/src -s include  "SHELL=CMD" "COMPILER=arm-none-eabi-gcc" "ARCHIVER=arm-none-eabi-ar" "COMPILER_FLAGS=  -O2 -c" "EXTRA_COMPILER_FLAGS=-mcpu=cortex-a9 -mfpu=vfpv3 -mfloat-abi=hard -nostartfiles -g -Wall -Wextra"
"Running Make include in ps7_cortexa9_0/libsrc/ttcps_v3_6/src"
make -C ps7_cortexa9_0/libsrc/ttcps_v3_6/src -s include  "SHELL=CMD" "COMPILER=arm-none-eabi-gcc" "ARCHIVER=arm-none-eabi-ar" "COMPILER_FLAGS=  -O2 -c" "EXTRA_COMPILER_FLAGS=-mcpu=cortex-a9 -mfpu=vfpv3 -mfloat-abi=hard -nostartfiles -g -Wall -Wextra"
"Running Make include in ps7_cortexa9_0/libsrc/uartps_v3_6/src"
make -C ps7_cortexa9_0/libsrc/uartps_v3_6/src -s include  "SHELL=CMD" "COMPILER=arm-none-eabi-gcc" "ARCHIVER=arm-none-eabi-ar" "COMPILER_FLAGS=  -O2 -c" "EXTRA_COMPILER_FLAGS=-mcpu=cortex-a9 -mfpu=vfpv3 -mfloat-abi=hard -nostartfiles -g -Wall -Wextra"
"Running Make include in ps7_cortexa9_0/libsrc/usbps_v2_4/src"
make -C ps7_cortexa9_0/libsrc/usbps_v2_4/src -s include  "SHELL=CMD" "COMPILER=arm-none-eabi-gcc" "ARCHIVER=arm-none-eabi-ar" "COMPILER_FLAGS=  -O2 -c" "EXTRA_COMPILER_FLAGS=-mcpu=cortex-a9 -mfpu=vfpv3 -mfloat-abi=hard -nostartfiles -g -Wall -Wextra"
"Running Make include in ps7_cortexa9_0/libsrc/xadcps_v2_2/src"
make -C ps7_cortexa9_0/libsrc/xadcps_v2_2/src -s include  "SHELL=CMD" "COMPILER=arm-none-eabi-gcc" "ARCHIVER=arm-none-eabi-ar" "COMPILER_FLAGS=  -O2 -c" "EXTRA_COMPILER_FLAGS=-mcpu=cortex-a9 -mfpu=vfpv3 -mfloat-abi=hard -nostartfiles -g -Wall -Wextra"
"Running Make libs in ps7_cortexa9_0/libsrc/coresightps_dcc_v1_4/src"
make -C ps7_cortexa9_0/libsrc/coresightps_dcc_v1_4/src -s libs  "SHELL=CMD" "COMPILER=arm-none-eabi-gcc" "ARCHIVER=arm-none-eabi-ar" "COMPILER_FLAGS=  -O2 -c" "EXTRA_COMPILER_FLAGS=-mcpu=cortex-a9 -mfpu=vfpv3 -mfloat-abi=hard -nostartfiles -g -Wall -Wextra"
"Compiling coresightps_dcc"
arm-none-eabi-ar: creating ../../../lib/libxil.a
"Running Make libs in ps7_cortexa9_0/libsrc/cpu_cortexa9_v2_6/src"
make -C ps7_cortexa9_0/libsrc/cpu_cortexa9_v2_6/src -s libs  "SHELL=CMD" "COMPILER=arm-none-eabi-gcc" "ARCHIVER=arm-none-eabi-ar" "COMPILER_FLAGS=  -O2 -c" "EXTRA_COMPILER_FLAGS=-mcpu=cortex-a9 -mfpu=vfpv3 -mfloat-abi=hard -nostartfiles -g -Wall -Wextra"
"Compiling cpu_cortexa9"
"Running Make libs in ps7_cortexa9_0/libsrc/ddrps_v1_0/src"
make -C ps7_cortexa9_0/libsrc/ddrps_v1_0/src -s libs  "SHELL=CMD" "COMPILER=arm-none-eabi-gcc" "ARCHIVER=arm-none-eabi-ar" "COMPILER_FLAGS=  -O2 -c" "EXTRA_COMPILER_FLAGS=-mcpu=cortex-a9 -mfpu=vfpv3 -mfloat-abi=hard -nostartfiles -g -Wall -Wextra"
"Compiling ddrps"
"Running Make libs in ps7_cortexa9_0/libsrc/devcfg_v3_5/src"
make -C ps7_cortexa9_0/libsrc/devcfg_v3_5/src -s libs  "SHELL=CMD" "COMPILER=arm-none-eabi-gcc" "ARCHIVER=arm-none-eabi-ar" "COMPILER_FLAGS=  -O2 -c" "EXTRA_COMPILER_FLAGS=-mcpu=cortex-a9 -mfpu=vfpv3 -mfloat-abi=hard -nostartfiles -g -Wall -Wextra"
"Compiling devcfg"
"Running Make libs in ps7_cortexa9_0/libsrc/dmaps_v2_3/src"
make -C ps7_cortexa9_0/libsrc/dmaps_v2_3/src -s libs  "SHELL=CMD" "COMPILER=arm-none-eabi-gcc" "ARCHIVER=arm-none-eabi-ar" "COMPILER_FLAGS=  -O2 -c" "EXTRA_COMPILER_FLAGS=-mcpu=cortex-a9 -mfpu=vfpv3 -mfloat-abi=hard -nostartfiles -g -Wall -Wextra"
"Compiling dmaps"
"Running Make libs in ps7_cortexa9_0/libsrc/gpiops_v3_3/src"
make -C ps7_cortexa9_0/libsrc/gpiops_v3_3/src -s libs  "SHELL=CMD" "COMPILER=arm-none-eabi-gcc" "ARCHIVER=arm-none-eabi-ar" "COMPILER_FLAGS=  -O2 -c" "EXTRA_COMPILER_FLAGS=-mcpu=cortex-a9 -mfpu=vfpv3 -mfloat-abi=hard -nostartfiles -g -Wall -Wextra"
"Compiling gpiops"
"Running Make libs in ps7_cortexa9_0/libsrc/H_Bridge_v1_0/src"
make -C ps7_cortexa9_0/libsrc/H_Bridge_v1_0/src -s libs  "SHELL=CMD" "COMPILER=arm-none-eabi-gcc" "ARCHIVER=arm-none-eabi-ar" "COMPILER_FLAGS=  -O2 -c" "EXTRA_COMPILER_FLAGS=-mcpu=cortex-a9 -mfpu=vfpv3 -mfloat-abi=hard -nostartfiles -g -Wall -Wextra"
"Compiling H_Bridge..."
H_Bridge_selftest.c: In function 'H_BRIDGE_Reg_SelfTest':
H_Bridge_selftest.c:52:57: warning: comparison between signed and unsigned integer expressions [-Wsign-compare]
    if ( H_BRIDGE_mReadReg (baseaddr, read_loop_index*4) != (read_loop_index+1)*READ_WRITE_MUL_FACTOR){
                                                         ^~
H_Bridge_selftest.c:36:6: warning: unused variable 'Index' [-Wunused-variable]
  int Index;
      ^~~~~
"Running Make libs in ps7_cortexa9_0/libsrc/iicps_v3_7/src"
make -C ps7_cortexa9_0/libsrc/iicps_v3_7/src -s libs  "SHELL=CMD" "COMPILER=arm-none-eabi-gcc" "ARCHIVER=arm-none-eabi-ar" "COMPILER_FLAGS=  -O2 -c" "EXTRA_COMPILER_FLAGS=-mcpu=cortex-a9 -mfpu=vfpv3 -mfloat-abi=hard -nostartfiles -g -Wall -Wextra"
"Compiling iicps"
"Running Make libs in ps7_cortexa9_0/libsrc/qspips_v3_4/src"
make -C ps7_cortexa9_0/libsrc/qspips_v3_4/src -s libs  "SHELL=CMD" "COMPILER=arm-none-eabi-gcc" "ARCHIVER=arm-none-eabi-ar" "COMPILER_FLAGS=  -O2 -c" "EXTRA_COMPILER_FLAGS=-mcpu=cortex-a9 -mfpu=vfpv3 -mfloat-abi=hard -nostartfiles -g -Wall -Wextra"
"Compiling qspips"
"Running Make libs in ps7_cortexa9_0/libsrc/RGB_LED_v1_0/src"
make -C ps7_cortexa9_0/libsrc/RGB_LED_v1_0/src -s libs  "SHELL=CMD" "COMPILER=arm-none-eabi-gcc" "ARCHIVER=arm-none-eabi-ar" "COMPILER_FLAGS=  -O2 -c" "EXTRA_COMPILER_FLAGS=-mcpu=cortex-a9 -mfpu=vfpv3 -mfloat-abi=hard -nostartfiles -g -Wall -Wextra"
"Compiling RGB_LED..."
RGB_LED_selftest.c: In function 'RGB_LED_Reg_SelfTest':
RGB_LED_selftest.c:52:56: warning: comparison between signed and unsigned integer expressions [-Wsign-compare]
    if ( RGB_LED_mReadReg (baseaddr, read_loop_index*4) != (read_loop_index+1)*READ_WRITE_MUL_FACTOR){
                                                        ^~
RGB_LED_selftest.c:36:6: warning: unused variable 'Index' [-Wunused-variable]
  int Index;
      ^~~~~
"Running Make libs in ps7_cortexa9_0/libsrc/scugic_v3_9/src"
make -C ps7_cortexa9_0/libsrc/scugic_v3_9/src -s libs  "SHELL=CMD" "COMPILER=arm-none-eabi-gcc" "ARCHIVER=arm-none-eabi-ar" "COMPILER_FLAGS=  -O2 -c" "EXTRA_COMPILER_FLAGS=-mcpu=cortex-a9 -mfpu=vfpv3 -mfloat-abi=hard -nostartfiles -g -Wall -Wextra"
"Compiling scugic"
"Running Make libs in ps7_cortexa9_0/libsrc/scutimer_v2_1/src"
make -C ps7_cortexa9_0/libsrc/scutimer_v2_1/src -s libs  "SHELL=CMD" "COMPILER=arm-none-eabi-gcc" "ARCHIVER=arm-none-eabi-ar" "COMPILER_FLAGS=  -O2 -c" "EXTRA_COMPILER_FLAGS=-mcpu=cortex-a9 -mfpu=vfpv3 -mfloat-abi=hard -nostartfiles -g -Wall -Wextra"
"Compiling scutimer"
"Running Make libs in ps7_cortexa9_0/libsrc/scuwdt_v2_1/src"
make -C ps7_cortexa9_0/libsrc/scuwdt_v2_1/src -s libs  "SHELL=CMD" "COMPILER=arm-none-eabi-gcc" "ARCHIVER=arm-none-eabi-ar" "COMPILER_FLAGS=  -O2 -c" "EXTRA_COMPILER_FLAGS=-mcpu=cortex-a9 -mfpu=vfpv3 -mfloat-abi=hard -nostartfiles -g -Wall -Wextra"
"Compiling scuwdt"
"Running Make libs in ps7_cortexa9_0/libsrc/sdps_v3_5/src"
make -C ps7_cortexa9_0/libsrc/sdps_v3_5/src -s libs  "SHELL=CMD" "COMPILER=arm-none-eabi-gcc" "ARCHIVER=arm-none-eabi-ar" "COMPILER_FLAGS=  -O2 -c" "EXTRA_COMPILER_FLAGS=-mcpu=cortex-a9 -mfpu=vfpv3 -mfloat-abi=hard -nostartfiles -g -Wall -Wextra"
"Compiling sdps"
"Running Make libs in ps7_cortexa9_0/libsrc/SEVEN_SEG_DISP_v1_0/src"
make -C ps7_cortexa9_0/libsrc/SEVEN_SEG_DISP_v1_0/src -s libs  "SHELL=CMD" "COMPILER=arm-none-eabi-gcc" "ARCHIVER=arm-none-eabi-ar" "COMPILER_FLAGS=  -O2 -c" "EXTRA_COMPILER_FLAGS=-mcpu=cortex-a9 -mfpu=vfpv3 -mfloat-abi=hard -nostartfiles -g -Wall -Wextra"
"Compiling SEVEN_SEG_DISP..."
SEVEN_SEG_DISP_selftest.c: In function 'SEVEN_SEG_DISP_Reg_SelfTest':
SEVEN_SEG_DISP_selftest.c:52:63: warning: comparison between signed and unsigned integer expressions [-Wsign-compare]
    if ( SEVEN_SEG_DISP_mReadReg (baseaddr, read_loop_index*4) != (read_loop_index+1)*READ_WRITE_MUL_FACTOR){
                                                               ^~
SEVEN_SEG_DISP_selftest.c:36:6: warning: unused variable 'Index' [-Wunused-variable]
  int Index;
      ^~~~~
"Running Make libs in ps7_cortexa9_0/libsrc/spips_v3_1/src"
make -C ps7_cortexa9_0/libsrc/spips_v3_1/src -s libs  "SHELL=CMD" "COMPILER=arm-none-eabi-gcc" "ARCHIVER=arm-none-eabi-ar" "COMPILER_FLAGS=  -O2 -c" "EXTRA_COMPILER_FLAGS=-mcpu=cortex-a9 -mfpu=vfpv3 -mfloat-abi=hard -nostartfiles -g -Wall -Wextra"
"Compiling spips"
"Running Make libs in ps7_cortexa9_0/libsrc/standalone_v6_7/src"
make -C ps7_cortexa9_0/libsrc/standalone_v6_7/src -s libs  "SHELL=CMD" "COMPILER=arm-none-eabi-gcc" "ARCHIVER=arm-none-eabi-ar" "COMPILER_FLAGS=  -O2 -c" "EXTRA_COMPILER_FLAGS=-mcpu=cortex-a9 -mfpu=vfpv3 -mfloat-abi=hard -nostartfiles -g -Wall -Wextra"
"Compiling standalone"
In file included from sleep.c:57:0:
xtime_l.h:89:9: note: #pragma message: For the sleep routines, Global timer is being used
 #pragma message ("For the sleep routines, Global timer is being used")
         ^~~~~~~
In file included from usleep.c:60:0:
xtime_l.h:89:9: note: #pragma message: For the sleep routines, Global timer is being used
 #pragma message ("For the sleep routines, Global timer is being used")
         ^~~~~~~
In file included from xil_sleeptimer.c:55:0:
xtime_l.h:89:9: note: #pragma message: For the sleep routines, Global timer is being used
 #pragma message ("For the sleep routines, Global timer is being used")
         ^~~~~~~
In file included from xtime_l.c:53:0:
xtime_l.h:89:9: note: #pragma message: For the sleep routines, Global timer is being used
 #pragma message ("For the sleep routines, Global timer is being used")
         ^~~~~~~
"Running Make libs in ps7_cortexa9_0/libsrc/SWITCHES_BUTTONS_v1_0/src"
make -C ps7_cortexa9_0/libsrc/SWITCHES_BUTTONS_v1_0/src -s libs  "SHELL=CMD" "COMPILER=arm-none-eabi-gcc" "ARCHIVER=arm-none-eabi-ar" "COMPILER_FLAGS=  -O2 -c" "EXTRA_COMPILER_FLAGS=-mcpu=cortex-a9 -mfpu=vfpv3 -mfloat-abi=hard -nostartfiles -g -Wall -Wextra"
"Compiling SWITCHES_BUTTONS..."
SWITCHES_BUTTONS_selftest.c: In function 'SWITCHES_BUTTONS_Reg_SelfTest':
SWITCHES_BUTTONS_selftest.c:52:65: warning: comparison between signed and unsigned integer expressions [-Wsign-compare]
    if ( SWITCHES_BUTTONS_mReadReg (baseaddr, read_loop_index*4) != (read_loop_index+1)*READ_WRITE_MUL_FACTOR){
                                                                 ^~
SWITCHES_BUTTONS_selftest.c:36:6: warning: unused variable 'Index' [-Wunused-variable]
  int Index;
      ^~~~~
"Running Make libs in ps7_cortexa9_0/libsrc/sysmon_v7_4/src"
make -C ps7_cortexa9_0/libsrc/sysmon_v7_4/src -s libs  "SHELL=CMD" "COMPILER=arm-none-eabi-gcc" "ARCHIVER=arm-none-eabi-ar" "COMPILER_FLAGS=  -O2 -c" "EXTRA_COMPILER_FLAGS=-mcpu=cortex-a9 -mfpu=vfpv3 -mfloat-abi=hard -nostartfiles -g -Wall -Wextra"
"Compiling sysmon"
"Running Make libs in ps7_cortexa9_0/libsrc/ttcps_v3_6/src"
make -C ps7_cortexa9_0/libsrc/ttcps_v3_6/src -s libs  "SHELL=CMD" "COMPILER=arm-none-eabi-gcc" "ARCHIVER=arm-none-eabi-ar" "COMPILER_FLAGS=  -O2 -c" "EXTRA_COMPILER_FLAGS=-mcpu=cortex-a9 -mfpu=vfpv3 -mfloat-abi=hard -nostartfiles -g -Wall -Wextra"
"Compiling ttcps"
"Running Make libs in ps7_cortexa9_0/libsrc/uartps_v3_6/src"
make -C ps7_cortexa9_0/libsrc/uartps_v3_6/src -s libs  "SHELL=CMD" "COMPILER=arm-none-eabi-gcc" "ARCHIVER=arm-none-eabi-ar" "COMPILER_FLAGS=  -O2 -c" "EXTRA_COMPILER_FLAGS=-mcpu=cortex-a9 -mfpu=vfpv3 -mfloat-abi=hard -nostartfiles -g -Wall -Wextra"
"Compiling uartps"
"Running Make libs in ps7_cortexa9_0/libsrc/usbps_v2_4/src"
make -C ps7_cortexa9_0/libsrc/usbps_v2_4/src -s libs  "SHELL=CMD" "COMPILER=arm-none-eabi-gcc" "ARCHIVER=arm-none-eabi-ar" "COMPILER_FLAGS=  -O2 -c" "EXTRA_COMPILER_FLAGS=-mcpu=cortex-a9 -mfpu=vfpv3 -mfloat-abi=hard -nostartfiles -g -Wall -Wextra"
"Compiling usbps"
"Running Make libs in ps7_cortexa9_0/libsrc/xadcps_v2_2/src"
make -C ps7_cortexa9_0/libsrc/xadcps_v2_2/src -s libs  "SHELL=CMD" "COMPILER=arm-none-eabi-gcc" "ARCHIVER=arm-none-eabi-ar" "COMPILER_FLAGS=  -O2 -c" "EXTRA_COMPILER_FLAGS=-mcpu=cortex-a9 -mfpu=vfpv3 -mfloat-abi=hard -nostartfiles -g -Wall -Wextra"
"Compiling xadcps"
'Finished building libraries'

**** Build of configuration Debug for project Project_1 ****

Nothing to build for project Project_1
22:28:56 **** Auto Build of configuration Debug for project Project_1 ****
make pre-build main-build 
a9-linaro-pre-build-step
' '
'Building file: ../src/P1.S'
'Invoking: ARM v7 gcc compiler'
arm-none-eabi-gcc -Wall -O0 -g3 -c -fmessage-length=0 -MT"src/P1.o" -mcpu=cortex-a9 -mfpu=vfpv3 -mfloat-abi=hard -I../../Project_1_bsp/ps7_cortexa9_0/include -MMD -MP -MF"src/P1.d" -MT"src/P1.o" -o "src/P1.o" "../src/P1.S"
'Finished building: ../src/P1.S'
' '
'Building target: Project_1.elf'
'Invoking: ARM v7 gcc linker'
arm-none-eabi-gcc -mcpu=cortex-a9 -mfpu=vfpv3 -mfloat-abi=hard -Wl,-build-id=none -specs=Xilinx.spec -Wl,-T -Wl,../src/lscript.ld -L../../Project_1_bsp/ps7_cortexa9_0/lib -o "Project_1.elf"  ./src/P1.o   -Wl,--start-group,-lxil,-lgcc,-lc,--end-group
../../Project_1_bsp/ps7_cortexa9_0/lib\libxil.a(xil-crt0.o): In function `_start':
C:\Users\Sergaljerk\EE234\Project_1_bsp\ps7_cortexa9_0\libsrc\standalone_v6_7\src/xil-crt0.S:142: undefined reference to `main'
collect2.exe: error: ld returned 1 exit status
make: *** [Project_1.elf] Error 1
22:29:25 **** Auto Build of configuration Debug for project Project_1 ****
make pre-build main-build 
a9-linaro-pre-build-step
' '
'Building file: ../src/P1.S'
'Invoking: ARM v7 gcc compiler'
arm-none-eabi-gcc -Wall -O0 -g3 -c -fmessage-length=0 -MT"src/P1.o" -mcpu=cortex-a9 -mfpu=vfpv3 -mfloat-abi=hard -I../../Project_1_bsp/ps7_cortexa9_0/include -MMD -MP -MF"src/P1.d" -MT"src/P1.o" -o "src/P1.o" "../src/P1.S"
'Finished building: ../src/P1.S'
' '
'Building target: Project_1.elf'
'Invoking: ARM v7 gcc linker'
arm-none-eabi-gcc -mcpu=cortex-a9 -mfpu=vfpv3 -mfloat-abi=hard -Wl,-build-id=none -specs=Xilinx.spec -Wl,-T -Wl,../src/lscript.ld -L../../Project_1_bsp/ps7_cortexa9_0/lib -o "Project_1.elf"  ./src/P1.o   -Wl,--start-group,-lxil,-lgcc,-lc,--end-group
'Finished building target: Project_1.elf'
' '
'Invoking: ARM v7 Print Size'
arm-none-eabi-size Project_1.elf  |tee "Project_1.elf.size"
   text	   data	    bss	    dec	    hex	filename
  19024	   1144	  22568	  42736	   a6f0	Project_1.elf
'Finished building: Project_1.elf.size'
' '
22:32:59 **** Incremental Build of configuration Debug for project Project_1 ****
make pre-build main-build 
a9-linaro-pre-build-step
' '
make: Nothing to be done for `main-build'.
22:33:18 **** Incremental Build of configuration Debug for project Project_1 ****
make pre-build main-build 
a9-linaro-pre-build-step
' '
make: Nothing to be done for `main-build'.
22:35:34 **** Incremental Build of configuration Debug for project Project_1 ****
make pre-build main-build 
a9-linaro-pre-build-step
' '
'Building file: ../src/P1.S'
'Invoking: ARM v7 gcc compiler'
arm-none-eabi-gcc -Wall -O0 -g3 -c -fmessage-length=0 -MT"src/P1.o" -mcpu=cortex-a9 -mfpu=vfpv3 -mfloat-abi=hard -I../../Project_1_bsp/ps7_cortexa9_0/include -MMD -MP -MF"src/P1.d" -MT"src/P1.o" -o "src/P1.o" "../src/P1.S"
'Finished building: ../src/P1.S'
' '
'Building target: Project_1.elf'
'Invoking: ARM v7 gcc linker'
arm-none-eabi-gcc -mcpu=cortex-a9 -mfpu=vfpv3 -mfloat-abi=hard -Wl,-build-id=none -specs=Xilinx.spec -Wl,-T -Wl,../src/lscript.ld -L../../Project_1_bsp/ps7_cortexa9_0/lib -o "Project_1.elf"  ./src/P1.o   -Wl,--start-group,-lxil,-lgcc,-lc,--end-group
'Finished building target: Project_1.elf'
' '
'Invoking: ARM v7 Print Size'
arm-none-eabi-size Project_1.elf  |tee "Project_1.elf.size"
   text	   data	    bss	    dec	    hex	filename
  19028	   1144	  22568	  42740	   a6f4	Project_1.elf
'Finished building: Project_1.elf.size'
' '
22:53:11 **** Incremental Build of configuration Debug for project Project_1 ****
make pre-build main-build 
a9-linaro-pre-build-step
' '
'Building file: ../src/P1.S'
'Invoking: ARM v7 gcc compiler'
arm-none-eabi-gcc -Wall -O0 -g3 -c -fmessage-length=0 -MT"src/P1.o" -mcpu=cortex-a9 -mfpu=vfpv3 -mfloat-abi=hard -I../../Project_1_bsp/ps7_cortexa9_0/include -MMD -MP -MF"src/P1.d" -MT"src/P1.o" -o "src/P1.o" "../src/P1.S"
../src/P1.S: Assembler messages:
../src/P1.S:22: Error: garbage following instruction -- `mov r5,#0x01#enables SSD'
make: *** [src/P1.o] Error 1
22:53:18 **** Incremental Build of configuration Debug for project Project_1 ****
make pre-build main-build 
a9-linaro-pre-build-step
' '
'Building file: ../src/P1.S'
'Invoking: ARM v7 gcc compiler'
arm-none-eabi-gcc -Wall -O0 -g3 -c -fmessage-length=0 -MT"src/P1.o" -mcpu=cortex-a9 -mfpu=vfpv3 -mfloat-abi=hard -I../../Project_1_bsp/ps7_cortexa9_0/include -MMD -MP -MF"src/P1.d" -MT"src/P1.o" -o "src/P1.o" "../src/P1.S"
'Finished building: ../src/P1.S'
' '
'Building target: Project_1.elf'
'Invoking: ARM v7 gcc linker'
arm-none-eabi-gcc -mcpu=cortex-a9 -mfpu=vfpv3 -mfloat-abi=hard -Wl,-build-id=none -specs=Xilinx.spec -Wl,-T -Wl,../src/lscript.ld -L../../Project_1_bsp/ps7_cortexa9_0/lib -o "Project_1.elf"  ./src/P1.o   -Wl,--start-group,-lxil,-lgcc,-lc,--end-group
'Finished building target: Project_1.elf'
' '
'Invoking: ARM v7 Print Size'
arm-none-eabi-size Project_1.elf  |tee "Project_1.elf.size"
   text	   data	    bss	    dec	    hex	filename
  19040	   1144	  22568	  42752	   a700	Project_1.elf
'Finished building: Project_1.elf.size'
' '
22:56:47 **** Incremental Build of configuration Debug for project Project_1 ****
make pre-build main-build 
a9-linaro-pre-build-step
' '
'Building file: ../src/P1.S'
'Invoking: ARM v7 gcc compiler'
arm-none-eabi-gcc -Wall -O0 -g3 -c -fmessage-length=0 -MT"src/P1.o" -mcpu=cortex-a9 -mfpu=vfpv3 -mfloat-abi=hard -I../../Project_1_bsp/ps7_cortexa9_0/include -MMD -MP -MF"src/P1.d" -MT"src/P1.o" -o "src/P1.o" "../src/P1.S"
'Finished building: ../src/P1.S'
' '
'Building target: Project_1.elf'
'Invoking: ARM v7 gcc linker'
arm-none-eabi-gcc -mcpu=cortex-a9 -mfpu=vfpv3 -mfloat-abi=hard -Wl,-build-id=none -specs=Xilinx.spec -Wl,-T -Wl,../src/lscript.ld -L../../Project_1_bsp/ps7_cortexa9_0/lib -o "Project_1.elf"  ./src/P1.o   -Wl,--start-group,-lxil,-lgcc,-lc,--end-group
'Finished building target: Project_1.elf'
' '
'Invoking: ARM v7 Print Size'
arm-none-eabi-size Project_1.elf  |tee "Project_1.elf.size"
   text	   data	    bss	    dec	    hex	filename
  19040	   1144	  22568	  42752	   a700	Project_1.elf
'Finished building: Project_1.elf.size'
' '
22:57:58 **** Incremental Build of configuration Debug for project Project_1 ****
make pre-build main-build 
a9-linaro-pre-build-step
' '
'Building file: ../src/P1.S'
'Invoking: ARM v7 gcc compiler'
arm-none-eabi-gcc -Wall -O0 -g3 -c -fmessage-length=0 -MT"src/P1.o" -mcpu=cortex-a9 -mfpu=vfpv3 -mfloat-abi=hard -I../../Project_1_bsp/ps7_cortexa9_0/include -MMD -MP -MF"src/P1.d" -MT"src/P1.o" -o "src/P1.o" "../src/P1.S"
'Finished building: ../src/P1.S'
' '
'Building target: Project_1.elf'
'Invoking: ARM v7 gcc linker'
arm-none-eabi-gcc -mcpu=cortex-a9 -mfpu=vfpv3 -mfloat-abi=hard -Wl,-build-id=none -specs=Xilinx.spec -Wl,-T -Wl,../src/lscript.ld -L../../Project_1_bsp/ps7_cortexa9_0/lib -o "Project_1.elf"  ./src/P1.o   -Wl,--start-group,-lxil,-lgcc,-lc,--end-group
'Finished building target: Project_1.elf'
' '
'Invoking: ARM v7 Print Size'
arm-none-eabi-size Project_1.elf  |tee "Project_1.elf.size"
   text	   data	    bss	    dec	    hex	filename
  19040	   1144	  22568	  42752	   a700	Project_1.elf
'Finished building: Project_1.elf.size'
' '
22:58:55 **** Auto Build of configuration Debug for project Project_1 ****
make pre-build main-build 
a9-linaro-pre-build-step
' '
'Building file: ../src/P1.S'
'Invoking: ARM v7 gcc compiler'
arm-none-eabi-gcc -Wall -O0 -g3 -c -fmessage-length=0 -MT"src/P1.o" -mcpu=cortex-a9 -mfpu=vfpv3 -mfloat-abi=hard -I../../Project_1_bsp/ps7_cortexa9_0/include -MMD -MP -MF"src/P1.d" -MT"src/P1.o" -o "src/P1.o" "../src/P1.S"
'Finished building: ../src/P1.S'
' '
'Building target: Project_1.elf'
'Invoking: ARM v7 gcc linker'
arm-none-eabi-gcc -mcpu=cortex-a9 -mfpu=vfpv3 -mfloat-abi=hard -Wl,-build-id=none -specs=Xilinx.spec -Wl,-T -Wl,../src/lscript.ld -L../../Project_1_bsp/ps7_cortexa9_0/lib -o "Project_1.elf"  ./src/P1.o   -Wl,--start-group,-lxil,-lgcc,-lc,--end-group
'Finished building target: Project_1.elf'
' '
'Invoking: ARM v7 Print Size'
arm-none-eabi-size Project_1.elf  |tee "Project_1.elf.size"
   text	   data	    bss	    dec	    hex	filename
  19040	   1144	  22568	  42752	   a700	Project_1.elf
'Finished building: Project_1.elf.size'
' '
23:00:43 **** Incremental Build of configuration Debug for project Project_1 ****
make pre-build main-build 
a9-linaro-pre-build-step
' '
'Building file: ../src/P1.S'
'Invoking: ARM v7 gcc compiler'
arm-none-eabi-gcc -Wall -O0 -g3 -c -fmessage-length=0 -MT"src/P1.o" -mcpu=cortex-a9 -mfpu=vfpv3 -mfloat-abi=hard -I../../Project_1_bsp/ps7_cortexa9_0/include -MMD -MP -MF"src/P1.d" -MT"src/P1.o" -o "src/P1.o" "../src/P1.S"
'Finished building: ../src/P1.S'
' '
'Building target: Project_1.elf'
'Invoking: ARM v7 gcc linker'
arm-none-eabi-gcc -mcpu=cortex-a9 -mfpu=vfpv3 -mfloat-abi=hard -Wl,-build-id=none -specs=Xilinx.spec -Wl,-T -Wl,../src/lscript.ld -L../../Project_1_bsp/ps7_cortexa9_0/lib -o "Project_1.elf"  ./src/P1.o   -Wl,--start-group,-lxil,-lgcc,-lc,--end-group
'Finished building target: Project_1.elf'
' '
'Invoking: ARM v7 Print Size'
arm-none-eabi-size Project_1.elf  |tee "Project_1.elf.size"
   text	   data	    bss	    dec	    hex	filename
  19048	   1144	  22568	  42760	   a708	Project_1.elf
'Finished building: Project_1.elf.size'
' '
23:04:09 **** Incremental Build of configuration Debug for project Project_1 ****
make pre-build main-build 
a9-linaro-pre-build-step
' '
'Building file: ../src/P1.S'
'Invoking: ARM v7 gcc compiler'
arm-none-eabi-gcc -Wall -O0 -g3 -c -fmessage-length=0 -MT"src/P1.o" -mcpu=cortex-a9 -mfpu=vfpv3 -mfloat-abi=hard -I../../Project_1_bsp/ps7_cortexa9_0/include -MMD -MP -MF"src/P1.d" -MT"src/P1.o" -o "src/P1.o" "../src/P1.S"
'Finished building: ../src/P1.S'
' '
'Building target: Project_1.elf'
'Invoking: ARM v7 gcc linker'
arm-none-eabi-gcc -mcpu=cortex-a9 -mfpu=vfpv3 -mfloat-abi=hard -Wl,-build-id=none -specs=Xilinx.spec -Wl,-T -Wl,../src/lscript.ld -L../../Project_1_bsp/ps7_cortexa9_0/lib -o "Project_1.elf"  ./src/P1.o   -Wl,--start-group,-lxil,-lgcc,-lc,--end-group
'Finished building target: Project_1.elf'
' '
'Invoking: ARM v7 Print Size'
arm-none-eabi-size Project_1.elf  |tee "Project_1.elf.size"
   text	   data	    bss	    dec	    hex	filename
  19044	   1144	  22568	  42756	   a704	Project_1.elf
'Finished building: Project_1.elf.size'
' '
23:15:01 **** Incremental Build of configuration Debug for project Project_1 ****
make pre-build main-build 
a9-linaro-pre-build-step
' '
'Building file: ../src/P1.S'
'Invoking: ARM v7 gcc compiler'
arm-none-eabi-gcc -Wall -O0 -g3 -c -fmessage-length=0 -MT"src/P1.o" -mcpu=cortex-a9 -mfpu=vfpv3 -mfloat-abi=hard -I../../Project_1_bsp/ps7_cortexa9_0/include -MMD -MP -MF"src/P1.d" -MT"src/P1.o" -o "src/P1.o" "../src/P1.S"
'Finished building: ../src/P1.S'
' '
'Building target: Project_1.elf'
'Invoking: ARM v7 gcc linker'
arm-none-eabi-gcc -mcpu=cortex-a9 -mfpu=vfpv3 -mfloat-abi=hard -Wl,-build-id=none -specs=Xilinx.spec -Wl,-T -Wl,../src/lscript.ld -L../../Project_1_bsp/ps7_cortexa9_0/lib -o "Project_1.elf"  ./src/P1.o   -Wl,--start-group,-lxil,-lgcc,-lc,--end-group
'Finished building target: Project_1.elf'
' '
'Invoking: ARM v7 Print Size'
arm-none-eabi-size Project_1.elf  |tee "Project_1.elf.size"
   text	   data	    bss	    dec	    hex	filename
  19044	   1144	  22568	  42756	   a704	Project_1.elf
'Finished building: Project_1.elf.size'
' '
23:20:15 **** Incremental Build of configuration Debug for project Project_1 ****
make pre-build main-build 
a9-linaro-pre-build-step
' '
'Building file: ../src/P1.S'
'Invoking: ARM v7 gcc compiler'
arm-none-eabi-gcc -Wall -O0 -g3 -c -fmessage-length=0 -MT"src/P1.o" -mcpu=cortex-a9 -mfpu=vfpv3 -mfloat-abi=hard -I../../Project_1_bsp/ps7_cortexa9_0/include -MMD -MP -MF"src/P1.d" -MT"src/P1.o" -o "src/P1.o" "../src/P1.S"
../src/P1.S: Assembler messages:
../src/P1.S:32: Error: shift expression expected -- `lsr r3,r3,0x04'
make: *** [src/P1.o] Error 1
23:20:27 **** Incremental Build of configuration Debug for project Project_1 ****
make pre-build main-build 
a9-linaro-pre-build-step
' '
'Building file: ../src/P1.S'
'Invoking: ARM v7 gcc compiler'
arm-none-eabi-gcc -Wall -O0 -g3 -c -fmessage-length=0 -MT"src/P1.o" -mcpu=cortex-a9 -mfpu=vfpv3 -mfloat-abi=hard -I../../Project_1_bsp/ps7_cortexa9_0/include -MMD -MP -MF"src/P1.d" -MT"src/P1.o" -o "src/P1.o" "../src/P1.S"
../src/P1.S: Assembler messages:
../src/P1.S:32: Error: immediate expression requires a # prefix -- `lsr r3,0x04'
make: *** [src/P1.o] Error 1
23:21:16 **** Auto Build of configuration Debug for project Project_1 ****
make pre-build main-build 
a9-linaro-pre-build-step
' '
'Building file: ../src/P1.S'
'Invoking: ARM v7 gcc compiler'
arm-none-eabi-gcc -Wall -O0 -g3 -c -fmessage-length=0 -MT"src/P1.o" -mcpu=cortex-a9 -mfpu=vfpv3 -mfloat-abi=hard -I../../Project_1_bsp/ps7_cortexa9_0/include -MMD -MP -MF"src/P1.d" -MT"src/P1.o" -o "src/P1.o" "../src/P1.S"
../src/P1.S: Assembler messages:
../src/P1.S:32: Error: immediate expression requires a # prefix -- `lsr r3,53,#0x04'
make: *** [src/P1.o] Error 1
23:21:35 **** Auto Build of configuration Debug for project Project_1 ****
make pre-build main-build 
a9-linaro-pre-build-step
' '
'Building file: ../src/P1.S'
'Invoking: ARM v7 gcc compiler'
arm-none-eabi-gcc -Wall -O0 -g3 -c -fmessage-length=0 -MT"src/P1.o" -mcpu=cortex-a9 -mfpu=vfpv3 -mfloat-abi=hard -I../../Project_1_bsp/ps7_cortexa9_0/include -MMD -MP -MF"src/P1.d" -MT"src/P1.o" -o "src/P1.o" "../src/P1.S"
../src/P1.S: Assembler messages:
../src/P1.S:32: Error: immediate expression requires a # prefix -- `lsr r3,53#0x04'
make: *** [src/P1.o] Error 1
23:21:50 **** Auto Build of configuration Debug for project Project_1 ****
make pre-build main-build 
a9-linaro-pre-build-step
' '
'Building file: ../src/P1.S'
'Invoking: ARM v7 gcc compiler'
arm-none-eabi-gcc -Wall -O0 -g3 -c -fmessage-length=0 -MT"src/P1.o" -mcpu=cortex-a9 -mfpu=vfpv3 -mfloat-abi=hard -I../../Project_1_bsp/ps7_cortexa9_0/include -MMD -MP -MF"src/P1.d" -MT"src/P1.o" -o "src/P1.o" "../src/P1.S"
'Finished building: ../src/P1.S'
' '
'Building target: Project_1.elf'
'Invoking: ARM v7 gcc linker'
arm-none-eabi-gcc -mcpu=cortex-a9 -mfpu=vfpv3 -mfloat-abi=hard -Wl,-build-id=none -specs=Xilinx.spec -Wl,-T -Wl,../src/lscript.ld -L../../Project_1_bsp/ps7_cortexa9_0/lib -o "Project_1.elf"  ./src/P1.o   -Wl,--start-group,-lxil,-lgcc,-lc,--end-group
'Finished building target: Project_1.elf'
' '
'Invoking: ARM v7 Print Size'
arm-none-eabi-size Project_1.elf  |tee "Project_1.elf.size"
   text	   data	    bss	    dec	    hex	filename
  19052	   1144	  22568	  42764	   a70c	Project_1.elf
'Finished building: Project_1.elf.size'
' '
23:21:54 **** Incremental Build of configuration Debug for project Project_1 ****
make pre-build main-build 
a9-linaro-pre-build-step
' '
make: Nothing to be done for `main-build'.
23:23:05 **** Incremental Build of configuration Debug for project Project_1 ****
make pre-build main-build 
a9-linaro-pre-build-step
' '
'Building file: ../src/P1.S'
'Invoking: ARM v7 gcc compiler'
arm-none-eabi-gcc -Wall -O0 -g3 -c -fmessage-length=0 -MT"src/P1.o" -mcpu=cortex-a9 -mfpu=vfpv3 -mfloat-abi=hard -I../../Project_1_bsp/ps7_cortexa9_0/include -MMD -MP -MF"src/P1.d" -MT"src/P1.o" -o "src/P1.o" "../src/P1.S"
'Finished building: ../src/P1.S'
' '
'Building target: Project_1.elf'
'Invoking: ARM v7 gcc linker'
arm-none-eabi-gcc -mcpu=cortex-a9 -mfpu=vfpv3 -mfloat-abi=hard -Wl,-build-id=none -specs=Xilinx.spec -Wl,-T -Wl,../src/lscript.ld -L../../Project_1_bsp/ps7_cortexa9_0/lib -o "Project_1.elf"  ./src/P1.o   -Wl,--start-group,-lxil,-lgcc,-lc,--end-group
'Finished building target: Project_1.elf'
' '
'Invoking: ARM v7 Print Size'
arm-none-eabi-size Project_1.elf  |tee "Project_1.elf.size"
   text	   data	    bss	    dec	    hex	filename
  19048	   1144	  22568	  42760	   a708	Project_1.elf
'Finished building: Project_1.elf.size'
' '
23:23:45 **** Incremental Build of configuration Debug for project Project_1 ****
make pre-build main-build 
a9-linaro-pre-build-step
' '
'Building file: ../src/P1.S'
'Invoking: ARM v7 gcc compiler'
arm-none-eabi-gcc -Wall -O0 -g3 -c -fmessage-length=0 -MT"src/P1.o" -mcpu=cortex-a9 -mfpu=vfpv3 -mfloat-abi=hard -I../../Project_1_bsp/ps7_cortexa9_0/include -MMD -MP -MF"src/P1.d" -MT"src/P1.o" -o "src/P1.o" "../src/P1.S"
'Finished building: ../src/P1.S'
' '
'Building target: Project_1.elf'
'Invoking: ARM v7 gcc linker'
arm-none-eabi-gcc -mcpu=cortex-a9 -mfpu=vfpv3 -mfloat-abi=hard -Wl,-build-id=none -specs=Xilinx.spec -Wl,-T -Wl,../src/lscript.ld -L../../Project_1_bsp/ps7_cortexa9_0/lib -o "Project_1.elf"  ./src/P1.o   -Wl,--start-group,-lxil,-lgcc,-lc,--end-group
'Finished building target: Project_1.elf'
' '
'Invoking: ARM v7 Print Size'
arm-none-eabi-size Project_1.elf  |tee "Project_1.elf.size"
   text	   data	    bss	    dec	    hex	filename
  19052	   1144	  22568	  42764	   a70c	Project_1.elf
'Finished building: Project_1.elf.size'
' '
23:37:47 **** Auto Build of configuration Debug for project Project_1 ****
make pre-build main-build 
a9-linaro-pre-build-step
' '
'Building file: ../src/P1.S'
'Invoking: ARM v7 gcc compiler'
arm-none-eabi-gcc -Wall -O0 -g3 -c -fmessage-length=0 -MT"src/P1.o" -mcpu=cortex-a9 -mfpu=vfpv3 -mfloat-abi=hard -I../../Project_1_bsp/ps7_cortexa9_0/include -MMD -MP -MF"src/P1.d" -MT"src/P1.o" -o "src/P1.o" "../src/P1.S"
'Finished building: ../src/P1.S'
' '
'Building target: Project_1.elf'
'Invoking: ARM v7 gcc linker'
arm-none-eabi-gcc -mcpu=cortex-a9 -mfpu=vfpv3 -mfloat-abi=hard -Wl,-build-id=none -specs=Xilinx.spec -Wl,-T -Wl,../src/lscript.ld -L../../Project_1_bsp/ps7_cortexa9_0/lib -o "Project_1.elf"  ./src/P1.o   -Wl,--start-group,-lxil,-lgcc,-lc,--end-group
'Finished building target: Project_1.elf'
' '
'Invoking: ARM v7 Print Size'
arm-none-eabi-size Project_1.elf  |tee "Project_1.elf.size"
   text	   data	    bss	    dec	    hex	filename
  19040	   1144	  22568	  42752	   a700	Project_1.elf
'Finished building: Project_1.elf.size'
' '
23:37:53 **** Incremental Build of configuration Debug for project Project_1 ****
make pre-build main-build 
a9-linaro-pre-build-step
' '
make: Nothing to be done for `main-build'.
23:38:35 **** Incremental Build of configuration Debug for project Project_1 ****
make pre-build main-build 
a9-linaro-pre-build-step
' '
'Building file: ../src/P1.S'
'Invoking: ARM v7 gcc compiler'
arm-none-eabi-gcc -Wall -O0 -g3 -c -fmessage-length=0 -MT"src/P1.o" -mcpu=cortex-a9 -mfpu=vfpv3 -mfloat-abi=hard -I../../Project_1_bsp/ps7_cortexa9_0/include -MMD -MP -MF"src/P1.d" -MT"src/P1.o" -o "src/P1.o" "../src/P1.S"
'Finished building: ../src/P1.S'
' '
'Building target: Project_1.elf'
'Invoking: ARM v7 gcc linker'
arm-none-eabi-gcc -mcpu=cortex-a9 -mfpu=vfpv3 -mfloat-abi=hard -Wl,-build-id=none -specs=Xilinx.spec -Wl,-T -Wl,../src/lscript.ld -L../../Project_1_bsp/ps7_cortexa9_0/lib -o "Project_1.elf"  ./src/P1.o   -Wl,--start-group,-lxil,-lgcc,-lc,--end-group
'Finished building target: Project_1.elf'
' '
'Invoking: ARM v7 Print Size'
arm-none-eabi-size Project_1.elf  |tee "Project_1.elf.size"
   text	   data	    bss	    dec	    hex	filename
  19040	   1144	  22568	  42752	   a700	Project_1.elf
'Finished building: Project_1.elf.size'
' '
23:38:51 **** Incremental Build of configuration Debug for project Project_1 ****
make pre-build main-build 
a9-linaro-pre-build-step
' '
'Building file: ../src/P1.S'
'Invoking: ARM v7 gcc compiler'
arm-none-eabi-gcc -Wall -O0 -g3 -c -fmessage-length=0 -MT"src/P1.o" -mcpu=cortex-a9 -mfpu=vfpv3 -mfloat-abi=hard -I../../Project_1_bsp/ps7_cortexa9_0/include -MMD -MP -MF"src/P1.d" -MT"src/P1.o" -o "src/P1.o" "../src/P1.S"
'Finished building: ../src/P1.S'
' '
'Building target: Project_1.elf'
'Invoking: ARM v7 gcc linker'
arm-none-eabi-gcc -mcpu=cortex-a9 -mfpu=vfpv3 -mfloat-abi=hard -Wl,-build-id=none -specs=Xilinx.spec -Wl,-T -Wl,../src/lscript.ld -L../../Project_1_bsp/ps7_cortexa9_0/lib -o "Project_1.elf"  ./src/P1.o   -Wl,--start-group,-lxil,-lgcc,-lc,--end-group
'Finished building target: Project_1.elf'
' '
'Invoking: ARM v7 Print Size'
arm-none-eabi-size Project_1.elf  |tee "Project_1.elf.size"
   text	   data	    bss	    dec	    hex	filename
  19040	   1144	  22568	  42752	   a700	Project_1.elf
'Finished building: Project_1.elf.size'
' '
23:40:23 **** Incremental Build of configuration Debug for project Project_1 ****
make pre-build main-build 
a9-linaro-pre-build-step
' '
'Building file: ../src/P1.S'
'Invoking: ARM v7 gcc compiler'
arm-none-eabi-gcc -Wall -O0 -g3 -c -fmessage-length=0 -MT"src/P1.o" -mcpu=cortex-a9 -mfpu=vfpv3 -mfloat-abi=hard -I../../Project_1_bsp/ps7_cortexa9_0/include -MMD -MP -MF"src/P1.d" -MT"src/P1.o" -o "src/P1.o" "../src/P1.S"
'Finished building: ../src/P1.S'
' '
'Building target: Project_1.elf'
'Invoking: ARM v7 gcc linker'
arm-none-eabi-gcc -mcpu=cortex-a9 -mfpu=vfpv3 -mfloat-abi=hard -Wl,-build-id=none -specs=Xilinx.spec -Wl,-T -Wl,../src/lscript.ld -L../../Project_1_bsp/ps7_cortexa9_0/lib -o "Project_1.elf"  ./src/P1.o   -Wl,--start-group,-lxil,-lgcc,-lc,--end-group
'Finished building target: Project_1.elf'
' '
'Invoking: ARM v7 Print Size'
arm-none-eabi-size Project_1.elf  |tee "Project_1.elf.size"
   text	   data	    bss	    dec	    hex	filename
  19040	   1144	  22568	  42752	   a700	Project_1.elf
'Finished building: Project_1.elf.size'
' '
23:41:11 **** Incremental Build of configuration Debug for project Project_1 ****
make pre-build main-build 
a9-linaro-pre-build-step
' '
'Building file: ../src/P1.S'
'Invoking: ARM v7 gcc compiler'
arm-none-eabi-gcc -Wall -O0 -g3 -c -fmessage-length=0 -MT"src/P1.o" -mcpu=cortex-a9 -mfpu=vfpv3 -mfloat-abi=hard -I../../Project_1_bsp/ps7_cortexa9_0/include -MMD -MP -MF"src/P1.d" -MT"src/P1.o" -o "src/P1.o" "../src/P1.S"
'Finished building: ../src/P1.S'
' '
'Building target: Project_1.elf'
'Invoking: ARM v7 gcc linker'
arm-none-eabi-gcc -mcpu=cortex-a9 -mfpu=vfpv3 -mfloat-abi=hard -Wl,-build-id=none -specs=Xilinx.spec -Wl,-T -Wl,../src/lscript.ld -L../../Project_1_bsp/ps7_cortexa9_0/lib -o "Project_1.elf"  ./src/P1.o   -Wl,--start-group,-lxil,-lgcc,-lc,--end-group
'Finished building target: Project_1.elf'
' '
'Invoking: ARM v7 Print Size'
arm-none-eabi-size Project_1.elf  |tee "Project_1.elf.size"
   text	   data	    bss	    dec	    hex	filename
  19040	   1144	  22568	  42752	   a700	Project_1.elf
'Finished building: Project_1.elf.size'
' '
23:43:05 **** Incremental Build of configuration Debug for project Project_1 ****
make pre-build main-build 
a9-linaro-pre-build-step
' '
'Building file: ../src/P1.S'
'Invoking: ARM v7 gcc compiler'
arm-none-eabi-gcc -Wall -O0 -g3 -c -fmessage-length=0 -MT"src/P1.o" -mcpu=cortex-a9 -mfpu=vfpv3 -mfloat-abi=hard -I../../Project_1_bsp/ps7_cortexa9_0/include -MMD -MP -MF"src/P1.d" -MT"src/P1.o" -o "src/P1.o" "../src/P1.S"
'Finished building: ../src/P1.S'
' '
'Building target: Project_1.elf'
'Invoking: ARM v7 gcc linker'
arm-none-eabi-gcc -mcpu=cortex-a9 -mfpu=vfpv3 -mfloat-abi=hard -Wl,-build-id=none -specs=Xilinx.spec -Wl,-T -Wl,../src/lscript.ld -L../../Project_1_bsp/ps7_cortexa9_0/lib -o "Project_1.elf"  ./src/P1.o   -Wl,--start-group,-lxil,-lgcc,-lc,--end-group
'Finished building target: Project_1.elf'
' '
'Invoking: ARM v7 Print Size'
arm-none-eabi-size Project_1.elf  |tee "Project_1.elf.size"
   text	   data	    bss	    dec	    hex	filename
  19048	   1144	  22568	  42760	   a708	Project_1.elf
'Finished building: Project_1.elf.size'
' '
23:48:08 **** Incremental Build of configuration Debug for project Project_1 ****
make pre-build main-build 
a9-linaro-pre-build-step
' '
'Building file: ../src/P1.S'
'Invoking: ARM v7 gcc compiler'
arm-none-eabi-gcc -Wall -O0 -g3 -c -fmessage-length=0 -MT"src/P1.o" -mcpu=cortex-a9 -mfpu=vfpv3 -mfloat-abi=hard -I../../Project_1_bsp/ps7_cortexa9_0/include -MMD -MP -MF"src/P1.d" -MT"src/P1.o" -o "src/P1.o" "../src/P1.S"
'Finished building: ../src/P1.S'
' '
'Building target: Project_1.elf'
'Invoking: ARM v7 gcc linker'
arm-none-eabi-gcc -mcpu=cortex-a9 -mfpu=vfpv3 -mfloat-abi=hard -Wl,-build-id=none -specs=Xilinx.spec -Wl,-T -Wl,../src/lscript.ld -L../../Project_1_bsp/ps7_cortexa9_0/lib -o "Project_1.elf"  ./src/P1.o   -Wl,--start-group,-lxil,-lgcc,-lc,--end-group
'Finished building target: Project_1.elf'
' '
'Invoking: ARM v7 Print Size'
arm-none-eabi-size Project_1.elf  |tee "Project_1.elf.size"
   text	   data	    bss	    dec	    hex	filename
  19056	   1144	  22568	  42768	   a710	Project_1.elf
'Finished building: Project_1.elf.size'
' '
23:48:56 **** Incremental Build of configuration Debug for project Project_1 ****
make pre-build main-build 
a9-linaro-pre-build-step
' '
'Building file: ../src/P1.S'
'Invoking: ARM v7 gcc compiler'
arm-none-eabi-gcc -Wall -O0 -g3 -c -fmessage-length=0 -MT"src/P1.o" -mcpu=cortex-a9 -mfpu=vfpv3 -mfloat-abi=hard -I../../Project_1_bsp/ps7_cortexa9_0/include -MMD -MP -MF"src/P1.d" -MT"src/P1.o" -o "src/P1.o" "../src/P1.S"
'Finished building: ../src/P1.S'
' '
'Building target: Project_1.elf'
'Invoking: ARM v7 gcc linker'
arm-none-eabi-gcc -mcpu=cortex-a9 -mfpu=vfpv3 -mfloat-abi=hard -Wl,-build-id=none -specs=Xilinx.spec -Wl,-T -Wl,../src/lscript.ld -L../../Project_1_bsp/ps7_cortexa9_0/lib -o "Project_1.elf"  ./src/P1.o   -Wl,--start-group,-lxil,-lgcc,-lc,--end-group
'Finished building target: Project_1.elf'
' '
'Invoking: ARM v7 Print Size'
arm-none-eabi-size Project_1.elf  |tee "Project_1.elf.size"
   text	   data	    bss	    dec	    hex	filename
  19064	   1144	  22568	  42776	   a718	Project_1.elf
'Finished building: Project_1.elf.size'
' '
00:04:07 **** Auto Build of configuration Debug for project Project_1 ****
make pre-build main-build 
a9-linaro-pre-build-step
' '
'Building file: ../src/P1.S'
'Invoking: ARM v7 gcc compiler'
arm-none-eabi-gcc -Wall -O0 -g3 -c -fmessage-length=0 -MT"src/P1.o" -mcpu=cortex-a9 -mfpu=vfpv3 -mfloat-abi=hard -I../../Project_1_bsp/ps7_cortexa9_0/include -MMD -MP -MF"src/P1.d" -MT"src/P1.o" -o "src/P1.o" "../src/P1.S"
'Finished building: ../src/P1.S'
' '
'Building target: Project_1.elf'
'Invoking: ARM v7 gcc linker'
arm-none-eabi-gcc -mcpu=cortex-a9 -mfpu=vfpv3 -mfloat-abi=hard -Wl,-build-id=none -specs=Xilinx.spec -Wl,-T -Wl,../src/lscript.ld -L../../Project_1_bsp/ps7_cortexa9_0/lib -o "Project_1.elf"  ./src/P1.o   -Wl,--start-group,-lxil,-lgcc,-lc,--end-group
'Finished building target: Project_1.elf'
' '
'Invoking: ARM v7 Print Size'
arm-none-eabi-size Project_1.elf  |tee "Project_1.elf.size"
   text	   data	    bss	    dec	    hex	filename
  19064	   1144	  22568	  42776	   a718	Project_1.elf
'Finished building: Project_1.elf.size'
' '
10:30:53 **** Auto Build of configuration Debug for project Project_1 ****
make pre-build main-build 
a9-linaro-pre-build-step
' '
'Building file: ../src/P1.S'
'Invoking: ARM v7 gcc compiler'
arm-none-eabi-gcc -Wall -O0 -g3 -c -fmessage-length=0 -MT"src/P1.o" -mcpu=cortex-a9 -mfpu=vfpv3 -mfloat-abi=hard -I../../Project_1_bsp/ps7_cortexa9_0/include -MMD -MP -MF"src/P1.d" -MT"src/P1.o" -o "src/P1.o" "../src/P1.S"
'Finished building: ../src/P1.S'
' '
'Building target: Project_1.elf'
'Invoking: ARM v7 gcc linker'
arm-none-eabi-gcc -mcpu=cortex-a9 -mfpu=vfpv3 -mfloat-abi=hard -Wl,-build-id=none -specs=Xilinx.spec -Wl,-T -Wl,../src/lscript.ld -L../../Project_1_bsp/ps7_cortexa9_0/lib -o "Project_1.elf"  ./src/P1.o   -Wl,--start-group,-lxil,-lgcc,-lc,--end-group
'Finished building target: Project_1.elf'
' '
'Invoking: ARM v7 Print Size'
arm-none-eabi-size Project_1.elf  |tee "Project_1.elf.size"
   text	   data	    bss	    dec	    hex	filename
  19048	   1144	  22568	  42760	   a708	Project_1.elf
'Finished building: Project_1.elf.size'
' '
10:35:03 **** Auto Build of configuration Debug for project Project_1 ****
make pre-build main-build 
a9-linaro-pre-build-step
' '
'Building file: ../src/P1.S'
'Invoking: ARM v7 gcc compiler'
arm-none-eabi-gcc -Wall -O0 -g3 -c -fmessage-length=0 -MT"src/P1.o" -mcpu=cortex-a9 -mfpu=vfpv3 -mfloat-abi=hard -I../../Project_1_bsp/ps7_cortexa9_0/include -MMD -MP -MF"src/P1.d" -MT"src/P1.o" -o "src/P1.o" "../src/P1.S"
'Finished building: ../src/P1.S'
' '
'Building target: Project_1.elf'
'Invoking: ARM v7 gcc linker'
arm-none-eabi-gcc -mcpu=cortex-a9 -mfpu=vfpv3 -mfloat-abi=hard -Wl,-build-id=none -specs=Xilinx.spec -Wl,-T -Wl,../src/lscript.ld -L../../Project_1_bsp/ps7_cortexa9_0/lib -o "Project_1.elf"  ./src/P1.o   -Wl,--start-group,-lxil,-lgcc,-lc,--end-group
./src/P1.o: In function `always_loop':
C:\Users\Sergaljerk\EE234\Project_1\Debug/../src/P1.S:39: undefined reference to `ovrflow'
collect2.exe: error: ld returned 1 exit status
make: *** [Project_1.elf] Error 1
10:35:09 **** Auto Build of configuration Debug for project Project_1 ****
make pre-build main-build 
a9-linaro-pre-build-step
' '
'Building file: ../src/P1.S'
'Invoking: ARM v7 gcc compiler'
arm-none-eabi-gcc -Wall -O0 -g3 -c -fmessage-length=0 -MT"src/P1.o" -mcpu=cortex-a9 -mfpu=vfpv3 -mfloat-abi=hard -I../../Project_1_bsp/ps7_cortexa9_0/include -MMD -MP -MF"src/P1.d" -MT"src/P1.o" -o "src/P1.o" "../src/P1.S"
'Finished building: ../src/P1.S'
' '
'Building target: Project_1.elf'
'Invoking: ARM v7 gcc linker'
arm-none-eabi-gcc -mcpu=cortex-a9 -mfpu=vfpv3 -mfloat-abi=hard -Wl,-build-id=none -specs=Xilinx.spec -Wl,-T -Wl,../src/lscript.ld -L../../Project_1_bsp/ps7_cortexa9_0/lib -o "Project_1.elf"  ./src/P1.o   -Wl,--start-group,-lxil,-lgcc,-lc,--end-group
'Finished building target: Project_1.elf'
' '
'Invoking: ARM v7 Print Size'
arm-none-eabi-size Project_1.elf  |tee "Project_1.elf.size"
   text	   data	    bss	    dec	    hex	filename
  19076	   1144	  22568	  42788	   a724	Project_1.elf
'Finished building: Project_1.elf.size'
' '
10:36:29 **** Incremental Build of configuration Debug for project Project_1 ****
make pre-build main-build 
a9-linaro-pre-build-step
' '
make: Nothing to be done for `main-build'.
10:36:59 **** Auto Build of configuration Debug for project Project_1 ****
make pre-build main-build 
a9-linaro-pre-build-step
' '
'Building file: ../src/P1.S'
'Invoking: ARM v7 gcc compiler'
arm-none-eabi-gcc -Wall -O0 -g3 -c -fmessage-length=0 -MT"src/P1.o" -mcpu=cortex-a9 -mfpu=vfpv3 -mfloat-abi=hard -I../../Project_1_bsp/ps7_cortexa9_0/include -MMD -MP -MF"src/P1.d" -MT"src/P1.o" -o "src/P1.o" "../src/P1.S"
'Finished building: ../src/P1.S'
' '
'Building target: Project_1.elf'
'Invoking: ARM v7 gcc linker'
arm-none-eabi-gcc -mcpu=cortex-a9 -mfpu=vfpv3 -mfloat-abi=hard -Wl,-build-id=none -specs=Xilinx.spec -Wl,-T -Wl,../src/lscript.ld -L../../Project_1_bsp/ps7_cortexa9_0/lib -o "Project_1.elf"  ./src/P1.o   -Wl,--start-group,-lxil,-lgcc,-lc,--end-group
'Finished building target: Project_1.elf'
' '
'Invoking: ARM v7 Print Size'
arm-none-eabi-size Project_1.elf  |tee "Project_1.elf.size"
   text	   data	    bss	    dec	    hex	filename
  19076	   1144	  22568	  42788	   a724	Project_1.elf
'Finished building: Project_1.elf.size'
' '
10:37:01 **** Incremental Build of configuration Debug for project Project_1 ****
make pre-build main-build 
a9-linaro-pre-build-step
' '
make: Nothing to be done for `main-build'.
10:39:47 **** Auto Build of configuration Debug for project Project_1 ****
make pre-build main-build 
a9-linaro-pre-build-step
' '
'Building file: ../src/P1.S'
'Invoking: ARM v7 gcc compiler'
arm-none-eabi-gcc -Wall -O0 -g3 -c -fmessage-length=0 -MT"src/P1.o" -mcpu=cortex-a9 -mfpu=vfpv3 -mfloat-abi=hard -I../../Project_1_bsp/ps7_cortexa9_0/include -MMD -MP -MF"src/P1.d" -MT"src/P1.o" -o "src/P1.o" "../src/P1.S"
../src/P1.S: Assembler messages:
../src/P1.S:42: Error: ARM register expected -- `str #0x00,[r4,#0x0C]'
make: *** [src/P1.o] Error 1
10:41:33 **** Auto Build of configuration Debug for project Project_1 ****
make pre-build main-build 
a9-linaro-pre-build-step
' '
'Building file: ../src/P1.S'
'Invoking: ARM v7 gcc compiler'
arm-none-eabi-gcc -Wall -O0 -g3 -c -fmessage-length=0 -MT"src/P1.o" -mcpu=cortex-a9 -mfpu=vfpv3 -mfloat-abi=hard -I../../Project_1_bsp/ps7_cortexa9_0/include -MMD -MP -MF"src/P1.d" -MT"src/P1.o" -o "src/P1.o" "../src/P1.S"
'Finished building: ../src/P1.S'
' '
'Building target: Project_1.elf'
'Invoking: ARM v7 gcc linker'
arm-none-eabi-gcc -mcpu=cortex-a9 -mfpu=vfpv3 -mfloat-abi=hard -Wl,-build-id=none -specs=Xilinx.spec -Wl,-T -Wl,../src/lscript.ld -L../../Project_1_bsp/ps7_cortexa9_0/lib -o "Project_1.elf"  ./src/P1.o   -Wl,--start-group,-lxil,-lgcc,-lc,--end-group
'Finished building target: Project_1.elf'
' '
'Invoking: ARM v7 Print Size'
arm-none-eabi-size Project_1.elf  |tee "Project_1.elf.size"
   text	   data	    bss	    dec	    hex	filename
  19080	   1144	  22568	  42792	   a728	Project_1.elf
'Finished building: Project_1.elf.size'
' '
10:41:36 **** Incremental Build of configuration Debug for project Project_1 ****
make pre-build main-build 
a9-linaro-pre-build-step
' '
make: Nothing to be done for `main-build'.
10:42:56 **** Incremental Build of configuration Debug for project Project_1 ****
make pre-build main-build 
a9-linaro-pre-build-step
' '
'Building file: ../src/P1.S'
'Invoking: ARM v7 gcc compiler'
arm-none-eabi-gcc -Wall -O0 -g3 -c -fmessage-length=0 -MT"src/P1.o" -mcpu=cortex-a9 -mfpu=vfpv3 -mfloat-abi=hard -I../../Project_1_bsp/ps7_cortexa9_0/include -MMD -MP -MF"src/P1.d" -MT"src/P1.o" -o "src/P1.o" "../src/P1.S"
'Finished building: ../src/P1.S'
' '
'Building target: Project_1.elf'
'Invoking: ARM v7 gcc linker'
arm-none-eabi-gcc -mcpu=cortex-a9 -mfpu=vfpv3 -mfloat-abi=hard -Wl,-build-id=none -specs=Xilinx.spec -Wl,-T -Wl,../src/lscript.ld -L../../Project_1_bsp/ps7_cortexa9_0/lib -o "Project_1.elf"  ./src/P1.o   -Wl,--start-group,-lxil,-lgcc,-lc,--end-group
'Finished building target: Project_1.elf'
' '
'Invoking: ARM v7 Print Size'
arm-none-eabi-size Project_1.elf  |tee "Project_1.elf.size"
   text	   data	    bss	    dec	    hex	filename
  19084	   1144	  22568	  42796	   a72c	Project_1.elf
'Finished building: Project_1.elf.size'
' '
10:46:44 **** Auto Build of configuration Debug for project Project_1 ****
make pre-build main-build 
a9-linaro-pre-build-step
' '
'Building file: ../src/P1.S'
'Invoking: ARM v7 gcc compiler'
arm-none-eabi-gcc -Wall -O0 -g3 -c -fmessage-length=0 -MT"src/P1.o" -mcpu=cortex-a9 -mfpu=vfpv3 -mfloat-abi=hard -I../../Project_1_bsp/ps7_cortexa9_0/include -MMD -MP -MF"src/P1.d" -MT"src/P1.o" -o "src/P1.o" "../src/P1.S"
'Finished building: ../src/P1.S'
' '
'Building target: Project_1.elf'
'Invoking: ARM v7 gcc linker'
arm-none-eabi-gcc -mcpu=cortex-a9 -mfpu=vfpv3 -mfloat-abi=hard -Wl,-build-id=none -specs=Xilinx.spec -Wl,-T -Wl,../src/lscript.ld -L../../Project_1_bsp/ps7_cortexa9_0/lib -o "Project_1.elf"  ./src/P1.o   -Wl,--start-group,-lxil,-lgcc,-lc,--end-group
'Finished building target: Project_1.elf'
' '
'Invoking: ARM v7 Print Size'
arm-none-eabi-size Project_1.elf  |tee "Project_1.elf.size"
   text	   data	    bss	    dec	    hex	filename
  19084	   1144	  22568	  42796	   a72c	Project_1.elf
'Finished building: Project_1.elf.size'
' '
10:48:54 **** Auto Build of configuration Debug for project Project_1 ****
make pre-build main-build 
a9-linaro-pre-build-step
' '
'Building file: ../src/P1.S'
'Invoking: ARM v7 gcc compiler'
arm-none-eabi-gcc -Wall -O0 -g3 -c -fmessage-length=0 -MT"src/P1.o" -mcpu=cortex-a9 -mfpu=vfpv3 -mfloat-abi=hard -I../../Project_1_bsp/ps7_cortexa9_0/include -MMD -MP -MF"src/P1.d" -MT"src/P1.o" -o "src/P1.o" "../src/P1.S"
'Finished building: ../src/P1.S'
' '
'Building target: Project_1.elf'
'Invoking: ARM v7 gcc linker'
arm-none-eabi-gcc -mcpu=cortex-a9 -mfpu=vfpv3 -mfloat-abi=hard -Wl,-build-id=none -specs=Xilinx.spec -Wl,-T -Wl,../src/lscript.ld -L../../Project_1_bsp/ps7_cortexa9_0/lib -o "Project_1.elf"  ./src/P1.o   -Wl,--start-group,-lxil,-lgcc,-lc,--end-group
'Finished building target: Project_1.elf'
' '
'Invoking: ARM v7 Print Size'
arm-none-eabi-size Project_1.elf  |tee "Project_1.elf.size"
   text	   data	    bss	    dec	    hex	filename
  19084	   1144	  22568	  42796	   a72c	Project_1.elf
'Finished building: Project_1.elf.size'
' '
10:50:00 **** Auto Build of configuration Debug for project Project_1 ****
make pre-build main-build 
a9-linaro-pre-build-step
' '
'Building file: ../src/P1.S'
'Invoking: ARM v7 gcc compiler'
arm-none-eabi-gcc -Wall -O0 -g3 -c -fmessage-length=0 -MT"src/P1.o" -mcpu=cortex-a9 -mfpu=vfpv3 -mfloat-abi=hard -I../../Project_1_bsp/ps7_cortexa9_0/include -MMD -MP -MF"src/P1.d" -MT"src/P1.o" -o "src/P1.o" "../src/P1.S"
'Finished building: ../src/P1.S'
' '
'Building target: Project_1.elf'
'Invoking: ARM v7 gcc linker'
arm-none-eabi-gcc -mcpu=cortex-a9 -mfpu=vfpv3 -mfloat-abi=hard -Wl,-build-id=none -specs=Xilinx.spec -Wl,-T -Wl,../src/lscript.ld -L../../Project_1_bsp/ps7_cortexa9_0/lib -o "Project_1.elf"  ./src/P1.o   -Wl,--start-group,-lxil,-lgcc,-lc,--end-group
'Finished building target: Project_1.elf'
' '
'Invoking: ARM v7 Print Size'
arm-none-eabi-size Project_1.elf  |tee "Project_1.elf.size"
   text	   data	    bss	    dec	    hex	filename
  19084	   1144	  22568	  42796	   a72c	Project_1.elf
'Finished building: Project_1.elf.size'
' '
00:21:50 **** Auto Build of configuration Debug for project Project_1 ****
make pre-build main-build 
a9-linaro-pre-build-step
' '
'Building file: ../src/P1.S'
'Invoking: ARM v7 gcc compiler'
arm-none-eabi-gcc -Wall -O0 -g3 -c -fmessage-length=0 -MT"src/P1.o" -mcpu=cortex-a9 -mfpu=vfpv3 -mfloat-abi=hard -I../../Project_1_bsp/ps7_cortexa9_0/include -MMD -MP -MF"src/P1.d" -MT"src/P1.o" -o "src/P1.o" "../src/P1.S"
'Finished building: ../src/P1.S'
' '
'Building target: Project_1.elf'
'Invoking: ARM v7 gcc linker'
arm-none-eabi-gcc -mcpu=cortex-a9 -mfpu=vfpv3 -mfloat-abi=hard -Wl,-build-id=none -specs=Xilinx.spec -Wl,-T -Wl,../src/lscript.ld -L../../Project_1_bsp/ps7_cortexa9_0/lib -o "Project_1.elf"  ./src/P1.o   -Wl,--start-group,-lxil,-lgcc,-lc,--end-group
'Finished building target: Project_1.elf'
' '
'Invoking: ARM v7 Print Size'
arm-none-eabi-size Project_1.elf  |tee "Project_1.elf.size"
   text	   data	    bss	    dec	    hex	filename
  19084	   1144	  22568	  42796	   a72c	Project_1.elf
'Finished building: Project_1.elf.size'
' '
00:22:10 **** Auto Build of configuration Debug for project Project_1 ****
make pre-build main-build 
a9-linaro-pre-build-step
' '
'Building file: ../src/P1.S'
'Invoking: ARM v7 gcc compiler'
arm-none-eabi-gcc -Wall -O0 -g3 -c -fmessage-length=0 -MT"src/P1.o" -mcpu=cortex-a9 -mfpu=vfpv3 -mfloat-abi=hard -I../../Project_1_bsp/ps7_cortexa9_0/include -MMD -MP -MF"src/P1.d" -MT"src/P1.o" -o "src/P1.o" "../src/P1.S"
'Finished building: ../src/P1.S'
' '
'Building target: Project_1.elf'
'Invoking: ARM v7 gcc linker'
arm-none-eabi-gcc -mcpu=cortex-a9 -mfpu=vfpv3 -mfloat-abi=hard -Wl,-build-id=none -specs=Xilinx.spec -Wl,-T -Wl,../src/lscript.ld -L../../Project_1_bsp/ps7_cortexa9_0/lib -o "Project_1.elf"  ./src/P1.o   -Wl,--start-group,-lxil,-lgcc,-lc,--end-group
'Finished building target: Project_1.elf'
' '
'Invoking: ARM v7 Print Size'
arm-none-eabi-size Project_1.elf  |tee "Project_1.elf.size"
   text	   data	    bss	    dec	    hex	filename
  19084	   1144	  22568	  42796	   a72c	Project_1.elf
'Finished building: Project_1.elf.size'
' '
