Copyright 1986-2018 Xilinx, Inc. All Rights Reserved.
-------------------------------------------------------------------------------------------
| Tool Version : Vivado v.2018.3 (win64) Build 2405991 Thu Dec  6 23:38:27 MST 2018
| Date         : Mon Mar  4 16:38:51 2019
| Host         : DESKTOP-3VDLSPS running 64-bit major release  (build 9200)
| Command      : report_control_sets -verbose -file LED_IP_wrapper_control_sets_placed.rpt
| Design       : LED_IP_wrapper
| Device       : xc7z007s
-------------------------------------------------------------------------------------------

Control Set Information

Table of Contents
-----------------
1. Summary
2. Histogram
3. Flip-Flop Distribution
4. Detailed Control Set Information

1. Summary
----------

+----------------------------------------------------------+-------+
|                          Status                          | Count |
+----------------------------------------------------------+-------+
| Number of unique control sets                            |    73 |
| Unused register locations in slices containing registers |    75 |
+----------------------------------------------------------+-------+


2. Histogram
------------

+--------+--------------+
| Fanout | Control Sets |
+--------+--------------+
|      1 |            1 |
|      2 |            1 |
|      4 |            3 |
|      5 |            3 |
|      6 |            1 |
|      8 |           41 |
|     10 |            2 |
|     11 |            1 |
|     12 |            1 |
|     13 |            1 |
|     14 |            2 |
|     15 |            1 |
|    16+ |           15 |
+--------+--------------+


3. Flip-Flop Distribution
-------------------------

+--------------+-----------------------+------------------------+-----------------+--------------+
| Clock Enable | Synchronous Set/Reset | Asynchronous Set/Reset | Total Registers | Total Slices |
+--------------+-----------------------+------------------------+-----------------+--------------+
| No           | No                    | No                     |             159 |           49 |
| No           | No                    | Yes                    |               0 |            0 |
| No           | Yes                   | No                     |              55 |           28 |
| Yes          | No                    | No                     |             434 |           99 |
| Yes          | No                    | Yes                    |               0 |            0 |
| Yes          | Yes                   | No                     |             405 |           95 |
+--------------+-----------------------+------------------------+-----------------+--------------+


4. Detailed Control Set Information
-----------------------------------

+-----------------------------------------------+--------------------------------------------------------------------------------------------------------------------------------------------------------------+-----------------------------------------------------------------------------------------------------------------------------------------------------+------------------+----------------+
|                  Clock Signal                 |                                                                         Enable Signal                                                                        |                                                                   Set/Reset Signal                                                                  | Slice Load Count | Bel Load Count |
+-----------------------------------------------+--------------------------------------------------------------------------------------------------------------------------------------------------------------+-----------------------------------------------------------------------------------------------------------------------------------------------------+------------------+----------------+
|  LED_IP_i/processing_system7_0/inst/FCLK_CLK0 | LED_IP_i/ps7_0_axi_periph/s00_couplers/auto_pc/inst/gen_axilite.gen_b2s_conv.axilite_b2s/WR.aw_channel_0/aw_cmd_fsm_0/state_reg[0]_1                         | LED_IP_i/ps7_0_axi_periph/s00_couplers/auto_pc/inst/gen_axilite.gen_b2s_conv.axilite_b2s/WR.aw_channel_0/aw_cmd_fsm_0/state_reg[0]_0                |                1 |              1 |
|  LED_IP_i/processing_system7_0/inst/FCLK_CLK0 | LED_IP_i/ps7_0_axi_periph/s00_couplers/auto_pc/inst/gen_axilite.gen_b2s_conv.axilite_b2s/WR.b_channel_0/bid_fifo_0/sel                                       |                                                                                                                                                     |                1 |              2 |
|  LED_IP_i/processing_system7_0/inst/FCLK_CLK0 |                                                                                                                                                              | LED_IP_i/ps7_0_axi_periph/s00_couplers/auto_pc/inst/gen_axilite.gen_b2s_conv.axilite_b2s/SI_REG/ar.ar_pipe/aresetn_d_reg[1]_inv_0                   |                4 |              4 |
|  LED_IP_i/processing_system7_0/inst/FCLK_CLK0 |                                                                                                                                                              | LED_IP_i/ps7_0_axi_periph/s00_couplers/auto_pc/inst/gen_axilite.gen_b2s_conv.axilite_b2s/SI_REG/aw.aw_pipe/aresetn_d_reg[0]_0                       |                4 |              4 |
|  LED_IP_i/processing_system7_0/inst/FCLK_CLK0 |                                                                                                                                                              | LED_IP_i/rst_ps7_0_50M/U0/EXT_LPF/lpf_int                                                                                                           |                3 |              4 |
|  LED_IP_i/processing_system7_0/inst/FCLK_CLK0 | LED_IP_i/ps7_0_axi_periph/s00_couplers/auto_pc/inst/gen_axilite.gen_b2s_conv.axilite_b2s/RD.r_channel_0/rd_data_fifo_0/cnt_read[4]_i_1_n_0                   | LED_IP_i/ps7_0_axi_periph/s00_couplers/auto_pc/inst/gen_axilite.gen_b2s_conv.axilite_b2s/areset_d1                                                  |                2 |              5 |
|  LED_IP_i/processing_system7_0/inst/FCLK_CLK0 | LED_IP_i/ps7_0_axi_periph/s00_couplers/auto_pc/inst/gen_axilite.gen_b2s_conv.axilite_b2s/RD.r_channel_0/rd_data_fifo_0/E[0]                                  | LED_IP_i/ps7_0_axi_periph/s00_couplers/auto_pc/inst/gen_axilite.gen_b2s_conv.axilite_b2s/areset_d1                                                  |                2 |              5 |
|  LED_IP_i/processing_system7_0/inst/FCLK_CLK0 | LED_IP_i/ps7_0_axi_periph/s00_couplers/auto_pc/inst/gen_axilite.gen_b2s_conv.axilite_b2s/RD.ar_channel_0/ar_cmd_fsm_0/m_valid_i_reg                          | LED_IP_i/ps7_0_axi_periph/s00_couplers/auto_pc/inst/gen_axilite.gen_b2s_conv.axilite_b2s/RD.ar_channel_0/ar_cmd_fsm_0/FSM_sequential_state_reg[0]_0 |                2 |              5 |
|  LED_IP_i/processing_system7_0/inst/FCLK_CLK0 | LED_IP_i/rst_ps7_0_50M/U0/SEQ/seq_cnt_en                                                                                                                     | LED_IP_i/rst_ps7_0_50M/U0/SEQ/SEQ_COUNTER/clear                                                                                                     |                1 |              6 |
|  LED_IP_i/processing_system7_0/inst/FCLK_CLK0 | LED_IP_i/LED_CONTROLLER_0/inst/LED_CONTROLLER_v1_0_S00_AXI_inst/slv_reg2[23]_i_1_n_0                                                                         | LED_IP_i/LED_CONTROLLER_0/inst/LED_CONTROLLER_v1_0_S00_AXI_inst/axi_awready_i_1_n_0                                                                 |                1 |              8 |
|  LED_IP_i/processing_system7_0/inst/FCLK_CLK0 | LED_IP_i/LED_CONTROLLER_0/inst/LED_CONTROLLER_v1_0_S00_AXI_inst/slv_reg0[15]_i_1_n_0                                                                         | LED_IP_i/LED_CONTROLLER_0/inst/LED_CONTROLLER_v1_0_S00_AXI_inst/axi_awready_i_1_n_0                                                                 |                1 |              8 |
|  LED_IP_i/processing_system7_0/inst/FCLK_CLK0 | LED_IP_i/LED_CONTROLLER_0/inst/LED_CONTROLLER_v1_0_S00_AXI_inst/p_1_in[15]                                                                                   | LED_IP_i/LED_CONTROLLER_0/inst/LED_CONTROLLER_v1_0_S00_AXI_inst/axi_awready_i_1_n_0                                                                 |                1 |              8 |
|  LED_IP_i/processing_system7_0/inst/FCLK_CLK0 | LED_IP_i/LED_CONTROLLER_0/inst/LED_CONTROLLER_v1_0_S00_AXI_inst/slv_reg2[31]_i_1_n_0                                                                         | LED_IP_i/LED_CONTROLLER_0/inst/LED_CONTROLLER_v1_0_S00_AXI_inst/axi_awready_i_1_n_0                                                                 |                1 |              8 |
|  LED_IP_i/processing_system7_0/inst/FCLK_CLK0 | LED_IP_i/LED_CONTROLLER_0/inst/LED_CONTROLLER_v1_0_S00_AXI_inst/slv_reg2[7]_i_1_n_0                                                                          | LED_IP_i/LED_CONTROLLER_0/inst/LED_CONTROLLER_v1_0_S00_AXI_inst/axi_awready_i_1_n_0                                                                 |                1 |              8 |
|  LED_IP_i/processing_system7_0/inst/FCLK_CLK0 | LED_IP_i/LED_CONTROLLER_0/inst/LED_CONTROLLER_v1_0_S00_AXI_inst/slv_reg3[15]_i_1_n_0                                                                         | LED_IP_i/LED_CONTROLLER_0/inst/LED_CONTROLLER_v1_0_S00_AXI_inst/axi_awready_i_1_n_0                                                                 |                1 |              8 |
|  LED_IP_i/processing_system7_0/inst/FCLK_CLK0 | LED_IP_i/LED_CONTROLLER_0/inst/LED_CONTROLLER_v1_0_S00_AXI_inst/slv_reg0[23]_i_1_n_0                                                                         | LED_IP_i/LED_CONTROLLER_0/inst/LED_CONTROLLER_v1_0_S00_AXI_inst/axi_awready_i_1_n_0                                                                 |                1 |              8 |
|  LED_IP_i/processing_system7_0/inst/FCLK_CLK0 | LED_IP_i/LED_CONTROLLER_0/inst/LED_CONTROLLER_v1_0_S00_AXI_inst/slv_reg2[15]_i_1_n_0                                                                         | LED_IP_i/LED_CONTROLLER_0/inst/LED_CONTROLLER_v1_0_S00_AXI_inst/axi_awready_i_1_n_0                                                                 |                1 |              8 |
|  LED_IP_i/processing_system7_0/inst/FCLK_CLK0 | LED_IP_i/LED_CONTROLLER_0/inst/LED_CONTROLLER_v1_0_S00_AXI_inst/slv_reg0[7]_i_1_n_0                                                                          | LED_IP_i/LED_CONTROLLER_0/inst/LED_CONTROLLER_v1_0_S00_AXI_inst/axi_awready_i_1_n_0                                                                 |                1 |              8 |
|  LED_IP_i/processing_system7_0/inst/FCLK_CLK0 | LED_IP_i/LED_CONTROLLER_0/inst/LED_CONTROLLER_v1_0_S00_AXI_inst/slv_reg0[31]_i_1_n_0                                                                         | LED_IP_i/LED_CONTROLLER_0/inst/LED_CONTROLLER_v1_0_S00_AXI_inst/axi_awready_i_1_n_0                                                                 |                1 |              8 |
|  LED_IP_i/processing_system7_0/inst/FCLK_CLK0 | LED_IP_i/LED_CONTROLLER_0/inst/LED_CONTROLLER_v1_0_S00_AXI_inst/slv_reg3[7]_i_1_n_0                                                                          | LED_IP_i/LED_CONTROLLER_0/inst/LED_CONTROLLER_v1_0_S00_AXI_inst/axi_awready_i_1_n_0                                                                 |                1 |              8 |
|  LED_IP_i/processing_system7_0/inst/FCLK_CLK0 | LED_IP_i/LED_CONTROLLER_0/inst/LED_CONTROLLER_v1_0_S00_AXI_inst/slv_reg3[31]_i_1_n_0                                                                         | LED_IP_i/LED_CONTROLLER_0/inst/LED_CONTROLLER_v1_0_S00_AXI_inst/axi_awready_i_1_n_0                                                                 |                1 |              8 |
|  LED_IP_i/processing_system7_0/inst/FCLK_CLK0 | LED_IP_i/LED_CONTROLLER_0/inst/LED_CONTROLLER_v1_0_S00_AXI_inst/p_1_in[31]                                                                                   | LED_IP_i/LED_CONTROLLER_0/inst/LED_CONTROLLER_v1_0_S00_AXI_inst/axi_awready_i_1_n_0                                                                 |                1 |              8 |
|  LED_IP_i/processing_system7_0/inst/FCLK_CLK0 | LED_IP_i/LED_CONTROLLER_0/inst/LED_CONTROLLER_v1_0_S00_AXI_inst/p_1_in[3]                                                                                    | LED_IP_i/LED_CONTROLLER_0/inst/LED_CONTROLLER_v1_0_S00_AXI_inst/axi_awready_i_1_n_0                                                                 |                1 |              8 |
|  LED_IP_i/processing_system7_0/inst/FCLK_CLK0 | LED_IP_i/LED_CONTROLLER_0/inst/LED_CONTROLLER_v1_0_S00_AXI_inst/p_1_in[23]                                                                                   | LED_IP_i/LED_CONTROLLER_0/inst/LED_CONTROLLER_v1_0_S00_AXI_inst/axi_awready_i_1_n_0                                                                 |                1 |              8 |
|  LED_IP_i/processing_system7_0/inst/FCLK_CLK0 | LED_IP_i/LED_CONTROLLER_0/inst/LED_CONTROLLER_v1_0_S00_AXI_inst/slv_reg3[23]_i_1_n_0                                                                         | LED_IP_i/LED_CONTROLLER_0/inst/LED_CONTROLLER_v1_0_S00_AXI_inst/axi_awready_i_1_n_0                                                                 |                1 |              8 |
|  LED_IP_i/processing_system7_0/inst/FCLK_CLK0 | LED_IP_i/RGB_CONTROLLER_0/inst/RGB_CONTROLLER_v1_0_S00_AXI_inst/slv_reg0[15]_i_1_n_0                                                                         | LED_IP_i/RGB_CONTROLLER_0/inst/RGB_CONTROLLER_v1_0_S00_AXI_inst/axi_awready_i_1_n_0                                                                 |                1 |              8 |
|  LED_IP_i/processing_system7_0/inst/FCLK_CLK0 | LED_IP_i/RGB_CONTROLLER_0/inst/RGB_CONTROLLER_v1_0_S00_AXI_inst/slv_reg0[23]_i_1_n_0                                                                         | LED_IP_i/RGB_CONTROLLER_0/inst/RGB_CONTROLLER_v1_0_S00_AXI_inst/axi_awready_i_1_n_0                                                                 |                1 |              8 |
|  LED_IP_i/processing_system7_0/inst/FCLK_CLK0 | LED_IP_i/RGB_CONTROLLER_0/inst/RGB_CONTROLLER_v1_0_S00_AXI_inst/slv_reg0[31]_i_1_n_0                                                                         | LED_IP_i/RGB_CONTROLLER_0/inst/RGB_CONTROLLER_v1_0_S00_AXI_inst/axi_awready_i_1_n_0                                                                 |                1 |              8 |
|  LED_IP_i/processing_system7_0/inst/FCLK_CLK0 | LED_IP_i/RGB_CONTROLLER_0/inst/RGB_CONTROLLER_v1_0_S00_AXI_inst/slv_reg0[7]_i_1_n_0                                                                          | LED_IP_i/RGB_CONTROLLER_0/inst/RGB_CONTROLLER_v1_0_S00_AXI_inst/axi_awready_i_1_n_0                                                                 |                2 |              8 |
|  LED_IP_i/processing_system7_0/inst/FCLK_CLK0 | LED_IP_i/RGB_CONTROLLER_0/inst/RGB_CONTROLLER_v1_0_S00_AXI_inst/slv_reg2[23]_i_1_n_0                                                                         | LED_IP_i/RGB_CONTROLLER_0/inst/RGB_CONTROLLER_v1_0_S00_AXI_inst/axi_awready_i_1_n_0                                                                 |                1 |              8 |
|  LED_IP_i/processing_system7_0/inst/FCLK_CLK0 | LED_IP_i/RGB_CONTROLLER_0/inst/RGB_CONTROLLER_v1_0_S00_AXI_inst/slv_reg2[15]_i_1_n_0                                                                         | LED_IP_i/RGB_CONTROLLER_0/inst/RGB_CONTROLLER_v1_0_S00_AXI_inst/axi_awready_i_1_n_0                                                                 |                1 |              8 |
|  LED_IP_i/processing_system7_0/inst/FCLK_CLK0 | LED_IP_i/RGB_CONTROLLER_0/inst/RGB_CONTROLLER_v1_0_S00_AXI_inst/slv_reg2[31]_i_1_n_0                                                                         | LED_IP_i/RGB_CONTROLLER_0/inst/RGB_CONTROLLER_v1_0_S00_AXI_inst/axi_awready_i_1_n_0                                                                 |                2 |              8 |
|  LED_IP_i/processing_system7_0/inst/FCLK_CLK0 | LED_IP_i/RGB_CONTROLLER_0/inst/RGB_CONTROLLER_v1_0_S00_AXI_inst/slv_reg2[7]_i_1_n_0                                                                          | LED_IP_i/RGB_CONTROLLER_0/inst/RGB_CONTROLLER_v1_0_S00_AXI_inst/axi_awready_i_1_n_0                                                                 |                2 |              8 |
|  LED_IP_i/processing_system7_0/inst/FCLK_CLK0 | LED_IP_i/RGB_CONTROLLER_0/inst/RGB_CONTROLLER_v1_0_S00_AXI_inst/slv_reg3[23]_i_1_n_0                                                                         | LED_IP_i/RGB_CONTROLLER_0/inst/RGB_CONTROLLER_v1_0_S00_AXI_inst/axi_awready_i_1_n_0                                                                 |                2 |              8 |
|  LED_IP_i/processing_system7_0/inst/FCLK_CLK0 | LED_IP_i/RGB_CONTROLLER_0/inst/RGB_CONTROLLER_v1_0_S00_AXI_inst/slv_reg3[15]_i_1_n_0                                                                         | LED_IP_i/RGB_CONTROLLER_0/inst/RGB_CONTROLLER_v1_0_S00_AXI_inst/axi_awready_i_1_n_0                                                                 |                2 |              8 |
|  LED_IP_i/processing_system7_0/inst/FCLK_CLK0 | LED_IP_i/RGB_CONTROLLER_0/inst/RGB_CONTROLLER_v1_0_S00_AXI_inst/slv_reg4[15]_i_1_n_0                                                                         | LED_IP_i/RGB_CONTROLLER_0/inst/RGB_CONTROLLER_v1_0_S00_AXI_inst/axi_awready_i_1_n_0                                                                 |                2 |              8 |
|  LED_IP_i/processing_system7_0/inst/FCLK_CLK0 | LED_IP_i/RGB_CONTROLLER_0/inst/RGB_CONTROLLER_v1_0_S00_AXI_inst/slv_reg4[23]_i_1_n_0                                                                         | LED_IP_i/RGB_CONTROLLER_0/inst/RGB_CONTROLLER_v1_0_S00_AXI_inst/axi_awready_i_1_n_0                                                                 |                2 |              8 |
|  LED_IP_i/processing_system7_0/inst/FCLK_CLK0 | LED_IP_i/RGB_CONTROLLER_0/inst/RGB_CONTROLLER_v1_0_S00_AXI_inst/slv_reg4[31]_i_1_n_0                                                                         | LED_IP_i/RGB_CONTROLLER_0/inst/RGB_CONTROLLER_v1_0_S00_AXI_inst/axi_awready_i_1_n_0                                                                 |                2 |              8 |
|  LED_IP_i/processing_system7_0/inst/FCLK_CLK0 | LED_IP_i/RGB_CONTROLLER_0/inst/RGB_CONTROLLER_v1_0_S00_AXI_inst/slv_reg4[7]_i_1_n_0                                                                          | LED_IP_i/RGB_CONTROLLER_0/inst/RGB_CONTROLLER_v1_0_S00_AXI_inst/axi_awready_i_1_n_0                                                                 |                2 |              8 |
|  LED_IP_i/processing_system7_0/inst/FCLK_CLK0 | LED_IP_i/RGB_CONTROLLER_0/inst/RGB_CONTROLLER_v1_0_S00_AXI_inst/slv_reg3[31]_i_1_n_0                                                                         | LED_IP_i/RGB_CONTROLLER_0/inst/RGB_CONTROLLER_v1_0_S00_AXI_inst/axi_awready_i_1_n_0                                                                 |                1 |              8 |
|  LED_IP_i/processing_system7_0/inst/FCLK_CLK0 | LED_IP_i/RGB_CONTROLLER_0/inst/RGB_CONTROLLER_v1_0_S00_AXI_inst/slv_reg3[7]_i_1_n_0                                                                          | LED_IP_i/RGB_CONTROLLER_0/inst/RGB_CONTROLLER_v1_0_S00_AXI_inst/axi_awready_i_1_n_0                                                                 |                2 |              8 |
|  LED_IP_i/processing_system7_0/inst/FCLK_CLK0 | LED_IP_i/RGB_CONTROLLER_0/inst/RGB_CONTROLLER_v1_0_S00_AXI_inst/p_1_in[2]                                                                                    | LED_IP_i/RGB_CONTROLLER_0/inst/RGB_CONTROLLER_v1_0_S00_AXI_inst/axi_awready_i_1_n_0                                                                 |                1 |              8 |
|  LED_IP_i/processing_system7_0/inst/FCLK_CLK0 | LED_IP_i/RGB_CONTROLLER_0/inst/RGB_CONTROLLER_v1_0_S00_AXI_inst/p_1_in[15]                                                                                   | LED_IP_i/RGB_CONTROLLER_0/inst/RGB_CONTROLLER_v1_0_S00_AXI_inst/axi_awready_i_1_n_0                                                                 |                2 |              8 |
|  LED_IP_i/processing_system7_0/inst/FCLK_CLK0 | LED_IP_i/RGB_CONTROLLER_0/inst/RGB_CONTROLLER_v1_0_S00_AXI_inst/p_1_in[23]                                                                                   | LED_IP_i/RGB_CONTROLLER_0/inst/RGB_CONTROLLER_v1_0_S00_AXI_inst/axi_awready_i_1_n_0                                                                 |                1 |              8 |
|  LED_IP_i/processing_system7_0/inst/FCLK_CLK0 | LED_IP_i/RGB_CONTROLLER_0/inst/RGB_CONTROLLER_v1_0_S00_AXI_inst/p_1_in[31]                                                                                   | LED_IP_i/RGB_CONTROLLER_0/inst/RGB_CONTROLLER_v1_0_S00_AXI_inst/axi_awready_i_1_n_0                                                                 |                2 |              8 |
|  LED_IP_i/processing_system7_0/inst/FCLK_CLK0 | LED_IP_i/ps7_0_axi_periph/s00_couplers/auto_pc/inst/gen_axilite.gen_b2s_conv.axilite_b2s/WR.aw_channel_0/aw_cmd_fsm_0/E[0]                                   |                                                                                                                                                     |                4 |              8 |
|  LED_IP_i/processing_system7_0/inst/FCLK_CLK0 | LED_IP_i/ps7_0_axi_periph/s00_couplers/auto_pc/inst/gen_axilite.gen_b2s_conv.axilite_b2s/WR.b_channel_0/mhandshake_r                                         | LED_IP_i/ps7_0_axi_periph/s00_couplers/auto_pc/inst/gen_axilite.gen_b2s_conv.axilite_b2s/WR.b_channel_0/bid_fifo_0/SR[0]                            |                3 |              8 |
|  LED_IP_i/processing_system7_0/inst/FCLK_CLK0 | LED_IP_i/ps7_0_axi_periph/s00_couplers/auto_pc/inst/gen_axilite.gen_b2s_conv.axilite_b2s/RD.ar_channel_0/ar_cmd_fsm_0/E[0]                                   |                                                                                                                                                     |                5 |              8 |
|  LED_IP_i/processing_system7_0/inst/FCLK_CLK0 | LED_IP_i/ps7_0_axi_periph/s00_couplers/auto_pc/inst/gen_axilite.gen_b2s_conv.axilite_b2s/RD.ar_channel_0/ar_cmd_fsm_0/sel_first_reg_1[0]                     |                                                                                                                                                     |                3 |              8 |
|  LED_IP_i/processing_system7_0/inst/FCLK_CLK0 | LED_IP_i/ps7_0_axi_periph/s00_couplers/auto_pc/inst/gen_axilite.gen_b2s_conv.axilite_b2s/WR.aw_channel_0/cmd_translator_0/incr_cmd_0/axaddr_incr[11]_i_1_n_0 |                                                                                                                                                     |                3 |              8 |
|  LED_IP_i/processing_system7_0/inst/FCLK_CLK0 |                                                                                                                                                              | LED_IP_i/ps7_0_axi_periph/s00_couplers/auto_pc/inst/gen_axilite.gen_b2s_conv.axilite_b2s/areset_d1                                                  |                4 |             10 |
|  LED_IP_i/processing_system7_0/inst/FCLK_CLK0 |                                                                                                                                                              | LED_IP_i/LED_CONTROLLER_0/inst/LED_CONTROLLER_v1_0_S00_AXI_inst/axi_awready_i_1_n_0                                                                 |                4 |             10 |
|  LED_IP_i/processing_system7_0/inst/FCLK_CLK0 |                                                                                                                                                              | LED_IP_i/ps7_0_axi_periph/xbar/inst/gen_sasd.crossbar_sasd_0/addr_arbiter_inst/SR[0]                                                                |                5 |             11 |
|  LED_IP_i/processing_system7_0/inst/FCLK_CLK0 |                                                                                                                                                              | LED_IP_i/RGB_CONTROLLER_0/inst/RGB_CONTROLLER_v1_0_S00_AXI_inst/axi_awready_i_1_n_0                                                                 |                4 |             12 |
|  LED_IP_i/processing_system7_0/inst/FCLK_CLK0 | LED_IP_i/ps7_0_axi_periph/s00_couplers/auto_pc/inst/gen_axilite.gen_b2s_conv.axilite_b2s/RD.r_channel_0/r_push_r                                             |                                                                                                                                                     |                4 |             13 |
|  LED_IP_i/processing_system7_0/inst/FCLK_CLK0 | LED_IP_i/ps7_0_axi_periph/s00_couplers/auto_pc/inst/gen_axilite.gen_b2s_conv.axilite_b2s/SI_REG/b.b_pipe/s_ready_i_reg_0                                     |                                                                                                                                                     |                2 |             14 |
|  LED_IP_i/processing_system7_0/inst/FCLK_CLK0 | LED_IP_i/ps7_0_axi_periph/s00_couplers/auto_pc/inst/gen_axilite.gen_b2s_conv.axilite_b2s/SI_REG/b.b_pipe/p_1_in                                              |                                                                                                                                                     |                2 |             14 |
|  LED_IP_i/processing_system7_0/inst/FCLK_CLK0 | LED_IP_i/ps7_0_axi_periph/xbar/inst/gen_sasd.crossbar_sasd_0/reg_slice_r/aa_rready                                                                           |                                                                                                                                                     |                5 |             15 |
|  LED_IP_i/processing_system7_0/inst/FCLK_CLK0 | LED_IP_i/ps7_0_axi_periph/s00_couplers/auto_pc/inst/gen_axilite.gen_b2s_conv.axilite_b2s/WR.aw_channel_0/aw_cmd_fsm_0/b_push                                 |                                                                                                                                                     |                3 |             16 |
|  LED_IP_i/processing_system7_0/inst/FCLK_CLK0 | LED_IP_i/ps7_0_axi_periph/s00_couplers/auto_pc/inst/gen_axilite.gen_b2s_conv.axilite_b2s/RD.ar_channel_0/ar_cmd_fsm_0/m_valid_i_reg                          |                                                                                                                                                     |                5 |             17 |
|  LED_IP_i/processing_system7_0/inst/FCLK_CLK0 | LED_IP_i/ps7_0_axi_periph/s00_couplers/auto_pc/inst/gen_axilite.gen_b2s_conv.axilite_b2s/WR.aw_channel_0/aw_cmd_fsm_0/state_reg[0]_1                         |                                                                                                                                                     |                8 |             21 |
|  LED_IP_i/processing_system7_0/inst/FCLK_CLK0 | LED_IP_i/ps7_0_axi_periph/xbar/inst/gen_sasd.crossbar_sasd_0/addr_arbiter_inst/p_0_in1_in                                                                    | LED_IP_i/ps7_0_axi_periph/xbar/inst/gen_sasd.crossbar_sasd_0/addr_arbiter_inst/SR[0]                                                                |               10 |             23 |
|  LED_IP_i/processing_system7_0/inst/FCLK_CLK0 | LED_IP_i/RGB_CONTROLLER_0/inst/RGB_CONTROLLER_v1_0_S00_AXI_inst/slv_reg_rden__0                                                                              | LED_IP_i/RGB_CONTROLLER_0/inst/RGB_CONTROLLER_v1_0_S00_AXI_inst/axi_awready_i_1_n_0                                                                 |               17 |             32 |
|  LED_IP_i/processing_system7_0/inst/FCLK_CLK0 | LED_IP_i/LED_CONTROLLER_0/inst/LED_CONTROLLER_v1_0_S00_AXI_inst/slv_reg_rden__0                                                                              | LED_IP_i/LED_CONTROLLER_0/inst/LED_CONTROLLER_v1_0_S00_AXI_inst/axi_awready_i_1_n_0                                                                 |                9 |             32 |
|  LED_IP_i/processing_system7_0/inst/FCLK_CLK0 | LED_IP_i/ps7_0_axi_periph/s00_couplers/auto_pc/inst/gen_axilite.gen_b2s_conv.axilite_b2s/RD.r_channel_0/rd_data_fifo_0/wr_en0                                |                                                                                                                                                     |                9 |             34 |
|  LED_IP_i/processing_system7_0/inst/FCLK_CLK0 | LED_IP_i/ps7_0_axi_periph/xbar/inst/gen_sasd.crossbar_sasd_0/addr_arbiter_inst/E[0]                                                                          |                                                                                                                                                     |                6 |             35 |
|  LED_IP_i/processing_system7_0/inst/FCLK_CLK0 | LED_IP_i/ps7_0_axi_periph/s00_couplers/auto_pc/inst/gen_axilite.gen_b2s_conv.axilite_b2s/SI_REG/r.r_pipe/p_1_in                                              |                                                                                                                                                     |                8 |             47 |
|  LED_IP_i/processing_system7_0/inst/FCLK_CLK0 | LED_IP_i/ps7_0_axi_periph/s00_couplers/auto_pc/inst/gen_axilite.gen_b2s_conv.axilite_b2s/SI_REG/r.r_pipe/s_ready_i_reg_0                                     |                                                                                                                                                     |                8 |             47 |
|  LED_IP_i/processing_system7_0/inst/FCLK_CLK0 | LED_IP_i/ps7_0_axi_periph/s00_couplers/auto_pc/inst/gen_axilite.gen_b2s_conv.axilite_b2s/WR.aw_channel_0/aw_cmd_fsm_0/m_valid_i_reg[0]                       |                                                                                                                                                     |                8 |             48 |
|  LED_IP_i/processing_system7_0/inst/FCLK_CLK0 | LED_IP_i/ps7_0_axi_periph/s00_couplers/auto_pc/inst/gen_axilite.gen_b2s_conv.axilite_b2s/RD.ar_channel_0/ar_cmd_fsm_0/FSM_sequential_state_reg[1]_0[0]       |                                                                                                                                                     |               10 |             48 |
|  LED_IP_i/processing_system7_0/inst/FCLK_CLK0 | LED_IP_i/ps7_0_axi_periph/s00_couplers/auto_pc/inst/gen_axilite.gen_b2s_conv.axilite_b2s/SI_REG/ar.ar_pipe/s_ready_i_reg_0                                   |                                                                                                                                                     |               12 |             48 |
|  LED_IP_i/processing_system7_0/inst/FCLK_CLK0 | LED_IP_i/ps7_0_axi_periph/s00_couplers/auto_pc/inst/gen_axilite.gen_b2s_conv.axilite_b2s/SI_REG/aw.aw_pipe/s_ready_i_reg_0                                   |                                                                                                                                                     |               10 |             48 |
|  LED_IP_i/processing_system7_0/inst/FCLK_CLK0 |                                                                                                                                                              |                                                                                                                                                     |               50 |            160 |
+-----------------------------------------------+--------------------------------------------------------------------------------------------------------------------------------------------------------------+-----------------------------------------------------------------------------------------------------------------------------------------------------+------------------+----------------+


