Copyright 1986-2018 Xilinx, Inc. All Rights Reserved.
-------------------------------------------------------------------------------------------
| Tool Version : Vivado v.2018.2 (win64) Build 2258646 Thu Jun 14 20:03:12 MDT 2018
| Date         : Sun Oct 21 17:35:46 2018
| Host         : DESKTOP-3VDLSPS running 64-bit major release  (build 9200)
| Command      : report_control_sets -verbose -file system_wrapper_control_sets_placed.rpt
| Design       : system_wrapper
| Device       : xc7z007s
-------------------------------------------------------------------------------------------

Control Set Information

Table of Contents
-----------------
1. Summary
2. Histogram
3. Flip-Flop Distribution
4. Detailed Control Set Information

1. Summary
----------

+----------------------------------------------------------+-------+
|                          Status                          | Count |
+----------------------------------------------------------+-------+
| Number of unique control sets                            |    71 |
| Unused register locations in slices containing registers |    38 |
+----------------------------------------------------------+-------+


2. Histogram
------------

+--------+--------------+
| Fanout | Control Sets |
+--------+--------------+
|      4 |            1 |
|      8 |            4 |
|     10 |            1 |
|     12 |            1 |
|    16+ |           64 |
+--------+--------------+


3. Flip-Flop Distribution
-------------------------

+--------------+-----------------------+------------------------+-----------------+--------------+
| Clock Enable | Synchronous Set/Reset | Asynchronous Set/Reset | Total Registers | Total Slices |
+--------------+-----------------------+------------------------+-----------------+--------------+
| No           | No                    | No                     |             292 |           46 |
| No           | No                    | Yes                    |               0 |            0 |
| No           | Yes                   | No                     |             212 |           33 |
| Yes          | No                    | No                     |             856 |          106 |
| Yes          | No                    | Yes                    |               0 |            0 |
| Yes          | Yes                   | No                     |             794 |           95 |
+--------------+-----------------------+------------------------+-----------------+--------------+


4. Detailed Control Set Information
-----------------------------------

+-----------------------------------------------+--------------------------------------------------------------------------------------------------------------------------------------------------------------+------------------------------------------------------------------------------------------------------------------------------------------+------------------+----------------+
|                  Clock Signal                 |                                                                         Enable Signal                                                                        |                                                             Set/Reset Signal                                                             | Slice Load Count | Bel Load Count |
+-----------------------------------------------+--------------------------------------------------------------------------------------------------------------------------------------------------------------+------------------------------------------------------------------------------------------------------------------------------------------+------------------+----------------+
|  system_i/processing_system7_0/inst/FCLK_CLK0 | system_i/ps7_0_axi_periph/s00_couplers/auto_pc/inst/gen_axilite.gen_b2s_conv.axilite_b2s/WR.b_channel_0/bid_fifo_0/bresp_push                                |                                                                                                                                          |                1 |              4 |
|  system_i/processing_system7_0/inst/FCLK_CLK0 |                                                                                                                                                              | system_i/ps7_0_axi_periph/s00_couplers/auto_pc/inst/gen_axilite.gen_b2s_conv.axilite_b2s/SI_REG/aw.aw_pipe/s_ready_i_reg_0               |                3 |              8 |
|  system_i/processing_system7_0/inst/FCLK_CLK0 | system_i/ps7_0_axi_periph/s00_couplers/auto_pc/inst/gen_axilite.gen_b2s_conv.axilite_b2s/WR.aw_channel_0/aw_cmd_fsm_0/axaddr_wrap_reg[11][0]                 | system_i/ps7_0_axi_periph/s00_couplers/auto_pc/inst/gen_axilite.gen_b2s_conv.axilite_b2s/WR.aw_channel_0/aw_cmd_fsm_0/axlen_cnt_reg[7]_1 |                1 |              8 |
|  system_i/processing_system7_0/inst/FCLK_CLK0 | system_i/ps7_0_axi_periph/s00_couplers/auto_pc/inst/gen_axilite.gen_b2s_conv.axilite_b2s/RD.ar_channel_0/ar_cmd_fsm_0/E[0]                                   | system_i/ps7_0_axi_periph/s00_couplers/auto_pc/inst/gen_axilite.gen_b2s_conv.axilite_b2s/RD.ar_channel_0/ar_cmd_fsm_0/axlen_cnt_reg[7]   |                1 |              8 |
|  system_i/processing_system7_0/inst/FCLK_CLK0 |                                                                                                                                                              | system_i/ps7_0_axi_periph/s00_couplers/auto_pc/inst/gen_axilite.gen_b2s_conv.axilite_b2s/SI_REG/ar.ar_pipe/m_valid_i_reg_0               |                3 |              8 |
|  system_i/processing_system7_0/inst/FCLK_CLK0 |                                                                                                                                                              | system_i/rst_ps7_0_50M/U0/EXT_LPF/lpf_int                                                                                                |                2 |             10 |
|  system_i/processing_system7_0/inst/FCLK_CLK0 | system_i/rst_ps7_0_50M/U0/SEQ/seq_cnt_en                                                                                                                     | system_i/rst_ps7_0_50M/U0/SEQ/SEQ_COUNTER/clear                                                                                          |                1 |             12 |
|  system_i/processing_system7_0/inst/FCLK_CLK0 | system_i/myLED_0/inst/myLED_v1_0_S00_AXI_inst/slv_reg1[15]_i_1_n_0                                                                                           | system_i/myLED_0/inst/myLED_v1_0_S00_AXI_inst/axi_awready_i_1_n_0                                                                        |                1 |             16 |
|  system_i/processing_system7_0/inst/FCLK_CLK0 | system_i/ps7_0_axi_periph/s00_couplers/auto_pc/inst/gen_axilite.gen_b2s_conv.axilite_b2s/WR.aw_channel_0/aw_cmd_fsm_0/E[0]                                   |                                                                                                                                          |                3 |             16 |
|  system_i/processing_system7_0/inst/FCLK_CLK0 | system_i/ps7_0_axi_periph/s00_couplers/auto_pc/inst/gen_axilite.gen_b2s_conv.axilite_b2s/WR.aw_channel_0/cmd_translator_0/incr_cmd_0/axaddr_incr[11]_i_1_n_0 |                                                                                                                                          |                4 |             16 |
|  system_i/processing_system7_0/inst/FCLK_CLK0 | system_i/myLED_0/inst/myLED_v1_0_S00_AXI_inst/p_1_in[15]                                                                                                     | system_i/myLED_0/inst/myLED_v1_0_S00_AXI_inst/axi_awready_i_1_n_0                                                                        |                1 |             16 |
|  system_i/processing_system7_0/inst/FCLK_CLK0 | system_i/myLED_0/inst/myLED_v1_0_S00_AXI_inst/slv_reg1[7]_i_1_n_0                                                                                            | system_i/myLED_0/inst/myLED_v1_0_S00_AXI_inst/axi_awready_i_1_n_0                                                                        |                1 |             16 |
|  system_i/processing_system7_0/inst/FCLK_CLK0 | system_i/myLED_0/inst/myLED_v1_0_S00_AXI_inst/slv_reg1[31]_i_1_n_0                                                                                           | system_i/myLED_0/inst/myLED_v1_0_S00_AXI_inst/axi_awready_i_1_n_0                                                                        |                2 |             16 |
|  system_i/processing_system7_0/inst/FCLK_CLK0 | system_i/myLED_0/inst/myLED_v1_0_S00_AXI_inst/slv_reg1[23]_i_1_n_0                                                                                           | system_i/myLED_0/inst/myLED_v1_0_S00_AXI_inst/axi_awready_i_1_n_0                                                                        |                1 |             16 |
|  system_i/processing_system7_0/inst/FCLK_CLK0 | system_i/myLED_0/inst/myLED_v1_0_S00_AXI_inst/slv_reg3[7]_i_1_n_0                                                                                            | system_i/myLED_0/inst/myLED_v1_0_S00_AXI_inst/axi_awready_i_1_n_0                                                                        |                2 |             16 |
|  system_i/processing_system7_0/inst/FCLK_CLK0 | system_i/myLED_0/inst/myLED_v1_0_S00_AXI_inst/slv_reg3[15]_i_1_n_0                                                                                           | system_i/myLED_0/inst/myLED_v1_0_S00_AXI_inst/axi_awready_i_1_n_0                                                                        |                2 |             16 |
|  system_i/processing_system7_0/inst/FCLK_CLK0 | system_i/myLED_0/inst/myLED_v1_0_S00_AXI_inst/slv_reg3[31]_i_1_n_0                                                                                           | system_i/myLED_0/inst/myLED_v1_0_S00_AXI_inst/axi_awready_i_1_n_0                                                                        |                1 |             16 |
|  system_i/processing_system7_0/inst/FCLK_CLK0 | system_i/myLED_0/inst/myLED_v1_0_S00_AXI_inst/slv_reg2[31]_i_1_n_0                                                                                           | system_i/myLED_0/inst/myLED_v1_0_S00_AXI_inst/axi_awready_i_1_n_0                                                                        |                2 |             16 |
|  system_i/processing_system7_0/inst/FCLK_CLK0 | system_i/myLED_0/inst/myLED_v1_0_S00_AXI_inst/slv_reg2[15]_i_1_n_0                                                                                           | system_i/myLED_0/inst/myLED_v1_0_S00_AXI_inst/axi_awready_i_1_n_0                                                                        |                1 |             16 |
|  system_i/processing_system7_0/inst/FCLK_CLK0 | system_i/myLED_0/inst/myLED_v1_0_S00_AXI_inst/slv_reg2[23]_i_1_n_0                                                                                           | system_i/myLED_0/inst/myLED_v1_0_S00_AXI_inst/axi_awready_i_1_n_0                                                                        |                1 |             16 |
|  system_i/processing_system7_0/inst/FCLK_CLK0 | system_i/myLED_0/inst/myLED_v1_0_S00_AXI_inst/slv_reg2[7]_i_1_n_0                                                                                            | system_i/myLED_0/inst/myLED_v1_0_S00_AXI_inst/axi_awready_i_1_n_0                                                                        |                1 |             16 |
|  system_i/processing_system7_0/inst/FCLK_CLK0 | system_i/myLED_0/inst/myLED_v1_0_S00_AXI_inst/slv_reg3[23]_i_1_n_0                                                                                           | system_i/myLED_0/inst/myLED_v1_0_S00_AXI_inst/axi_awready_i_1_n_0                                                                        |                1 |             16 |
|  system_i/processing_system7_0/inst/FCLK_CLK0 | system_i/myLED_0/inst/myLED_v1_0_S00_AXI_inst/p_1_in[3]                                                                                                      | system_i/myLED_0/inst/myLED_v1_0_S00_AXI_inst/axi_awready_i_1_n_0                                                                        |                2 |             16 |
|  system_i/processing_system7_0/inst/FCLK_CLK0 | system_i/myLED_0/inst/myLED_v1_0_S00_AXI_inst/p_1_in[23]                                                                                                     | system_i/myLED_0/inst/myLED_v1_0_S00_AXI_inst/axi_awready_i_1_n_0                                                                        |                1 |             16 |
|  system_i/processing_system7_0/inst/FCLK_CLK0 | system_i/myLED_0/inst/myLED_v1_0_S00_AXI_inst/p_1_in[31]                                                                                                     | system_i/myLED_0/inst/myLED_v1_0_S00_AXI_inst/axi_awready_i_1_n_0                                                                        |                1 |             16 |
|  system_i/processing_system7_0/inst/FCLK_CLK0 | system_i/my_RGB_LED_0/inst/my_RGB_LED_v1_0_S00_AXI_inst/slv_reg0[7]_i_1_n_0                                                                                  | system_i/my_RGB_LED_0/inst/my_RGB_LED_v1_0_S00_AXI_inst/axi_awready_i_1_n_0                                                              |                1 |             16 |
|  system_i/processing_system7_0/inst/FCLK_CLK0 | system_i/my_RGB_LED_0/inst/my_RGB_LED_v1_0_S00_AXI_inst/slv_reg0[31]_i_1_n_0                                                                                 | system_i/my_RGB_LED_0/inst/my_RGB_LED_v1_0_S00_AXI_inst/axi_awready_i_1_n_0                                                              |                2 |             16 |
|  system_i/processing_system7_0/inst/FCLK_CLK0 | system_i/my_RGB_LED_0/inst/my_RGB_LED_v1_0_S00_AXI_inst/slv_reg0[15]_i_1_n_0                                                                                 | system_i/my_RGB_LED_0/inst/my_RGB_LED_v1_0_S00_AXI_inst/axi_awready_i_1_n_0                                                              |                2 |             16 |
|  system_i/processing_system7_0/inst/FCLK_CLK0 | system_i/my_RGB_LED_0/inst/my_RGB_LED_v1_0_S00_AXI_inst/slv_reg0[23]_i_1_n_0                                                                                 | system_i/my_RGB_LED_0/inst/my_RGB_LED_v1_0_S00_AXI_inst/axi_awready_i_1_n_0                                                              |                1 |             16 |
|  system_i/processing_system7_0/inst/FCLK_CLK0 | system_i/my_RGB_LED_0/inst/my_RGB_LED_v1_0_S00_AXI_inst/slv_reg2[15]_i_1_n_0                                                                                 | system_i/my_RGB_LED_0/inst/my_RGB_LED_v1_0_S00_AXI_inst/axi_awready_i_1_n_0                                                              |                1 |             16 |
|  system_i/processing_system7_0/inst/FCLK_CLK0 | system_i/my_RGB_LED_0/inst/my_RGB_LED_v1_0_S00_AXI_inst/slv_reg2[23]_i_1_n_0                                                                                 | system_i/my_RGB_LED_0/inst/my_RGB_LED_v1_0_S00_AXI_inst/axi_awready_i_1_n_0                                                              |                2 |             16 |
|  system_i/processing_system7_0/inst/FCLK_CLK0 | system_i/my_RGB_LED_0/inst/my_RGB_LED_v1_0_S00_AXI_inst/slv_reg2[31]_i_1_n_0                                                                                 | system_i/my_RGB_LED_0/inst/my_RGB_LED_v1_0_S00_AXI_inst/axi_awready_i_1_n_0                                                              |                2 |             16 |
|  system_i/processing_system7_0/inst/FCLK_CLK0 | system_i/my_RGB_LED_0/inst/my_RGB_LED_v1_0_S00_AXI_inst/slv_reg2[7]_i_1_n_0                                                                                  | system_i/my_RGB_LED_0/inst/my_RGB_LED_v1_0_S00_AXI_inst/axi_awready_i_1_n_0                                                              |                3 |             16 |
|  system_i/processing_system7_0/inst/FCLK_CLK0 | system_i/my_RGB_LED_0/inst/my_RGB_LED_v1_0_S00_AXI_inst/slv_reg3[31]_i_1_n_0                                                                                 | system_i/my_RGB_LED_0/inst/my_RGB_LED_v1_0_S00_AXI_inst/axi_awready_i_1_n_0                                                              |                2 |             16 |
|  system_i/processing_system7_0/inst/FCLK_CLK0 | system_i/my_RGB_LED_0/inst/my_RGB_LED_v1_0_S00_AXI_inst/slv_reg4[15]_i_1_n_0                                                                                 | system_i/my_RGB_LED_0/inst/my_RGB_LED_v1_0_S00_AXI_inst/axi_awready_i_1_n_0                                                              |                2 |             16 |
|  system_i/processing_system7_0/inst/FCLK_CLK0 | system_i/my_RGB_LED_0/inst/my_RGB_LED_v1_0_S00_AXI_inst/slv_reg4[23]_i_1_n_0                                                                                 | system_i/my_RGB_LED_0/inst/my_RGB_LED_v1_0_S00_AXI_inst/axi_awready_i_1_n_0                                                              |                1 |             16 |
|  system_i/processing_system7_0/inst/FCLK_CLK0 | system_i/my_RGB_LED_0/inst/my_RGB_LED_v1_0_S00_AXI_inst/slv_reg4[31]_i_1_n_0                                                                                 | system_i/my_RGB_LED_0/inst/my_RGB_LED_v1_0_S00_AXI_inst/axi_awready_i_1_n_0                                                              |                2 |             16 |
|  system_i/processing_system7_0/inst/FCLK_CLK0 | system_i/my_RGB_LED_0/inst/my_RGB_LED_v1_0_S00_AXI_inst/slv_reg4[7]_i_1_n_0                                                                                  | system_i/my_RGB_LED_0/inst/my_RGB_LED_v1_0_S00_AXI_inst/axi_awready_i_1_n_0                                                              |                1 |             16 |
|  system_i/processing_system7_0/inst/FCLK_CLK0 | system_i/my_RGB_LED_0/inst/my_RGB_LED_v1_0_S00_AXI_inst/slv_reg3[23]_i_1_n_0                                                                                 | system_i/my_RGB_LED_0/inst/my_RGB_LED_v1_0_S00_AXI_inst/axi_awready_i_1_n_0                                                              |                2 |             16 |
|  system_i/processing_system7_0/inst/FCLK_CLK0 | system_i/my_RGB_LED_0/inst/my_RGB_LED_v1_0_S00_AXI_inst/slv_reg3[7]_i_1_n_0                                                                                  | system_i/my_RGB_LED_0/inst/my_RGB_LED_v1_0_S00_AXI_inst/axi_awready_i_1_n_0                                                              |                2 |             16 |
|  system_i/processing_system7_0/inst/FCLK_CLK0 | system_i/my_RGB_LED_0/inst/my_RGB_LED_v1_0_S00_AXI_inst/slv_reg3[15]_i_1_n_0                                                                                 | system_i/my_RGB_LED_0/inst/my_RGB_LED_v1_0_S00_AXI_inst/axi_awready_i_1_n_0                                                              |                1 |             16 |
|  system_i/processing_system7_0/inst/FCLK_CLK0 | system_i/my_RGB_LED_0/inst/my_RGB_LED_v1_0_S00_AXI_inst/p_1_in[31]                                                                                           | system_i/my_RGB_LED_0/inst/my_RGB_LED_v1_0_S00_AXI_inst/axi_awready_i_1_n_0                                                              |                2 |             16 |
|  system_i/processing_system7_0/inst/FCLK_CLK0 | system_i/my_RGB_LED_0/inst/my_RGB_LED_v1_0_S00_AXI_inst/p_1_in[2]                                                                                            | system_i/my_RGB_LED_0/inst/my_RGB_LED_v1_0_S00_AXI_inst/axi_awready_i_1_n_0                                                              |                3 |             16 |
|  system_i/processing_system7_0/inst/FCLK_CLK0 | system_i/my_RGB_LED_0/inst/my_RGB_LED_v1_0_S00_AXI_inst/p_1_in[15]                                                                                           | system_i/my_RGB_LED_0/inst/my_RGB_LED_v1_0_S00_AXI_inst/axi_awready_i_1_n_0                                                              |                1 |             16 |
|  system_i/processing_system7_0/inst/FCLK_CLK0 | system_i/my_RGB_LED_0/inst/my_RGB_LED_v1_0_S00_AXI_inst/p_1_in[23]                                                                                           | system_i/my_RGB_LED_0/inst/my_RGB_LED_v1_0_S00_AXI_inst/axi_awready_i_1_n_0                                                              |                2 |             16 |
|  system_i/processing_system7_0/inst/FCLK_CLK0 | system_i/ps7_0_axi_periph/s00_couplers/auto_pc/inst/gen_axilite.gen_b2s_conv.axilite_b2s/WR.b_channel_0/mhandshake_r                                         | system_i/ps7_0_axi_periph/s00_couplers/auto_pc/inst/gen_axilite.gen_b2s_conv.axilite_b2s/WR.b_channel_0/bid_fifo_0/SR[0]                 |                3 |             16 |
|  system_i/processing_system7_0/inst/FCLK_CLK0 | system_i/ps7_0_axi_periph/s00_couplers/auto_pc/inst/gen_axilite.gen_b2s_conv.axilite_b2s/RD.ar_channel_0/ar_cmd_fsm_0/axaddr_incr_reg[0][0]                  |                                                                                                                                          |                2 |             16 |
|  system_i/processing_system7_0/inst/FCLK_CLK0 | system_i/ps7_0_axi_periph/s00_couplers/auto_pc/inst/gen_axilite.gen_b2s_conv.axilite_b2s/RD.ar_channel_0/ar_cmd_fsm_0/wrap_boundary_axaddr_r_reg[11][0]      |                                                                                                                                          |                5 |             16 |
|  system_i/processing_system7_0/inst/FCLK_CLK0 |                                                                                                                                                              | system_i/myLED_0/inst/myLED_v1_0_S00_AXI_inst/axi_awready_i_1_n_0                                                                        |                3 |             20 |
|  system_i/processing_system7_0/inst/FCLK_CLK0 |                                                                                                                                                              | system_i/ps7_0_axi_periph/xbar/inst/gen_sasd.crossbar_sasd_0/addr_arbiter_inst/SR[0]                                                     |                5 |             22 |
|  system_i/processing_system7_0/inst/FCLK_CLK0 |                                                                                                                                                              | system_i/my_RGB_LED_0/inst/my_RGB_LED_v1_0_S00_AXI_inst/axi_awready_i_1_n_0                                                              |                4 |             24 |
|  system_i/processing_system7_0/inst/FCLK_CLK0 | system_i/ps7_0_axi_periph/s00_couplers/auto_pc/inst/gen_axilite.gen_b2s_conv.axilite_b2s/RD.r_channel_0/r_push_r                                             |                                                                                                                                          |                4 |             26 |
|  system_i/processing_system7_0/inst/FCLK_CLK0 | system_i/ps7_0_axi_periph/s00_couplers/auto_pc/inst/gen_axilite.gen_b2s_conv.axilite_b2s/SI_REG/b.b_pipe/p_1_in                                              |                                                                                                                                          |                3 |             28 |
|  system_i/processing_system7_0/inst/FCLK_CLK0 | system_i/ps7_0_axi_periph/s00_couplers/auto_pc/inst/gen_axilite.gen_b2s_conv.axilite_b2s/SI_REG/b.b_pipe/skid_buffer_reg[0]_0                                |                                                                                                                                          |                3 |             28 |
|  system_i/processing_system7_0/inst/FCLK_CLK0 | system_i/ps7_0_axi_periph/xbar/inst/gen_sasd.crossbar_sasd_0/reg_slice_r/aa_rready                                                                           |                                                                                                                                          |                6 |             30 |
|  system_i/processing_system7_0/inst/FCLK_CLK0 | system_i/ps7_0_axi_periph/s00_couplers/auto_pc/inst/gen_axilite.gen_b2s_conv.axilite_b2s/RD.ar_channel_0/ar_cmd_fsm_0/E[0]                                   |                                                                                                                                          |                7 |             32 |
|  system_i/processing_system7_0/inst/FCLK_CLK0 | system_i/ps7_0_axi_periph/s00_couplers/auto_pc/inst/gen_axilite.gen_b2s_conv.axilite_b2s/WR.aw_channel_0/aw_cmd_fsm_0/b_push                                 |                                                                                                                                          |                3 |             32 |
|  system_i/processing_system7_0/inst/FCLK_CLK0 | system_i/ps7_0_axi_periph/s00_couplers/auto_pc/inst/gen_axilite.gen_b2s_conv.axilite_b2s/WR.aw_channel_0/aw_cmd_fsm_0/axaddr_wrap_reg[11][0]                 |                                                                                                                                          |                5 |             32 |
|  system_i/processing_system7_0/inst/FCLK_CLK0 | system_i/ps7_0_axi_periph/xbar/inst/gen_sasd.crossbar_sasd_0/addr_arbiter_inst/p_0_in1_in                                                                    | system_i/ps7_0_axi_periph/xbar/inst/gen_sasd.crossbar_sasd_0/addr_arbiter_inst/SR[0]                                                     |                7 |             46 |
|  system_i/processing_system7_0/inst/FCLK_CLK0 | system_i/myLED_0/inst/myLED_v1_0_S00_AXI_inst/slv_reg_rden__0                                                                                                | system_i/myLED_0/inst/myLED_v1_0_S00_AXI_inst/axi_awready_i_1_n_0                                                                        |               12 |             64 |
|  system_i/processing_system7_0/inst/FCLK_CLK0 | system_i/my_RGB_LED_0/inst/my_RGB_LED_v1_0_S00_AXI_inst/slv_reg_rden__0                                                                                      | system_i/my_RGB_LED_0/inst/my_RGB_LED_v1_0_S00_AXI_inst/axi_awready_i_1_n_0                                                              |               14 |             64 |
|  system_i/processing_system7_0/inst/FCLK_CLK0 | system_i/ps7_0_axi_periph/s00_couplers/auto_pc/inst/gen_axilite.gen_b2s_conv.axilite_b2s/RD.r_channel_0/rd_data_fifo_0/wr_en0                                |                                                                                                                                          |                9 |             68 |
|  system_i/processing_system7_0/inst/FCLK_CLK0 | system_i/ps7_0_axi_periph/xbar/inst/gen_sasd.crossbar_sasd_0/addr_arbiter_inst/E[0]                                                                          |                                                                                                                                          |                7 |             70 |
|  system_i/processing_system7_0/inst/FCLK_CLK0 | system_i/ps7_0_axi_periph/s00_couplers/auto_pc/inst/gen_axilite.gen_b2s_conv.axilite_b2s/SI_REG/r.r_pipe/skid_buffer_reg[0]_0                                |                                                                                                                                          |               11 |             94 |
|  system_i/processing_system7_0/inst/FCLK_CLK0 | system_i/ps7_0_axi_periph/s00_couplers/auto_pc/inst/gen_axilite.gen_b2s_conv.axilite_b2s/SI_REG/r.r_pipe/p_1_in                                              |                                                                                                                                          |                9 |             94 |
|  system_i/processing_system7_0/inst/FCLK_CLK0 | system_i/ps7_0_axi_periph/s00_couplers/auto_pc/inst/gen_axilite.gen_b2s_conv.axilite_b2s/RD.ar_channel_0/ar_cmd_fsm_0/m_payload_i_reg[0]_1[0]                |                                                                                                                                          |               10 |             96 |
|  system_i/processing_system7_0/inst/FCLK_CLK0 | system_i/ps7_0_axi_periph/s00_couplers/auto_pc/inst/gen_axilite.gen_b2s_conv.axilite_b2s/WR.aw_channel_0/aw_cmd_fsm_0/m_payload_i_reg[0][0]                  |                                                                                                                                          |                8 |             96 |
|  system_i/processing_system7_0/inst/FCLK_CLK0 | system_i/ps7_0_axi_periph/s00_couplers/auto_pc/inst/gen_axilite.gen_b2s_conv.axilite_b2s/SI_REG/ar.ar_pipe/s_axi_arready                                     |                                                                                                                                          |               13 |             96 |
|  system_i/processing_system7_0/inst/FCLK_CLK0 | system_i/ps7_0_axi_periph/s00_couplers/auto_pc/inst/gen_axilite.gen_b2s_conv.axilite_b2s/SI_REG/aw.aw_pipe/s_axi_awready                                     |                                                                                                                                          |               10 |             96 |
|  system_i/processing_system7_0/inst/FCLK_CLK0 |                                                                                                                                                              | system_i/ps7_0_axi_periph/s00_couplers/auto_pc/inst/gen_axilite.gen_b2s_conv.axilite_b2s/areset_d1                                       |               13 |            120 |
|  system_i/processing_system7_0/inst/FCLK_CLK0 |                                                                                                                                                              |                                                                                                                                          |               47 |            294 |
+-----------------------------------------------+--------------------------------------------------------------------------------------------------------------------------------------------------------------+------------------------------------------------------------------------------------------------------------------------------------------+------------------+----------------+


