#-----------------------------------------------------------
# Vivado v2018.3 (64-bit)
# SW Build 2405991 on Thu Dec  6 23:36:41 MST 2018
# IP Build 2404404 on Fri Dec  7 01:43:56 MST 2018
# Start of session at: Fri Aug 23 22:54:45 2019
# Process ID: 3039
# Current directory: /home/sergaljerk/Documents/Repos/WSU-CPTE/EE324
# Command line: vivado
# Log file: /home/sergaljerk/Documents/Repos/WSU-CPTE/EE324/vivado.log
# Journal file: /home/sergaljerk/Documents/Repos/WSU-CPTE/EE324/vivado.jou
#-----------------------------------------------------------
start_gui
open_project /home/sergaljerk/Documents/Repos/WSU-CPTE/EE324/Module_1/Module_1.xpr
INFO: [Project 1-313] Project file moved from 'C:/Users/Sergaljerk/WSU-CPTE/EE324/Module_1' since last save.
Scanning sources...
Finished scanning sources
INFO: [IP_Flow 19-234] Refreshing IP repositories
INFO: [IP_Flow 19-1700] Loaded user IP repository '/home/sergaljerk/Documents/Repos/WSU-CPTE/Parts'.
INFO: [IP_Flow 19-2313] Loaded Vivado IP repository '/tools/Xilinx/Vivado/2018.3/data/ip'.
open_project: Time (s): cpu = 00:00:14 ; elapsed = 00:00:08 . Memory (MB): peak = 6456.191 ; gain = 113.570 ; free physical = 4784 ; free virtual = 9817
update_compile_order -fileset sources_1
open_bd_design {/home/sergaljerk/Documents/Repos/WSU-CPTE/EE324/Module_1/Module_1.srcs/sources_1/bd/Bounce_Timer/Bounce_Timer.bd}
Adding cell -- xilinx.com:ip:proc_sys_reset:5.0 - rst_clk_100MHz_100M
Adding cell -- xilinx.com:ip:xlslice:1.0 - xlslice_0
Adding cell -- xilinx.com:ip:xlslice:1.0 - xlslice_1
Adding cell -- xilinx.com:ip:xlslice:1.0 - xlslice_2
Adding cell -- xilinx.com:ip:xlslice:1.0 - xlslice_3
Adding cell -- xilinx.com:module_ref:ssd_dec:1.0 - ssd_dec_0
Adding cell -- xilinx.com:module_ref:ssd_mux:1.0 - ssd_mux_0
Adding cell -- xilinx.com:module_ref:HZ_Counter:1.0 - HZ_Counter_0
Adding cell -- xilinx.com:module_ref:BINARY_TO_BCD:1.0 - BINARY_TO_BCD_0
Adding cell -- xilinx.com:module_ref:Bounce_Counter_FSM:1.0 - Bounce_Counter_FSM_0
WARNING: [BD 41-1731] Type mismatch between connected pins: /HZ_Counter_0/o_Out(undef) and /ssd_dec_0/i_CLK(clk)
WARNING: [BD 41-1731] Type mismatch between connected pins: /HZ_Counter_0/o_Out(undef) and /ssd_mux_0/i_CLK(clk)
WARNING: [BD 41-1731] Type mismatch between connected pins: /HZ_Counter_0/o_Out(undef) and /BINARY_TO_BCD_0/i_Clock(clk)
WARNING: [BD 41-1731] Type mismatch between connected pins: /i_CLK(clk) and /Bounce_Counter_FSM_0/i_100MHZCLK(undef)
Successfully read diagram <Bounce_Timer> from BD file </home/sergaljerk/Documents/Repos/WSU-CPTE/EE324/Module_1/Module_1.srcs/sources_1/bd/Bounce_Timer/Bounce_Timer.bd>
reset_run synth_1
launch_runs synth_1 -jobs 14
INFO: [BD 41-1662] The design 'Bounce_Timer.bd' is already validated. Therefore parameter propagation will not be re-run.
VHDL Output written to : /home/sergaljerk/Documents/Repos/WSU-CPTE/EE324/Module_1/Module_1.srcs/sources_1/bd/Bounce_Timer/synth/Bounce_Timer.v
VHDL Output written to : /home/sergaljerk/Documents/Repos/WSU-CPTE/EE324/Module_1/Module_1.srcs/sources_1/bd/Bounce_Timer/sim/Bounce_Timer.v
VHDL Output written to : /home/sergaljerk/Documents/Repos/WSU-CPTE/EE324/Module_1/Module_1.srcs/sources_1/bd/Bounce_Timer/hdl/Bounce_Timer_wrapper.v
INFO: [BD 41-1029] Generation completed for the IP Integrator block ssd_dec_0 .
INFO: [BD 41-1029] Generation completed for the IP Integrator block ssd_mux_0 .
INFO: [BD 41-1029] Generation completed for the IP Integrator block HZ_Counter_0 .
INFO: [BD 41-1029] Generation completed for the IP Integrator block rst_clk_100MHz_100M .
INFO: [BD 41-1029] Generation completed for the IP Integrator block Bounce_Counter_FSM_0 .
INFO: [BD 41-1029] Generation completed for the IP Integrator block BINARY_TO_BCD_0 .
INFO: [BD 41-1029] Generation completed for the IP Integrator block xlslice_0 .
INFO: [BD 41-1029] Generation completed for the IP Integrator block xlslice_1 .
INFO: [BD 41-1029] Generation completed for the IP Integrator block xlslice_2 .
INFO: [BD 41-1029] Generation completed for the IP Integrator block xlslice_3 .
Exporting to file /home/sergaljerk/Documents/Repos/WSU-CPTE/EE324/Module_1/Module_1.srcs/sources_1/bd/Bounce_Timer/hw_handoff/Bounce_Timer.hwh
Generated Block Design Tcl file /home/sergaljerk/Documents/Repos/WSU-CPTE/EE324/Module_1/Module_1.srcs/sources_1/bd/Bounce_Timer/hw_handoff/Bounce_Timer_bd.tcl
Generated Hardware Definition File /home/sergaljerk/Documents/Repos/WSU-CPTE/EE324/Module_1/Module_1.srcs/sources_1/bd/Bounce_Timer/synth/Bounce_Timer.hwdef
[Fri Aug 23 22:56:29 2019] Launched synth_1...
Run output will be captured here: /home/sergaljerk/Documents/Repos/WSU-CPTE/EE324/Module_1/Module_1.runs/synth_1/runme.log
launch_runs: Time (s): cpu = 00:00:23 ; elapsed = 00:00:06 . Memory (MB): peak = 6804.535 ; gain = 87.859 ; free physical = 4590 ; free virtual = 9664
WARNING: [IP_Flow 19-3899] Cannot get the environment domain name variable for the component vendor name. Setting the vendor name to 'user.org'.
WARNING: [IP_Flow 19-3899] Cannot get the environment domain name variable for the component vendor name. Setting the vendor name to 'user.org'.
WARNING: [IP_Flow 19-3899] Cannot get the environment domain name variable for the component vendor name. Setting the vendor name to 'user.org'.
CRITICAL WARNING: [HDL 9-806] Syntax error near "begin". [/home/sergaljerk/Documents/Repos/WSU-CPTE/EE324/Module_1/Module_1.srcs/sources_1/new/Bounce_Counter_FSM.v:55]
CRITICAL WARNING: [HDL 9-806] Syntax error near "begin". [/home/sergaljerk/Documents/Repos/WSU-CPTE/EE324/Module_1/Module_1.srcs/sources_1/new/Bounce_Counter_FSM.v:55]
update_module_reference Bounce_Timer_Bounce_Counter_FSM_0_0
INFO: [IP_Flow 19-5107] Inferred bus interface 'i_RST' of definition 'xilinx.com:signal:reset:1.0' (from Xilinx Repository).
INFO: [IP_Flow 19-234] Refreshing IP repositories
INFO: [IP_Flow 19-1700] Loaded user IP repository '/home/sergaljerk/Documents/Repos/WSU-CPTE/Parts'.
Upgrading '/home/sergaljerk/Documents/Repos/WSU-CPTE/EE324/Module_1/Module_1.srcs/sources_1/bd/Bounce_Timer/Bounce_Timer.bd'
INFO: [IP_Flow 19-1972] Upgraded Bounce_Timer_Bounce_Counter_FSM_0_0 from Bounce_Counter_FSM_v1_0 1.0 to Bounce_Counter_FSM_v1_0 1.0
WARNING: [BD 41-1731] Type mismatch between connected pins: /i_CLK(clk) and /Bounce_Counter_FSM_0_upgraded_ipi/i_100MHZCLK(undef)
Wrote  : </home/sergaljerk/Documents/Repos/WSU-CPTE/EE324/Module_1/Module_1.srcs/sources_1/bd/Bounce_Timer/Bounce_Timer.bd> 
update_module_reference: Time (s): cpu = 00:00:43 ; elapsed = 00:00:06 . Memory (MB): peak = 7034.164 ; gain = 34.023 ; free physical = 4375 ; free virtual = 9524
WARNING: [IP_Flow 19-3899] Cannot get the environment domain name variable for the component vendor name. Setting the vendor name to 'user.org'.
WARNING: [IP_Flow 19-3899] Cannot get the environment domain name variable for the component vendor name. Setting the vendor name to 'user.org'.
WARNING: [IP_Flow 19-3899] Cannot get the environment domain name variable for the component vendor name. Setting the vendor name to 'user.org'.
WARNING: [IP_Flow 19-3899] Cannot get the environment domain name variable for the component vendor name. Setting the vendor name to 'user.org'.
WARNING: [IP_Flow 19-3899] Cannot get the environment domain name variable for the component vendor name. Setting the vendor name to 'user.org'.
WARNING: [IP_Flow 19-3899] Cannot get the environment domain name variable for the component vendor name. Setting the vendor name to 'user.org'.
WARNING: [IP_Flow 19-3899] Cannot get the environment domain name variable for the component vendor name. Setting the vendor name to 'user.org'.
WARNING: [IP_Flow 19-3899] Cannot get the environment domain name variable for the component vendor name. Setting the vendor name to 'user.org'.
update_module_reference Bounce_Timer_Bounce_Counter_FSM_0_0
INFO: [IP_Flow 19-5107] Inferred bus interface 'i_RST' of definition 'xilinx.com:signal:reset:1.0' (from Xilinx Repository).
INFO: [IP_Flow 19-234] Refreshing IP repositories
INFO: [IP_Flow 19-1700] Loaded user IP repository '/home/sergaljerk/Documents/Repos/WSU-CPTE/Parts'.
Upgrading '/home/sergaljerk/Documents/Repos/WSU-CPTE/EE324/Module_1/Module_1.srcs/sources_1/bd/Bounce_Timer/Bounce_Timer.bd'
INFO: [IP_Flow 19-1972] Upgraded Bounce_Timer_Bounce_Counter_FSM_0_0 from Bounce_Counter_FSM_v1_0 1.0 to Bounce_Counter_FSM_v1_0 1.0
WARNING: [BD 41-1731] Type mismatch between connected pins: /i_CLK(clk) and /Bounce_Counter_FSM_0_upgraded_ipi/i_100MHZCLK(undef)
Wrote  : </home/sergaljerk/Documents/Repos/WSU-CPTE/EE324/Module_1/Module_1.srcs/sources_1/bd/Bounce_Timer/Bounce_Timer.bd> 
update_module_reference: Time (s): cpu = 00:00:42 ; elapsed = 00:00:06 . Memory (MB): peak = 7061.172 ; gain = 0.000 ; free physical = 4390 ; free virtual = 9570
WARNING: [IP_Flow 19-3899] Cannot get the environment domain name variable for the component vendor name. Setting the vendor name to 'user.org'.
WARNING: [IP_Flow 19-3899] Cannot get the environment domain name variable for the component vendor name. Setting the vendor name to 'user.org'.
WARNING: [IP_Flow 19-3899] Cannot get the environment domain name variable for the component vendor name. Setting the vendor name to 'user.org'.
WARNING: [IP_Flow 19-3899] Cannot get the environment domain name variable for the component vendor name. Setting the vendor name to 'user.org'.
WARNING: [IP_Flow 19-3899] Cannot get the environment domain name variable for the component vendor name. Setting the vendor name to 'user.org'.
WARNING: [IP_Flow 19-3899] Cannot get the environment domain name variable for the component vendor name. Setting the vendor name to 'user.org'.
WARNING: [IP_Flow 19-3899] Cannot get the environment domain name variable for the component vendor name. Setting the vendor name to 'user.org'.
WARNING: [IP_Flow 19-3899] Cannot get the environment domain name variable for the component vendor name. Setting the vendor name to 'user.org'.
WARNING: [IP_Flow 19-3899] Cannot get the environment domain name variable for the component vendor name. Setting the vendor name to 'user.org'.
WARNING: [IP_Flow 19-3899] Cannot get the environment domain name variable for the component vendor name. Setting the vendor name to 'user.org'.
WARNING: [IP_Flow 19-3899] Cannot get the environment domain name variable for the component vendor name. Setting the vendor name to 'user.org'.
WARNING: [IP_Flow 19-3899] Cannot get the environment domain name variable for the component vendor name. Setting the vendor name to 'user.org'.
WARNING: [IP_Flow 19-3899] Cannot get the environment domain name variable for the component vendor name. Setting the vendor name to 'user.org'.
WARNING: [IP_Flow 19-3899] Cannot get the environment domain name variable for the component vendor name. Setting the vendor name to 'user.org'.
WARNING: [IP_Flow 19-3899] Cannot get the environment domain name variable for the component vendor name. Setting the vendor name to 'user.org'.
WARNING: [IP_Flow 19-3899] Cannot get the environment domain name variable for the component vendor name. Setting the vendor name to 'user.org'.
WARNING: [IP_Flow 19-3899] Cannot get the environment domain name variable for the component vendor name. Setting the vendor name to 'user.org'.
WARNING: [IP_Flow 19-3899] Cannot get the environment domain name variable for the component vendor name. Setting the vendor name to 'user.org'.
WARNING: [IP_Flow 19-3899] Cannot get the environment domain name variable for the component vendor name. Setting the vendor name to 'user.org'.
WARNING: [IP_Flow 19-3899] Cannot get the environment domain name variable for the component vendor name. Setting the vendor name to 'user.org'.
WARNING: [IP_Flow 19-3899] Cannot get the environment domain name variable for the component vendor name. Setting the vendor name to 'user.org'.
WARNING: [IP_Flow 19-3899] Cannot get the environment domain name variable for the component vendor name. Setting the vendor name to 'user.org'.
WARNING: [IP_Flow 19-3899] Cannot get the environment domain name variable for the component vendor name. Setting the vendor name to 'user.org'.
WARNING: [IP_Flow 19-3899] Cannot get the environment domain name variable for the component vendor name. Setting the vendor name to 'user.org'.
WARNING: [IP_Flow 19-3899] Cannot get the environment domain name variable for the component vendor name. Setting the vendor name to 'user.org'.
exit
INFO: [Common 17-206] Exiting Vivado at Fri Aug 23 23:28:10 2019...
