Copyright 1986-2019 Xilinx, Inc. All Rights Reserved.
-------------------------------------------------------------------------------------------
| Tool Version : Vivado v.2019.1 (lin64) Build 2552052 Fri May 24 14:47:09 MDT 2019
| Date         : Thu Oct 31 21:15:50 2019
| Host         : sergaljerk-Standard-PC-i440FX-PIIX-1996 running 64-bit Ubuntu 18.04.3 LTS
| Command      : upgrade_ip
| Device       : xc7z007sclg400-1
-------------------------------------------------------------------------------------------

Upgrade Log for IP 'design_2_RGB_PWM_0_0'

1. Summary
----------

CAUTION (success, with warnings) in the upgrade of design_2_RGB_PWM_0_0 (user.org:user:RGB_PWM:1.0) from (Rev. 1) to (Rev. 2)

After upgrade, an IP may have parameter and port differences compared to the original customization. Please review the parameters within the IP customization GUI to ensure proper functionality. Also, please review the updated IP instantiation template to ensure proper connectivity, and update your design if required.

2. Connection Warnings
----------------------

Detected external port differences while upgrading 'design_2_RGB_PWM_0_0'. These changes may impact your design.


-Upgrade has added port 'o_DC_VAL_B'

-Upgrade has added port 'o_DC_VAL_G'

-Upgrade has added port 'o_DC_VAL_R'

-Upgrade has added port 'o_EN'

-Upgrade has added port 'o_PFREQ_VAL_B'

-Upgrade has added port 'o_PFREQ_VAL_G'

-Upgrade has added port 'o_PFREQ_VAL_R'

-Upgrade has added port 'o_PSW_VAL_B'

-Upgrade has added port 'o_PSW_VAL_G'

-Upgrade has added port 'o_PSW_VAL_R'







Copyright 1986-2019 Xilinx, Inc. All Rights Reserved.
------------------------------------------------------------------------------------
| Tool Version : Vivado v.2019.1 (lin64) Build 2552052 Fri May 24 14:47:09 MDT 2019
| Date         : Thu Oct 31 12:48:36 2019
| Host         : Necryotiks running 64-bit Antergos Linux
| Command      : upgrade_ip
| Device       : xc7z007sclg400-1
------------------------------------------------------------------------------------

Upgrade Log for IP 'design_1_PWM_CONTROLLER_0_1'

1. Summary
----------

CAUTION (success, with warnings) in the upgrade of design_1_PWM_CONTROLLER_0_1 (user.org:user:PWM_CONTROLLER:1.0) from (Rev. 9) to (Rev. 10)

After upgrade, an IP may have parameter and port differences compared to the original customization. Please review the parameters within the IP customization GUI to ensure proper functionality. Also, please review the updated IP instantiation template to ensure proper connectivity, and update your design if required.

2. Connection Warnings
----------------------

Detected external port differences while upgrading 'design_1_PWM_CONTROLLER_0_1'. These changes may impact your design.


-Upgraded port 'o_EN' width 32 differs from original width 4







Copyright 1986-2019 Xilinx, Inc. All Rights Reserved.
-------------------------------------------------------------------------------------------
| Tool Version : Vivado v.2019.1 (lin64) Build 2552052 Fri May 24 14:47:09 MDT 2019
| Date         : Wed Oct 30 16:36:50 2019
| Host         : sergaljerk-Standard-PC-i440FX-PIIX-1996 running 64-bit Ubuntu 18.04.3 LTS
| Command      : upgrade_ip
| Device       : xc7z007sclg400-1
-------------------------------------------------------------------------------------------

Upgrade Log for IP 'design_1_PWM_CONTROLLER_0_1'

1. Summary
----------

CAUTION (success, with warnings) in the upgrade of design_1_PWM_CONTROLLER_0_1 (user.org:user:PWM_CONTROLLER:1.0) from (Rev. 8) to (Rev. 9)

After upgrade, an IP may have parameter and port differences compared to the original customization. Please review the parameters within the IP customization GUI to ensure proper functionality. Also, please review the updated IP instantiation template to ensure proper connectivity, and update your design if required.

2. Connection Warnings
----------------------

Detected external port differences while upgrading 'design_1_PWM_CONTROLLER_0_1'. These changes may impact your design.


-Upgrade has removed port 'o_PWM_FREQ_VAL_1'

-Upgrade has removed port 'o_PWM_FREQ_VAL_2'

-Upgrade has removed port 'o_PWM_FREQ_VAL_3'

-Upgrade has removed port 'o_PWM_FREQ_VAL_4'

-Upgrade has added port 'o_PWM_PULSE_WINDOW_VAL_1'

-Upgrade has added port 'o_PWM_PULSE_WINDOW_VAL_2'

-Upgrade has added port 'o_PWM_PULSE_WINDOW_VAL_3'

-Upgrade has added port 'o_PWM_PULSE_WINDOW_VAL_4'







Copyright 1986-2019 Xilinx, Inc. All Rights Reserved.
-------------------------------------------------------------------------------------------
| Tool Version : Vivado v.2019.1 (lin64) Build 2552052 Fri May 24 14:47:09 MDT 2019
| Date         : Wed Oct 30 16:30:14 2019
| Host         : sergaljerk-Standard-PC-i440FX-PIIX-1996 running 64-bit Ubuntu 18.04.3 LTS
| Command      : upgrade_ip
| Device       : xc7z007sclg400-1
-------------------------------------------------------------------------------------------

Upgrade Log for IP 'design_1_PWM_CONTROLLER_0_1'

1. Summary
----------

SUCCESS in the upgrade of design_1_PWM_CONTROLLER_0_1 (user.org:user:PWM_CONTROLLER:1.0) from (Rev. 7) to (Rev. 8)






Copyright 1986-2019 Xilinx, Inc. All Rights Reserved.
-------------------------------------------------------------------------------------------
| Tool Version : Vivado v.2019.1 (lin64) Build 2552052 Fri May 24 14:47:09 MDT 2019
| Date         : Tue Oct 29 12:48:42 2019
| Host         : sergaljerk-Standard-PC-i440FX-PIIX-1996 running 64-bit Ubuntu 18.04.3 LTS
| Command      : upgrade_ip
| Device       : xc7z007sclg400-1
-------------------------------------------------------------------------------------------

Upgrade Log for IP 'design_1_PWM_CONTROLLER_0_1'

1. Summary
----------

SUCCESS in the upgrade of design_1_PWM_CONTROLLER_0_1 (user.org:user:PWM_CONTROLLER:1.0) from (Rev. 6) to (Rev. 7)






Copyright 1986-2019 Xilinx, Inc. All Rights Reserved.
-------------------------------------------------------------------------------------------
| Tool Version : Vivado v.2019.1 (lin64) Build 2552052 Fri May 24 14:47:09 MDT 2019
| Date         : Tue Oct 29 12:37:36 2019
| Host         : sergaljerk-Standard-PC-i440FX-PIIX-1996 running 64-bit Ubuntu 18.04.3 LTS
| Command      : upgrade_ip
| Device       : xc7z007sclg400-1
-------------------------------------------------------------------------------------------

Upgrade Log for IP 'design_1_PWM_CONTROLLER_0_1'

1. Summary
----------

SUCCESS in the upgrade of design_1_PWM_CONTROLLER_0_1 (user.org:user:PWM_CONTROLLER:1.0) from (Rev. 5) to (Rev. 6)






Copyright 1986-2019 Xilinx, Inc. All Rights Reserved.
-------------------------------------------------------------------------------------------
| Tool Version : Vivado v.2019.1 (lin64) Build 2552052 Fri May 24 14:47:09 MDT 2019
| Date         : Sun Oct 27 15:54:43 2019
| Host         : sergaljerk-Standard-PC-i440FX-PIIX-1996 running 64-bit Ubuntu 18.04.3 LTS
| Command      : upgrade_ip
| Device       : xc7z007sclg400-1
-------------------------------------------------------------------------------------------

Upgrade Log for IP 'design_1_PWM_CONTROLLER_0_0'

1. Summary
----------

SUCCESS in the upgrade of design_1_PWM_CONTROLLER_0_0 (user.org:user:PWM_CONTROLLER:1.0) from (Rev. 4) to (Rev. 5)






Copyright 1986-2019 Xilinx, Inc. All Rights Reserved.
-------------------------------------------------------------------------------------------
| Tool Version : Vivado v.2019.1 (lin64) Build 2552052 Fri May 24 14:47:09 MDT 2019
| Date         : Sun Oct 27 15:28:00 2019
| Host         : sergaljerk-Standard-PC-i440FX-PIIX-1996 running 64-bit Ubuntu 18.04.3 LTS
| Command      : upgrade_ip
| Device       : xc7z007sclg400-1
-------------------------------------------------------------------------------------------

Upgrade Log for IP 'design_1_PWM_CONTROLLER_0_0'

1. Summary
----------

SUCCESS in the upgrade of design_1_PWM_CONTROLLER_0_0 (user.org:user:PWM_CONTROLLER:1.0) from (Rev. 3) to (Rev. 4)






Copyright 1986-2019 Xilinx, Inc. All Rights Reserved.
-------------------------------------------------------------------------------------------
| Tool Version : Vivado v.2019.1 (lin64) Build 2552052 Fri May 24 14:47:09 MDT 2019
| Date         : Sat Oct 26 16:40:44 2019
| Host         : sergaljerk-Standard-PC-i440FX-PIIX-1996 running 64-bit Ubuntu 18.04.3 LTS
| Command      : upgrade_ip
| Device       : xc7z007sclg400-1
-------------------------------------------------------------------------------------------

Upgrade Log for IP 'design_1_PWM_CONTROLLER_0_0'

1. Summary
----------

CAUTION (success, with warnings) in the upgrade of design_1_PWM_CONTROLLER_0_0 (user.org:user:PWM_CONTROLLER:1.0) from (Rev. 2) to (Rev. 3)

After upgrade, an IP may have parameter and port differences compared to the original customization. Please review the parameters within the IP customization GUI to ensure proper functionality. Also, please review the updated IP instantiation template to ensure proper connectivity, and update your design if required.

2. Connection Warnings
----------------------

Detected external port differences while upgrading 'design_1_PWM_CONTROLLER_0_0'. These changes may impact your design.


-Upgrade has added port 'o_PWM_DC_VAL_2'

-Upgrade has added port 'o_PWM_DC_VAL_3'

-Upgrade has added port 'o_PWM_DC_VAL_4'

-Upgrade has added port 'o_PWM_FREQ_VAL_2'

-Upgrade has added port 'o_PWM_FREQ_VAL_3'

-Upgrade has added port 'o_PWM_FREQ_VAL_4'







Copyright 1986-2019 Xilinx, Inc. All Rights Reserved.
-------------------------------------------------------------------------------------------
| Tool Version : Vivado v.2019.1 (lin64) Build 2552052 Fri May 24 14:47:09 MDT 2019
| Date         : Sat Oct 26 13:10:41 2019
| Host         : sergaljerk-Standard-PC-i440FX-PIIX-1996 running 64-bit Ubuntu 18.04.3 LTS
| Command      : upgrade_ip
| Device       : xc7z007sclg400-1
-------------------------------------------------------------------------------------------

Upgrade Log for IP 'design_1_PWM_CONTROLLER_0_0'

1. Summary
----------

CAUTION (success, with warnings) in the upgrade of design_1_PWM_CONTROLLER_0_0 (user.org:user:PWM_CONTROLLER:1.0) from (Rev. 1) to (Rev. 2)

After upgrade, an IP may have parameter and port differences compared to the original customization. Please review the parameters within the IP customization GUI to ensure proper functionality. Also, please review the updated IP instantiation template to ensure proper connectivity, and update your design if required.

2. Connection Warnings
----------------------

Detected external port differences while upgrading 'design_1_PWM_CONTROLLER_0_0'. These changes may impact your design.


-Upgrade has added port 'o_EN'

-Upgrade has added port 'o_PWM_DC_VAL_1'

-Upgrade has added port 'o_PWM_FREQ_VAL_1'


