16:53:13 INFO  : Registering command handlers for SDK TCF services
16:53:16 INFO  : Launching XSCT server: xsct -n -interactive /home/necryotiks/Documents/Repos/WSU-CPTE/EE324/Module_3/Module_3.sdk/temp_xsdb_launch_script.tcl
16:53:21 INFO  : XSCT server has started successfully.
16:53:31 INFO  : Successfully done setting XSCT server connection channel  
16:53:31 INFO  : Successfully done setting SDK workspace  
16:53:31 INFO  : Processing command line option -hwspec /home/necryotiks/Documents/Repos/WSU-CPTE/EE324/Module_3/Module_3.sdk/AXI_DEBUG_BD_wrapper.hdf.
17:11:10 INFO  : Connected to target on host '127.0.0.1' and port '3121'.
17:11:10 INFO  : 'targets -set -filter {jtag_cable_name =~ "RealDigital Bla 887100000093A" && level==0} -index 1' command is executed.
17:11:12 INFO  : FPGA configured successfully with bitstream "/home/necryotiks/Documents/Repos/WSU-CPTE/EE324/Module_3/Module_3.sdk/AXI_DEBUG_BD_wrapper_hw_platform_0/AXI_DEBUG_BD_wrapper.bit"
17:11:40 INFO  : 'targets -set -filter {jtag_cable_name =~ "RealDigital Bla 887100000093A" && level==0} -index 1' command is executed.
17:11:40 INFO  : 'fpga -state' command is executed.
17:11:40 INFO  : Connected to target on host '127.0.0.1' and port '3121'.
17:11:40 INFO  : Jtag cable 'RealDigital Bla 887100000093A' is selected.
17:11:40 INFO  : 'jtag frequency' command is executed.
17:11:40 INFO  : Sourcing of '/home/necryotiks/Documents/Repos/WSU-CPTE/EE324/Module_3/Module_3.sdk/AXI_DEBUG_BD_wrapper_hw_platform_0/ps7_init.tcl' is done.
17:11:40 INFO  : Context for 'APU' is selected.
17:11:40 INFO  : Hardware design information is loaded from '/home/necryotiks/Documents/Repos/WSU-CPTE/EE324/Module_3/Module_3.sdk/AXI_DEBUG_BD_wrapper_hw_platform_0/system.hdf'.
17:11:40 INFO  : 'configparams force-mem-access 1' command is executed.
17:11:40 INFO  : Context for 'APU' is selected.
17:11:40 INFO  : 'stop' command is executed.
17:11:40 INFO  : 'ps7_init' command is executed.
17:11:40 INFO  : 'ps7_post_config' command is executed.
17:11:40 INFO  : Context for processor 'ps7_cortexa9_0' is selected.
17:11:40 INFO  : Processor reset is completed for 'ps7_cortexa9_0'.
17:11:40 INFO  : Context for processor 'ps7_cortexa9_0' is selected.
17:11:42 ERROR : Memory write error at 0x100000. APB AP transaction error, DAP status f0000021
17:11:42 INFO  : ----------------XSDB Script----------------
connect -url tcp:127.0.0.1:3121
source /home/necryotiks/Documents/Repos/WSU-CPTE/EE324/Module_3/Module_3.sdk/AXI_DEBUG_BD_wrapper_hw_platform_0/ps7_init.tcl
targets -set -nocase -filter {name =~"APU*" && jtag_cable_name =~ "RealDigital Bla 887100000093A"} -index 0
loadhw -hw /home/necryotiks/Documents/Repos/WSU-CPTE/EE324/Module_3/Module_3.sdk/AXI_DEBUG_BD_wrapper_hw_platform_0/system.hdf -mem-ranges [list {0x40000000 0xbfffffff}]
configparams force-mem-access 1
targets -set -nocase -filter {name =~"APU*" && jtag_cable_name =~ "RealDigital Bla 887100000093A"} -index 0
stop
ps7_init
ps7_post_config
targets -set -nocase -filter {name =~ "ARM*#0" && jtag_cable_name =~ "RealDigital Bla 887100000093A"} -index 0
rst -processor
targets -set -nocase -filter {name =~ "ARM*#0" && jtag_cable_name =~ "RealDigital Bla 887100000093A"} -index 0
dow /home/necryotiks/Documents/Repos/WSU-CPTE/EE324/Module_3/Module_3.sdk/AXI_DEBUG/Debug/AXI_DEBUG.elf
----------------End of Script----------------

17:11:53 INFO  : 'targets -set -filter {jtag_cable_name =~ "RealDigital Bla 887100000093A" && level==0} -index 1' command is executed.
17:11:53 INFO  : 'fpga -state' command is executed.
17:11:53 INFO  : Connected to target on host '127.0.0.1' and port '3121'.
17:11:53 INFO  : Jtag cable 'RealDigital Bla 887100000093A' is selected.
17:11:53 INFO  : 'jtag frequency' command is executed.
17:11:53 INFO  : Sourcing of '/home/necryotiks/Documents/Repos/WSU-CPTE/EE324/Module_3/Module_3.sdk/AXI_DEBUG_BD_wrapper_hw_platform_0/ps7_init.tcl' is done.
17:11:53 INFO  : Context for 'APU' is selected.
17:11:53 INFO  : Hardware design information is loaded from '/home/necryotiks/Documents/Repos/WSU-CPTE/EE324/Module_3/Module_3.sdk/AXI_DEBUG_BD_wrapper_hw_platform_0/system.hdf'.
17:11:53 INFO  : 'configparams force-mem-access 1' command is executed.
17:11:53 INFO  : Context for 'APU' is selected.
17:11:53 INFO  : 'stop' command is executed.
17:11:53 ERROR : AP transaction error, DAP status f0000021
17:11:53 INFO  : ----------------XSDB Script----------------
connect -url tcp:127.0.0.1:3121
source /home/necryotiks/Documents/Repos/WSU-CPTE/EE324/Module_3/Module_3.sdk/AXI_DEBUG_BD_wrapper_hw_platform_0/ps7_init.tcl
targets -set -nocase -filter {name =~"APU*" && jtag_cable_name =~ "RealDigital Bla 887100000093A"} -index 0
loadhw -hw /home/necryotiks/Documents/Repos/WSU-CPTE/EE324/Module_3/Module_3.sdk/AXI_DEBUG_BD_wrapper_hw_platform_0/system.hdf -mem-ranges [list {0x40000000 0xbfffffff}]
configparams force-mem-access 1
targets -set -nocase -filter {name =~"APU*" && jtag_cable_name =~ "RealDigital Bla 887100000093A"} -index 0
stop
ps7_init
----------------End of Script----------------

17:17:50 INFO  : Connected to target on host '127.0.0.1' and port '3121'.
17:17:50 INFO  : 'targets -set -filter {jtag_cable_name =~ "RealDigital Bla 887100000093A" && level==0} -index 1' command is executed.
17:17:53 ERROR : fpga configuration failed. DONE PIN is not HIGH
17:21:10 INFO  : Registering command handlers for SDK TCF services
17:21:11 INFO  : Launching XSCT server: xsct -n -interactive /home/necryotiks/Documents/Repos/WSU-CPTE/EE324/Module_3/Module_3.sdk/temp_xsdb_launch_script.tcl
17:21:13 INFO  : XSCT server has started successfully.
17:21:13 INFO  : Successfully done setting XSCT server connection channel  
17:21:13 INFO  : Successfully done setting SDK workspace  
17:21:13 INFO  : Processing command line option -hwspec /home/necryotiks/Documents/Repos/WSU-CPTE/EE324/Module_3/Module_3.sdk/AXI_DEBUG_BD_wrapper.hdf.
17:21:13 INFO  : Checking for hwspec changes in the project AXI_DEBUG_BD_wrapper_hw_platform_0.
17:25:31 INFO  : Connected to target on host '127.0.0.1' and port '3121'.
17:25:31 INFO  : 'targets -set -filter {jtag_cable_name =~ "RealDigital Bla 887100000093A" && level==0} -index 1' command is executed.
17:25:33 INFO  : FPGA configured successfully with bitstream "/home/necryotiks/Documents/Repos/WSU-CPTE/EE324/Module_3/Module_3.sdk/AXI_DEBUG_BD_wrapper_hw_platform_0/AXI_DEBUG_BD_wrapper.bit"
17:27:08 INFO  : 'targets -set -filter {jtag_cable_name =~ "RealDigital Bla 887100000093A" && level==0} -index 1' command is executed.
17:27:08 INFO  : 'fpga -state' command is executed.
17:27:08 INFO  : Connected to target on host '127.0.0.1' and port '3121'.
17:27:08 INFO  : Jtag cable 'RealDigital Bla 887100000093A' is selected.
17:27:08 INFO  : 'jtag frequency' command is executed.
17:27:08 INFO  : Sourcing of '/home/necryotiks/Documents/Repos/WSU-CPTE/EE324/Module_3/Module_3.sdk/AXI_DEBUG_BD_wrapper_hw_platform_0/ps7_init.tcl' is done.
17:27:08 INFO  : Context for 'APU' is selected.
17:27:08 INFO  : Hardware design information is loaded from '/home/necryotiks/Documents/Repos/WSU-CPTE/EE324/Module_3/Module_3.sdk/AXI_DEBUG_BD_wrapper_hw_platform_0/system.hdf'.
17:27:08 INFO  : 'configparams force-mem-access 1' command is executed.
17:27:08 INFO  : Context for 'APU' is selected.
17:27:09 INFO  : 'stop' command is executed.
17:27:09 INFO  : 'ps7_init' command is executed.
17:27:09 INFO  : 'ps7_post_config' command is executed.
17:27:09 INFO  : Context for processor 'ps7_cortexa9_0' is selected.
17:27:09 INFO  : Processor reset is completed for 'ps7_cortexa9_0'.
17:27:09 INFO  : Context for processor 'ps7_cortexa9_0' is selected.
17:27:11 ERROR : Memory write error at 0x100000. APB AP transaction error, DAP status f0000021
17:27:11 INFO  : ----------------XSDB Script----------------
connect -url tcp:127.0.0.1:3121
source /home/necryotiks/Documents/Repos/WSU-CPTE/EE324/Module_3/Module_3.sdk/AXI_DEBUG_BD_wrapper_hw_platform_0/ps7_init.tcl
targets -set -nocase -filter {name =~"APU*" && jtag_cable_name =~ "RealDigital Bla 887100000093A"} -index 0
loadhw -hw /home/necryotiks/Documents/Repos/WSU-CPTE/EE324/Module_3/Module_3.sdk/AXI_DEBUG_BD_wrapper_hw_platform_0/system.hdf -mem-ranges [list {0x40000000 0xbfffffff}]
configparams force-mem-access 1
targets -set -nocase -filter {name =~"APU*" && jtag_cable_name =~ "RealDigital Bla 887100000093A"} -index 0
stop
ps7_init
ps7_post_config
targets -set -nocase -filter {name =~ "ARM*#0" && jtag_cable_name =~ "RealDigital Bla 887100000093A"} -index 0
rst -processor
targets -set -nocase -filter {name =~ "ARM*#0" && jtag_cable_name =~ "RealDigital Bla 887100000093A"} -index 0
dow /home/necryotiks/Documents/Repos/WSU-CPTE/EE324/Module_3/Module_3.sdk/AXI_DEBUG/Debug/AXI_DEBUG.elf
----------------End of Script----------------

17:54:55 INFO  : Registering command handlers for SDK TCF services
17:54:59 INFO  : Launching XSCT server: xsct -n -interactive /home/necryotiks/Documents/Repos/WSU-CPTE/EE324/Module_3/Module_3.sdk/temp_xsdb_launch_script.tcl
17:55:06 INFO  : XSCT server has started successfully.
17:55:06 INFO  : Successfully done setting XSCT server connection channel  
17:55:17 INFO  : Successfully done setting SDK workspace  
17:55:17 INFO  : Processing command line option -hwspec /home/necryotiks/Documents/Repos/WSU-CPTE/EE324/Module_3/Module_3.sdk/AXI_DEBUG_BD_wrapper.hdf.
17:55:25 INFO  : Checking for hwspec changes in the project AXI_DEBUG_BD_wrapper_hw_platform_0.
17:55:25 INFO  : SDK has detected change in the last modified timestamps for source hardware specification file Source:1551923364000,  Project:1551919290000
17:55:25 INFO  : The hardware specification for project 'AXI_DEBUG_BD_wrapper_hw_platform_0' is different from /home/necryotiks/Documents/Repos/WSU-CPTE/EE324/Module_3/Module_3.sdk/AXI_DEBUG_BD_wrapper.hdf.
17:55:25 INFO  : Copied contents of /home/necryotiks/Documents/Repos/WSU-CPTE/EE324/Module_3/Module_3.sdk/AXI_DEBUG_BD_wrapper.hdf into /AXI_DEBUG_BD_wrapper_hw_platform_0/system.hdf.
17:55:26 INFO  : Synchronizing projects in the workspace with the hardware platform specification changes.
17:55:31 INFO  : 
17:55:32 INFO  : Updating hardware inferred compiler options for AXI_DEBUG.
17:55:32 INFO  : Clearing existing target manager status.
17:55:33 INFO  : Connected to target on host '127.0.0.1' and port '3121'.
17:55:34 INFO  : 'targets -set -filter {jtag_cable_name =~ "RealDigital Bla 887100000093A" && level==0} -index 1' command is executed.
17:55:35 INFO  : FPGA configured successfully with bitstream "/home/necryotiks/Documents/Repos/WSU-CPTE/EE324/Module_3/Module_3.sdk/AXI_DEBUG_BD_wrapper_hw_platform_0/AXI_DEBUG_BD_wrapper.bit"
17:55:43 INFO  : 'targets -set -filter {jtag_cable_name =~ "RealDigital Bla 887100000093A" && level==0} -index 1' command is executed.
17:55:43 INFO  : 'fpga -state' command is executed.
17:55:43 INFO  : Connected to target on host '127.0.0.1' and port '3121'.
17:55:44 INFO  : Jtag cable 'RealDigital Bla 887100000093A' is selected.
17:55:44 INFO  : 'jtag frequency' command is executed.
17:55:44 INFO  : Sourcing of '/home/necryotiks/Documents/Repos/WSU-CPTE/EE324/Module_3/Module_3.sdk/AXI_DEBUG_BD_wrapper_hw_platform_0/ps7_init.tcl' is done.
17:55:47 ERROR : no targets found with "name =~"APU*" && jtag_cable_name =~ "RealDigital Bla 887100000093A"". available targets:
  1  DAP (JTAG port open error. AP transaction error, DAP status 30000021)
  2* xc7z007s
     3  Legacy Debug Hub
17:55:47 INFO  : ----------------XSDB Script----------------
connect -url tcp:127.0.0.1:3121
source /home/necryotiks/Documents/Repos/WSU-CPTE/EE324/Module_3/Module_3.sdk/AXI_DEBUG_BD_wrapper_hw_platform_0/ps7_init.tcl
targets -set -nocase -filter {name =~"APU*" && jtag_cable_name =~ "RealDigital Bla 887100000093A"} -index 0
----------------End of Script----------------

17:56:30 INFO  : 'targets -set -filter {jtag_cable_name =~ "RealDigital Bla 887100000093A" && level==0} -index 1' command is executed.
17:56:30 INFO  : 'fpga -state' command is executed.
17:56:30 INFO  : Connected to target on host '127.0.0.1' and port '3121'.
17:56:31 INFO  : Jtag cable 'RealDigital Bla 887100000093A' is selected.
17:56:31 INFO  : 'jtag frequency' command is executed.
17:56:31 INFO  : Sourcing of '/home/necryotiks/Documents/Repos/WSU-CPTE/EE324/Module_3/Module_3.sdk/AXI_DEBUG_BD_wrapper_hw_platform_0/ps7_init.tcl' is done.
17:56:34 ERROR : no targets found with "name =~"APU*" && jtag_cable_name =~ "RealDigital Bla 887100000093A"". available targets:
  1  DAP (JTAG port open error. AP transaction error, DAP status 30000021)
  2* xc7z007s
     3  Legacy Debug Hub
17:56:34 INFO  : ----------------XSDB Script----------------
connect -url tcp:127.0.0.1:3121
source /home/necryotiks/Documents/Repos/WSU-CPTE/EE324/Module_3/Module_3.sdk/AXI_DEBUG_BD_wrapper_hw_platform_0/ps7_init.tcl
targets -set -nocase -filter {name =~"APU*" && jtag_cable_name =~ "RealDigital Bla 887100000093A"} -index 0
----------------End of Script----------------

17:56:49 INFO  : Connected to target on host '127.0.0.1' and port '3121'.
17:56:49 INFO  : 'targets -set -filter {jtag_cable_name =~ "RealDigital Bla 887100000093A" && level==0} -index 1' command is executed.
17:56:51 INFO  : FPGA configured successfully with bitstream "/home/necryotiks/Documents/Repos/WSU-CPTE/EE324/Module_3/Module_3.sdk/AXI_DEBUG_BD_wrapper_hw_platform_0/AXI_DEBUG_BD_wrapper.bit"
17:56:55 INFO  : 'targets -set -filter {jtag_cable_name =~ "RealDigital Bla 887100000093A" && level==0} -index 1' command is executed.
17:56:55 INFO  : 'fpga -state' command is executed.
17:56:55 INFO  : Connected to target on host '127.0.0.1' and port '3121'.
17:56:55 INFO  : Jtag cable 'RealDigital Bla 887100000093A' is selected.
17:56:55 INFO  : 'jtag frequency' command is executed.
17:56:55 INFO  : Sourcing of '/home/necryotiks/Documents/Repos/WSU-CPTE/EE324/Module_3/Module_3.sdk/AXI_DEBUG_BD_wrapper_hw_platform_0/ps7_init.tcl' is done.
17:56:58 ERROR : no targets found with "name =~"APU*" && jtag_cable_name =~ "RealDigital Bla 887100000093A"". available targets:
  1  DAP (JTAG port open error. AP transaction error, DAP status 30000021)
  2* xc7z007s
     3  Legacy Debug Hub
17:56:58 INFO  : ----------------XSDB Script----------------
connect -url tcp:127.0.0.1:3121
source /home/necryotiks/Documents/Repos/WSU-CPTE/EE324/Module_3/Module_3.sdk/AXI_DEBUG_BD_wrapper_hw_platform_0/ps7_init.tcl
targets -set -nocase -filter {name =~"APU*" && jtag_cable_name =~ "RealDigital Bla 887100000093A"} -index 0
----------------End of Script----------------

18:01:08 INFO  : 'targets -set -filter {jtag_cable_name =~ "RealDigital Bla 887100000093A" && level==0} -index 1' command is executed.
18:01:08 INFO  : 'fpga -state' command is executed.
18:01:08 INFO  : Connected to target on host '127.0.0.1' and port '3121'.
18:01:08 INFO  : Jtag cable 'RealDigital Bla 887100000093A' is selected.
18:01:08 INFO  : 'jtag frequency' command is executed.
18:01:08 INFO  : Sourcing of '/home/necryotiks/Documents/Repos/WSU-CPTE/EE324/Module_3/Module_3.sdk/AXI_DEBUG_BD_wrapper_hw_platform_0/ps7_init.tcl' is done.
18:01:11 ERROR : no targets found with "name =~"APU*" && jtag_cable_name =~ "RealDigital Bla 887100000093A"". available targets:
  1  DAP (JTAG port open error. AP transaction error, DAP status 30000021)
  2* xc7z007s
     3  Legacy Debug Hub
18:01:11 INFO  : ----------------XSDB Script----------------
connect -url tcp:127.0.0.1:3121
source /home/necryotiks/Documents/Repos/WSU-CPTE/EE324/Module_3/Module_3.sdk/AXI_DEBUG_BD_wrapper_hw_platform_0/ps7_init.tcl
targets -set -nocase -filter {name =~"APU*" && jtag_cable_name =~ "RealDigital Bla 887100000093A"} -index 0
----------------End of Script----------------

18:35:53 INFO  : Connected to target on host '127.0.0.1' and port '3121'.
18:35:53 INFO  : 'targets -set -filter {jtag_cable_name =~ "RealDigital Bla 887100000093A" && level==0} -index 1' command is executed.
18:35:55 INFO  : FPGA configured successfully with bitstream "/home/necryotiks/Documents/Repos/WSU-CPTE/EE324/Module_3/Module_3.sdk/AXI_DEBUG_BD_wrapper_hw_platform_0/AXI_DEBUG_BD_wrapper.bit"
18:36:00 INFO  : 'targets -set -filter {jtag_cable_name =~ "RealDigital Bla 887100000093A" && level==0} -index 1' command is executed.
18:36:00 INFO  : 'fpga -state' command is executed.
18:36:00 INFO  : Connected to target on host '127.0.0.1' and port '3121'.
18:36:00 INFO  : Jtag cable 'RealDigital Bla 887100000093A' is selected.
18:36:00 INFO  : 'jtag frequency' command is executed.
18:36:00 INFO  : Sourcing of '/home/necryotiks/Documents/Repos/WSU-CPTE/EE324/Module_3/Module_3.sdk/AXI_DEBUG_BD_wrapper_hw_platform_0/ps7_init.tcl' is done.
18:36:00 INFO  : Context for 'APU' is selected.
18:36:00 INFO  : Hardware design information is loaded from '/home/necryotiks/Documents/Repos/WSU-CPTE/EE324/Module_3/Module_3.sdk/AXI_DEBUG_BD_wrapper_hw_platform_0/system.hdf'.
18:36:00 INFO  : 'configparams force-mem-access 1' command is executed.
18:36:00 INFO  : Context for 'APU' is selected.
18:36:00 INFO  : 'stop' command is executed.
18:36:01 INFO  : 'ps7_init' command is executed.
18:36:01 INFO  : 'ps7_post_config' command is executed.
18:36:01 INFO  : Context for processor 'ps7_cortexa9_0' is selected.
18:36:01 INFO  : Processor reset is completed for 'ps7_cortexa9_0'.
18:36:01 INFO  : Context for processor 'ps7_cortexa9_0' is selected.
18:36:01 INFO  : The application '/home/necryotiks/Documents/Repos/WSU-CPTE/EE324/Module_3/Module_3.sdk/AXI_DEBUG/Debug/AXI_DEBUG.elf' is downloaded to processor 'ps7_cortexa9_0'.
18:36:01 INFO  : 'configparams force-mem-access 0' command is executed.
18:36:01 INFO  : ----------------XSDB Script----------------
connect -url tcp:127.0.0.1:3121
source /home/necryotiks/Documents/Repos/WSU-CPTE/EE324/Module_3/Module_3.sdk/AXI_DEBUG_BD_wrapper_hw_platform_0/ps7_init.tcl
targets -set -nocase -filter {name =~"APU*" && jtag_cable_name =~ "RealDigital Bla 887100000093A"} -index 0
loadhw -hw /home/necryotiks/Documents/Repos/WSU-CPTE/EE324/Module_3/Module_3.sdk/AXI_DEBUG_BD_wrapper_hw_platform_0/system.hdf -mem-ranges [list {0x40000000 0xbfffffff}]
configparams force-mem-access 1
targets -set -nocase -filter {name =~"APU*" && jtag_cable_name =~ "RealDigital Bla 887100000093A"} -index 0
stop
ps7_init
ps7_post_config
targets -set -nocase -filter {name =~ "ARM*#0" && jtag_cable_name =~ "RealDigital Bla 887100000093A"} -index 0
rst -processor
targets -set -nocase -filter {name =~ "ARM*#0" && jtag_cable_name =~ "RealDigital Bla 887100000093A"} -index 0
dow /home/necryotiks/Documents/Repos/WSU-CPTE/EE324/Module_3/Module_3.sdk/AXI_DEBUG/Debug/AXI_DEBUG.elf
configparams force-mem-access 0
----------------End of Script----------------

18:36:01 INFO  : Memory regions updated for context APU
18:36:01 INFO  : Context for processor 'ps7_cortexa9_0' is selected.
18:36:01 INFO  : 'con' command is executed.
18:36:01 INFO  : ----------------XSDB Script (After Launch)----------------
targets -set -nocase -filter {name =~ "ARM*#0" && jtag_cable_name =~ "RealDigital Bla 887100000093A"} -index 0
con
----------------End of Script----------------

18:36:01 INFO  : Launch script is exported to file '/home/necryotiks/Documents/Repos/WSU-CPTE/EE324/Module_3/Module_3.sdk/.sdk/launch_scripts/xilinx_c-c++_application_(system_debugger)/system_debugger_using_debug_axi_debug.elf_on_local.tcl'
18:40:29 INFO  : Disconnected from the channel tcfchan#1.
18:40:30 INFO  : 'targets -set -filter {jtag_cable_name =~ "RealDigital Bla 887100000093A" && level==0} -index 1' command is executed.
18:40:30 INFO  : 'fpga -state' command is executed.
18:40:30 INFO  : Connected to target on host '127.0.0.1' and port '3121'.
18:40:31 INFO  : Jtag cable 'RealDigital Bla 887100000093A' is selected.
18:40:31 INFO  : 'jtag frequency' command is executed.
18:40:31 INFO  : Sourcing of '/home/necryotiks/Documents/Repos/WSU-CPTE/EE324/Module_3/Module_3.sdk/AXI_DEBUG_BD_wrapper_hw_platform_0/ps7_init.tcl' is done.
18:40:31 INFO  : Context for 'APU' is selected.
18:40:32 INFO  : Hardware design information is loaded from '/home/necryotiks/Documents/Repos/WSU-CPTE/EE324/Module_3/Module_3.sdk/AXI_DEBUG_BD_wrapper_hw_platform_0/system.hdf'.
18:40:32 INFO  : 'configparams force-mem-access 1' command is executed.
18:40:32 INFO  : Context for 'APU' is selected.
18:40:32 INFO  : 'stop' command is executed.
18:40:32 INFO  : 'ps7_init' command is executed.
18:40:32 INFO  : 'ps7_post_config' command is executed.
18:40:33 INFO  : Context for processor 'ps7_cortexa9_0' is selected.
18:40:33 INFO  : Processor reset is completed for 'ps7_cortexa9_0'.
18:40:33 INFO  : Context for processor 'ps7_cortexa9_0' is selected.
18:40:33 INFO  : The application '/home/necryotiks/Documents/Repos/WSU-CPTE/EE324/Module_3/Module_3.sdk/AXI_DEBUG/Debug/AXI_DEBUG.elf' is downloaded to processor 'ps7_cortexa9_0'.
18:40:33 INFO  : 'configparams force-mem-access 0' command is executed.
18:40:33 INFO  : ----------------XSDB Script----------------
connect -url tcp:127.0.0.1:3121
source /home/necryotiks/Documents/Repos/WSU-CPTE/EE324/Module_3/Module_3.sdk/AXI_DEBUG_BD_wrapper_hw_platform_0/ps7_init.tcl
targets -set -nocase -filter {name =~"APU*" && jtag_cable_name =~ "RealDigital Bla 887100000093A"} -index 0
loadhw -hw /home/necryotiks/Documents/Repos/WSU-CPTE/EE324/Module_3/Module_3.sdk/AXI_DEBUG_BD_wrapper_hw_platform_0/system.hdf -mem-ranges [list {0x40000000 0xbfffffff}]
configparams force-mem-access 1
targets -set -nocase -filter {name =~"APU*" && jtag_cable_name =~ "RealDigital Bla 887100000093A"} -index 0
stop
ps7_init
ps7_post_config
targets -set -nocase -filter {name =~ "ARM*#0" && jtag_cable_name =~ "RealDigital Bla 887100000093A"} -index 0
rst -processor
targets -set -nocase -filter {name =~ "ARM*#0" && jtag_cable_name =~ "RealDigital Bla 887100000093A"} -index 0
dow /home/necryotiks/Documents/Repos/WSU-CPTE/EE324/Module_3/Module_3.sdk/AXI_DEBUG/Debug/AXI_DEBUG.elf
configparams force-mem-access 0
----------------End of Script----------------

18:40:33 INFO  : Memory regions updated for context APU
18:40:33 INFO  : Context for processor 'ps7_cortexa9_0' is selected.
18:40:33 INFO  : 'con' command is executed.
18:40:33 INFO  : ----------------XSDB Script (After Launch)----------------
targets -set -nocase -filter {name =~ "ARM*#0" && jtag_cable_name =~ "RealDigital Bla 887100000093A"} -index 0
con
----------------End of Script----------------

18:40:33 INFO  : Launch script is exported to file '/home/necryotiks/Documents/Repos/WSU-CPTE/EE324/Module_3/Module_3.sdk/.sdk/launch_scripts/xilinx_c-c++_application_(system_debugger)/system_debugger_using_debug_axi_debug.elf_on_local.tcl'
18:41:43 INFO  : Disconnected from the channel tcfchan#2.
18:41:44 INFO  : 'targets -set -filter {jtag_cable_name =~ "RealDigital Bla 887100000093A" && level==0} -index 1' command is executed.
18:41:44 INFO  : 'fpga -state' command is executed.
18:41:44 INFO  : Connected to target on host '127.0.0.1' and port '3121'.
18:41:45 INFO  : Jtag cable 'RealDigital Bla 887100000093A' is selected.
18:41:45 INFO  : 'jtag frequency' command is executed.
18:41:45 INFO  : Sourcing of '/home/necryotiks/Documents/Repos/WSU-CPTE/EE324/Module_3/Module_3.sdk/AXI_DEBUG_BD_wrapper_hw_platform_0/ps7_init.tcl' is done.
18:41:45 INFO  : Context for 'APU' is selected.
18:41:45 INFO  : Hardware design information is loaded from '/home/necryotiks/Documents/Repos/WSU-CPTE/EE324/Module_3/Module_3.sdk/AXI_DEBUG_BD_wrapper_hw_platform_0/system.hdf'.
18:41:45 INFO  : 'configparams force-mem-access 1' command is executed.
18:41:45 INFO  : Context for 'APU' is selected.
18:41:45 INFO  : 'stop' command is executed.
18:41:45 INFO  : 'ps7_init' command is executed.
18:41:45 INFO  : 'ps7_post_config' command is executed.
18:41:45 INFO  : Context for processor 'ps7_cortexa9_0' is selected.
18:41:45 INFO  : Processor reset is completed for 'ps7_cortexa9_0'.
18:41:45 INFO  : Context for processor 'ps7_cortexa9_0' is selected.
18:41:46 INFO  : The application '/home/necryotiks/Documents/Repos/WSU-CPTE/EE324/Module_3/Module_3.sdk/AXI_DEBUG/Debug/AXI_DEBUG.elf' is downloaded to processor 'ps7_cortexa9_0'.
18:41:46 INFO  : 'configparams force-mem-access 0' command is executed.
18:41:46 INFO  : ----------------XSDB Script----------------
connect -url tcp:127.0.0.1:3121
source /home/necryotiks/Documents/Repos/WSU-CPTE/EE324/Module_3/Module_3.sdk/AXI_DEBUG_BD_wrapper_hw_platform_0/ps7_init.tcl
targets -set -nocase -filter {name =~"APU*" && jtag_cable_name =~ "RealDigital Bla 887100000093A"} -index 0
loadhw -hw /home/necryotiks/Documents/Repos/WSU-CPTE/EE324/Module_3/Module_3.sdk/AXI_DEBUG_BD_wrapper_hw_platform_0/system.hdf -mem-ranges [list {0x40000000 0xbfffffff}]
configparams force-mem-access 1
targets -set -nocase -filter {name =~"APU*" && jtag_cable_name =~ "RealDigital Bla 887100000093A"} -index 0
stop
ps7_init
ps7_post_config
targets -set -nocase -filter {name =~ "ARM*#0" && jtag_cable_name =~ "RealDigital Bla 887100000093A"} -index 0
rst -processor
targets -set -nocase -filter {name =~ "ARM*#0" && jtag_cable_name =~ "RealDigital Bla 887100000093A"} -index 0
dow /home/necryotiks/Documents/Repos/WSU-CPTE/EE324/Module_3/Module_3.sdk/AXI_DEBUG/Debug/AXI_DEBUG.elf
configparams force-mem-access 0
----------------End of Script----------------

18:41:46 INFO  : Memory regions updated for context APU
18:41:46 INFO  : Context for processor 'ps7_cortexa9_0' is selected.
18:41:46 INFO  : 'con' command is executed.
18:41:46 INFO  : ----------------XSDB Script (After Launch)----------------
targets -set -nocase -filter {name =~ "ARM*#0" && jtag_cable_name =~ "RealDigital Bla 887100000093A"} -index 0
con
----------------End of Script----------------

18:41:46 INFO  : Launch script is exported to file '/home/necryotiks/Documents/Repos/WSU-CPTE/EE324/Module_3/Module_3.sdk/.sdk/launch_scripts/xilinx_c-c++_application_(system_debugger)/system_debugger_using_debug_axi_debug.elf_on_local.tcl'
18:44:48 INFO  : Disconnected from the channel tcfchan#3.
18:44:49 INFO  : 'targets -set -filter {jtag_cable_name =~ "RealDigital Bla 887100000093A" && level==0} -index 1' command is executed.
18:44:49 INFO  : 'fpga -state' command is executed.
18:44:49 INFO  : Connected to target on host '127.0.0.1' and port '3121'.
18:44:49 INFO  : Jtag cable 'RealDigital Bla 887100000093A' is selected.
18:44:49 INFO  : 'jtag frequency' command is executed.
18:44:49 INFO  : Sourcing of '/home/necryotiks/Documents/Repos/WSU-CPTE/EE324/Module_3/Module_3.sdk/AXI_DEBUG_BD_wrapper_hw_platform_0/ps7_init.tcl' is done.
18:44:49 INFO  : Context for 'APU' is selected.
18:44:49 INFO  : Hardware design information is loaded from '/home/necryotiks/Documents/Repos/WSU-CPTE/EE324/Module_3/Module_3.sdk/AXI_DEBUG_BD_wrapper_hw_platform_0/system.hdf'.
18:44:49 INFO  : 'configparams force-mem-access 1' command is executed.
18:44:49 INFO  : Context for 'APU' is selected.
18:44:49 INFO  : 'stop' command is executed.
18:44:50 INFO  : 'ps7_init' command is executed.
18:44:50 INFO  : 'ps7_post_config' command is executed.
18:44:50 INFO  : Context for processor 'ps7_cortexa9_0' is selected.
18:44:50 INFO  : Processor reset is completed for 'ps7_cortexa9_0'.
18:44:50 INFO  : Context for processor 'ps7_cortexa9_0' is selected.
18:44:50 INFO  : The application '/home/necryotiks/Documents/Repos/WSU-CPTE/EE324/Module_3/Module_3.sdk/AXI_DEBUG/Debug/AXI_DEBUG.elf' is downloaded to processor 'ps7_cortexa9_0'.
18:44:50 INFO  : 'configparams force-mem-access 0' command is executed.
18:44:50 INFO  : ----------------XSDB Script----------------
connect -url tcp:127.0.0.1:3121
source /home/necryotiks/Documents/Repos/WSU-CPTE/EE324/Module_3/Module_3.sdk/AXI_DEBUG_BD_wrapper_hw_platform_0/ps7_init.tcl
targets -set -nocase -filter {name =~"APU*" && jtag_cable_name =~ "RealDigital Bla 887100000093A"} -index 0
loadhw -hw /home/necryotiks/Documents/Repos/WSU-CPTE/EE324/Module_3/Module_3.sdk/AXI_DEBUG_BD_wrapper_hw_platform_0/system.hdf -mem-ranges [list {0x40000000 0xbfffffff}]
configparams force-mem-access 1
targets -set -nocase -filter {name =~"APU*" && jtag_cable_name =~ "RealDigital Bla 887100000093A"} -index 0
stop
ps7_init
ps7_post_config
targets -set -nocase -filter {name =~ "ARM*#0" && jtag_cable_name =~ "RealDigital Bla 887100000093A"} -index 0
rst -processor
targets -set -nocase -filter {name =~ "ARM*#0" && jtag_cable_name =~ "RealDigital Bla 887100000093A"} -index 0
dow /home/necryotiks/Documents/Repos/WSU-CPTE/EE324/Module_3/Module_3.sdk/AXI_DEBUG/Debug/AXI_DEBUG.elf
configparams force-mem-access 0
----------------End of Script----------------

18:44:50 INFO  : Memory regions updated for context APU
18:44:50 INFO  : Context for processor 'ps7_cortexa9_0' is selected.
18:44:50 INFO  : 'con' command is executed.
18:44:50 INFO  : ----------------XSDB Script (After Launch)----------------
targets -set -nocase -filter {name =~ "ARM*#0" && jtag_cable_name =~ "RealDigital Bla 887100000093A"} -index 0
con
----------------End of Script----------------

18:44:50 INFO  : Launch script is exported to file '/home/necryotiks/Documents/Repos/WSU-CPTE/EE324/Module_3/Module_3.sdk/.sdk/launch_scripts/xilinx_c-c++_application_(system_debugger)/system_debugger_using_debug_axi_debug.elf_on_local.tcl'
18:47:08 INFO  : Disconnected from the channel tcfchan#4.
19:00:35 INFO  : Launching XSCT server: xsct -n -interactive /home/necryotiks/Documents/Repos/WSU-CPTE/EE324/Module_3/Module_3.sdk/temp_xsdb_launch_script.tcl
19:00:36 INFO  : Registering command handlers for SDK TCF services
19:00:44 INFO  : XSCT server has started successfully.
19:00:44 INFO  : Successfully done setting XSCT server connection channel  
19:00:56 INFO  : Successfully done setting SDK workspace  
19:00:56 INFO  : Processing command line option -hwspec /home/necryotiks/Documents/Repos/WSU-CPTE/EE324/Module_3/Module_3.sdk/AXI_DEBUG_BD_wrapper.hdf.
19:00:59 INFO  : Checking for hwspec changes in the project AXI_DEBUG_BD_wrapper_hw_platform_0.
19:01:06 INFO  : SDK has detected change in the last modified timestamps for source hardware specification file Source:1551927420000,  Project:1551923364000
19:01:06 INFO  : The hardware specification for project 'AXI_DEBUG_BD_wrapper_hw_platform_0' is different from /home/necryotiks/Documents/Repos/WSU-CPTE/EE324/Module_3/Module_3.sdk/AXI_DEBUG_BD_wrapper.hdf.
19:01:06 INFO  : Copied contents of /home/necryotiks/Documents/Repos/WSU-CPTE/EE324/Module_3/Module_3.sdk/AXI_DEBUG_BD_wrapper.hdf into /AXI_DEBUG_BD_wrapper_hw_platform_0/system.hdf.
19:01:09 INFO  : Synchronizing projects in the workspace with the hardware platform specification changes.
19:01:14 INFO  : 
19:01:15 INFO  : Updating hardware inferred compiler options for AXI_DEBUG.
19:01:15 INFO  : Clearing existing target manager status.
19:01:39 INFO  : Connected to target on host '127.0.0.1' and port '3121'.
19:01:40 INFO  : 'targets -set -filter {jtag_cable_name =~ "RealDigital Bla 887100000093A" && level==0} -index 1' command is executed.
19:01:41 INFO  : FPGA configured successfully with bitstream "/home/necryotiks/Documents/Repos/WSU-CPTE/EE324/Module_3/Module_3.sdk/AXI_DEBUG_BD_wrapper_hw_platform_0/AXI_DEBUG_BD_wrapper.bit"
19:01:48 INFO  : 'targets -set -filter {jtag_cable_name =~ "RealDigital Bla 887100000093A" && level==0} -index 1' command is executed.
19:01:48 INFO  : 'fpga -state' command is executed.
19:01:48 INFO  : Connected to target on host '127.0.0.1' and port '3121'.
19:01:48 INFO  : Jtag cable 'RealDigital Bla 887100000093A' is selected.
19:01:48 INFO  : 'jtag frequency' command is executed.
19:01:48 INFO  : Sourcing of '/home/necryotiks/Documents/Repos/WSU-CPTE/EE324/Module_3/Module_3.sdk/AXI_DEBUG_BD_wrapper_hw_platform_0/ps7_init.tcl' is done.
19:01:48 INFO  : Context for 'APU' is selected.
19:01:48 INFO  : Hardware design information is loaded from '/home/necryotiks/Documents/Repos/WSU-CPTE/EE324/Module_3/Module_3.sdk/AXI_DEBUG_BD_wrapper_hw_platform_0/system.hdf'.
19:01:48 INFO  : 'configparams force-mem-access 1' command is executed.
19:01:48 INFO  : Context for 'APU' is selected.
19:01:48 INFO  : 'stop' command is executed.
19:01:49 INFO  : 'ps7_init' command is executed.
19:01:49 INFO  : 'ps7_post_config' command is executed.
19:01:49 INFO  : Context for processor 'ps7_cortexa9_0' is selected.
19:01:49 INFO  : Processor reset is completed for 'ps7_cortexa9_0'.
19:01:49 INFO  : Context for processor 'ps7_cortexa9_0' is selected.
19:01:49 INFO  : The application '/home/necryotiks/Documents/Repos/WSU-CPTE/EE324/Module_3/Module_3.sdk/AXI_DEBUG/Debug/AXI_DEBUG.elf' is downloaded to processor 'ps7_cortexa9_0'.
19:01:49 INFO  : 'configparams force-mem-access 0' command is executed.
19:01:49 INFO  : ----------------XSDB Script----------------
connect -url tcp:127.0.0.1:3121
source /home/necryotiks/Documents/Repos/WSU-CPTE/EE324/Module_3/Module_3.sdk/AXI_DEBUG_BD_wrapper_hw_platform_0/ps7_init.tcl
targets -set -nocase -filter {name =~"APU*" && jtag_cable_name =~ "RealDigital Bla 887100000093A"} -index 0
loadhw -hw /home/necryotiks/Documents/Repos/WSU-CPTE/EE324/Module_3/Module_3.sdk/AXI_DEBUG_BD_wrapper_hw_platform_0/system.hdf -mem-ranges [list {0x40000000 0xbfffffff}]
configparams force-mem-access 1
targets -set -nocase -filter {name =~"APU*" && jtag_cable_name =~ "RealDigital Bla 887100000093A"} -index 0
stop
ps7_init
ps7_post_config
targets -set -nocase -filter {name =~ "ARM*#0" && jtag_cable_name =~ "RealDigital Bla 887100000093A"} -index 0
rst -processor
targets -set -nocase -filter {name =~ "ARM*#0" && jtag_cable_name =~ "RealDigital Bla 887100000093A"} -index 0
dow /home/necryotiks/Documents/Repos/WSU-CPTE/EE324/Module_3/Module_3.sdk/AXI_DEBUG/Debug/AXI_DEBUG.elf
configparams force-mem-access 0
----------------End of Script----------------

19:01:49 INFO  : Memory regions updated for context APU
19:01:49 INFO  : Context for processor 'ps7_cortexa9_0' is selected.
19:01:49 INFO  : 'con' command is executed.
19:01:49 INFO  : ----------------XSDB Script (After Launch)----------------
targets -set -nocase -filter {name =~ "ARM*#0" && jtag_cable_name =~ "RealDigital Bla 887100000093A"} -index 0
con
----------------End of Script----------------

19:01:49 INFO  : Launch script is exported to file '/home/necryotiks/Documents/Repos/WSU-CPTE/EE324/Module_3/Module_3.sdk/.sdk/launch_scripts/xilinx_c-c++_application_(system_debugger)/system_debugger_using_debug_axi_debug.elf_on_local.tcl'
19:03:10 INFO  : Disconnected from the channel tcfchan#1.
20:54:25 INFO  : Launching XSCT server: xsct.bat -interactive C:\Users\Sergaljerk\WSU-CPTE\EE324\Module_3\Module_3.sdk\temp_xsdb_launch_script.tcl
20:54:26 INFO  : Registering command handlers for SDK TCF services
20:54:34 INFO  : XSCT server has started successfully.
20:54:34 INFO  : Successfully done setting XSCT server connection channel  
20:54:50 INFO  : Successfully done setting SDK workspace  
20:54:50 INFO  : Processing command line option -hwspec C:/Users/Sergaljerk/WSU-CPTE/EE324/Module_3/Module_3.sdk/AXI_DEBUG_BD_wrapper.hdf.
20:59:40 INFO  : Registering command handlers for SDK TCF services
20:59:40 INFO  : Launching XSCT server: xsct.bat -interactive C:\Users\Sergaljerk\WSU-CPTE\EE324\Module_3\Module_3.sdk\temp_xsdb_launch_script.tcl
20:59:42 INFO  : XSCT server has started successfully.
20:59:43 INFO  : Processing command line option -hwspec C:/Users/Sergaljerk/WSU-CPTE/EE324/Module_3/Module_3.sdk/AXI_DEBUG_BD_wrapper.hdf.
20:59:43 INFO  : Successfully done setting XSCT server connection channel  
20:59:43 INFO  : Successfully done setting SDK workspace  
20:59:43 INFO  : Checking for hwspec changes in the project AXI_DEBUG_BD_wrapper_hw_platform_1.
20:59:49 INFO  : SDK has detected change in the last modified timestamps for source hardware specification file Source:1551934695014,  Project:1551934309306
20:59:49 INFO  : The hardware specification for project 'AXI_DEBUG_BD_wrapper_hw_platform_1' is different from C:/Users/Sergaljerk/WSU-CPTE/EE324/Module_3/Module_3.sdk/AXI_DEBUG_BD_wrapper.hdf.
20:59:49 INFO  : Copied contents of C:/Users/Sergaljerk/WSU-CPTE/EE324/Module_3/Module_3.sdk/AXI_DEBUG_BD_wrapper.hdf into \AXI_DEBUG_BD_wrapper_hw_platform_1\system.hdf.
20:59:53 INFO  : Synchronizing projects in the workspace with the hardware platform specification changes.
20:59:53 INFO  : Clearing existing target manager status.
20:59:53 INFO  : Workspace synchronized with the new hardware specification file. Cleaning dependent projects...
20:59:53 WARN  : Linker script will not be updated automatically. Users need to update it manually.
21:01:50 INFO  : Connected to target on host '127.0.0.1' and port '3121'.
21:01:50 INFO  : 'targets -set -filter {jtag_cable_name =~ "RealDigital Bla 887100000093A" && level==0} -index 1' command is executed.
21:01:51 INFO  : FPGA configured successfully with bitstream "C:/Users/Sergaljerk/WSU-CPTE/EE324/Module_3/Module_3.sdk/AXI_DEBUG_BD_wrapper_hw_platform_0/AXI_DEBUG_BD_wrapper.bit"
21:03:32 INFO  : 'targets -set -filter {jtag_cable_name =~ "RealDigital Bla 887100000093A" && level==0} -index 1' command is executed.
21:03:32 INFO  : 'fpga -state' command is executed.
21:03:32 INFO  : Connected to target on host '127.0.0.1' and port '3121'.
21:03:32 INFO  : Jtag cable 'RealDigital Bla 887100000093A' is selected.
21:03:32 INFO  : 'jtag frequency' command is executed.
21:03:32 INFO  : Sourcing of 'C:/Users/Sergaljerk/WSU-CPTE/EE324/Module_3/Module_3.sdk/AXI_DEBUG_BD_wrapper_hw_platform_0/ps7_init.tcl' is done.
21:03:32 INFO  : Context for 'APU' is selected.
21:03:33 INFO  : Hardware design information is loaded from 'C:/Users/Sergaljerk/WSU-CPTE/EE324/Module_3/Module_3.sdk/AXI_DEBUG_BD_wrapper_hw_platform_0/system.hdf'.
21:03:33 INFO  : 'configparams force-mem-access 1' command is executed.
21:03:33 INFO  : Context for 'APU' is selected.
21:03:33 INFO  : 'stop' command is executed.
21:03:33 INFO  : 'ps7_init' command is executed.
21:03:33 INFO  : 'ps7_post_config' command is executed.
21:03:33 INFO  : 'configparams force-mem-access 0' command is executed.
21:03:33 INFO  : ----------------XSDB Script----------------
connect -url tcp:127.0.0.1:3121
source C:/Users/Sergaljerk/WSU-CPTE/EE324/Module_3/Module_3.sdk/AXI_DEBUG_BD_wrapper_hw_platform_0/ps7_init.tcl
targets -set -nocase -filter {name =~"APU*" && jtag_cable_name =~ "RealDigital Bla 887100000093A"} -index 0
loadhw -hw C:/Users/Sergaljerk/WSU-CPTE/EE324/Module_3/Module_3.sdk/AXI_DEBUG_BD_wrapper_hw_platform_0/system.hdf -mem-ranges [list {0x40000000 0xbfffffff}]
configparams force-mem-access 1
targets -set -nocase -filter {name =~"APU*" && jtag_cable_name =~ "RealDigital Bla 887100000093A"} -index 0
stop
ps7_init
ps7_post_config
configparams force-mem-access 0
----------------End of Script----------------

21:03:33 INFO  : Memory regions updated for context APU
21:03:33 INFO  : Launch script is exported to file 'C:\Users\Sergaljerk\WSU-CPTE\EE324\Module_3\Module_3.sdk\.sdk\launch_scripts\xilinx_c-c++_application_(system_debugger)\system_debugger_using_debug_axi_debug.elf_on_local.tcl'
21:06:26 INFO  : Connected to target on host '127.0.0.1' and port '3121'.
21:06:26 INFO  : 'targets -set -filter {jtag_cable_name =~ "RealDigital Bla 887100000093A" && level==0} -index 1' command is executed.
21:06:27 INFO  : FPGA configured successfully with bitstream "C:/Users/Sergaljerk/WSU-CPTE/EE324/Module_3/Module_3.sdk/AXI_DEBUG_BD_wrapper_hw_platform_0/AXI_DEBUG_BD_wrapper.bit"
21:06:49 INFO  : Disconnected from the channel tcfchan#1.
21:11:05 INFO  : Registering command handlers for SDK TCF services
21:11:05 INFO  : Launching XSCT server: xsct.bat -interactive C:\Users\Sergaljerk\WSU-CPTE\EE324\Module_3\Module_3.sdk\temp_xsdb_launch_script.tcl
21:11:07 INFO  : XSCT server has started successfully.
21:11:07 INFO  : Successfully done setting XSCT server connection channel  
21:11:08 INFO  : Processing command line option -hwspec C:/Users/Sergaljerk/WSU-CPTE/EE324/Module_3/Module_3.sdk/AXI_DEBUG_BD_wrapper.hdf.
21:11:08 INFO  : Successfully done setting SDK workspace  
21:11:08 INFO  : Checking for hwspec changes in the project AXI_DEBUG_BD_wrapper_hw_platform_1.
21:11:37 INFO  : Connected to target on host '127.0.0.1' and port '3121'.
21:11:37 INFO  : 'targets -set -filter {jtag_cable_name =~ "RealDigital Bla 887100000093A" && level==0} -index 1' command is executed.
21:11:38 INFO  : FPGA configured successfully with bitstream "C:/Users/Sergaljerk/WSU-CPTE/EE324/Module_3/Module_3.sdk/AXI_DEBUG_BD_wrapper_hw_platform_0/AXI_DEBUG_BD_wrapper.bit"
21:11:57 INFO  : 'targets -set -filter {jtag_cable_name =~ "RealDigital Bla 887100000093A" && level==0} -index 1' command is executed.
21:11:57 INFO  : 'fpga -state' command is executed.
21:11:57 INFO  : Connected to target on host '127.0.0.1' and port '3121'.
21:11:58 INFO  : Jtag cable 'RealDigital Bla 887100000093A' is selected.
21:11:58 INFO  : 'jtag frequency' command is executed.
21:11:58 INFO  : Sourcing of 'C:/Users/Sergaljerk/WSU-CPTE/EE324/Module_3/Module_3.sdk/AXI_DEBUG_BD_wrapper_hw_platform_0/ps7_init.tcl' is done.
21:11:58 INFO  : Context for 'APU' is selected.
21:11:58 INFO  : Hardware design information is loaded from 'C:/Users/Sergaljerk/WSU-CPTE/EE324/Module_3/Module_3.sdk/AXI_DEBUG_BD_wrapper_hw_platform_0/system.hdf'.
21:11:58 INFO  : 'configparams force-mem-access 1' command is executed.
21:11:58 INFO  : Context for 'APU' is selected.
21:11:58 INFO  : 'stop' command is executed.
21:11:58 INFO  : 'ps7_init' command is executed.
21:11:58 INFO  : 'ps7_post_config' command is executed.
21:11:58 INFO  : 'configparams force-mem-access 0' command is executed.
21:11:58 INFO  : ----------------XSDB Script----------------
connect -url tcp:127.0.0.1:3121
source C:/Users/Sergaljerk/WSU-CPTE/EE324/Module_3/Module_3.sdk/AXI_DEBUG_BD_wrapper_hw_platform_0/ps7_init.tcl
targets -set -nocase -filter {name =~"APU*" && jtag_cable_name =~ "RealDigital Bla 887100000093A"} -index 0
loadhw -hw C:/Users/Sergaljerk/WSU-CPTE/EE324/Module_3/Module_3.sdk/AXI_DEBUG_BD_wrapper_hw_platform_0/system.hdf -mem-ranges [list {0x40000000 0xbfffffff}]
configparams force-mem-access 1
targets -set -nocase -filter {name =~"APU*" && jtag_cable_name =~ "RealDigital Bla 887100000093A"} -index 0
stop
ps7_init
ps7_post_config
configparams force-mem-access 0
----------------End of Script----------------

21:11:58 INFO  : Memory regions updated for context APU
21:11:58 INFO  : Launch script is exported to file 'C:\Users\Sergaljerk\WSU-CPTE\EE324\Module_3\Module_3.sdk\.sdk\launch_scripts\xilinx_c-c++_application_(system_debugger)\system_debugger_using_debug_axi_debug.elf_on_local.tcl'
21:12:19 INFO  : Disconnected from the channel tcfchan#1.
