11:53:40 INFO  : Registering command handlers for SDK TCF services
11:53:41 INFO  : Launching XSCT server: xsct -n -interactive /home/necryotiks/Documents/WSU-CPTE/EE324/Module_4/Module_4/m5/m5.sdk/temp_xsdb_launch_script.tcl
11:53:44 INFO  : XSCT server has started successfully.
11:53:44 INFO  : Successfully done setting XSCT server connection channel  
11:53:44 INFO  : Successfully done setting SDK workspace  
11:53:44 INFO  : Processing command line option -hwspec /home/necryotiks/Documents/WSU-CPTE/EE324/Module_4/Module_4/m5/m5.sdk/design_1_wrapper.hdf.
11:57:02 INFO  : Connected to target on host '127.0.0.1' and port '3121'.
11:57:02 INFO  : 'targets -set -filter {jtag_cable_name =~ "RealDigital Bla 887100000093A" && level==0} -index 1' command is executed.
11:57:03 INFO  : FPGA configured successfully with bitstream "/home/necryotiks/Documents/WSU-CPTE/EE324/Module_4/Module_4/m5/m5.sdk/design_1_wrapper_hw_platform_0/design_1_wrapper.bit"
11:57:12 INFO  : 'targets -set -filter {jtag_cable_name =~ "RealDigital Bla 887100000093A" && level==0} -index 1' command is executed.
11:57:12 INFO  : 'fpga -state' command is executed.
11:57:12 INFO  : Connected to target on host '127.0.0.1' and port '3121'.
11:57:12 INFO  : Jtag cable 'RealDigital Bla 887100000093A' is selected.
11:57:12 INFO  : 'jtag frequency' command is executed.
11:57:12 INFO  : Sourcing of '/home/necryotiks/Documents/WSU-CPTE/EE324/Module_4/Module_4/m5/m5.sdk/design_1_wrapper_hw_platform_0/ps7_init.tcl' is done.
11:57:12 INFO  : Context for 'APU' is selected.
11:57:12 INFO  : Hardware design information is loaded from '/home/necryotiks/Documents/WSU-CPTE/EE324/Module_4/Module_4/m5/m5.sdk/design_1_wrapper_hw_platform_0/system.hdf'.
11:57:12 INFO  : 'configparams force-mem-access 1' command is executed.
11:57:12 INFO  : Context for 'APU' is selected.
11:57:12 INFO  : 'stop' command is executed.
11:57:13 INFO  : 'ps7_init' command is executed.
11:57:13 INFO  : 'ps7_post_config' command is executed.
11:57:13 INFO  : Context for processor 'ps7_cortexa9_0' is selected.
11:57:13 INFO  : Processor reset is completed for 'ps7_cortexa9_0'.
11:57:13 INFO  : Context for processor 'ps7_cortexa9_0' is selected.
11:57:13 INFO  : The application '/home/necryotiks/Documents/WSU-CPTE/EE324/Module_4/Module_4/m5/m5.sdk/PWM/Debug/PWM.elf' is downloaded to processor 'ps7_cortexa9_0'.
11:57:13 INFO  : 'configparams force-mem-access 0' command is executed.
11:57:13 INFO  : ----------------XSDB Script----------------
connect -url tcp:127.0.0.1:3121
source /home/necryotiks/Documents/WSU-CPTE/EE324/Module_4/Module_4/m5/m5.sdk/design_1_wrapper_hw_platform_0/ps7_init.tcl
targets -set -nocase -filter {name =~"APU*" && jtag_cable_name =~ "RealDigital Bla 887100000093A"} -index 0
loadhw -hw /home/necryotiks/Documents/WSU-CPTE/EE324/Module_4/Module_4/m5/m5.sdk/design_1_wrapper_hw_platform_0/system.hdf -mem-ranges [list {0x40000000 0xbfffffff}]
configparams force-mem-access 1
targets -set -nocase -filter {name =~"APU*" && jtag_cable_name =~ "RealDigital Bla 887100000093A"} -index 0
stop
ps7_init
ps7_post_config
targets -set -nocase -filter {name =~ "ARM*#0" && jtag_cable_name =~ "RealDigital Bla 887100000093A"} -index 0
rst -processor
targets -set -nocase -filter {name =~ "ARM*#0" && jtag_cable_name =~ "RealDigital Bla 887100000093A"} -index 0
dow /home/necryotiks/Documents/WSU-CPTE/EE324/Module_4/Module_4/m5/m5.sdk/PWM/Debug/PWM.elf
configparams force-mem-access 0
----------------End of Script----------------

11:57:13 INFO  : Memory regions updated for context APU
11:57:13 INFO  : Context for processor 'ps7_cortexa9_0' is selected.
11:57:13 INFO  : 'con' command is executed.
11:57:13 INFO  : ----------------XSDB Script (After Launch)----------------
targets -set -nocase -filter {name =~ "ARM*#0" && jtag_cable_name =~ "RealDigital Bla 887100000093A"} -index 0
con
----------------End of Script----------------

11:57:13 INFO  : Launch script is exported to file '/home/necryotiks/Documents/WSU-CPTE/EE324/Module_4/Module_4/m5/m5.sdk/.sdk/launch_scripts/xilinx_c-c++_application_(system_debugger)/system_debugger_using_debug_pwm.elf_on_local.tcl'
12:28:32 INFO  : Disconnected from the channel tcfchan#1.
12:28:33 INFO  : 'targets -set -filter {jtag_cable_name =~ "RealDigital Bla 887100000093A" && level==0} -index 1' command is executed.
12:28:33 INFO  : 'fpga -state' command is executed.
12:28:33 INFO  : Connected to target on host '127.0.0.1' and port '3121'.
12:28:33 INFO  : Jtag cable 'RealDigital Bla 887100000093A' is selected.
12:28:33 INFO  : 'jtag frequency' command is executed.
12:28:33 INFO  : Sourcing of '/home/necryotiks/Documents/WSU-CPTE/EE324/Module_4/Module_4/m5/m5.sdk/design_1_wrapper_hw_platform_0/ps7_init.tcl' is done.
12:28:33 INFO  : Context for 'APU' is selected.
12:28:35 INFO  : Hardware design information is loaded from '/home/necryotiks/Documents/WSU-CPTE/EE324/Module_4/Module_4/m5/m5.sdk/design_1_wrapper_hw_platform_0/system.hdf'.
12:28:35 INFO  : 'configparams force-mem-access 1' command is executed.
12:28:35 INFO  : Context for 'APU' is selected.
12:28:35 INFO  : 'stop' command is executed.
12:28:35 INFO  : 'ps7_init' command is executed.
12:28:35 INFO  : 'ps7_post_config' command is executed.
12:28:35 INFO  : Context for processor 'ps7_cortexa9_0' is selected.
12:28:35 INFO  : Processor reset is completed for 'ps7_cortexa9_0'.
12:28:35 INFO  : Context for processor 'ps7_cortexa9_0' is selected.
12:28:36 INFO  : The application '/home/necryotiks/Documents/WSU-CPTE/EE324/Module_4/Module_4/m5/m5.sdk/PWM/Debug/PWM.elf' is downloaded to processor 'ps7_cortexa9_0'.
12:28:36 INFO  : 'configparams force-mem-access 0' command is executed.
12:28:36 INFO  : ----------------XSDB Script----------------
connect -url tcp:127.0.0.1:3121
source /home/necryotiks/Documents/WSU-CPTE/EE324/Module_4/Module_4/m5/m5.sdk/design_1_wrapper_hw_platform_0/ps7_init.tcl
targets -set -nocase -filter {name =~"APU*" && jtag_cable_name =~ "RealDigital Bla 887100000093A"} -index 0
loadhw -hw /home/necryotiks/Documents/WSU-CPTE/EE324/Module_4/Module_4/m5/m5.sdk/design_1_wrapper_hw_platform_0/system.hdf -mem-ranges [list {0x40000000 0xbfffffff}]
configparams force-mem-access 1
targets -set -nocase -filter {name =~"APU*" && jtag_cable_name =~ "RealDigital Bla 887100000093A"} -index 0
stop
ps7_init
ps7_post_config
targets -set -nocase -filter {name =~ "ARM*#0" && jtag_cable_name =~ "RealDigital Bla 887100000093A"} -index 0
rst -processor
targets -set -nocase -filter {name =~ "ARM*#0" && jtag_cable_name =~ "RealDigital Bla 887100000093A"} -index 0
dow /home/necryotiks/Documents/WSU-CPTE/EE324/Module_4/Module_4/m5/m5.sdk/PWM/Debug/PWM.elf
configparams force-mem-access 0
----------------End of Script----------------

12:28:36 INFO  : Memory regions updated for context APU
12:28:36 INFO  : Context for processor 'ps7_cortexa9_0' is selected.
12:28:36 INFO  : 'con' command is executed.
12:28:36 INFO  : ----------------XSDB Script (After Launch)----------------
targets -set -nocase -filter {name =~ "ARM*#0" && jtag_cable_name =~ "RealDigital Bla 887100000093A"} -index 0
con
----------------End of Script----------------

12:28:36 INFO  : Launch script is exported to file '/home/necryotiks/Documents/WSU-CPTE/EE324/Module_4/Module_4/m5/m5.sdk/.sdk/launch_scripts/xilinx_c-c++_application_(system_debugger)/system_debugger_using_debug_pwm.elf_on_local.tcl'
12:29:02 INFO  : Disconnected from the channel tcfchan#2.
12:29:03 INFO  : 'targets -set -filter {jtag_cable_name =~ "RealDigital Bla 887100000093A" && level==0} -index 1' command is executed.
12:29:03 INFO  : 'fpga -state' command is executed.
12:29:03 INFO  : Connected to target on host '127.0.0.1' and port '3121'.
12:29:03 INFO  : Jtag cable 'RealDigital Bla 887100000093A' is selected.
12:29:03 INFO  : 'jtag frequency' command is executed.
12:29:03 INFO  : Sourcing of '/home/necryotiks/Documents/WSU-CPTE/EE324/Module_4/Module_4/m5/m5.sdk/design_1_wrapper_hw_platform_0/ps7_init.tcl' is done.
12:29:03 INFO  : Context for 'APU' is selected.
12:29:05 INFO  : Hardware design information is loaded from '/home/necryotiks/Documents/WSU-CPTE/EE324/Module_4/Module_4/m5/m5.sdk/design_1_wrapper_hw_platform_0/system.hdf'.
12:29:05 INFO  : 'configparams force-mem-access 1' command is executed.
12:29:05 INFO  : Context for 'APU' is selected.
12:29:05 INFO  : 'stop' command is executed.
12:29:06 INFO  : 'ps7_init' command is executed.
12:29:06 INFO  : 'ps7_post_config' command is executed.
12:29:06 INFO  : Context for processor 'ps7_cortexa9_0' is selected.
12:29:06 INFO  : Processor reset is completed for 'ps7_cortexa9_0'.
12:29:06 INFO  : Context for processor 'ps7_cortexa9_0' is selected.
12:29:06 INFO  : The application '/home/necryotiks/Documents/WSU-CPTE/EE324/Module_4/Module_4/m5/m5.sdk/PWM/Debug/PWM.elf' is downloaded to processor 'ps7_cortexa9_0'.
12:29:06 INFO  : 'configparams force-mem-access 0' command is executed.
12:29:06 INFO  : ----------------XSDB Script----------------
connect -url tcp:127.0.0.1:3121
source /home/necryotiks/Documents/WSU-CPTE/EE324/Module_4/Module_4/m5/m5.sdk/design_1_wrapper_hw_platform_0/ps7_init.tcl
targets -set -nocase -filter {name =~"APU*" && jtag_cable_name =~ "RealDigital Bla 887100000093A"} -index 0
loadhw -hw /home/necryotiks/Documents/WSU-CPTE/EE324/Module_4/Module_4/m5/m5.sdk/design_1_wrapper_hw_platform_0/system.hdf -mem-ranges [list {0x40000000 0xbfffffff}]
configparams force-mem-access 1
targets -set -nocase -filter {name =~"APU*" && jtag_cable_name =~ "RealDigital Bla 887100000093A"} -index 0
stop
ps7_init
ps7_post_config
targets -set -nocase -filter {name =~ "ARM*#0" && jtag_cable_name =~ "RealDigital Bla 887100000093A"} -index 0
rst -processor
targets -set -nocase -filter {name =~ "ARM*#0" && jtag_cable_name =~ "RealDigital Bla 887100000093A"} -index 0
dow /home/necryotiks/Documents/WSU-CPTE/EE324/Module_4/Module_4/m5/m5.sdk/PWM/Debug/PWM.elf
configparams force-mem-access 0
----------------End of Script----------------

12:29:06 INFO  : Memory regions updated for context APU
12:29:06 INFO  : Context for processor 'ps7_cortexa9_0' is selected.
12:29:06 INFO  : 'con' command is executed.
12:29:06 INFO  : ----------------XSDB Script (After Launch)----------------
targets -set -nocase -filter {name =~ "ARM*#0" && jtag_cable_name =~ "RealDigital Bla 887100000093A"} -index 0
con
----------------End of Script----------------

12:29:06 INFO  : Launch script is exported to file '/home/necryotiks/Documents/WSU-CPTE/EE324/Module_4/Module_4/m5/m5.sdk/.sdk/launch_scripts/xilinx_c-c++_application_(system_debugger)/system_debugger_using_debug_pwm.elf_on_local.tcl'
13:02:08 INFO  : Disconnected from the channel tcfchan#3.
13:12:51 INFO  : Registering command handlers for SDK TCF services
13:12:53 INFO  : Launching XSCT server: xsct -n -interactive /home/necryotiks/Documents/WSU-CPTE/EE324/Module_4/Module_4/m5/m5.sdk/temp_xsdb_launch_script.tcl
13:12:57 INFO  : XSCT server has started successfully.
13:13:05 INFO  : Successfully done setting XSCT server connection channel  
13:13:05 INFO  : Successfully done setting SDK workspace  
13:13:05 INFO  : Processing command line option -hwspec /home/necryotiks/Documents/WSU-CPTE/EE324/Module_4/Module_4/m5/m5.sdk/design_1_wrapper.hdf.
13:13:08 INFO  : Checking for hwspec changes in the project design_1_wrapper_hw_platform_0.
13:13:15 INFO  : SDK has detected change in the last modified timestamps for source hardware specification file Source:1572552715000,  Project:1572547609000
13:13:15 INFO  : The hardware specification for project 'design_1_wrapper_hw_platform_0' is different from /home/necryotiks/Documents/WSU-CPTE/EE324/Module_4/Module_4/m5/m5.sdk/design_1_wrapper.hdf.
13:13:17 INFO  : Copied contents of /home/necryotiks/Documents/WSU-CPTE/EE324/Module_4/Module_4/m5/m5.sdk/design_1_wrapper.hdf into /design_1_wrapper_hw_platform_0/system.hdf.
13:13:21 INFO  : Synchronizing projects in the workspace with the hardware platform specification changes.
13:13:26 INFO  : 
13:13:27 INFO  : Updating hardware inferred compiler options for PWM.
13:13:27 INFO  : Clearing existing target manager status.
13:14:27 INFO  : Connected to target on host '127.0.0.1' and port '3121'.
13:14:27 INFO  : 'targets -set -filter {jtag_cable_name =~ "RealDigital Bla 887100000093A" && level==0} -index 1' command is executed.
13:14:28 INFO  : FPGA configured successfully with bitstream "/home/necryotiks/Documents/WSU-CPTE/EE324/Module_4/Module_4/m5/m5.sdk/design_1_wrapper_hw_platform_0/design_1_wrapper.bit"
13:14:35 INFO  : 'targets -set -filter {jtag_cable_name =~ "RealDigital Bla 887100000093A" && level==0} -index 1' command is executed.
13:14:35 INFO  : 'fpga -state' command is executed.
13:14:35 INFO  : Connected to target on host '127.0.0.1' and port '3121'.
13:14:35 INFO  : Jtag cable 'RealDigital Bla 887100000093A' is selected.
13:14:35 INFO  : 'jtag frequency' command is executed.
13:14:35 INFO  : Sourcing of '/home/necryotiks/Documents/WSU-CPTE/EE324/Module_4/Module_4/m5/m5.sdk/design_1_wrapper_hw_platform_0/ps7_init.tcl' is done.
13:14:35 INFO  : Context for 'APU' is selected.
13:14:35 INFO  : Hardware design information is loaded from '/home/necryotiks/Documents/WSU-CPTE/EE324/Module_4/Module_4/m5/m5.sdk/design_1_wrapper_hw_platform_0/system.hdf'.
13:14:35 INFO  : 'configparams force-mem-access 1' command is executed.
13:14:35 INFO  : Context for 'APU' is selected.
13:14:35 INFO  : 'stop' command is executed.
13:14:38 ERROR : Memory read error at 0xF8F00208. Cannot halt processor core, timeout
13:14:38 INFO  : ----------------XSDB Script----------------
connect -url tcp:127.0.0.1:3121
source /home/necryotiks/Documents/WSU-CPTE/EE324/Module_4/Module_4/m5/m5.sdk/design_1_wrapper_hw_platform_0/ps7_init.tcl
targets -set -nocase -filter {name =~"APU*" && jtag_cable_name =~ "RealDigital Bla 887100000093A"} -index 0
loadhw -hw /home/necryotiks/Documents/WSU-CPTE/EE324/Module_4/Module_4/m5/m5.sdk/design_1_wrapper_hw_platform_0/system.hdf -mem-ranges [list {0x40000000 0xbfffffff}]
configparams force-mem-access 1
targets -set -nocase -filter {name =~"APU*" && jtag_cable_name =~ "RealDigital Bla 887100000093A"} -index 0
stop
ps7_init
----------------End of Script----------------

13:15:34 INFO  : Connected to target on host '127.0.0.1' and port '3121'.
13:15:34 INFO  : 'targets -set -filter {jtag_cable_name =~ "RealDigital Bla 887100000093A" && level==0} -index 1' command is executed.
13:15:35 INFO  : FPGA configured successfully with bitstream "/home/necryotiks/Documents/WSU-CPTE/EE324/Module_4/Module_4/m5/m5.sdk/design_1_wrapper_hw_platform_0/design_1_wrapper.bit"
13:15:39 INFO  : 'targets -set -filter {jtag_cable_name =~ "RealDigital Bla 887100000093A" && level==0} -index 1' command is executed.
13:15:39 INFO  : 'fpga -state' command is executed.
13:15:39 INFO  : Connected to target on host '127.0.0.1' and port '3121'.
13:15:39 INFO  : Jtag cable 'RealDigital Bla 887100000093A' is selected.
13:15:39 INFO  : 'jtag frequency' command is executed.
13:15:39 INFO  : Sourcing of '/home/necryotiks/Documents/WSU-CPTE/EE324/Module_4/Module_4/m5/m5.sdk/design_1_wrapper_hw_platform_0/ps7_init.tcl' is done.
13:15:39 INFO  : Context for 'APU' is selected.
13:15:39 INFO  : Hardware design information is loaded from '/home/necryotiks/Documents/WSU-CPTE/EE324/Module_4/Module_4/m5/m5.sdk/design_1_wrapper_hw_platform_0/system.hdf'.
13:15:39 INFO  : 'configparams force-mem-access 1' command is executed.
13:15:39 INFO  : Context for 'APU' is selected.
13:15:39 INFO  : 'stop' command is executed.
13:15:40 INFO  : 'ps7_init' command is executed.
13:15:40 INFO  : 'ps7_post_config' command is executed.
13:15:40 INFO  : Context for processor 'ps7_cortexa9_0' is selected.
13:15:40 INFO  : Processor reset is completed for 'ps7_cortexa9_0'.
13:15:40 INFO  : Context for processor 'ps7_cortexa9_0' is selected.
13:15:40 INFO  : The application '/home/necryotiks/Documents/WSU-CPTE/EE324/Module_4/Module_4/m5/m5.sdk/PWM/Debug/PWM.elf' is downloaded to processor 'ps7_cortexa9_0'.
13:15:40 INFO  : 'configparams force-mem-access 0' command is executed.
13:15:40 INFO  : ----------------XSDB Script----------------
connect -url tcp:127.0.0.1:3121
source /home/necryotiks/Documents/WSU-CPTE/EE324/Module_4/Module_4/m5/m5.sdk/design_1_wrapper_hw_platform_0/ps7_init.tcl
targets -set -nocase -filter {name =~"APU*" && jtag_cable_name =~ "RealDigital Bla 887100000093A"} -index 0
loadhw -hw /home/necryotiks/Documents/WSU-CPTE/EE324/Module_4/Module_4/m5/m5.sdk/design_1_wrapper_hw_platform_0/system.hdf -mem-ranges [list {0x40000000 0xbfffffff}]
configparams force-mem-access 1
targets -set -nocase -filter {name =~"APU*" && jtag_cable_name =~ "RealDigital Bla 887100000093A"} -index 0
stop
ps7_init
ps7_post_config
targets -set -nocase -filter {name =~ "ARM*#0" && jtag_cable_name =~ "RealDigital Bla 887100000093A"} -index 0
rst -processor
targets -set -nocase -filter {name =~ "ARM*#0" && jtag_cable_name =~ "RealDigital Bla 887100000093A"} -index 0
dow /home/necryotiks/Documents/WSU-CPTE/EE324/Module_4/Module_4/m5/m5.sdk/PWM/Debug/PWM.elf
configparams force-mem-access 0
----------------End of Script----------------

13:15:40 INFO  : Memory regions updated for context APU
13:15:40 INFO  : Context for processor 'ps7_cortexa9_0' is selected.
13:15:40 INFO  : 'con' command is executed.
13:15:40 INFO  : ----------------XSDB Script (After Launch)----------------
targets -set -nocase -filter {name =~ "ARM*#0" && jtag_cable_name =~ "RealDigital Bla 887100000093A"} -index 0
con
----------------End of Script----------------

13:15:40 INFO  : Launch script is exported to file '/home/necryotiks/Documents/WSU-CPTE/EE324/Module_4/Module_4/m5/m5.sdk/.sdk/launch_scripts/xilinx_c-c++_application_(system_debugger)/system_debugger_using_debug_pwm.elf_on_local.tcl'
13:16:08 INFO  : Disconnected from the channel tcfchan#1.
13:16:09 INFO  : 'targets -set -filter {jtag_cable_name =~ "RealDigital Bla 887100000093A" && level==0} -index 1' command is executed.
13:16:09 INFO  : 'fpga -state' command is executed.
13:16:09 INFO  : Connected to target on host '127.0.0.1' and port '3121'.
13:16:10 INFO  : Jtag cable 'RealDigital Bla 887100000093A' is selected.
13:16:10 INFO  : 'jtag frequency' command is executed.
13:16:10 INFO  : Sourcing of '/home/necryotiks/Documents/WSU-CPTE/EE324/Module_4/Module_4/m5/m5.sdk/design_1_wrapper_hw_platform_0/ps7_init.tcl' is done.
13:16:10 INFO  : Context for 'APU' is selected.
13:16:12 INFO  : Hardware design information is loaded from '/home/necryotiks/Documents/WSU-CPTE/EE324/Module_4/Module_4/m5/m5.sdk/design_1_wrapper_hw_platform_0/system.hdf'.
13:16:12 INFO  : 'configparams force-mem-access 1' command is executed.
13:16:12 INFO  : Context for 'APU' is selected.
13:16:12 INFO  : 'stop' command is executed.
13:16:13 INFO  : 'ps7_init' command is executed.
13:16:13 INFO  : 'ps7_post_config' command is executed.
13:16:13 INFO  : Context for processor 'ps7_cortexa9_0' is selected.
13:16:13 INFO  : Processor reset is completed for 'ps7_cortexa9_0'.
13:16:13 INFO  : Context for processor 'ps7_cortexa9_0' is selected.
13:16:13 INFO  : The application '/home/necryotiks/Documents/WSU-CPTE/EE324/Module_4/Module_4/m5/m5.sdk/PWM/Debug/PWM.elf' is downloaded to processor 'ps7_cortexa9_0'.
13:16:13 INFO  : 'configparams force-mem-access 0' command is executed.
13:16:13 INFO  : ----------------XSDB Script----------------
connect -url tcp:127.0.0.1:3121
source /home/necryotiks/Documents/WSU-CPTE/EE324/Module_4/Module_4/m5/m5.sdk/design_1_wrapper_hw_platform_0/ps7_init.tcl
targets -set -nocase -filter {name =~"APU*" && jtag_cable_name =~ "RealDigital Bla 887100000093A"} -index 0
loadhw -hw /home/necryotiks/Documents/WSU-CPTE/EE324/Module_4/Module_4/m5/m5.sdk/design_1_wrapper_hw_platform_0/system.hdf -mem-ranges [list {0x40000000 0xbfffffff}]
configparams force-mem-access 1
targets -set -nocase -filter {name =~"APU*" && jtag_cable_name =~ "RealDigital Bla 887100000093A"} -index 0
stop
ps7_init
ps7_post_config
targets -set -nocase -filter {name =~ "ARM*#0" && jtag_cable_name =~ "RealDigital Bla 887100000093A"} -index 0
rst -processor
targets -set -nocase -filter {name =~ "ARM*#0" && jtag_cable_name =~ "RealDigital Bla 887100000093A"} -index 0
dow /home/necryotiks/Documents/WSU-CPTE/EE324/Module_4/Module_4/m5/m5.sdk/PWM/Debug/PWM.elf
configparams force-mem-access 0
----------------End of Script----------------

13:16:13 INFO  : Memory regions updated for context APU
13:16:13 INFO  : Context for processor 'ps7_cortexa9_0' is selected.
13:16:13 INFO  : 'con' command is executed.
13:16:13 INFO  : ----------------XSDB Script (After Launch)----------------
targets -set -nocase -filter {name =~ "ARM*#0" && jtag_cable_name =~ "RealDigital Bla 887100000093A"} -index 0
con
----------------End of Script----------------

13:16:13 INFO  : Launch script is exported to file '/home/necryotiks/Documents/WSU-CPTE/EE324/Module_4/Module_4/m5/m5.sdk/.sdk/launch_scripts/xilinx_c-c++_application_(system_debugger)/system_debugger_using_debug_pwm.elf_on_local.tcl'
13:17:16 INFO  : Connected to target on host '127.0.0.1' and port '3121'.
13:17:16 INFO  : 'targets -set -filter {jtag_cable_name =~ "RealDigital Bla 887100000093A" && level==0} -index 1' command is executed.
13:17:17 INFO  : FPGA configured successfully with bitstream "/home/necryotiks/Documents/WSU-CPTE/EE324/Module_4/Module_4/m5/m5.sdk/design_1_wrapper_hw_platform_0/design_1_wrapper.bit"
13:17:24 INFO  : Disconnected from the channel tcfchan#2.
13:17:25 INFO  : 'targets -set -filter {jtag_cable_name =~ "RealDigital Bla 887100000093A" && level==0} -index 1' command is executed.
13:17:25 INFO  : 'fpga -state' command is executed.
13:17:25 INFO  : Connected to target on host '127.0.0.1' and port '3121'.
13:17:25 INFO  : Jtag cable 'RealDigital Bla 887100000093A' is selected.
13:17:25 INFO  : 'jtag frequency' command is executed.
13:17:25 INFO  : Sourcing of '/home/necryotiks/Documents/WSU-CPTE/EE324/Module_4/Module_4/m5/m5.sdk/design_1_wrapper_hw_platform_0/ps7_init.tcl' is done.
13:17:25 INFO  : Context for 'APU' is selected.
13:17:25 INFO  : Hardware design information is loaded from '/home/necryotiks/Documents/WSU-CPTE/EE324/Module_4/Module_4/m5/m5.sdk/design_1_wrapper_hw_platform_0/system.hdf'.
13:17:25 INFO  : 'configparams force-mem-access 1' command is executed.
13:17:25 INFO  : Context for 'APU' is selected.
13:17:25 INFO  : 'stop' command is executed.
13:17:25 INFO  : 'ps7_init' command is executed.
13:17:25 INFO  : 'ps7_post_config' command is executed.
13:17:25 INFO  : Context for processor 'ps7_cortexa9_0' is selected.
13:17:25 INFO  : Processor reset is completed for 'ps7_cortexa9_0'.
13:17:25 INFO  : Context for processor 'ps7_cortexa9_0' is selected.
13:17:25 INFO  : The application '/home/necryotiks/Documents/WSU-CPTE/EE324/Module_4/Module_4/m5/m5.sdk/PWM/Debug/PWM.elf' is downloaded to processor 'ps7_cortexa9_0'.
13:17:25 INFO  : 'configparams force-mem-access 0' command is executed.
13:17:25 INFO  : ----------------XSDB Script----------------
connect -url tcp:127.0.0.1:3121
source /home/necryotiks/Documents/WSU-CPTE/EE324/Module_4/Module_4/m5/m5.sdk/design_1_wrapper_hw_platform_0/ps7_init.tcl
targets -set -nocase -filter {name =~"APU*" && jtag_cable_name =~ "RealDigital Bla 887100000093A"} -index 0
loadhw -hw /home/necryotiks/Documents/WSU-CPTE/EE324/Module_4/Module_4/m5/m5.sdk/design_1_wrapper_hw_platform_0/system.hdf -mem-ranges [list {0x40000000 0xbfffffff}]
configparams force-mem-access 1
targets -set -nocase -filter {name =~"APU*" && jtag_cable_name =~ "RealDigital Bla 887100000093A"} -index 0
stop
ps7_init
ps7_post_config
targets -set -nocase -filter {name =~ "ARM*#0" && jtag_cable_name =~ "RealDigital Bla 887100000093A"} -index 0
rst -processor
targets -set -nocase -filter {name =~ "ARM*#0" && jtag_cable_name =~ "RealDigital Bla 887100000093A"} -index 0
dow /home/necryotiks/Documents/WSU-CPTE/EE324/Module_4/Module_4/m5/m5.sdk/PWM/Debug/PWM.elf
configparams force-mem-access 0
----------------End of Script----------------

13:17:25 INFO  : Memory regions updated for context APU
13:17:25 INFO  : Context for processor 'ps7_cortexa9_0' is selected.
13:17:25 INFO  : 'con' command is executed.
13:17:25 INFO  : ----------------XSDB Script (After Launch)----------------
targets -set -nocase -filter {name =~ "ARM*#0" && jtag_cable_name =~ "RealDigital Bla 887100000093A"} -index 0
con
----------------End of Script----------------

13:17:25 INFO  : Launch script is exported to file '/home/necryotiks/Documents/WSU-CPTE/EE324/Module_4/Module_4/m5/m5.sdk/.sdk/launch_scripts/xilinx_c-c++_application_(system_debugger)/system_debugger_using_debug_pwm.elf_on_local.tcl'
13:18:31 INFO  : Disconnected from the channel tcfchan#3.
13:18:33 INFO  : 'targets -set -filter {jtag_cable_name =~ "RealDigital Bla 887100000093A" && level==0} -index 1' command is executed.
13:18:33 INFO  : 'fpga -state' command is executed.
13:18:33 INFO  : Connected to target on host '127.0.0.1' and port '3121'.
13:18:33 INFO  : Jtag cable 'RealDigital Bla 887100000093A' is selected.
13:18:33 INFO  : 'jtag frequency' command is executed.
13:18:33 INFO  : Sourcing of '/home/necryotiks/Documents/WSU-CPTE/EE324/Module_4/Module_4/m5/m5.sdk/design_1_wrapper_hw_platform_0/ps7_init.tcl' is done.
13:18:33 INFO  : Context for 'APU' is selected.
13:18:33 INFO  : Hardware design information is loaded from '/home/necryotiks/Documents/WSU-CPTE/EE324/Module_4/Module_4/m5/m5.sdk/design_1_wrapper_hw_platform_0/system.hdf'.
13:18:33 INFO  : 'configparams force-mem-access 1' command is executed.
13:18:33 INFO  : Context for 'APU' is selected.
13:18:33 INFO  : 'stop' command is executed.
13:18:33 INFO  : 'ps7_init' command is executed.
13:18:33 INFO  : 'ps7_post_config' command is executed.
13:18:33 INFO  : Context for processor 'ps7_cortexa9_0' is selected.
13:18:33 INFO  : Processor reset is completed for 'ps7_cortexa9_0'.
13:18:33 INFO  : Context for processor 'ps7_cortexa9_0' is selected.
13:18:33 INFO  : The application '/home/necryotiks/Documents/WSU-CPTE/EE324/Module_4/Module_4/m5/m5.sdk/PWM/Debug/PWM.elf' is downloaded to processor 'ps7_cortexa9_0'.
13:18:33 INFO  : 'configparams force-mem-access 0' command is executed.
13:18:33 INFO  : ----------------XSDB Script----------------
connect -url tcp:127.0.0.1:3121
source /home/necryotiks/Documents/WSU-CPTE/EE324/Module_4/Module_4/m5/m5.sdk/design_1_wrapper_hw_platform_0/ps7_init.tcl
targets -set -nocase -filter {name =~"APU*" && jtag_cable_name =~ "RealDigital Bla 887100000093A"} -index 0
loadhw -hw /home/necryotiks/Documents/WSU-CPTE/EE324/Module_4/Module_4/m5/m5.sdk/design_1_wrapper_hw_platform_0/system.hdf -mem-ranges [list {0x40000000 0xbfffffff}]
configparams force-mem-access 1
targets -set -nocase -filter {name =~"APU*" && jtag_cable_name =~ "RealDigital Bla 887100000093A"} -index 0
stop
ps7_init
ps7_post_config
targets -set -nocase -filter {name =~ "ARM*#0" && jtag_cable_name =~ "RealDigital Bla 887100000093A"} -index 0
rst -processor
targets -set -nocase -filter {name =~ "ARM*#0" && jtag_cable_name =~ "RealDigital Bla 887100000093A"} -index 0
dow /home/necryotiks/Documents/WSU-CPTE/EE324/Module_4/Module_4/m5/m5.sdk/PWM/Debug/PWM.elf
configparams force-mem-access 0
----------------End of Script----------------

13:18:33 INFO  : Memory regions updated for context APU
13:18:33 INFO  : Context for processor 'ps7_cortexa9_0' is selected.
13:18:33 INFO  : 'con' command is executed.
13:18:33 INFO  : ----------------XSDB Script (After Launch)----------------
targets -set -nocase -filter {name =~ "ARM*#0" && jtag_cable_name =~ "RealDigital Bla 887100000093A"} -index 0
con
----------------End of Script----------------

13:18:33 INFO  : Launch script is exported to file '/home/necryotiks/Documents/WSU-CPTE/EE324/Module_4/Module_4/m5/m5.sdk/.sdk/launch_scripts/xilinx_c-c++_application_(system_debugger)/system_debugger_using_debug_pwm.elf_on_local.tcl'
13:41:01 INFO  : Disconnected from the channel tcfchan#4.
13:42:08 INFO  : Registering command handlers for SDK TCF services
13:42:10 INFO  : Launching XSCT server: xsct -n -interactive /home/necryotiks/Documents/WSU-CPTE/EE324/Module_4/Module_4/m5/m5.sdk/temp_xsdb_launch_script.tcl
13:42:15 INFO  : XSCT server has started successfully.
13:42:15 INFO  : Successfully done setting XSCT server connection channel  
13:42:30 INFO  : Registering command handlers for SDK TCF services
13:42:32 INFO  : Launching XSCT server: xsct -n -interactive /home/necryotiks/Documents/WSU-CPTE/EE324/Module_4/Module_4/m5/m5.sdk/temp_xsdb_launch_script.tcl
13:42:35 INFO  : XSCT server has started successfully.
13:42:35 INFO  : Successfully done setting XSCT server connection channel  
13:42:35 INFO  : Successfully done setting SDK workspace  
13:42:35 INFO  : Processing command line option -hwspec /home/necryotiks/Documents/WSU-CPTE/EE324/Module_4/Module_4/m5/m5.sdk/design_1_wrapper.hdf.
13:42:35 INFO  : Checking for hwspec changes in the project design_1_wrapper_hw_platform_0.
13:42:45 INFO  : SDK has detected change in the last modified timestamps for source hardware specification file Source:1572554386000,  Project:1572552715000
13:42:45 INFO  : The hardware specification for project 'design_1_wrapper_hw_platform_0' is different from /home/necryotiks/Documents/WSU-CPTE/EE324/Module_4/Module_4/m5/m5.sdk/design_1_wrapper.hdf.
13:42:45 INFO  : Copied contents of /home/necryotiks/Documents/WSU-CPTE/EE324/Module_4/Module_4/m5/m5.sdk/design_1_wrapper.hdf into /design_1_wrapper_hw_platform_0/system.hdf.
13:42:59 INFO  : Synchronizing projects in the workspace with the hardware platform specification changes.
13:43:05 INFO  : 
13:43:06 INFO  : Updating hardware inferred compiler options for PWM.
13:43:06 INFO  : Clearing existing target manager status.
13:44:14 INFO  : Connected to target on host '127.0.0.1' and port '3121'.
13:44:14 INFO  : 'targets -set -filter {jtag_cable_name =~ "RealDigital Bla 887100000093A" && level==0} -index 1' command is executed.
13:44:15 INFO  : FPGA configured successfully with bitstream "/home/necryotiks/Documents/WSU-CPTE/EE324/Module_4/Module_4/m5/m5.sdk/design_1_wrapper_hw_platform_0/design_1_wrapper.bit"
13:44:34 INFO  : 'targets -set -filter {jtag_cable_name =~ "RealDigital Bla 887100000093A" && level==0} -index 1' command is executed.
13:44:34 INFO  : 'fpga -state' command is executed.
13:44:34 INFO  : Connected to target on host '127.0.0.1' and port '3121'.
13:44:34 INFO  : Jtag cable 'RealDigital Bla 887100000093A' is selected.
13:44:34 INFO  : 'jtag frequency' command is executed.
13:44:34 INFO  : Sourcing of '/home/necryotiks/Documents/WSU-CPTE/EE324/Module_4/Module_4/m5/m5.sdk/design_1_wrapper_hw_platform_0/ps7_init.tcl' is done.
13:44:34 INFO  : Context for 'APU' is selected.
13:44:34 INFO  : Hardware design information is loaded from '/home/necryotiks/Documents/WSU-CPTE/EE324/Module_4/Module_4/m5/m5.sdk/design_1_wrapper_hw_platform_0/system.hdf'.
13:44:34 INFO  : 'configparams force-mem-access 1' command is executed.
13:44:34 INFO  : Context for 'APU' is selected.
13:44:34 INFO  : 'stop' command is executed.
13:44:34 INFO  : 'ps7_init' command is executed.
13:44:34 INFO  : 'ps7_post_config' command is executed.
13:44:34 INFO  : Context for processor 'ps7_cortexa9_0' is selected.
13:44:34 INFO  : Processor reset is completed for 'ps7_cortexa9_0'.
13:44:35 INFO  : Context for processor 'ps7_cortexa9_0' is selected.
13:44:35 INFO  : The application '/home/necryotiks/Documents/WSU-CPTE/EE324/Module_4/Module_4/m5/m5.sdk/PWM/Debug/PWM.elf' is downloaded to processor 'ps7_cortexa9_0'.
13:44:35 INFO  : 'configparams force-mem-access 0' command is executed.
13:44:35 INFO  : ----------------XSDB Script----------------
connect -url tcp:127.0.0.1:3121
source /home/necryotiks/Documents/WSU-CPTE/EE324/Module_4/Module_4/m5/m5.sdk/design_1_wrapper_hw_platform_0/ps7_init.tcl
targets -set -nocase -filter {name =~"APU*" && jtag_cable_name =~ "RealDigital Bla 887100000093A"} -index 0
loadhw -hw /home/necryotiks/Documents/WSU-CPTE/EE324/Module_4/Module_4/m5/m5.sdk/design_1_wrapper_hw_platform_0/system.hdf -mem-ranges [list {0x40000000 0xbfffffff}]
configparams force-mem-access 1
targets -set -nocase -filter {name =~"APU*" && jtag_cable_name =~ "RealDigital Bla 887100000093A"} -index 0
stop
ps7_init
ps7_post_config
targets -set -nocase -filter {name =~ "ARM*#0" && jtag_cable_name =~ "RealDigital Bla 887100000093A"} -index 0
rst -processor
targets -set -nocase -filter {name =~ "ARM*#0" && jtag_cable_name =~ "RealDigital Bla 887100000093A"} -index 0
dow /home/necryotiks/Documents/WSU-CPTE/EE324/Module_4/Module_4/m5/m5.sdk/PWM/Debug/PWM.elf
configparams force-mem-access 0
----------------End of Script----------------

13:44:35 INFO  : Memory regions updated for context APU
13:44:35 INFO  : Context for processor 'ps7_cortexa9_0' is selected.
13:44:35 INFO  : 'con' command is executed.
13:44:35 INFO  : ----------------XSDB Script (After Launch)----------------
targets -set -nocase -filter {name =~ "ARM*#0" && jtag_cable_name =~ "RealDigital Bla 887100000093A"} -index 0
con
----------------End of Script----------------

13:44:35 INFO  : Launch script is exported to file '/home/necryotiks/Documents/WSU-CPTE/EE324/Module_4/Module_4/m5/m5.sdk/.sdk/launch_scripts/xilinx_c-c++_application_(system_debugger)/system_debugger_using_debug_pwm.elf_on_local.tcl'
13:46:32 INFO  : Disconnected from the channel tcfchan#1.
13:46:33 INFO  : 'targets -set -filter {jtag_cable_name =~ "RealDigital Bla 887100000093A" && level==0} -index 1' command is executed.
13:46:33 INFO  : 'fpga -state' command is executed.
13:46:33 INFO  : Connected to target on host '127.0.0.1' and port '3121'.
13:46:34 INFO  : Jtag cable 'RealDigital Bla 887100000093A' is selected.
13:46:34 INFO  : 'jtag frequency' command is executed.
13:46:34 INFO  : Sourcing of '/home/necryotiks/Documents/WSU-CPTE/EE324/Module_4/Module_4/m5/m5.sdk/design_1_wrapper_hw_platform_0/ps7_init.tcl' is done.
13:46:34 INFO  : Context for 'APU' is selected.
13:46:36 INFO  : Hardware design information is loaded from '/home/necryotiks/Documents/WSU-CPTE/EE324/Module_4/Module_4/m5/m5.sdk/design_1_wrapper_hw_platform_0/system.hdf'.
13:46:36 INFO  : 'configparams force-mem-access 1' command is executed.
13:46:36 INFO  : Context for 'APU' is selected.
13:46:36 INFO  : 'stop' command is executed.
13:46:36 INFO  : 'ps7_init' command is executed.
13:46:36 INFO  : 'ps7_post_config' command is executed.
13:46:36 INFO  : Context for processor 'ps7_cortexa9_0' is selected.
13:46:36 INFO  : Processor reset is completed for 'ps7_cortexa9_0'.
13:46:36 INFO  : Context for processor 'ps7_cortexa9_0' is selected.
13:46:36 INFO  : The application '/home/necryotiks/Documents/WSU-CPTE/EE324/Module_4/Module_4/m5/m5.sdk/PWM/Debug/PWM.elf' is downloaded to processor 'ps7_cortexa9_0'.
13:46:36 INFO  : 'configparams force-mem-access 0' command is executed.
13:46:36 INFO  : ----------------XSDB Script----------------
connect -url tcp:127.0.0.1:3121
source /home/necryotiks/Documents/WSU-CPTE/EE324/Module_4/Module_4/m5/m5.sdk/design_1_wrapper_hw_platform_0/ps7_init.tcl
targets -set -nocase -filter {name =~"APU*" && jtag_cable_name =~ "RealDigital Bla 887100000093A"} -index 0
loadhw -hw /home/necryotiks/Documents/WSU-CPTE/EE324/Module_4/Module_4/m5/m5.sdk/design_1_wrapper_hw_platform_0/system.hdf -mem-ranges [list {0x40000000 0xbfffffff}]
configparams force-mem-access 1
targets -set -nocase -filter {name =~"APU*" && jtag_cable_name =~ "RealDigital Bla 887100000093A"} -index 0
stop
ps7_init
ps7_post_config
targets -set -nocase -filter {name =~ "ARM*#0" && jtag_cable_name =~ "RealDigital Bla 887100000093A"} -index 0
rst -processor
targets -set -nocase -filter {name =~ "ARM*#0" && jtag_cable_name =~ "RealDigital Bla 887100000093A"} -index 0
dow /home/necryotiks/Documents/WSU-CPTE/EE324/Module_4/Module_4/m5/m5.sdk/PWM/Debug/PWM.elf
configparams force-mem-access 0
----------------End of Script----------------

13:46:36 INFO  : Memory regions updated for context APU
13:46:36 INFO  : Context for processor 'ps7_cortexa9_0' is selected.
13:46:36 INFO  : 'con' command is executed.
13:46:36 INFO  : ----------------XSDB Script (After Launch)----------------
targets -set -nocase -filter {name =~ "ARM*#0" && jtag_cable_name =~ "RealDigital Bla 887100000093A"} -index 0
con
----------------End of Script----------------

13:46:36 INFO  : Launch script is exported to file '/home/necryotiks/Documents/WSU-CPTE/EE324/Module_4/Module_4/m5/m5.sdk/.sdk/launch_scripts/xilinx_c-c++_application_(system_debugger)/system_debugger_using_debug_pwm.elf_on_local.tcl'
13:47:06 INFO  : Disconnected from the channel tcfchan#2.
13:47:07 INFO  : 'targets -set -filter {jtag_cable_name =~ "RealDigital Bla 887100000093A" && level==0} -index 1' command is executed.
13:47:07 INFO  : 'fpga -state' command is executed.
13:47:07 INFO  : Connected to target on host '127.0.0.1' and port '3121'.
13:47:07 INFO  : Jtag cable 'RealDigital Bla 887100000093A' is selected.
13:47:07 INFO  : 'jtag frequency' command is executed.
13:47:07 INFO  : Sourcing of '/home/necryotiks/Documents/WSU-CPTE/EE324/Module_4/Module_4/m5/m5.sdk/design_1_wrapper_hw_platform_0/ps7_init.tcl' is done.
13:47:08 INFO  : Context for 'APU' is selected.
13:47:08 INFO  : Hardware design information is loaded from '/home/necryotiks/Documents/WSU-CPTE/EE324/Module_4/Module_4/m5/m5.sdk/design_1_wrapper_hw_platform_0/system.hdf'.
13:47:08 INFO  : 'configparams force-mem-access 1' command is executed.
13:47:08 INFO  : Context for 'APU' is selected.
13:47:08 INFO  : 'stop' command is executed.
13:47:08 INFO  : 'ps7_init' command is executed.
13:47:08 INFO  : 'ps7_post_config' command is executed.
13:47:08 INFO  : Context for processor 'ps7_cortexa9_0' is selected.
13:47:08 INFO  : Processor reset is completed for 'ps7_cortexa9_0'.
13:47:08 INFO  : Context for processor 'ps7_cortexa9_0' is selected.
13:47:08 INFO  : The application '/home/necryotiks/Documents/WSU-CPTE/EE324/Module_4/Module_4/m5/m5.sdk/PWM/Debug/PWM.elf' is downloaded to processor 'ps7_cortexa9_0'.
13:47:08 INFO  : 'configparams force-mem-access 0' command is executed.
13:47:08 INFO  : ----------------XSDB Script----------------
connect -url tcp:127.0.0.1:3121
source /home/necryotiks/Documents/WSU-CPTE/EE324/Module_4/Module_4/m5/m5.sdk/design_1_wrapper_hw_platform_0/ps7_init.tcl
targets -set -nocase -filter {name =~"APU*" && jtag_cable_name =~ "RealDigital Bla 887100000093A"} -index 0
loadhw -hw /home/necryotiks/Documents/WSU-CPTE/EE324/Module_4/Module_4/m5/m5.sdk/design_1_wrapper_hw_platform_0/system.hdf -mem-ranges [list {0x40000000 0xbfffffff}]
configparams force-mem-access 1
targets -set -nocase -filter {name =~"APU*" && jtag_cable_name =~ "RealDigital Bla 887100000093A"} -index 0
stop
ps7_init
ps7_post_config
targets -set -nocase -filter {name =~ "ARM*#0" && jtag_cable_name =~ "RealDigital Bla 887100000093A"} -index 0
rst -processor
targets -set -nocase -filter {name =~ "ARM*#0" && jtag_cable_name =~ "RealDigital Bla 887100000093A"} -index 0
dow /home/necryotiks/Documents/WSU-CPTE/EE324/Module_4/Module_4/m5/m5.sdk/PWM/Debug/PWM.elf
configparams force-mem-access 0
----------------End of Script----------------

13:47:08 INFO  : Memory regions updated for context APU
13:47:08 INFO  : Context for processor 'ps7_cortexa9_0' is selected.
13:47:08 INFO  : 'con' command is executed.
13:47:08 INFO  : ----------------XSDB Script (After Launch)----------------
targets -set -nocase -filter {name =~ "ARM*#0" && jtag_cable_name =~ "RealDigital Bla 887100000093A"} -index 0
con
----------------End of Script----------------

13:47:08 INFO  : Launch script is exported to file '/home/necryotiks/Documents/WSU-CPTE/EE324/Module_4/Module_4/m5/m5.sdk/.sdk/launch_scripts/xilinx_c-c++_application_(system_debugger)/system_debugger_using_debug_pwm.elf_on_local.tcl'
13:47:33 INFO  : Disconnected from the channel tcfchan#3.
13:47:34 INFO  : 'targets -set -filter {jtag_cable_name =~ "RealDigital Bla 887100000093A" && level==0} -index 1' command is executed.
13:47:34 INFO  : 'fpga -state' command is executed.
13:47:34 INFO  : Connected to target on host '127.0.0.1' and port '3121'.
13:47:34 INFO  : Jtag cable 'RealDigital Bla 887100000093A' is selected.
13:47:34 INFO  : 'jtag frequency' command is executed.
13:47:34 INFO  : Sourcing of '/home/necryotiks/Documents/WSU-CPTE/EE324/Module_4/Module_4/m5/m5.sdk/design_1_wrapper_hw_platform_0/ps7_init.tcl' is done.
13:47:34 INFO  : Context for 'APU' is selected.
13:47:34 INFO  : Hardware design information is loaded from '/home/necryotiks/Documents/WSU-CPTE/EE324/Module_4/Module_4/m5/m5.sdk/design_1_wrapper_hw_platform_0/system.hdf'.
13:47:34 INFO  : 'configparams force-mem-access 1' command is executed.
13:47:34 INFO  : Context for 'APU' is selected.
13:47:34 INFO  : 'stop' command is executed.
13:47:35 INFO  : 'ps7_init' command is executed.
13:47:35 INFO  : 'ps7_post_config' command is executed.
13:47:35 INFO  : Context for processor 'ps7_cortexa9_0' is selected.
13:47:35 INFO  : Processor reset is completed for 'ps7_cortexa9_0'.
13:47:35 INFO  : Context for processor 'ps7_cortexa9_0' is selected.
13:47:35 INFO  : The application '/home/necryotiks/Documents/WSU-CPTE/EE324/Module_4/Module_4/m5/m5.sdk/PWM/Debug/PWM.elf' is downloaded to processor 'ps7_cortexa9_0'.
13:47:35 INFO  : 'configparams force-mem-access 0' command is executed.
13:47:35 INFO  : ----------------XSDB Script----------------
connect -url tcp:127.0.0.1:3121
source /home/necryotiks/Documents/WSU-CPTE/EE324/Module_4/Module_4/m5/m5.sdk/design_1_wrapper_hw_platform_0/ps7_init.tcl
targets -set -nocase -filter {name =~"APU*" && jtag_cable_name =~ "RealDigital Bla 887100000093A"} -index 0
loadhw -hw /home/necryotiks/Documents/WSU-CPTE/EE324/Module_4/Module_4/m5/m5.sdk/design_1_wrapper_hw_platform_0/system.hdf -mem-ranges [list {0x40000000 0xbfffffff}]
configparams force-mem-access 1
targets -set -nocase -filter {name =~"APU*" && jtag_cable_name =~ "RealDigital Bla 887100000093A"} -index 0
stop
ps7_init
ps7_post_config
targets -set -nocase -filter {name =~ "ARM*#0" && jtag_cable_name =~ "RealDigital Bla 887100000093A"} -index 0
rst -processor
targets -set -nocase -filter {name =~ "ARM*#0" && jtag_cable_name =~ "RealDigital Bla 887100000093A"} -index 0
dow /home/necryotiks/Documents/WSU-CPTE/EE324/Module_4/Module_4/m5/m5.sdk/PWM/Debug/PWM.elf
configparams force-mem-access 0
----------------End of Script----------------

13:47:35 INFO  : Memory regions updated for context APU
13:47:35 INFO  : Context for processor 'ps7_cortexa9_0' is selected.
13:47:35 INFO  : 'con' command is executed.
13:47:35 INFO  : ----------------XSDB Script (After Launch)----------------
targets -set -nocase -filter {name =~ "ARM*#0" && jtag_cable_name =~ "RealDigital Bla 887100000093A"} -index 0
con
----------------End of Script----------------

13:47:35 INFO  : Launch script is exported to file '/home/necryotiks/Documents/WSU-CPTE/EE324/Module_4/Module_4/m5/m5.sdk/.sdk/launch_scripts/xilinx_c-c++_application_(system_debugger)/system_debugger_using_debug_pwm.elf_on_local.tcl'
13:48:01 INFO  : Disconnected from the channel tcfchan#4.
13:48:02 INFO  : 'targets -set -filter {jtag_cable_name =~ "RealDigital Bla 887100000093A" && level==0} -index 1' command is executed.
13:48:02 INFO  : 'fpga -state' command is executed.
13:48:02 INFO  : Connected to target on host '127.0.0.1' and port '3121'.
13:48:03 INFO  : Jtag cable 'RealDigital Bla 887100000093A' is selected.
13:48:03 INFO  : 'jtag frequency' command is executed.
13:48:03 INFO  : Sourcing of '/home/necryotiks/Documents/WSU-CPTE/EE324/Module_4/Module_4/m5/m5.sdk/design_1_wrapper_hw_platform_0/ps7_init.tcl' is done.
13:48:03 INFO  : Context for 'APU' is selected.
13:48:03 INFO  : Hardware design information is loaded from '/home/necryotiks/Documents/WSU-CPTE/EE324/Module_4/Module_4/m5/m5.sdk/design_1_wrapper_hw_platform_0/system.hdf'.
13:48:03 INFO  : 'configparams force-mem-access 1' command is executed.
13:48:03 INFO  : Context for 'APU' is selected.
13:48:03 INFO  : 'stop' command is executed.
13:48:03 INFO  : 'ps7_init' command is executed.
13:48:03 INFO  : 'ps7_post_config' command is executed.
13:48:03 INFO  : Context for processor 'ps7_cortexa9_0' is selected.
13:48:03 INFO  : Processor reset is completed for 'ps7_cortexa9_0'.
13:48:03 INFO  : Context for processor 'ps7_cortexa9_0' is selected.
13:48:04 INFO  : The application '/home/necryotiks/Documents/WSU-CPTE/EE324/Module_4/Module_4/m5/m5.sdk/PWM/Debug/PWM.elf' is downloaded to processor 'ps7_cortexa9_0'.
13:48:04 INFO  : 'configparams force-mem-access 0' command is executed.
13:48:04 INFO  : ----------------XSDB Script----------------
connect -url tcp:127.0.0.1:3121
source /home/necryotiks/Documents/WSU-CPTE/EE324/Module_4/Module_4/m5/m5.sdk/design_1_wrapper_hw_platform_0/ps7_init.tcl
targets -set -nocase -filter {name =~"APU*" && jtag_cable_name =~ "RealDigital Bla 887100000093A"} -index 0
loadhw -hw /home/necryotiks/Documents/WSU-CPTE/EE324/Module_4/Module_4/m5/m5.sdk/design_1_wrapper_hw_platform_0/system.hdf -mem-ranges [list {0x40000000 0xbfffffff}]
configparams force-mem-access 1
targets -set -nocase -filter {name =~"APU*" && jtag_cable_name =~ "RealDigital Bla 887100000093A"} -index 0
stop
ps7_init
ps7_post_config
targets -set -nocase -filter {name =~ "ARM*#0" && jtag_cable_name =~ "RealDigital Bla 887100000093A"} -index 0
rst -processor
targets -set -nocase -filter {name =~ "ARM*#0" && jtag_cable_name =~ "RealDigital Bla 887100000093A"} -index 0
dow /home/necryotiks/Documents/WSU-CPTE/EE324/Module_4/Module_4/m5/m5.sdk/PWM/Debug/PWM.elf
configparams force-mem-access 0
----------------End of Script----------------

13:48:04 INFO  : Memory regions updated for context APU
13:48:04 INFO  : Context for processor 'ps7_cortexa9_0' is selected.
13:48:04 INFO  : 'con' command is executed.
13:48:04 INFO  : ----------------XSDB Script (After Launch)----------------
targets -set -nocase -filter {name =~ "ARM*#0" && jtag_cable_name =~ "RealDigital Bla 887100000093A"} -index 0
con
----------------End of Script----------------

13:48:04 INFO  : Launch script is exported to file '/home/necryotiks/Documents/WSU-CPTE/EE324/Module_4/Module_4/m5/m5.sdk/.sdk/launch_scripts/xilinx_c-c++_application_(system_debugger)/system_debugger_using_debug_pwm.elf_on_local.tcl'
13:58:59 INFO  : Disconnected from the channel tcfchan#5.
13:59:52 INFO  : Registering command handlers for SDK TCF services
13:59:54 INFO  : Launching XSCT server: xsct -n -interactive /home/necryotiks/Documents/WSU-CPTE/EE324/Module_4/Module_4/m5/m5.sdk/temp_xsdb_launch_script.tcl
13:59:59 INFO  : XSCT server has started successfully.
13:59:59 INFO  : Successfully done setting XSCT server connection channel  
14:00:16 INFO  : Successfully done setting SDK workspace  
14:00:16 INFO  : Processing command line option -hwspec /home/necryotiks/Documents/WSU-CPTE/EE324/Module_4/Module_4/m5/m5.sdk/design_1_wrapper.hdf.
14:00:19 INFO  : Checking for hwspec changes in the project design_1_wrapper_hw_platform_0.
14:00:41 INFO  : SDK has detected change in the last modified timestamps for source hardware specification file Source:1572555518000,  Project:1572554386000
14:00:41 INFO  : The hardware specification for project 'design_1_wrapper_hw_platform_0' is different from /home/necryotiks/Documents/WSU-CPTE/EE324/Module_4/Module_4/m5/m5.sdk/design_1_wrapper.hdf.
14:00:42 INFO  : Copied contents of /home/necryotiks/Documents/WSU-CPTE/EE324/Module_4/Module_4/m5/m5.sdk/design_1_wrapper.hdf into /design_1_wrapper_hw_platform_0/system.hdf.
14:00:46 INFO  : Synchronizing projects in the workspace with the hardware platform specification changes.
14:00:58 INFO  : 
14:00:59 INFO  : Updating hardware inferred compiler options for PWM.
14:00:59 INFO  : Clearing existing target manager status.
14:02:11 INFO  : Connected to target on host '127.0.0.1' and port '3121'.
14:02:11 INFO  : 'targets -set -filter {jtag_cable_name =~ "RealDigital Bla 887100000093A" && level==0} -index 1' command is executed.
14:02:12 INFO  : FPGA configured successfully with bitstream "/home/necryotiks/Documents/WSU-CPTE/EE324/Module_4/Module_4/m5/m5.sdk/design_1_wrapper_hw_platform_0/design_1_wrapper.bit"
14:02:35 INFO  : 'targets -set -filter {jtag_cable_name =~ "RealDigital Bla 887100000093A" && level==0} -index 1' command is executed.
14:02:35 INFO  : 'fpga -state' command is executed.
14:02:35 INFO  : Connected to target on host '127.0.0.1' and port '3121'.
14:02:36 INFO  : Jtag cable 'RealDigital Bla 887100000093A' is selected.
14:02:36 INFO  : 'jtag frequency' command is executed.
14:02:36 INFO  : Sourcing of '/home/necryotiks/Documents/WSU-CPTE/EE324/Module_4/Module_4/m5/m5.sdk/design_1_wrapper_hw_platform_0/ps7_init.tcl' is done.
14:02:36 INFO  : Context for 'APU' is selected.
14:02:36 INFO  : Hardware design information is loaded from '/home/necryotiks/Documents/WSU-CPTE/EE324/Module_4/Module_4/m5/m5.sdk/design_1_wrapper_hw_platform_0/system.hdf'.
14:02:36 INFO  : 'configparams force-mem-access 1' command is executed.
14:02:36 INFO  : Context for 'APU' is selected.
14:02:36 INFO  : 'stop' command is executed.
14:02:36 INFO  : 'ps7_init' command is executed.
14:02:36 INFO  : 'ps7_post_config' command is executed.
14:02:36 INFO  : Context for processor 'ps7_cortexa9_0' is selected.
14:02:36 INFO  : Processor reset is completed for 'ps7_cortexa9_0'.
14:02:36 INFO  : Context for processor 'ps7_cortexa9_0' is selected.
14:02:37 INFO  : The application '/home/necryotiks/Documents/WSU-CPTE/EE324/Module_4/Module_4/m5/m5.sdk/PWM/Debug/PWM.elf' is downloaded to processor 'ps7_cortexa9_0'.
14:02:37 INFO  : 'configparams force-mem-access 0' command is executed.
14:02:37 INFO  : ----------------XSDB Script----------------
connect -url tcp:127.0.0.1:3121
source /home/necryotiks/Documents/WSU-CPTE/EE324/Module_4/Module_4/m5/m5.sdk/design_1_wrapper_hw_platform_0/ps7_init.tcl
targets -set -nocase -filter {name =~"APU*" && jtag_cable_name =~ "RealDigital Bla 887100000093A"} -index 0
loadhw -hw /home/necryotiks/Documents/WSU-CPTE/EE324/Module_4/Module_4/m5/m5.sdk/design_1_wrapper_hw_platform_0/system.hdf -mem-ranges [list {0x40000000 0xbfffffff}]
configparams force-mem-access 1
targets -set -nocase -filter {name =~"APU*" && jtag_cable_name =~ "RealDigital Bla 887100000093A"} -index 0
stop
ps7_init
ps7_post_config
targets -set -nocase -filter {name =~ "ARM*#0" && jtag_cable_name =~ "RealDigital Bla 887100000093A"} -index 0
rst -processor
targets -set -nocase -filter {name =~ "ARM*#0" && jtag_cable_name =~ "RealDigital Bla 887100000093A"} -index 0
dow /home/necryotiks/Documents/WSU-CPTE/EE324/Module_4/Module_4/m5/m5.sdk/PWM/Debug/PWM.elf
configparams force-mem-access 0
----------------End of Script----------------

14:02:37 INFO  : Memory regions updated for context APU
14:02:37 INFO  : Context for processor 'ps7_cortexa9_0' is selected.
14:02:37 INFO  : 'con' command is executed.
14:02:37 INFO  : ----------------XSDB Script (After Launch)----------------
targets -set -nocase -filter {name =~ "ARM*#0" && jtag_cable_name =~ "RealDigital Bla 887100000093A"} -index 0
con
----------------End of Script----------------

14:02:37 INFO  : Launch script is exported to file '/home/necryotiks/Documents/WSU-CPTE/EE324/Module_4/Module_4/m5/m5.sdk/.sdk/launch_scripts/xilinx_c-c++_application_(system_debugger)/system_debugger_using_debug_pwm.elf_on_local.tcl'
14:04:32 INFO  : Disconnected from the channel tcfchan#1.
14:04:34 INFO  : 'targets -set -filter {jtag_cable_name =~ "RealDigital Bla 887100000093A" && level==0} -index 1' command is executed.
14:04:34 INFO  : 'fpga -state' command is executed.
14:04:34 INFO  : Connected to target on host '127.0.0.1' and port '3121'.
14:04:34 INFO  : Jtag cable 'RealDigital Bla 887100000093A' is selected.
14:04:34 INFO  : 'jtag frequency' command is executed.
14:04:34 INFO  : Sourcing of '/home/necryotiks/Documents/WSU-CPTE/EE324/Module_4/Module_4/m5/m5.sdk/design_1_wrapper_hw_platform_0/ps7_init.tcl' is done.
14:04:34 INFO  : Context for 'APU' is selected.
14:04:36 INFO  : Hardware design information is loaded from '/home/necryotiks/Documents/WSU-CPTE/EE324/Module_4/Module_4/m5/m5.sdk/design_1_wrapper_hw_platform_0/system.hdf'.
14:04:36 INFO  : 'configparams force-mem-access 1' command is executed.
14:04:36 INFO  : Context for 'APU' is selected.
14:04:36 INFO  : 'stop' command is executed.
14:04:36 INFO  : 'ps7_init' command is executed.
14:04:36 INFO  : 'ps7_post_config' command is executed.
14:04:36 INFO  : Context for processor 'ps7_cortexa9_0' is selected.
14:04:36 INFO  : Processor reset is completed for 'ps7_cortexa9_0'.
14:04:36 INFO  : Context for processor 'ps7_cortexa9_0' is selected.
14:04:36 INFO  : The application '/home/necryotiks/Documents/WSU-CPTE/EE324/Module_4/Module_4/m5/m5.sdk/PWM/Debug/PWM.elf' is downloaded to processor 'ps7_cortexa9_0'.
14:04:36 INFO  : 'configparams force-mem-access 0' command is executed.
14:04:36 INFO  : ----------------XSDB Script----------------
connect -url tcp:127.0.0.1:3121
source /home/necryotiks/Documents/WSU-CPTE/EE324/Module_4/Module_4/m5/m5.sdk/design_1_wrapper_hw_platform_0/ps7_init.tcl
targets -set -nocase -filter {name =~"APU*" && jtag_cable_name =~ "RealDigital Bla 887100000093A"} -index 0
loadhw -hw /home/necryotiks/Documents/WSU-CPTE/EE324/Module_4/Module_4/m5/m5.sdk/design_1_wrapper_hw_platform_0/system.hdf -mem-ranges [list {0x40000000 0xbfffffff}]
configparams force-mem-access 1
targets -set -nocase -filter {name =~"APU*" && jtag_cable_name =~ "RealDigital Bla 887100000093A"} -index 0
stop
ps7_init
ps7_post_config
targets -set -nocase -filter {name =~ "ARM*#0" && jtag_cable_name =~ "RealDigital Bla 887100000093A"} -index 0
rst -processor
targets -set -nocase -filter {name =~ "ARM*#0" && jtag_cable_name =~ "RealDigital Bla 887100000093A"} -index 0
dow /home/necryotiks/Documents/WSU-CPTE/EE324/Module_4/Module_4/m5/m5.sdk/PWM/Debug/PWM.elf
configparams force-mem-access 0
----------------End of Script----------------

14:04:36 INFO  : Memory regions updated for context APU
14:04:36 INFO  : Context for processor 'ps7_cortexa9_0' is selected.
14:04:36 INFO  : 'con' command is executed.
14:04:36 INFO  : ----------------XSDB Script (After Launch)----------------
targets -set -nocase -filter {name =~ "ARM*#0" && jtag_cable_name =~ "RealDigital Bla 887100000093A"} -index 0
con
----------------End of Script----------------

14:04:36 INFO  : Launch script is exported to file '/home/necryotiks/Documents/WSU-CPTE/EE324/Module_4/Module_4/m5/m5.sdk/.sdk/launch_scripts/xilinx_c-c++_application_(system_debugger)/system_debugger_using_debug_pwm.elf_on_local.tcl'
14:05:34 INFO  : Disconnected from the channel tcfchan#2.
14:05:35 INFO  : 'targets -set -filter {jtag_cable_name =~ "RealDigital Bla 887100000093A" && level==0} -index 1' command is executed.
14:05:35 INFO  : 'fpga -state' command is executed.
14:05:35 INFO  : Connected to target on host '127.0.0.1' and port '3121'.
14:05:36 INFO  : Jtag cable 'RealDigital Bla 887100000093A' is selected.
14:05:36 INFO  : 'jtag frequency' command is executed.
14:05:36 INFO  : Sourcing of '/home/necryotiks/Documents/WSU-CPTE/EE324/Module_4/Module_4/m5/m5.sdk/design_1_wrapper_hw_platform_0/ps7_init.tcl' is done.
14:05:36 INFO  : Context for 'APU' is selected.
14:05:36 INFO  : Hardware design information is loaded from '/home/necryotiks/Documents/WSU-CPTE/EE324/Module_4/Module_4/m5/m5.sdk/design_1_wrapper_hw_platform_0/system.hdf'.
14:05:36 INFO  : 'configparams force-mem-access 1' command is executed.
14:05:36 INFO  : Context for 'APU' is selected.
14:05:36 INFO  : 'stop' command is executed.
14:05:36 INFO  : 'ps7_init' command is executed.
14:05:36 INFO  : 'ps7_post_config' command is executed.
14:05:36 INFO  : Context for processor 'ps7_cortexa9_0' is selected.
14:05:36 INFO  : Processor reset is completed for 'ps7_cortexa9_0'.
14:05:36 INFO  : Context for processor 'ps7_cortexa9_0' is selected.
14:05:36 INFO  : The application '/home/necryotiks/Documents/WSU-CPTE/EE324/Module_4/Module_4/m5/m5.sdk/PWM/Debug/PWM.elf' is downloaded to processor 'ps7_cortexa9_0'.
14:05:36 INFO  : 'configparams force-mem-access 0' command is executed.
14:05:36 INFO  : ----------------XSDB Script----------------
connect -url tcp:127.0.0.1:3121
source /home/necryotiks/Documents/WSU-CPTE/EE324/Module_4/Module_4/m5/m5.sdk/design_1_wrapper_hw_platform_0/ps7_init.tcl
targets -set -nocase -filter {name =~"APU*" && jtag_cable_name =~ "RealDigital Bla 887100000093A"} -index 0
loadhw -hw /home/necryotiks/Documents/WSU-CPTE/EE324/Module_4/Module_4/m5/m5.sdk/design_1_wrapper_hw_platform_0/system.hdf -mem-ranges [list {0x40000000 0xbfffffff}]
configparams force-mem-access 1
targets -set -nocase -filter {name =~"APU*" && jtag_cable_name =~ "RealDigital Bla 887100000093A"} -index 0
stop
ps7_init
ps7_post_config
targets -set -nocase -filter {name =~ "ARM*#0" && jtag_cable_name =~ "RealDigital Bla 887100000093A"} -index 0
rst -processor
targets -set -nocase -filter {name =~ "ARM*#0" && jtag_cable_name =~ "RealDigital Bla 887100000093A"} -index 0
dow /home/necryotiks/Documents/WSU-CPTE/EE324/Module_4/Module_4/m5/m5.sdk/PWM/Debug/PWM.elf
configparams force-mem-access 0
----------------End of Script----------------

14:05:36 INFO  : Memory regions updated for context APU
14:05:36 INFO  : Context for processor 'ps7_cortexa9_0' is selected.
14:05:36 INFO  : 'con' command is executed.
14:05:36 INFO  : ----------------XSDB Script (After Launch)----------------
targets -set -nocase -filter {name =~ "ARM*#0" && jtag_cable_name =~ "RealDigital Bla 887100000093A"} -index 0
con
----------------End of Script----------------

14:05:36 INFO  : Launch script is exported to file '/home/necryotiks/Documents/WSU-CPTE/EE324/Module_4/Module_4/m5/m5.sdk/.sdk/launch_scripts/xilinx_c-c++_application_(system_debugger)/system_debugger_using_debug_pwm.elf_on_local.tcl'
14:07:33 INFO  : Connected to target on host '127.0.0.1' and port '3121'.
14:07:33 INFO  : 'targets -set -filter {jtag_cable_name =~ "RealDigital Bla 887100000093A" && level==0} -index 1' command is executed.
14:07:34 INFO  : FPGA configured successfully with bitstream "/home/necryotiks/Documents/WSU-CPTE/EE324/Module_4/Module_4/m5/m5.sdk/design_1_wrapper_hw_platform_0/design_1_wrapper.bit"
14:07:45 INFO  : 'targets -set -filter {jtag_cable_name =~ "RealDigital Bla 887100000093A" && level==0} -index 1' command is executed.
14:07:45 INFO  : 'fpga -state' command is executed.
14:07:45 INFO  : Connected to target on host '127.0.0.1' and port '3121'.
14:07:45 INFO  : Jtag cable 'RealDigital Bla 887100000093A' is selected.
14:07:45 INFO  : 'jtag frequency' command is executed.
14:07:45 INFO  : Sourcing of '/home/necryotiks/Documents/WSU-CPTE/EE324/Module_4/Module_4/m5/m5.sdk/design_1_wrapper_hw_platform_0/ps7_init.tcl' is done.
14:07:45 INFO  : Context for 'APU' is selected.
14:07:45 INFO  : Hardware design information is loaded from '/home/necryotiks/Documents/WSU-CPTE/EE324/Module_4/Module_4/m5/m5.sdk/design_1_wrapper_hw_platform_0/system.hdf'.
14:07:45 INFO  : 'configparams force-mem-access 1' command is executed.
14:07:45 INFO  : Context for 'APU' is selected.
14:07:45 INFO  : 'stop' command is executed.
14:07:46 INFO  : 'ps7_init' command is executed.
14:07:46 INFO  : 'ps7_post_config' command is executed.
14:07:46 INFO  : Context for processor 'ps7_cortexa9_0' is selected.
14:07:46 INFO  : Processor reset is completed for 'ps7_cortexa9_0'.
14:07:46 INFO  : Context for processor 'ps7_cortexa9_0' is selected.
14:07:46 INFO  : The application '/home/necryotiks/Documents/WSU-CPTE/EE324/Module_4/Module_4/m5/m5.sdk/PWM/Debug/PWM.elf' is downloaded to processor 'ps7_cortexa9_0'.
14:07:46 INFO  : 'configparams force-mem-access 0' command is executed.
14:07:46 INFO  : ----------------XSDB Script----------------
connect -url tcp:127.0.0.1:3121
source /home/necryotiks/Documents/WSU-CPTE/EE324/Module_4/Module_4/m5/m5.sdk/design_1_wrapper_hw_platform_0/ps7_init.tcl
targets -set -nocase -filter {name =~"APU*" && jtag_cable_name =~ "RealDigital Bla 887100000093A"} -index 0
loadhw -hw /home/necryotiks/Documents/WSU-CPTE/EE324/Module_4/Module_4/m5/m5.sdk/design_1_wrapper_hw_platform_0/system.hdf -mem-ranges [list {0x40000000 0xbfffffff}]
configparams force-mem-access 1
targets -set -nocase -filter {name =~"APU*" && jtag_cable_name =~ "RealDigital Bla 887100000093A"} -index 0
stop
ps7_init
ps7_post_config
targets -set -nocase -filter {name =~ "ARM*#0" && jtag_cable_name =~ "RealDigital Bla 887100000093A"} -index 0
rst -processor
targets -set -nocase -filter {name =~ "ARM*#0" && jtag_cable_name =~ "RealDigital Bla 887100000093A"} -index 0
dow /home/necryotiks/Documents/WSU-CPTE/EE324/Module_4/Module_4/m5/m5.sdk/PWM/Debug/PWM.elf
configparams force-mem-access 0
----------------End of Script----------------

14:07:46 INFO  : Context for processor 'ps7_cortexa9_0' is selected.
14:07:46 INFO  : 'con' command is executed.
14:07:46 INFO  : ----------------XSDB Script (After Launch)----------------
targets -set -nocase -filter {name =~ "ARM*#0" && jtag_cable_name =~ "RealDigital Bla 887100000093A"} -index 0
con
----------------End of Script----------------

14:07:46 INFO  : Disconnected from the channel tcfchan#3.
14:19:54 INFO  : SDK has detected change in the last modified timestamps for source hardware specification file Source:1572556745000,  Project:1572555518000
14:19:54 INFO  : Project design_1_wrapper_hw_platform_0's source hardware specification located at /home/necryotiks/Documents/WSU-CPTE/EE324/Module_4/Module_4/m5/m5.sdk/design_1_wrapper.hdf is now different from the local copy.
		 The local copy will be replaced with the source specification and your workspace will be updated.
14:24:53 INFO  : Copied contents of /home/necryotiks/Documents/WSU-CPTE/EE324/Module_4/Module_4/m5/m5.sdk/design_1_wrapper.hdf into /design_1_wrapper_hw_platform_0/system.hdf.
14:25:01 INFO  : Synchronizing projects in the workspace with the hardware platform specification changes.
14:25:10 INFO  : 
14:25:10 INFO  : Updating hardware inferred compiler options for PWM.
14:25:10 INFO  : Clearing existing target manager status.
14:25:52 WARN  : channel "tcfchan#3" closed
14:26:15 INFO  : Registering command handlers for SDK TCF services
14:26:17 INFO  : Launching XSCT server: xsct -n -interactive /home/necryotiks/Documents/WSU-CPTE/EE324/Module_4/Module_4/m5/m5.sdk/temp_xsdb_launch_script.tcl
14:26:22 INFO  : XSCT server has started successfully.
14:26:22 INFO  : Successfully done setting XSCT server connection channel  
14:26:30 INFO  : Successfully done setting SDK workspace  
14:26:31 INFO  : Processing command line option -hwspec /home/necryotiks/Documents/WSU-CPTE/EE324/Module_4/Module_4/m5/m5.sdk/design_1_wrapper.hdf.
14:26:32 INFO  : Checking for hwspec changes in the project design_1_wrapper_hw_platform_0.
14:28:29 INFO  : Connected to target on host '127.0.0.1' and port '3121'.
14:28:29 INFO  : 'targets -set -filter {jtag_cable_name =~ "RealDigital Bla 887100000093A" && level==0} -index 1' command is executed.
14:28:31 INFO  : FPGA configured successfully with bitstream "/home/necryotiks/Documents/WSU-CPTE/EE324/Module_4/Module_4/m5/m5.sdk/design_1_wrapper_hw_platform_0/design_1_wrapper.bit"
14:28:39 INFO  : 'targets -set -filter {jtag_cable_name =~ "RealDigital Bla 887100000093A" && level==0} -index 1' command is executed.
14:28:39 INFO  : 'fpga -state' command is executed.
14:28:39 INFO  : Connected to target on host '127.0.0.1' and port '3121'.
14:28:39 INFO  : Jtag cable 'RealDigital Bla 887100000093A' is selected.
14:28:39 INFO  : 'jtag frequency' command is executed.
14:28:39 INFO  : Sourcing of '/home/necryotiks/Documents/WSU-CPTE/EE324/Module_4/Module_4/m5/m5.sdk/design_1_wrapper_hw_platform_0/ps7_init.tcl' is done.
14:28:39 INFO  : Context for 'APU' is selected.
14:28:39 INFO  : Hardware design information is loaded from '/home/necryotiks/Documents/WSU-CPTE/EE324/Module_4/Module_4/m5/m5.sdk/design_1_wrapper_hw_platform_0/system.hdf'.
14:28:39 INFO  : 'configparams force-mem-access 1' command is executed.
14:28:39 INFO  : Context for 'APU' is selected.
14:28:39 INFO  : 'stop' command is executed.
14:28:39 INFO  : 'ps7_init' command is executed.
14:28:39 INFO  : 'ps7_post_config' command is executed.
14:28:39 INFO  : Context for processor 'ps7_cortexa9_0' is selected.
14:28:39 INFO  : Processor reset is completed for 'ps7_cortexa9_0'.
14:28:39 INFO  : Context for processor 'ps7_cortexa9_0' is selected.
14:28:39 INFO  : The application '/home/necryotiks/Documents/WSU-CPTE/EE324/Module_4/Module_4/m5/m5.sdk/PWM/Debug/PWM.elf' is downloaded to processor 'ps7_cortexa9_0'.
14:28:39 INFO  : 'configparams force-mem-access 0' command is executed.
14:28:39 INFO  : ----------------XSDB Script----------------
connect -url tcp:127.0.0.1:3121
source /home/necryotiks/Documents/WSU-CPTE/EE324/Module_4/Module_4/m5/m5.sdk/design_1_wrapper_hw_platform_0/ps7_init.tcl
targets -set -nocase -filter {name =~"APU*" && jtag_cable_name =~ "RealDigital Bla 887100000093A"} -index 0
loadhw -hw /home/necryotiks/Documents/WSU-CPTE/EE324/Module_4/Module_4/m5/m5.sdk/design_1_wrapper_hw_platform_0/system.hdf -mem-ranges [list {0x40000000 0xbfffffff}]
configparams force-mem-access 1
targets -set -nocase -filter {name =~"APU*" && jtag_cable_name =~ "RealDigital Bla 887100000093A"} -index 0
stop
ps7_init
ps7_post_config
targets -set -nocase -filter {name =~ "ARM*#0" && jtag_cable_name =~ "RealDigital Bla 887100000093A"} -index 0
rst -processor
targets -set -nocase -filter {name =~ "ARM*#0" && jtag_cable_name =~ "RealDigital Bla 887100000093A"} -index 0
dow /home/necryotiks/Documents/WSU-CPTE/EE324/Module_4/Module_4/m5/m5.sdk/PWM/Debug/PWM.elf
configparams force-mem-access 0
----------------End of Script----------------

14:28:39 INFO  : Memory regions updated for context APU
14:28:39 INFO  : Context for processor 'ps7_cortexa9_0' is selected.
14:28:39 INFO  : 'con' command is executed.
14:28:39 INFO  : ----------------XSDB Script (After Launch)----------------
targets -set -nocase -filter {name =~ "ARM*#0" && jtag_cable_name =~ "RealDigital Bla 887100000093A"} -index 0
con
----------------End of Script----------------

14:28:39 INFO  : Launch script is exported to file '/home/necryotiks/Documents/WSU-CPTE/EE324/Module_4/Module_4/m5/m5.sdk/.sdk/launch_scripts/xilinx_c-c++_application_(system_debugger)/system_debugger_using_debug_pwm.elf_on_local.tcl'
14:30:04 INFO  : Disconnected from the channel tcfchan#1.
14:30:05 INFO  : 'targets -set -filter {jtag_cable_name =~ "RealDigital Bla 887100000093A" && level==0} -index 1' command is executed.
14:30:05 INFO  : 'fpga -state' command is executed.
14:30:05 INFO  : Connected to target on host '127.0.0.1' and port '3121'.
14:30:05 INFO  : Jtag cable 'RealDigital Bla 887100000093A' is selected.
14:30:05 INFO  : 'jtag frequency' command is executed.
14:30:06 INFO  : Sourcing of '/home/necryotiks/Documents/WSU-CPTE/EE324/Module_4/Module_4/m5/m5.sdk/design_1_wrapper_hw_platform_0/ps7_init.tcl' is done.
14:30:06 INFO  : Context for 'APU' is selected.
14:30:08 INFO  : Hardware design information is loaded from '/home/necryotiks/Documents/WSU-CPTE/EE324/Module_4/Module_4/m5/m5.sdk/design_1_wrapper_hw_platform_0/system.hdf'.
14:30:08 INFO  : 'configparams force-mem-access 1' command is executed.
14:30:08 INFO  : Context for 'APU' is selected.
14:30:08 INFO  : 'stop' command is executed.
14:30:08 INFO  : 'ps7_init' command is executed.
14:30:08 INFO  : 'ps7_post_config' command is executed.
14:30:08 INFO  : Context for processor 'ps7_cortexa9_0' is selected.
14:30:08 INFO  : Processor reset is completed for 'ps7_cortexa9_0'.
14:30:08 INFO  : Context for processor 'ps7_cortexa9_0' is selected.
14:30:08 INFO  : The application '/home/necryotiks/Documents/WSU-CPTE/EE324/Module_4/Module_4/m5/m5.sdk/PWM/Debug/PWM.elf' is downloaded to processor 'ps7_cortexa9_0'.
14:30:08 INFO  : 'configparams force-mem-access 0' command is executed.
14:30:08 INFO  : ----------------XSDB Script----------------
connect -url tcp:127.0.0.1:3121
source /home/necryotiks/Documents/WSU-CPTE/EE324/Module_4/Module_4/m5/m5.sdk/design_1_wrapper_hw_platform_0/ps7_init.tcl
targets -set -nocase -filter {name =~"APU*" && jtag_cable_name =~ "RealDigital Bla 887100000093A"} -index 0
loadhw -hw /home/necryotiks/Documents/WSU-CPTE/EE324/Module_4/Module_4/m5/m5.sdk/design_1_wrapper_hw_platform_0/system.hdf -mem-ranges [list {0x40000000 0xbfffffff}]
configparams force-mem-access 1
targets -set -nocase -filter {name =~"APU*" && jtag_cable_name =~ "RealDigital Bla 887100000093A"} -index 0
stop
ps7_init
ps7_post_config
targets -set -nocase -filter {name =~ "ARM*#0" && jtag_cable_name =~ "RealDigital Bla 887100000093A"} -index 0
rst -processor
targets -set -nocase -filter {name =~ "ARM*#0" && jtag_cable_name =~ "RealDigital Bla 887100000093A"} -index 0
dow /home/necryotiks/Documents/WSU-CPTE/EE324/Module_4/Module_4/m5/m5.sdk/PWM/Debug/PWM.elf
configparams force-mem-access 0
----------------End of Script----------------

14:30:08 INFO  : Memory regions updated for context APU
14:30:09 INFO  : Context for processor 'ps7_cortexa9_0' is selected.
14:30:09 INFO  : 'con' command is executed.
14:30:09 INFO  : ----------------XSDB Script (After Launch)----------------
targets -set -nocase -filter {name =~ "ARM*#0" && jtag_cable_name =~ "RealDigital Bla 887100000093A"} -index 0
con
----------------End of Script----------------

14:30:09 INFO  : Launch script is exported to file '/home/necryotiks/Documents/WSU-CPTE/EE324/Module_4/Module_4/m5/m5.sdk/.sdk/launch_scripts/xilinx_c-c++_application_(system_debugger)/system_debugger_using_debug_pwm.elf_on_local.tcl'
14:31:31 INFO  : Disconnected from the channel tcfchan#2.
14:31:32 INFO  : 'targets -set -filter {jtag_cable_name =~ "RealDigital Bla 887100000093A" && level==0} -index 1' command is executed.
14:31:32 INFO  : 'fpga -state' command is executed.
14:31:32 INFO  : Connected to target on host '127.0.0.1' and port '3121'.
14:31:32 INFO  : Jtag cable 'RealDigital Bla 887100000093A' is selected.
14:31:32 INFO  : 'jtag frequency' command is executed.
14:31:32 INFO  : Sourcing of '/home/necryotiks/Documents/WSU-CPTE/EE324/Module_4/Module_4/m5/m5.sdk/design_1_wrapper_hw_platform_0/ps7_init.tcl' is done.
14:31:32 INFO  : Context for 'APU' is selected.
14:31:34 INFO  : Hardware design information is loaded from '/home/necryotiks/Documents/WSU-CPTE/EE324/Module_4/Module_4/m5/m5.sdk/design_1_wrapper_hw_platform_0/system.hdf'.
14:31:34 INFO  : 'configparams force-mem-access 1' command is executed.
14:31:34 INFO  : Context for 'APU' is selected.
14:31:34 INFO  : 'stop' command is executed.
14:31:34 INFO  : 'ps7_init' command is executed.
14:31:35 INFO  : 'ps7_post_config' command is executed.
14:31:35 INFO  : Context for processor 'ps7_cortexa9_0' is selected.
14:31:35 INFO  : Processor reset is completed for 'ps7_cortexa9_0'.
14:31:35 INFO  : Context for processor 'ps7_cortexa9_0' is selected.
14:31:35 INFO  : The application '/home/necryotiks/Documents/WSU-CPTE/EE324/Module_4/Module_4/m5/m5.sdk/PWM/Debug/PWM.elf' is downloaded to processor 'ps7_cortexa9_0'.
14:31:35 INFO  : 'configparams force-mem-access 0' command is executed.
14:31:35 INFO  : ----------------XSDB Script----------------
connect -url tcp:127.0.0.1:3121
source /home/necryotiks/Documents/WSU-CPTE/EE324/Module_4/Module_4/m5/m5.sdk/design_1_wrapper_hw_platform_0/ps7_init.tcl
targets -set -nocase -filter {name =~"APU*" && jtag_cable_name =~ "RealDigital Bla 887100000093A"} -index 0
loadhw -hw /home/necryotiks/Documents/WSU-CPTE/EE324/Module_4/Module_4/m5/m5.sdk/design_1_wrapper_hw_platform_0/system.hdf -mem-ranges [list {0x40000000 0xbfffffff}]
configparams force-mem-access 1
targets -set -nocase -filter {name =~"APU*" && jtag_cable_name =~ "RealDigital Bla 887100000093A"} -index 0
stop
ps7_init
ps7_post_config
targets -set -nocase -filter {name =~ "ARM*#0" && jtag_cable_name =~ "RealDigital Bla 887100000093A"} -index 0
rst -processor
targets -set -nocase -filter {name =~ "ARM*#0" && jtag_cable_name =~ "RealDigital Bla 887100000093A"} -index 0
dow /home/necryotiks/Documents/WSU-CPTE/EE324/Module_4/Module_4/m5/m5.sdk/PWM/Debug/PWM.elf
configparams force-mem-access 0
----------------End of Script----------------

14:31:35 INFO  : Memory regions updated for context APU
14:31:35 INFO  : Context for processor 'ps7_cortexa9_0' is selected.
14:31:35 INFO  : 'con' command is executed.
14:31:35 INFO  : ----------------XSDB Script (After Launch)----------------
targets -set -nocase -filter {name =~ "ARM*#0" && jtag_cable_name =~ "RealDigital Bla 887100000093A"} -index 0
con
----------------End of Script----------------

14:31:35 INFO  : Launch script is exported to file '/home/necryotiks/Documents/WSU-CPTE/EE324/Module_4/Module_4/m5/m5.sdk/.sdk/launch_scripts/xilinx_c-c++_application_(system_debugger)/system_debugger_using_debug_pwm.elf_on_local.tcl'
14:35:38 INFO  : Disconnected from the channel tcfchan#3.
14:35:39 INFO  : 'targets -set -filter {jtag_cable_name =~ "RealDigital Bla 887100000093A" && level==0} -index 1' command is executed.
14:35:39 INFO  : 'fpga -state' command is executed.
14:35:39 INFO  : Connected to target on host '127.0.0.1' and port '3121'.
14:35:39 INFO  : Jtag cable 'RealDigital Bla 887100000093A' is selected.
14:35:39 INFO  : 'jtag frequency' command is executed.
14:35:39 INFO  : Sourcing of '/home/necryotiks/Documents/WSU-CPTE/EE324/Module_4/Module_4/m5/m5.sdk/design_1_wrapper_hw_platform_0/ps7_init.tcl' is done.
14:35:39 INFO  : Context for 'APU' is selected.
14:35:41 INFO  : Hardware design information is loaded from '/home/necryotiks/Documents/WSU-CPTE/EE324/Module_4/Module_4/m5/m5.sdk/design_1_wrapper_hw_platform_0/system.hdf'.
14:35:41 INFO  : 'configparams force-mem-access 1' command is executed.
14:35:42 INFO  : Context for 'APU' is selected.
14:35:42 INFO  : 'stop' command is executed.
14:35:42 INFO  : 'ps7_init' command is executed.
14:35:42 INFO  : 'ps7_post_config' command is executed.
14:35:42 INFO  : Context for processor 'ps7_cortexa9_0' is selected.
14:35:42 INFO  : Processor reset is completed for 'ps7_cortexa9_0'.
14:35:42 INFO  : Context for processor 'ps7_cortexa9_0' is selected.
14:35:42 INFO  : The application '/home/necryotiks/Documents/WSU-CPTE/EE324/Module_4/Module_4/m5/m5.sdk/PWM/Debug/PWM.elf' is downloaded to processor 'ps7_cortexa9_0'.
14:35:42 INFO  : 'configparams force-mem-access 0' command is executed.
14:35:42 INFO  : ----------------XSDB Script----------------
connect -url tcp:127.0.0.1:3121
source /home/necryotiks/Documents/WSU-CPTE/EE324/Module_4/Module_4/m5/m5.sdk/design_1_wrapper_hw_platform_0/ps7_init.tcl
targets -set -nocase -filter {name =~"APU*" && jtag_cable_name =~ "RealDigital Bla 887100000093A"} -index 0
loadhw -hw /home/necryotiks/Documents/WSU-CPTE/EE324/Module_4/Module_4/m5/m5.sdk/design_1_wrapper_hw_platform_0/system.hdf -mem-ranges [list {0x40000000 0xbfffffff}]
configparams force-mem-access 1
targets -set -nocase -filter {name =~"APU*" && jtag_cable_name =~ "RealDigital Bla 887100000093A"} -index 0
stop
ps7_init
ps7_post_config
targets -set -nocase -filter {name =~ "ARM*#0" && jtag_cable_name =~ "RealDigital Bla 887100000093A"} -index 0
rst -processor
targets -set -nocase -filter {name =~ "ARM*#0" && jtag_cable_name =~ "RealDigital Bla 887100000093A"} -index 0
dow /home/necryotiks/Documents/WSU-CPTE/EE324/Module_4/Module_4/m5/m5.sdk/PWM/Debug/PWM.elf
configparams force-mem-access 0
----------------End of Script----------------

14:35:42 INFO  : Memory regions updated for context APU
14:35:42 INFO  : Context for processor 'ps7_cortexa9_0' is selected.
14:35:42 INFO  : 'con' command is executed.
14:35:42 INFO  : ----------------XSDB Script (After Launch)----------------
targets -set -nocase -filter {name =~ "ARM*#0" && jtag_cable_name =~ "RealDigital Bla 887100000093A"} -index 0
con
----------------End of Script----------------

14:35:42 INFO  : Launch script is exported to file '/home/necryotiks/Documents/WSU-CPTE/EE324/Module_4/Module_4/m5/m5.sdk/.sdk/launch_scripts/xilinx_c-c++_application_(system_debugger)/system_debugger_using_debug_pwm.elf_on_local.tcl'
14:41:31 INFO  : Disconnected from the channel tcfchan#4.
14:41:32 INFO  : 'targets -set -filter {jtag_cable_name =~ "RealDigital Bla 887100000093A" && level==0} -index 1' command is executed.
14:41:32 INFO  : 'fpga -state' command is executed.
14:41:32 INFO  : Connected to target on host '127.0.0.1' and port '3121'.
14:41:33 INFO  : Jtag cable 'RealDigital Bla 887100000093A' is selected.
14:41:33 INFO  : 'jtag frequency' command is executed.
14:41:33 INFO  : Sourcing of '/home/necryotiks/Documents/WSU-CPTE/EE324/Module_4/Module_4/m5/m5.sdk/design_1_wrapper_hw_platform_0/ps7_init.tcl' is done.
14:41:33 INFO  : Context for 'APU' is selected.
14:41:35 INFO  : Hardware design information is loaded from '/home/necryotiks/Documents/WSU-CPTE/EE324/Module_4/Module_4/m5/m5.sdk/design_1_wrapper_hw_platform_0/system.hdf'.
14:41:35 INFO  : 'configparams force-mem-access 1' command is executed.
14:41:35 INFO  : Context for 'APU' is selected.
14:41:35 INFO  : 'stop' command is executed.
14:41:35 INFO  : 'ps7_init' command is executed.
14:41:35 INFO  : 'ps7_post_config' command is executed.
14:41:35 INFO  : Context for processor 'ps7_cortexa9_0' is selected.
14:41:35 INFO  : Processor reset is completed for 'ps7_cortexa9_0'.
14:41:35 INFO  : Context for processor 'ps7_cortexa9_0' is selected.
14:41:35 INFO  : The application '/home/necryotiks/Documents/WSU-CPTE/EE324/Module_4/Module_4/m5/m5.sdk/PWM/Debug/PWM.elf' is downloaded to processor 'ps7_cortexa9_0'.
14:41:35 INFO  : 'configparams force-mem-access 0' command is executed.
14:41:35 INFO  : ----------------XSDB Script----------------
connect -url tcp:127.0.0.1:3121
source /home/necryotiks/Documents/WSU-CPTE/EE324/Module_4/Module_4/m5/m5.sdk/design_1_wrapper_hw_platform_0/ps7_init.tcl
targets -set -nocase -filter {name =~"APU*" && jtag_cable_name =~ "RealDigital Bla 887100000093A"} -index 0
loadhw -hw /home/necryotiks/Documents/WSU-CPTE/EE324/Module_4/Module_4/m5/m5.sdk/design_1_wrapper_hw_platform_0/system.hdf -mem-ranges [list {0x40000000 0xbfffffff}]
configparams force-mem-access 1
targets -set -nocase -filter {name =~"APU*" && jtag_cable_name =~ "RealDigital Bla 887100000093A"} -index 0
stop
ps7_init
ps7_post_config
targets -set -nocase -filter {name =~ "ARM*#0" && jtag_cable_name =~ "RealDigital Bla 887100000093A"} -index 0
rst -processor
targets -set -nocase -filter {name =~ "ARM*#0" && jtag_cable_name =~ "RealDigital Bla 887100000093A"} -index 0
dow /home/necryotiks/Documents/WSU-CPTE/EE324/Module_4/Module_4/m5/m5.sdk/PWM/Debug/PWM.elf
configparams force-mem-access 0
----------------End of Script----------------

14:41:35 INFO  : Memory regions updated for context APU
14:41:35 INFO  : Context for processor 'ps7_cortexa9_0' is selected.
14:41:35 INFO  : 'con' command is executed.
14:41:35 INFO  : ----------------XSDB Script (After Launch)----------------
targets -set -nocase -filter {name =~ "ARM*#0" && jtag_cable_name =~ "RealDigital Bla 887100000093A"} -index 0
con
----------------End of Script----------------

14:41:35 INFO  : Launch script is exported to file '/home/necryotiks/Documents/WSU-CPTE/EE324/Module_4/Module_4/m5/m5.sdk/.sdk/launch_scripts/xilinx_c-c++_application_(system_debugger)/system_debugger_using_debug_pwm.elf_on_local.tcl'
15:37:30 INFO  : Disconnected from the channel tcfchan#5.
