Copyright 1986-2019 Xilinx, Inc. All Rights Reserved.
-------------------------------------------------------------------------------------------
| Tool Version : Vivado v.2019.1 (lin64) Build 2552052 Fri May 24 14:47:09 MDT 2019
| Date         : Sat Nov  9 12:16:35 2019
| Host         : sergaljerk-Standard-PC-i440FX-PIIX-1996 running 64-bit Ubuntu 18.04.3 LTS
| Command      : upgrade_ip
| Device       : xc7z007sclg400-1
-------------------------------------------------------------------------------------------

Upgrade Log for IP 'CHAR_ROM_DISPLAY_CHAR_ROM_CONTROLLER_0_0'

1. Summary
----------

CAUTION (success, with warnings) in the upgrade of CHAR_ROM_DISPLAY_CHAR_ROM_CONTROLLER_0_0 (user.org:user:CHAR_ROM_CONTROLLER:1.0) from (Rev. 4) to (Rev. 5)

After upgrade, an IP may have parameter and port differences compared to the original customization. Please review the parameters within the IP customization GUI to ensure proper functionality. Also, please review the updated IP instantiation template to ensure proper connectivity, and update your design if required.

2. Connection Warnings
----------------------

Detected external port differences while upgrading 'CHAR_ROM_DISPLAY_CHAR_ROM_CONTROLLER_0_0'. These changes may impact your design.


-Upgrade has removed port 'o_ASCII_VAL'

-Upgrade has removed port 'o_FG_BLUE'

-Upgrade has removed port 'o_FG_GREEN'

-Upgrade has removed port 'o_FG_RED'

-Upgrade has added port 'o_DATA_PACKET'







Copyright 1986-2019 Xilinx, Inc. All Rights Reserved.
-------------------------------------------------------------------------------------------
| Tool Version : Vivado v.2019.1 (lin64) Build 2552052 Fri May 24 14:47:09 MDT 2019
| Date         : Fri Nov  8 23:17:58 2019
| Host         : sergaljerk-Standard-PC-i440FX-PIIX-1996 running 64-bit Ubuntu 18.04.3 LTS
| Command      : upgrade_ip
| Device       : xc7z007sclg400-1
-------------------------------------------------------------------------------------------

Upgrade Log for IP 'CHAR_ROM_DISPLAY_RESOLUTION_CONTROLLER_0_0'

1. Summary
----------

CAUTION (success, with warnings) in the upgrade of CHAR_ROM_DISPLAY_RESOLUTION_CONTROLLER_0_0 (user.org:user:RESOLUTION_CONTROLLER:1.0) from (Rev. 3) to (Rev. 4)

After upgrade, an IP may have parameter and port differences compared to the original customization. Please review the parameters within the IP customization GUI to ensure proper functionality. Also, please review the updated IP instantiation template to ensure proper connectivity, and update your design if required.

2. Connection Warnings
----------------------

Detected external port differences while upgrading 'CHAR_ROM_DISPLAY_RESOLUTION_CONTROLLER_0_0'. These changes may impact your design.


-Upgraded port 'o_END_OF_LINE' width 16 differs from original width 17

-Upgraded port 'o_END_OF_SCREEN' width 16 differs from original width 17

-Upgraded port 'o_HA_END' width 16 differs from original width 17

-Upgraded port 'o_HORIZONTAL_BACK_PORCH' width 16 differs from original width 17

-Upgraded port 'o_HORIZONTAL_FRONT_PORCH' width 16 differs from original width 17

-Upgraded port 'o_HORIZONTAL_SYNC_WIDTH' width 16 differs from original width 17

-Upgraded port 'o_VA_END' width 16 differs from original width 17

-Upgraded port 'o_VERTICAL_BACK_PORCH' width 16 differs from original width 17

-Upgraded port 'o_VERTICAL_FRONT_PORCH' width 16 differs from original width 17

-Upgraded port 'o_VERTICAL_SYNC_WIDTH' width 16 differs from original width 17







Copyright 1986-2019 Xilinx, Inc. All Rights Reserved.
-------------------------------------------------------------------------------------------
| Tool Version : Vivado v.2019.1 (lin64) Build 2552052 Fri May 24 14:47:09 MDT 2019
| Date         : Fri Nov  8 23:14:27 2019
| Host         : sergaljerk-Standard-PC-i440FX-PIIX-1996 running 64-bit Ubuntu 18.04.3 LTS
| Command      : upgrade_ip
| Device       : xc7z007sclg400-1
-------------------------------------------------------------------------------------------

Upgrade Log for IP 'CHAR_ROM_DISPLAY_RESOLUTION_CONTROLLER_0_0'

1. Summary
----------

CAUTION (success, with warnings) in the upgrade of CHAR_ROM_DISPLAY_RESOLUTION_CONTROLLER_0_0 (user.org:user:RESOLUTION_CONTROLLER:1.0) from (Rev. 2) to (Rev. 3)

After upgrade, an IP may have parameter and port differences compared to the original customization. Please review the parameters within the IP customization GUI to ensure proper functionality. Also, please review the updated IP instantiation template to ensure proper connectivity, and update your design if required.

2. Connection Warnings
----------------------

Detected external port differences while upgrading 'CHAR_ROM_DISPLAY_RESOLUTION_CONTROLLER_0_0'. These changes may impact your design.


-Upgraded port 'o_END_OF_LINE' width 17 differs from original width 1

-Upgraded port 'o_END_OF_SCREEN' width 17 differs from original width 1

-Upgraded port 'o_HA_END' width 17 differs from original width 1

-Upgraded port 'o_HORIZONTAL_BACK_PORCH' width 17 differs from original width 1

-Upgraded port 'o_HORIZONTAL_FRONT_PORCH' width 17 differs from original width 1

-Upgraded port 'o_HORIZONTAL_SYNC_WIDTH' width 17 differs from original width 1

-Upgraded port 'o_VA_END' width 17 differs from original width 1

-Upgraded port 'o_VERTICAL_BACK_PORCH' width 17 differs from original width 1

-Upgraded port 'o_VERTICAL_FRONT_PORCH' width 17 differs from original width 1

-Upgraded port 'o_VERTICAL_SYNC_WIDTH' width 17 differs from original width 1







Copyright 1986-2019 Xilinx, Inc. All Rights Reserved.
-------------------------------------------------------------------------------------------
| Tool Version : Vivado v.2019.1 (lin64) Build 2552052 Fri May 24 14:47:09 MDT 2019
| Date         : Fri Nov  8 23:14:27 2019
| Host         : sergaljerk-Standard-PC-i440FX-PIIX-1996 running 64-bit Ubuntu 18.04.3 LTS
| Command      : upgrade_ip
| Device       : xc7z007sclg400-1
-------------------------------------------------------------------------------------------

Upgrade Log for IP 'CHAR_ROM_DISPLAY_CHAR_ROM_CONTROLLER_0_0'

1. Summary
----------

SUCCESS in the upgrade of CHAR_ROM_DISPLAY_CHAR_ROM_CONTROLLER_0_0 (user.org:user:CHAR_ROM_CONTROLLER:1.0) from (Rev. 3) to (Rev. 4)






Copyright 1986-2019 Xilinx, Inc. All Rights Reserved.
-------------------------------------------------------------------------------------------
| Tool Version : Vivado v.2019.1 (lin64) Build 2552052 Fri May 24 14:47:09 MDT 2019
| Date         : Fri Nov  8 23:01:32 2019
| Host         : sergaljerk-Standard-PC-i440FX-PIIX-1996 running 64-bit Ubuntu 18.04.3 LTS
| Command      : upgrade_ip
| Device       : xc7z007sclg400-1
-------------------------------------------------------------------------------------------

Upgrade Log for IP 'CHAR_ROM_DISPLAY_RESOLUTION_CONTROLLER_0_0'

1. Summary
----------

CAUTION (success, with warnings) in the upgrade of CHAR_ROM_DISPLAY_RESOLUTION_CONTROLLER_0_0 (user.org:user:RESOLUTION_CONTROLLER:1.0) from (Rev. 1) to (Rev. 2)

After upgrade, an IP may have parameter and port differences compared to the original customization. Please review the parameters within the IP customization GUI to ensure proper functionality. Also, please review the updated IP instantiation template to ensure proper connectivity, and update your design if required.

2. Connection Warnings
----------------------

Detected external port differences while upgrading 'CHAR_ROM_DISPLAY_RESOLUTION_CONTROLLER_0_0'. These changes may impact your design.


-Upgrade has added port 'o_END_OF_LINE'

-Upgrade has added port 'o_END_OF_SCREEN'

-Upgrade has added port 'o_HA_END'

-Upgrade has added port 'o_HORIZONTAL_BACK_PORCH'

-Upgrade has added port 'o_HORIZONTAL_FRONT_PORCH'

-Upgrade has added port 'o_HORIZONTAL_SYNC_WIDTH'

-Upgrade has added port 'o_VA_END'

-Upgrade has added port 'o_VERTICAL_BACK_PORCH'

-Upgrade has added port 'o_VERTICAL_FRONT_PORCH'

-Upgrade has added port 'o_VERTICAL_SYNC_WIDTH'







Copyright 1986-2019 Xilinx, Inc. All Rights Reserved.
-------------------------------------------------------------------------------------------
| Tool Version : Vivado v.2019.1 (lin64) Build 2552052 Fri May 24 14:47:09 MDT 2019
| Date         : Fri Nov  8 21:13:34 2019
| Host         : sergaljerk-Standard-PC-i440FX-PIIX-1996 running 64-bit Ubuntu 18.04.3 LTS
| Command      : upgrade_ip
| Device       : xc7z007sclg400-1
-------------------------------------------------------------------------------------------

Upgrade Log for IP 'CHAR_ROM_DISPLAY_CHAR_ROM_CONTROLLER_0_0'

1. Summary
----------

CAUTION (success, with warnings) in the upgrade of CHAR_ROM_DISPLAY_CHAR_ROM_CONTROLLER_0_0 (user.org:user:CHAR_ROM_CONTROLLER:1.0) from (Rev. 2) to (Rev. 3)

After upgrade, an IP may have parameter and port differences compared to the original customization. Please review the parameters within the IP customization GUI to ensure proper functionality. Also, please review the updated IP instantiation template to ensure proper connectivity, and update your design if required.

2. Connection Warnings
----------------------

Detected external port differences while upgrading 'CHAR_ROM_DISPLAY_CHAR_ROM_CONTROLLER_0_0'. These changes may impact your design.


-Upgrade has removed port 'o_TARGET_X_COORD'

-Upgrade has removed port 'o_TARGET_Y_COORD'

-Upgrade has added port 'o_BG_BLUE'

-Upgrade has added port 'o_BG_GREEN'

-Upgrade has added port 'o_BG_RED'

-Upgrade has added port 'o_FG_BLUE'

-Upgrade has added port 'o_FG_GREEN'

-Upgrade has added port 'o_FG_RED'

-Upgrade has added port 'o_START_X_COORD'

-Upgrade has added port 'o_START_Y_COORD'







Copyright 1986-2019 Xilinx, Inc. All Rights Reserved.
-------------------------------------------------------------------------------------------
| Tool Version : Vivado v.2019.1 (lin64) Build 2552052 Fri May 24 14:47:09 MDT 2019
| Date         : Fri Nov  8 21:13:34 2019
| Host         : sergaljerk-Standard-PC-i440FX-PIIX-1996 running 64-bit Ubuntu 18.04.3 LTS
| Command      : upgrade_ip
| Device       : xc7z007sclg400-1
-------------------------------------------------------------------------------------------

Upgrade Log for IP 'CHAR_ROM_DISPLAY_ASCII_addr_gen_0_0'

1. Summary
----------

CAUTION (success, with warnings) in the conversion of CHAR_ROM_DISPLAY_ASCII_addr_gen_0_0 (xilinx.com:module_ref:ASCII_addr_gen:1.0 (Rev. 1)) to Vivado generation flows.

After upgrade, an IP may have parameter and port differences compared to the original customization. Please review the parameters within the IP customization GUI to ensure proper functionality. Also, please review the updated IP instantiation template to ensure proper connectivity, and update your design if required.

2. Connection Warnings
----------------------

Detected external port differences while upgrading 'CHAR_ROM_DISPLAY_ASCII_addr_gen_0_0'. These changes may impact your design.


-Upgrade has removed port 'i_TARGET_X_COORD'

-Upgrade has removed port 'i_TARGET_Y_COORD'

-Upgrade has added port 'i_START_X_COORD'

-Upgrade has added port 'i_START_Y_COORD'







Copyright 1986-2019 Xilinx, Inc. All Rights Reserved.
-------------------------------------------------------------------------------------------
| Tool Version : Vivado v.2019.1 (lin64) Build 2552052 Fri May 24 14:47:09 MDT 2019
| Date         : Thu Nov  7 15:19:03 2019
| Host         : sergaljerk-Standard-PC-i440FX-PIIX-1996 running 64-bit Ubuntu 18.04.3 LTS
| Command      : upgrade_ip
| Device       : xc7z007sclg400-1
-------------------------------------------------------------------------------------------

Upgrade Log for IP 'CHAR_ROM_DISPLAY_CHAR_ROM_CONTROLLER_0_0'

1. Summary
----------

CAUTION (success, with warnings) in the upgrade of CHAR_ROM_DISPLAY_CHAR_ROM_CONTROLLER_0_0 (user.org:user:CHAR_ROM_CONTROLLER:1.0) from (Rev. 1) to (Rev. 2)

After upgrade, an IP may have parameter and port differences compared to the original customization. Please review the parameters within the IP customization GUI to ensure proper functionality. Also, please review the updated IP instantiation template to ensure proper connectivity, and update your design if required.

2. Connection Warnings
----------------------

Detected external port differences while upgrading 'CHAR_ROM_DISPLAY_CHAR_ROM_CONTROLLER_0_0'. These changes may impact your design.


-Upgrade has added port 'o_ASCII_VAL'

-Upgrade has added port 'o_TARGET_X_COORD'

-Upgrade has added port 'o_TARGET_Y_COORD'







Copyright 1986-2019 Xilinx, Inc. All Rights Reserved.
-------------------------------------------------------------------------------------------
| Tool Version : Vivado v.2019.1 (lin64) Build 2552052 Fri May 24 14:47:09 MDT 2019
| Date         : Thu Nov  7 10:46:51 2019
| Host         : sergaljerk-Standard-PC-i440FX-PIIX-1996 running 64-bit Ubuntu 18.04.3 LTS
| Command      : upgrade_ip
| Device       : xc7z007sclg400-1
-------------------------------------------------------------------------------------------

Upgrade Log for IP 'HDMI_CONTROLLER_BD_clk_wiz_0_0'

1. Summary
----------

SUCCESS in the upgrade of HDMI_CONTROLLER_BD_clk_wiz_0_0 (xilinx.com:ip:clk_wiz:6.0) from (Rev. 2) to (Rev. 3)

