#-----------------------------------------------------------
<<<<<<< HEAD
# Webtalk v2018.2 (64-bit)
# SW Build 2258646 on Thu Jun 14 20:03:12 MDT 2018
# IP Build 2256618 on Thu Jun 14 22:10:49 MDT 2018
# Start of session at: Tue Aug 28 18:11:45 2018
# Process ID: 9100
# Current directory: C:/Users/Sergaljerk/WSU-CPTE/Project5.3/Project5.3.sim/sim_1/behav/xsim
# Command line: wbtcv.exe -mode batch -source C:/Users/Sergaljerk/WSU-CPTE/Project5.3/Project5.3.sim/sim_1/behav/xsim/xsim.dir/clk_testbench_behav/webtalk/xsim_webtalk.tcl -notrace
# Log file: C:/Users/Sergaljerk/WSU-CPTE/Project5.3/Project5.3.sim/sim_1/behav/xsim/webtalk.log
# Journal file: C:/Users/Sergaljerk/WSU-CPTE/Project5.3/Project5.3.sim/sim_1/behav/xsim\webtalk.jou
#-----------------------------------------------------------
source C:/Users/Sergaljerk/WSU-CPTE/Project5.3/Project5.3.sim/sim_1/behav/xsim/xsim.dir/clk_testbench_behav/webtalk/xsim_webtalk.tcl -notrace
INFO: [Common 17-186] 'C:/Users/Sergaljerk/WSU-CPTE/Project5.3/Project5.3.sim/sim_1/behav/xsim/xsim.dir/clk_testbench_behav/webtalk/usage_statistics_ext_xsim.xml' has been successfully sent to Xilinx on Tue Aug 28 18:11:47 2018. For additional details about this file, please refer to the WebTalk help file at C:/Xilinx/Vivado/2018.2/doc/webtalk_introduction.html.
INFO: [Common 17-206] Exiting Webtalk at Tue Aug 28 18:11:47 2018...
=======
# Webtalk v2017.4 (64-bit)
# SW Build 2086221 on Fri Dec 15 20:55:39 MST 2017
# IP Build 2085800 on Fri Dec 15 22:25:07 MST 2017
# Start of session at: Wed Jul 25 17:31:43 2018
# Process ID: 7236
# Current directory: C:/Users/Sergaljerk/Project5.3/Project5.3.sim/sim_1/behav/xsim
# Command line: wbtcv.exe -mode batch -source C:/Users/Sergaljerk/Project5.3/Project5.3.sim/sim_1/behav/xsim/xsim.dir/clk_testbench_behav/webtalk/xsim_webtalk.tcl -notrace
# Log file: C:/Users/Sergaljerk/Project5.3/Project5.3.sim/sim_1/behav/xsim/webtalk.log
# Journal file: C:/Users/Sergaljerk/Project5.3/Project5.3.sim/sim_1/behav/xsim\webtalk.jou
#-----------------------------------------------------------
source C:/Users/Sergaljerk/Project5.3/Project5.3.sim/sim_1/behav/xsim/xsim.dir/clk_testbench_behav/webtalk/xsim_webtalk.tcl -notrace
INFO: [Common 17-186] 'C:/Users/Sergaljerk/Project5.3/Project5.3.sim/sim_1/behav/xsim/xsim.dir/clk_testbench_behav/webtalk/usage_statistics_ext_xsim.xml' has been successfully sent to Xilinx on Wed Jul 25 17:31:45 2018. For additional details about this file, please refer to the WebTalk help file at C:/Xilinx/Vivado/2017.4/doc/webtalk_introduction.html.
INFO: [Common 17-206] Exiting Webtalk at Wed Jul 25 17:31:45 2018...
>>>>>>> master
