Copyright 1986-2019 Xilinx, Inc. All Rights Reserved.
-------------------------------------------------------------------------------------------
| Tool Version : Vivado v.2019.1 (lin64) Build 2552052 Fri May 24 14:47:09 MDT 2019
| Date         : Sun Sep 15 16:14:23 2019
| Host         : sergaljerk-Standard-PC-i440FX-PIIX-1996 running 64-bit Ubuntu 18.04.3 LTS
| Command      : upgrade_ip
| Device       : xc7z007sclg400-1
-------------------------------------------------------------------------------------------

Upgrade Log for IP 'design_1_LED_CONTROLLER_0_0'

1. Summary
----------

SUCCESS in the upgrade of design_1_LED_CONTROLLER_0_0 (user.org:user:LED_CONTROLLER:1.0) from (Rev. 5) to (Rev. 6)






Copyright 1986-2019 Xilinx, Inc. All Rights Reserved.
-------------------------------------------------------------------------------------------
| Tool Version : Vivado v.2019.1 (lin64) Build 2552052 Fri May 24 14:47:09 MDT 2019
| Date         : Sun Sep 15 12:22:58 2019
| Host         : sergaljerk-Standard-PC-i440FX-PIIX-1996 running 64-bit Ubuntu 18.04.3 LTS
| Command      : upgrade_ip
| Device       : xc7z007sclg400-1
-------------------------------------------------------------------------------------------

Upgrade Log for IP 'design_1_LED_CONTROLLER_0_0'

1. Summary
----------

SUCCESS in the upgrade of design_1_LED_CONTROLLER_0_0 (user.org:user:LED_CONTROLLER:1.0) from (Rev. 4) to (Rev. 5)

