Copyright 1986-2018 Xilinx, Inc. All Rights Reserved.
------------------------------------------------------------------------------------
| Tool Version : Vivado v.2018.3 (lin64) Build 2405991 Thu Dec  6 23:36:41 MST 2018
| Date         : Tue Mar 12 20:14:57 2019
| Host         : Necryotiks running 64-bit unknown
| Command      : upgrade_ip
| Device       : xc7z007sclg400-1
------------------------------------------------------------------------------------

Upgrade Log for IP 'PWM_IP_BD_PWM_DRIVER_1_0'

1. Summary
----------

SUCCESS in the upgrade of PWM_IP_BD_PWM_DRIVER_1_0 (user.org:user:PWM_DRIVER:2.0) from (Rev. 20) to (Rev. 21)






Copyright 1986-2018 Xilinx, Inc. All Rights Reserved.
------------------------------------------------------------------------------------
| Tool Version : Vivado v.2018.3 (lin64) Build 2405991 Thu Dec  6 23:36:41 MST 2018
| Date         : Tue Mar 12 20:04:48 2019
| Host         : Necryotiks running 64-bit unknown
| Command      : upgrade_ip
| Device       : xc7z007sclg400-1
------------------------------------------------------------------------------------

Upgrade Log for IP 'PWM_IP_BD_PWM_DRIVER_1_0'

1. Summary
----------

SUCCESS in the upgrade of PWM_IP_BD_PWM_DRIVER_1_0 (user.org:user:PWM_DRIVER:2.0) from (Rev. 19) to (Rev. 20)






Copyright 1986-2018 Xilinx, Inc. All Rights Reserved.
------------------------------------------------------------------------------------
| Tool Version : Vivado v.2018.3 (lin64) Build 2405991 Thu Dec  6 23:36:41 MST 2018
| Date         : Tue Mar 12 19:53:01 2019
| Host         : Necryotiks running 64-bit unknown
| Command      : upgrade_ip
| Device       : xc7z007sclg400-1
------------------------------------------------------------------------------------

Upgrade Log for IP 'PWM_IP_BD_PWM_DRIVER_1_0'

1. Summary
----------

SUCCESS in the upgrade of PWM_IP_BD_PWM_DRIVER_1_0 (user.org:user:PWM_DRIVER:2.0) from (Rev. 18) to (Rev. 19)






Copyright 1986-2018 Xilinx, Inc. All Rights Reserved.
------------------------------------------------------------------------------------
| Tool Version : Vivado v.2018.3 (lin64) Build 2405991 Thu Dec  6 23:36:41 MST 2018
| Date         : Tue Mar 12 19:43:35 2019
| Host         : Necryotiks running 64-bit unknown
| Command      : upgrade_ip
| Device       : xc7z007sclg400-1
------------------------------------------------------------------------------------

Upgrade Log for IP 'PWM_IP_BD_PWM_DRIVER_1_0'

1. Summary
----------

SUCCESS in the upgrade of PWM_IP_BD_PWM_DRIVER_1_0 (user.org:user:PWM_DRIVER:2.0) from (Rev. 17) to (Rev. 18)






Copyright 1986-2018 Xilinx, Inc. All Rights Reserved.
------------------------------------------------------------------------------------
| Tool Version : Vivado v.2018.3 (lin64) Build 2405991 Thu Dec  6 23:36:41 MST 2018
| Date         : Tue Mar 12 15:39:44 2019
| Host         : Necryotiks running 64-bit unknown
| Command      : upgrade_ip
| Device       : xc7z007sclg400-1
------------------------------------------------------------------------------------

Upgrade Log for IP 'PWM_IP_BD_PWM_DRIVER_1_0'

1. Summary
----------

SUCCESS in the upgrade of PWM_IP_BD_PWM_DRIVER_1_0 (user.org:user:PWM_DRIVER:2.0) from (Rev. 16) to (Rev. 17)






Copyright 1986-2018 Xilinx, Inc. All Rights Reserved.
------------------------------------------------------------------------------------
| Tool Version : Vivado v.2018.3 (lin64) Build 2405991 Thu Dec  6 23:36:41 MST 2018
| Date         : Tue Mar 12 15:22:42 2019
| Host         : Necryotiks running 64-bit unknown
| Command      : upgrade_ip
| Device       : xc7z007sclg400-1
------------------------------------------------------------------------------------

Upgrade Log for IP 'PWM_IP_BD_PWM_DRIVER_1_0'

1. Summary
----------

SUCCESS in the upgrade of PWM_IP_BD_PWM_DRIVER_1_0 (user.org:user:PWM_DRIVER:2.0) from (Rev. 15) to (Rev. 16)






Copyright 1986-2018 Xilinx, Inc. All Rights Reserved.
------------------------------------------------------------------------------------
| Tool Version : Vivado v.2018.3 (lin64) Build 2405991 Thu Dec  6 23:36:41 MST 2018
| Date         : Tue Mar 12 15:19:29 2019
| Host         : Necryotiks running 64-bit unknown
| Command      : upgrade_ip
| Device       : xc7z007sclg400-1
------------------------------------------------------------------------------------

Upgrade Log for IP 'PWM_IP_BD_PWM_DRIVER_1_0'

1. Summary
----------

SUCCESS in the upgrade of PWM_IP_BD_PWM_DRIVER_1_0 (user.org:user:PWM_DRIVER:2.0) from (Rev. 14) to (Rev. 15)






Copyright 1986-2018 Xilinx, Inc. All Rights Reserved.
------------------------------------------------------------------------------------
| Tool Version : Vivado v.2018.3 (lin64) Build 2405991 Thu Dec  6 23:36:41 MST 2018
| Date         : Tue Mar 12 15:05:30 2019
| Host         : Necryotiks running 64-bit unknown
| Command      : upgrade_ip
| Device       : xc7z007sclg400-1
------------------------------------------------------------------------------------

Upgrade Log for IP 'PWM_IP_BD_PWM_DRIVER_1_0'

1. Summary
----------

SUCCESS in the upgrade of PWM_IP_BD_PWM_DRIVER_1_0 (user.org:user:PWM_DRIVER:2.0) from (Rev. 13) to (Rev. 14)






Copyright 1986-2018 Xilinx, Inc. All Rights Reserved.
------------------------------------------------------------------------------------
| Tool Version : Vivado v.2018.3 (lin64) Build 2405991 Thu Dec  6 23:36:41 MST 2018
| Date         : Tue Mar 12 14:53:19 2019
| Host         : Necryotiks running 64-bit unknown
| Command      : upgrade_ip
| Device       : xc7z007sclg400-1
------------------------------------------------------------------------------------

Upgrade Log for IP 'PWM_IP_BD_PWM_DRIVER_1_0'

1. Summary
----------

SUCCESS in the upgrade of PWM_IP_BD_PWM_DRIVER_1_0 (user.org:user:PWM_DRIVER:2.0) from (Rev. 12) to (Rev. 13)






Copyright 1986-2018 Xilinx, Inc. All Rights Reserved.
------------------------------------------------------------------------------------
| Tool Version : Vivado v.2018.3 (lin64) Build 2405991 Thu Dec  6 23:36:41 MST 2018
| Date         : Tue Mar 12 14:43:55 2019
| Host         : Necryotiks running 64-bit unknown
| Command      : upgrade_ip
| Device       : xc7z007sclg400-1
------------------------------------------------------------------------------------

Upgrade Log for IP 'PWM_IP_BD_PWM_DRIVER_1_0'

1. Summary
----------

SUCCESS in the upgrade of PWM_IP_BD_PWM_DRIVER_1_0 (user.org:user:PWM_DRIVER:2.0) from (Rev. 11) to (Rev. 12)






Copyright 1986-2018 Xilinx, Inc. All Rights Reserved.
------------------------------------------------------------------------------------
| Tool Version : Vivado v.2018.3 (lin64) Build 2405991 Thu Dec  6 23:36:41 MST 2018
| Date         : Tue Mar 12 14:33:56 2019
| Host         : Necryotiks running 64-bit unknown
| Command      : upgrade_ip
| Device       : xc7z007sclg400-1
------------------------------------------------------------------------------------

Upgrade Log for IP 'PWM_IP_BD_PWM_DRIVER_1_0'

1. Summary
----------

SUCCESS in the upgrade of PWM_IP_BD_PWM_DRIVER_1_0 (user.org:user:PWM_DRIVER:2.0) from (Rev. 10) to (Rev. 11)






Copyright 1986-2018 Xilinx, Inc. All Rights Reserved.
------------------------------------------------------------------------------------
| Tool Version : Vivado v.2018.3 (lin64) Build 2405991 Thu Dec  6 23:36:41 MST 2018
| Date         : Tue Mar 12 14:03:28 2019
| Host         : Necryotiks running 64-bit unknown
| Command      : upgrade_ip
| Device       : xc7z007sclg400-1
------------------------------------------------------------------------------------

Upgrade Log for IP 'PWM_IP_BD_PWM_DRIVER_1_0'

1. Summary
----------

SUCCESS in the upgrade of PWM_IP_BD_PWM_DRIVER_1_0 (user.org:user:PWM_DRIVER:2.0) from (Rev. 9) to (Rev. 10)






Copyright 1986-2018 Xilinx, Inc. All Rights Reserved.
------------------------------------------------------------------------------------
| Tool Version : Vivado v.2018.3 (lin64) Build 2405991 Thu Dec  6 23:36:41 MST 2018
| Date         : Tue Mar 12 13:51:20 2019
| Host         : Necryotiks running 64-bit unknown
| Command      : upgrade_ip
| Device       : xc7z007sclg400-1
------------------------------------------------------------------------------------

Upgrade Log for IP 'PWM_IP_BD_PWM_DRIVER_1_0'

1. Summary
----------

SUCCESS in the upgrade of PWM_IP_BD_PWM_DRIVER_1_0 (user.org:user:PWM_DRIVER:2.0) from (Rev. 8) to (Rev. 9)






Copyright 1986-2018 Xilinx, Inc. All Rights Reserved.
------------------------------------------------------------------------------------
| Tool Version : Vivado v.2018.3 (lin64) Build 2405991 Thu Dec  6 23:36:41 MST 2018
| Date         : Tue Mar 12 13:24:15 2019
| Host         : Necryotiks running 64-bit unknown
| Command      : upgrade_ip
| Device       : xc7z007sclg400-1
------------------------------------------------------------------------------------

Upgrade Log for IP 'PWM_IP_BD_PWM_DRIVER_1_0'

1. Summary
----------

SUCCESS in the upgrade of PWM_IP_BD_PWM_DRIVER_1_0 (user.org:user:PWM_DRIVER:2.0) from (Rev. 7) to (Rev. 8)






Copyright 1986-2018 Xilinx, Inc. All Rights Reserved.
------------------------------------------------------------------------------------
| Tool Version : Vivado v.2018.3 (lin64) Build 2405991 Thu Dec  6 23:36:41 MST 2018
| Date         : Tue Mar 12 13:08:14 2019
| Host         : Necryotiks running 64-bit unknown
| Command      : upgrade_ip
| Device       : xc7z007sclg400-1
------------------------------------------------------------------------------------

Upgrade Log for IP 'PWM_IP_BD_PWM_DRIVER_1_0'

1. Summary
----------

SUCCESS in the upgrade of PWM_IP_BD_PWM_DRIVER_1_0 (user.org:user:PWM_DRIVER:2.0) from (Rev. 6) to (Rev. 7)






Copyright 1986-2018 Xilinx, Inc. All Rights Reserved.
------------------------------------------------------------------------------------
| Tool Version : Vivado v.2018.3 (lin64) Build 2405991 Thu Dec  6 23:36:41 MST 2018
| Date         : Mon Mar 11 19:19:00 2019
| Host         : Necryotiks running 64-bit unknown
| Command      : upgrade_ip
| Device       : xc7z007sclg400-1
------------------------------------------------------------------------------------

Upgrade Log for IP 'PWM_IP_BD_PWM_DRIVER_1_0'

1. Summary
----------

SUCCESS in the upgrade of PWM_IP_BD_PWM_DRIVER_1_0 (user.org:user:PWM_DRIVER:2.0) from (Rev. 5) to (Rev. 6)






Copyright 1986-2018 Xilinx, Inc. All Rights Reserved.
------------------------------------------------------------------------------------
| Tool Version : Vivado v.2018.3 (lin64) Build 2405991 Thu Dec  6 23:36:41 MST 2018
| Date         : Mon Mar 11 18:54:04 2019
| Host         : Necryotiks running 64-bit unknown
| Command      : upgrade_ip
| Device       : xc7z007sclg400-1
------------------------------------------------------------------------------------

Upgrade Log for IP 'PWM_IP_BD_PWM_DRIVER_1_0'

1. Summary
----------

SUCCESS in the upgrade of PWM_IP_BD_PWM_DRIVER_1_0 (user.org:user:PWM_DRIVER:2.0) from (Rev. 4) to (Rev. 5)






Copyright 1986-2018 Xilinx, Inc. All Rights Reserved.
------------------------------------------------------------------------------------
| Tool Version : Vivado v.2018.3 (lin64) Build 2405991 Thu Dec  6 23:36:41 MST 2018
| Date         : Mon Mar 11 15:48:38 2019
| Host         : Necryotiks running 64-bit unknown
| Command      : upgrade_ip
| Device       : xc7z007sclg400-1
------------------------------------------------------------------------------------

Upgrade Log for IP 'PWM_IP_BD_PWM_DRIVER_1_0'

1. Summary
----------

SUCCESS in the upgrade of PWM_IP_BD_PWM_DRIVER_1_0 (user.org:user:PWM_DRIVER:2.0) from (Rev. 3) to (Rev. 4)






Copyright 1986-2018 Xilinx, Inc. All Rights Reserved.
------------------------------------------------------------------------------------
| Tool Version : Vivado v.2018.3 (lin64) Build 2405991 Thu Dec  6 23:36:41 MST 2018
| Date         : Mon Mar 11 14:37:16 2019
| Host         : Necryotiks running 64-bit unknown
| Command      : upgrade_ip
| Device       : xc7z007sclg400-1
------------------------------------------------------------------------------------

Upgrade Log for IP 'PWM_IP_BD_PWM_DRIVER_1_0'

1. Summary
----------

SUCCESS in the upgrade of PWM_IP_BD_PWM_DRIVER_1_0 (user.org:user:PWM_DRIVER:2.0) from (Rev. 2) to (Rev. 3)






Copyright 1986-2018 Xilinx, Inc. All Rights Reserved.
------------------------------------------------------------------------------------
| Tool Version : Vivado v.2018.3 (lin64) Build 2405991 Thu Dec  6 23:36:41 MST 2018
| Date         : Sun Mar 10 22:19:09 2019
| Host         : Necryotiks running 64-bit unknown
| Command      : upgrade_ip
| Device       : xc7z007sclg400-1
------------------------------------------------------------------------------------

Upgrade Log for IP 'PWM_IP_BD_PWM_DRIVER_1_0'

1. Summary
----------

CAUTION (success, with warnings) in the upgrade of PWM_IP_BD_PWM_DRIVER_1_0 (user.org:user:PWM_DRIVER:2.0) from (Rev. 1) to (Rev. 2)

After upgrade, an IP may have parameter and port differences compared to the original customization. Please review the parameters within the IP customization GUI to ensure proper functionality. Also, please review the updated IP instantiation template to ensure proper connectivity, and update your design if required.

2. Connection Warnings
----------------------

Detected external port differences while upgrading 'PWM_IP_BD_PWM_DRIVER_1_0'. These changes may impact your design.


-Upgrade has added port 'o_LED'







Copyright 1986-2018 Xilinx, Inc. All Rights Reserved.
------------------------------------------------------------------------------------
| Tool Version : Vivado v.2018.3 (lin64) Build 2405991 Thu Dec  6 23:36:41 MST 2018
| Date         : Sun Mar 10 16:50:00 2019
| Host         : Necryotiks running 64-bit unknown
| Command      : upgrade_ip
| Device       : xc7z007sclg400-1
------------------------------------------------------------------------------------

Upgrade Log for IP 'PWM_IP_BD_PWM_DRIVER_0_0'

1. Summary
----------

SUCCESS in the upgrade of PWM_IP_BD_PWM_DRIVER_0_0 (user.org:user:PWM_DRIVER:1.0) from (Rev. 9) to (Rev. 10)






Copyright 1986-2018 Xilinx, Inc. All Rights Reserved.
------------------------------------------------------------------------------------
| Tool Version : Vivado v.2018.3 (lin64) Build 2405991 Thu Dec  6 23:36:41 MST 2018
| Date         : Sun Mar 10 16:34:46 2019
| Host         : Necryotiks running 64-bit unknown
| Command      : upgrade_ip
| Device       : xc7z007sclg400-1
------------------------------------------------------------------------------------

Upgrade Log for IP 'PWM_IP_BD_PWM_DRIVER_0_0'

1. Summary
----------

SUCCESS in the upgrade of PWM_IP_BD_PWM_DRIVER_0_0 (user.org:user:PWM_DRIVER:1.0) from (Rev. 8) to (Rev. 9)






Copyright 1986-2018 Xilinx, Inc. All Rights Reserved.
------------------------------------------------------------------------------------
| Tool Version : Vivado v.2018.3 (lin64) Build 2405991 Thu Dec  6 23:36:41 MST 2018
| Date         : Sun Mar 10 16:23:30 2019
| Host         : Necryotiks running 64-bit unknown
| Command      : upgrade_ip
| Device       : xc7z007sclg400-1
------------------------------------------------------------------------------------

Upgrade Log for IP 'PWM_IP_BD_PWM_DRIVER_0_0'

1. Summary
----------

SUCCESS in the upgrade of PWM_IP_BD_PWM_DRIVER_0_0 (user.org:user:PWM_DRIVER:1.0) from (Rev. 7) to (Rev. 8)






Copyright 1986-2018 Xilinx, Inc. All Rights Reserved.
------------------------------------------------------------------------------------
| Tool Version : Vivado v.2018.3 (lin64) Build 2405991 Thu Dec  6 23:36:41 MST 2018
| Date         : Sun Mar 10 16:12:56 2019
| Host         : Necryotiks running 64-bit unknown
| Command      : upgrade_ip
| Device       : xc7z007sclg400-1
------------------------------------------------------------------------------------

Upgrade Log for IP 'PWM_IP_BD_PWM_DRIVER_0_0'

1. Summary
----------

SUCCESS in the upgrade of PWM_IP_BD_PWM_DRIVER_0_0 (user.org:user:PWM_DRIVER:1.0) from (Rev. 6) to (Rev. 7)






Copyright 1986-2018 Xilinx, Inc. All Rights Reserved.
------------------------------------------------------------------------------------
| Tool Version : Vivado v.2018.3 (lin64) Build 2405991 Thu Dec  6 23:36:41 MST 2018
| Date         : Sun Mar 10 15:52:37 2019
| Host         : Necryotiks running 64-bit unknown
| Command      : upgrade_ip
| Device       : xc7z007sclg400-1
------------------------------------------------------------------------------------

Upgrade Log for IP 'PWM_IP_BD_PWM_DRIVER_0_0'

1. Summary
----------

SUCCESS in the upgrade of PWM_IP_BD_PWM_DRIVER_0_0 (user.org:user:PWM_DRIVER:1.0) from (Rev. 5) to (Rev. 6)






Copyright 1986-2018 Xilinx, Inc. All Rights Reserved.
------------------------------------------------------------------------------------
| Tool Version : Vivado v.2018.3 (lin64) Build 2405991 Thu Dec  6 23:36:41 MST 2018
| Date         : Sun Mar 10 15:49:10 2019
| Host         : Necryotiks running 64-bit unknown
| Command      : upgrade_ip
| Device       : xc7z007sclg400-1
------------------------------------------------------------------------------------

Upgrade Log for IP 'PWM_IP_BD_PWM_DRIVER_0_0'

1. Summary
----------

SUCCESS in the upgrade of PWM_IP_BD_PWM_DRIVER_0_0 (user.org:user:PWM_DRIVER:1.0) from (Rev. 4) to (Rev. 5)






Copyright 1986-2018 Xilinx, Inc. All Rights Reserved.
------------------------------------------------------------------------------------
| Tool Version : Vivado v.2018.3 (lin64) Build 2405991 Thu Dec  6 23:36:41 MST 2018
| Date         : Sun Mar 10 15:13:52 2019
| Host         : Necryotiks running 64-bit unknown
| Command      : upgrade_ip
| Device       : xc7z007sclg400-1
------------------------------------------------------------------------------------

Upgrade Log for IP 'PWM_IP_BD_PWM_DRIVER_0_0'

1. Summary
----------

SUCCESS in the upgrade of PWM_IP_BD_PWM_DRIVER_0_0 (user.org:user:PWM_DRIVER:1.0) from (Rev. 2) to (Rev. 4)






Copyright 1986-2018 Xilinx, Inc. All Rights Reserved.
------------------------------------------------------------------------------------
| Tool Version : Vivado v.2018.3 (lin64) Build 2405991 Thu Dec  6 23:36:41 MST 2018
| Date         : Sat Mar  9 23:05:37 2019
| Host         : Necryotiks running 64-bit unknown
| Command      : upgrade_ip
| Device       : xc7z007sclg400-1
------------------------------------------------------------------------------------

Upgrade Log for IP 'PWM_IP_BD_PWM_DRIVER_0_0'

1. Summary
----------

CAUTION (success, with warnings) in the upgrade of PWM_IP_BD_PWM_DRIVER_0_0 (user.org:user:PWM_DRIVER:1.0) from (Rev. 1) to (Rev. 2)

After upgrade, an IP may have parameter and port differences compared to the original customization. Please review the parameters within the IP customization GUI to ensure proper functionality. Also, please review the updated IP instantiation template to ensure proper connectivity, and update your design if required.

2. Connection Warnings
----------------------

Detected external port differences while upgrading 'PWM_IP_BD_PWM_DRIVER_0_0'. These changes may impact your design.


-Upgrade has added port 'o_LED'


