16:56:47 **** Build of project AXI_DEBUG_bsp ****
make -k all 
Running Make include in ps7_cortexa9_0/libsrc/ddrps_v1_0/src
make -C ps7_cortexa9_0/libsrc/ddrps_v1_0/src -s include  "SHELL=/bin/sh" "COMPILER=arm-none-eabi-gcc" "ARCHIVER=arm-none-eabi-ar" "COMPILER_FLAGS=  -O2 -c" "EXTRA_COMPILER_FLAGS=-mcpu=cortex-a9 -mfpu=vfpv3 -mfloat-abi=hard -nostartfiles -g -Wall -Wextra"
Running Make include in ps7_cortexa9_0/libsrc/standalone_v6_8/src
make -C ps7_cortexa9_0/libsrc/standalone_v6_8/src -s include  "SHELL=/bin/sh" "COMPILER=arm-none-eabi-gcc" "ARCHIVER=arm-none-eabi-ar" "COMPILER_FLAGS=  -O2 -c" "EXTRA_COMPILER_FLAGS=-mcpu=cortex-a9 -mfpu=vfpv3 -mfloat-abi=hard -nostartfiles -g -Wall -Wextra"
Running Make include in ps7_cortexa9_0/libsrc/dmaps_v2_4/src
make -C ps7_cortexa9_0/libsrc/dmaps_v2_4/src -s include  "SHELL=/bin/sh" "COMPILER=arm-none-eabi-gcc" "ARCHIVER=arm-none-eabi-ar" "COMPILER_FLAGS=  -O2 -c" "EXTRA_COMPILER_FLAGS=-mcpu=cortex-a9 -mfpu=vfpv3 -mfloat-abi=hard -nostartfiles -g -Wall -Wextra"
Running Make include in ps7_cortexa9_0/libsrc/cpu_cortexa9_v2_7/src
make -C ps7_cortexa9_0/libsrc/cpu_cortexa9_v2_7/src -s include  "SHELL=/bin/sh" "COMPILER=arm-none-eabi-gcc" "ARCHIVER=arm-none-eabi-ar" "COMPILER_FLAGS=  -O2 -c" "EXTRA_COMPILER_FLAGS=-mcpu=cortex-a9 -mfpu=vfpv3 -mfloat-abi=hard -nostartfiles -g -Wall -Wextra"
Running Make include in ps7_cortexa9_0/libsrc/scugic_v3_10/src
make -C ps7_cortexa9_0/libsrc/scugic_v3_10/src -s include  "SHELL=/bin/sh" "COMPILER=arm-none-eabi-gcc" "ARCHIVER=arm-none-eabi-ar" "COMPILER_FLAGS=  -O2 -c" "EXTRA_COMPILER_FLAGS=-mcpu=cortex-a9 -mfpu=vfpv3 -mfloat-abi=hard -nostartfiles -g -Wall -Wextra"
Running Make include in ps7_cortexa9_0/libsrc/LED_CONTROLLER_v1_0/src
make -C ps7_cortexa9_0/libsrc/LED_CONTROLLER_v1_0/src -s include  "SHELL=/bin/sh" "COMPILER=arm-none-eabi-gcc" "ARCHIVER=arm-none-eabi-ar" "COMPILER_FLAGS=  -O2 -c" "EXTRA_COMPILER_FLAGS=-mcpu=cortex-a9 -mfpu=vfpv3 -mfloat-abi=hard -nostartfiles -g -Wall -Wextra"
Running Make include in ps7_cortexa9_0/libsrc/xadcps_v2_3/src
make -C ps7_cortexa9_0/libsrc/xadcps_v2_3/src -s include  "SHELL=/bin/sh" "COMPILER=arm-none-eabi-gcc" "ARCHIVER=arm-none-eabi-ar" "COMPILER_FLAGS=  -O2 -c" "EXTRA_COMPILER_FLAGS=-mcpu=cortex-a9 -mfpu=vfpv3 -mfloat-abi=hard -nostartfiles -g -Wall -Wextra"
Running Make include in ps7_cortexa9_0/libsrc/devcfg_v3_5/src
make -C ps7_cortexa9_0/libsrc/devcfg_v3_5/src -s include  "SHELL=/bin/sh" "COMPILER=arm-none-eabi-gcc" "ARCHIVER=arm-none-eabi-ar" "COMPILER_FLAGS=  -O2 -c" "EXTRA_COMPILER_FLAGS=-mcpu=cortex-a9 -mfpu=vfpv3 -mfloat-abi=hard -nostartfiles -g -Wall -Wextra"
Running Make include in ps7_cortexa9_0/libsrc/scuwdt_v2_1/src
make -C ps7_cortexa9_0/libsrc/scuwdt_v2_1/src -s include  "SHELL=/bin/sh" "COMPILER=arm-none-eabi-gcc" "ARCHIVER=arm-none-eabi-ar" "COMPILER_FLAGS=  -O2 -c" "EXTRA_COMPILER_FLAGS=-mcpu=cortex-a9 -mfpu=vfpv3 -mfloat-abi=hard -nostartfiles -g -Wall -Wextra"
Running Make include in ps7_cortexa9_0/libsrc/coresightps_dcc_v1_4/src
make -C ps7_cortexa9_0/libsrc/coresightps_dcc_v1_4/src -s include  "SHELL=/bin/sh" "COMPILER=arm-none-eabi-gcc" "ARCHIVER=arm-none-eabi-ar" "COMPILER_FLAGS=  -O2 -c" "EXTRA_COMPILER_FLAGS=-mcpu=cortex-a9 -mfpu=vfpv3 -mfloat-abi=hard -nostartfiles -g -Wall -Wextra"
Running Make include in ps7_cortexa9_0/libsrc/scutimer_v2_1/src
make -C ps7_cortexa9_0/libsrc/scutimer_v2_1/src -s include  "SHELL=/bin/sh" "COMPILER=arm-none-eabi-gcc" "ARCHIVER=arm-none-eabi-ar" "COMPILER_FLAGS=  -O2 -c" "EXTRA_COMPILER_FLAGS=-mcpu=cortex-a9 -mfpu=vfpv3 -mfloat-abi=hard -nostartfiles -g -Wall -Wextra"
Running Make libs in ps7_cortexa9_0/libsrc/ddrps_v1_0/src
make -C ps7_cortexa9_0/libsrc/ddrps_v1_0/src -s libs  "SHELL=/bin/sh" "COMPILER=arm-none-eabi-gcc" "ARCHIVER=arm-none-eabi-ar" "COMPILER_FLAGS=  -O2 -c" "EXTRA_COMPILER_FLAGS=-mcpu=cortex-a9 -mfpu=vfpv3 -mfloat-abi=hard -nostartfiles -g -Wall -Wextra"
Compiling ddrps
arm-none-eabi-ar: creating ../../../lib/libxil.a
Running Make libs in ps7_cortexa9_0/libsrc/standalone_v6_8/src
make -C ps7_cortexa9_0/libsrc/standalone_v6_8/src -s libs  "SHELL=/bin/sh" "COMPILER=arm-none-eabi-gcc" "ARCHIVER=arm-none-eabi-ar" "COMPILER_FLAGS=  -O2 -c" "EXTRA_COMPILER_FLAGS=-mcpu=cortex-a9 -mfpu=vfpv3 -mfloat-abi=hard -nostartfiles -g -Wall -Wextra"
Compiling standalone
In file included from sleep.c:53:0:
xtime_l.h:87:9: note: #pragma message: For the sleep routines, Global timer is being used
 #pragma message ("For the sleep routines, Global timer is being used")
         ^~~~~~~
In file included from xil_sleeptimer.c:51:0:
xtime_l.h:87:9: note: #pragma message: For the sleep routines, Global timer is being used
 #pragma message ("For the sleep routines, Global timer is being used")
         ^~~~~~~
In file included from xtime_l.c:49:0:
xtime_l.h:87:9: note: #pragma message: For the sleep routines, Global timer is being used
 #pragma message ("For the sleep routines, Global timer is being used")
         ^~~~~~~
In file included from usleep.c:56:0:
xtime_l.h:87:9: note: #pragma message: For the sleep routines, Global timer is being used
 #pragma message ("For the sleep routines, Global timer is being used")
         ^~~~~~~
Running Make libs in ps7_cortexa9_0/libsrc/dmaps_v2_4/src
make -C ps7_cortexa9_0/libsrc/dmaps_v2_4/src -s libs  "SHELL=/bin/sh" "COMPILER=arm-none-eabi-gcc" "ARCHIVER=arm-none-eabi-ar" "COMPILER_FLAGS=  -O2 -c" "EXTRA_COMPILER_FLAGS=-mcpu=cortex-a9 -mfpu=vfpv3 -mfloat-abi=hard -nostartfiles -g -Wall -Wextra"
Compiling dmaps
Running Make libs in ps7_cortexa9_0/libsrc/cpu_cortexa9_v2_7/src
make -C ps7_cortexa9_0/libsrc/cpu_cortexa9_v2_7/src -s libs  "SHELL=/bin/sh" "COMPILER=arm-none-eabi-gcc" "ARCHIVER=arm-none-eabi-ar" "COMPILER_FLAGS=  -O2 -c" "EXTRA_COMPILER_FLAGS=-mcpu=cortex-a9 -mfpu=vfpv3 -mfloat-abi=hard -nostartfiles -g -Wall -Wextra"
Compiling cpu_cortexa9
Running Make libs in ps7_cortexa9_0/libsrc/scugic_v3_10/src
make -C ps7_cortexa9_0/libsrc/scugic_v3_10/src -s libs  "SHELL=/bin/sh" "COMPILER=arm-none-eabi-gcc" "ARCHIVER=arm-none-eabi-ar" "COMPILER_FLAGS=  -O2 -c" "EXTRA_COMPILER_FLAGS=-mcpu=cortex-a9 -mfpu=vfpv3 -mfloat-abi=hard -nostartfiles -g -Wall -Wextra"
Compiling scugic
Running Make libs in ps7_cortexa9_0/libsrc/LED_CONTROLLER_v1_0/src
make -C ps7_cortexa9_0/libsrc/LED_CONTROLLER_v1_0/src -s libs  "SHELL=/bin/sh" "COMPILER=arm-none-eabi-gcc" "ARCHIVER=arm-none-eabi-ar" "COMPILER_FLAGS=  -O2 -c" "EXTRA_COMPILER_FLAGS=-mcpu=cortex-a9 -mfpu=vfpv3 -mfloat-abi=hard -nostartfiles -g -Wall -Wextra"
Compiling LED_CONTROLLER...
LED_CONTROLLER_selftest.c: In function 'LED_CONTROLLER_Reg_SelfTest':
LED_CONTROLLER_selftest.c:52:63: warning: comparison between signed and unsigned integer expressions [-Wsign-compare]
    if ( LED_CONTROLLER_mReadReg (baseaddr, read_loop_index*4) != (read_loop_index+1)*READ_WRITE_MUL_FACTOR){
                                                               ^~
LED_CONTROLLER_selftest.c:36:6: warning: unused variable 'Index' [-Wunused-variable]
  int Index;
      ^~~~~
Running Make libs in ps7_cortexa9_0/libsrc/xadcps_v2_3/src
make -C ps7_cortexa9_0/libsrc/xadcps_v2_3/src -s libs  "SHELL=/bin/sh" "COMPILER=arm-none-eabi-gcc" "ARCHIVER=arm-none-eabi-ar" "COMPILER_FLAGS=  -O2 -c" "EXTRA_COMPILER_FLAGS=-mcpu=cortex-a9 -mfpu=vfpv3 -mfloat-abi=hard -nostartfiles -g -Wall -Wextra"
Compiling xadcps
Running Make libs in ps7_cortexa9_0/libsrc/devcfg_v3_5/src
make -C ps7_cortexa9_0/libsrc/devcfg_v3_5/src -s libs  "SHELL=/bin/sh" "COMPILER=arm-none-eabi-gcc" "ARCHIVER=arm-none-eabi-ar" "COMPILER_FLAGS=  -O2 -c" "EXTRA_COMPILER_FLAGS=-mcpu=cortex-a9 -mfpu=vfpv3 -mfloat-abi=hard -nostartfiles -g -Wall -Wextra"
Compiling devcfg
Running Make libs in ps7_cortexa9_0/libsrc/scuwdt_v2_1/src
make -C ps7_cortexa9_0/libsrc/scuwdt_v2_1/src -s libs  "SHELL=/bin/sh" "COMPILER=arm-none-eabi-gcc" "ARCHIVER=arm-none-eabi-ar" "COMPILER_FLAGS=  -O2 -c" "EXTRA_COMPILER_FLAGS=-mcpu=cortex-a9 -mfpu=vfpv3 -mfloat-abi=hard -nostartfiles -g -Wall -Wextra"
Compiling scuwdt
Running Make libs in ps7_cortexa9_0/libsrc/coresightps_dcc_v1_4/src
make -C ps7_cortexa9_0/libsrc/coresightps_dcc_v1_4/src -s libs  "SHELL=/bin/sh" "COMPILER=arm-none-eabi-gcc" "ARCHIVER=arm-none-eabi-ar" "COMPILER_FLAGS=  -O2 -c" "EXTRA_COMPILER_FLAGS=-mcpu=cortex-a9 -mfpu=vfpv3 -mfloat-abi=hard -nostartfiles -g -Wall -Wextra"
Compiling coresightps_dcc
Running Make libs in ps7_cortexa9_0/libsrc/scutimer_v2_1/src
make -C ps7_cortexa9_0/libsrc/scutimer_v2_1/src -s libs  "SHELL=/bin/sh" "COMPILER=arm-none-eabi-gcc" "ARCHIVER=arm-none-eabi-ar" "COMPILER_FLAGS=  -O2 -c" "EXTRA_COMPILER_FLAGS=-mcpu=cortex-a9 -mfpu=vfpv3 -mfloat-abi=hard -nostartfiles -g -Wall -Wextra"
Compiling scutimer
Finished building libraries

**** Build of configuration Debug for project AXI_DEBUG ****

Nothing to build for project AXI_DEBUG
16:57:18 **** Auto Build of configuration Debug for project AXI_DEBUG ****
make pre-build main-build 
a9-linaro-pre-build-step
 
Building file: ../src/main.c
Invoking: ARM v7 gcc compiler
arm-none-eabi-gcc -Wall -O0 -g3 -c -fmessage-length=0 -MT"src/main.o" -mcpu=cortex-a9 -mfpu=vfpv3 -mfloat-abi=hard -I../../AXI_DEBUG_bsp/ps7_cortexa9_0/include -MMD -MP -MF"src/main.d" -MT"src/main.o" -o "src/main.o" "../src/main.c"
Finished building: ../src/main.c
 
Building target: AXI_DEBUG.elf
Invoking: ARM v7 gcc linker
arm-none-eabi-gcc -mcpu=cortex-a9 -mfpu=vfpv3 -mfloat-abi=hard -Wl,-build-id=none -specs=Xilinx.spec -Wl,-T -Wl,../src/lscript.ld -L../../AXI_DEBUG_bsp/ps7_cortexa9_0/lib -o "AXI_DEBUG.elf"  ./src/main.o   -Wl,--start-group,-lxil,-lgcc,-lc,--end-group
../../AXI_DEBUG_bsp/ps7_cortexa9_0/lib/libxil.a(xil-crt0.o): In function `_start':
/home/necryotiks/Documents/Repos/WSU-CPTE/EE324/Module_3/Module_3.sdk/AXI_DEBUG_bsp/ps7_cortexa9_0/libsrc/standalone_v6_8/src/xil-crt0.S:138: undefined reference to `main'
collect2: error: ld returned 1 exit status
make: *** [makefile:41: AXI_DEBUG.elf] Error 1
16:58:40 **** Auto Build of configuration Debug for project AXI_DEBUG ****
make pre-build main-build 
a9-linaro-pre-build-step
 
Building file: ../src/main.c
Invoking: ARM v7 gcc compiler
arm-none-eabi-gcc -Wall -O0 -g3 -c -fmessage-length=0 -MT"src/main.o" -mcpu=cortex-a9 -mfpu=vfpv3 -mfloat-abi=hard -I../../AXI_DEBUG_bsp/ps7_cortexa9_0/include -MMD -MP -MF"src/main.d" -MT"src/main.o" -o "src/main.o" "../src/main.c"
Finished building: ../src/main.c
 
Building target: AXI_DEBUG.elf
Invoking: ARM v7 gcc linker
arm-none-eabi-gcc -mcpu=cortex-a9 -mfpu=vfpv3 -mfloat-abi=hard -Wl,-build-id=none -specs=Xilinx.spec -Wl,-T -Wl,../src/lscript.ld -L../../AXI_DEBUG_bsp/ps7_cortexa9_0/lib -o "AXI_DEBUG.elf"  ./src/main.o   -Wl,--start-group,-lxil,-lgcc,-lc,--end-group
Finished building target: AXI_DEBUG.elf
 
Invoking: ARM v7 Print Size
arm-none-eabi-size AXI_DEBUG.elf  |tee "AXI_DEBUG.elf.size"
   text	   data	    bss	    dec	    hex	filename
  19016	   1144	  22568	  42728	   a6e8	AXI_DEBUG.elf
Finished building: AXI_DEBUG.elf.size
 
16:59:21 **** Auto Build of configuration Debug for project AXI_DEBUG ****
make pre-build main-build 
a9-linaro-pre-build-step
 
make: Nothing to be done for 'main-build'.
16:59:22 **** Auto Build of configuration Debug for project AXI_DEBUG ****
make pre-build main-build 
a9-linaro-pre-build-step
 
make: Nothing to be done for 'main-build'.
17:00:44 **** Auto Build of configuration Debug for project AXI_DEBUG ****
make pre-build main-build 
a9-linaro-pre-build-step
 
make: Nothing to be done for 'main-build'.
17:01:50 **** Auto Build of configuration Debug for project AXI_DEBUG ****
make pre-build main-build 
a9-linaro-pre-build-step
 
make: Nothing to be done for 'main-build'.
17:02:05 **** Auto Build of configuration Debug for project AXI_DEBUG ****
make pre-build main-build 
a9-linaro-pre-build-step
 
Building file: ../src/functions.c
Invoking: ARM v7 gcc compiler
arm-none-eabi-gcc -Wall -O0 -g3 -c -fmessage-length=0 -MT"src/functions.o" -mcpu=cortex-a9 -mfpu=vfpv3 -mfloat-abi=hard -I../../AXI_DEBUG_bsp/ps7_cortexa9_0/include -MMD -MP -MF"src/functions.d" -MT"src/functions.o" -o "src/functions.o" "../src/functions.c"
Finished building: ../src/functions.c
 
Building target: AXI_DEBUG.elf
Invoking: ARM v7 gcc linker
arm-none-eabi-gcc -mcpu=cortex-a9 -mfpu=vfpv3 -mfloat-abi=hard -Wl,-build-id=none -specs=Xilinx.spec -Wl,-T -Wl,../src/lscript.ld -L../../AXI_DEBUG_bsp/ps7_cortexa9_0/lib -o "AXI_DEBUG.elf"  ./src/functions.o ./src/main.o   -Wl,--start-group,-lxil,-lgcc,-lc,--end-group
Finished building target: AXI_DEBUG.elf
 
Invoking: ARM v7 Print Size
arm-none-eabi-size AXI_DEBUG.elf  |tee "AXI_DEBUG.elf.size"
   text	   data	    bss	    dec	    hex	filename
  19016	   1144	  22568	  42728	   a6e8	AXI_DEBUG.elf
Finished building: AXI_DEBUG.elf.size
 
17:07:23 **** Auto Build of configuration Debug for project AXI_DEBUG ****
make pre-build main-build 
a9-linaro-pre-build-step
 
Building file: ../src/functions.c
Invoking: ARM v7 gcc compiler
arm-none-eabi-gcc -Wall -O0 -g3 -c -fmessage-length=0 -MT"src/functions.o" -mcpu=cortex-a9 -mfpu=vfpv3 -mfloat-abi=hard -I../../AXI_DEBUG_bsp/ps7_cortexa9_0/include -MMD -MP -MF"src/functions.d" -MT"src/functions.o" -o "src/functions.o" "../src/functions.c"
Finished building: ../src/functions.c
 
Building target: AXI_DEBUG.elf
Invoking: ARM v7 gcc linker
arm-none-eabi-gcc -mcpu=cortex-a9 -mfpu=vfpv3 -mfloat-abi=hard -Wl,-build-id=none -specs=Xilinx.spec -Wl,-T -Wl,../src/lscript.ld -L../../AXI_DEBUG_bsp/ps7_cortexa9_0/lib -o "AXI_DEBUG.elf"  ./src/functions.o ./src/main.o   -Wl,--start-group,-lxil,-lgcc,-lc,--end-group
Finished building target: AXI_DEBUG.elf
 
Invoking: ARM v7 Print Size
arm-none-eabi-size AXI_DEBUG.elf  |tee "AXI_DEBUG.elf.size"
   text	   data	    bss	    dec	    hex	filename
  19136	   1144	  22568	  42848	   a760	AXI_DEBUG.elf
Finished building: AXI_DEBUG.elf.size
 
17:07:55 **** Auto Build of configuration Debug for project AXI_DEBUG ****
make pre-build main-build 
a9-linaro-pre-build-step
 
Building file: ../src/main.c
Invoking: ARM v7 gcc compiler
arm-none-eabi-gcc -Wall -O0 -g3 -c -fmessage-length=0 -MT"src/main.o" -mcpu=cortex-a9 -mfpu=vfpv3 -mfloat-abi=hard -I../../AXI_DEBUG_bsp/ps7_cortexa9_0/include -MMD -MP -MF"src/main.d" -MT"src/main.o" -o "src/main.o" "../src/main.c"
../src/main.c: In function 'main':
../src/main.c:10:2: warning: implicit declaration of function 'disableLED' [-Wimplicit-function-declaration]
  disableLED();
  ^~~~~~~~~~
../src/main.c:11:2: warning: implicit declaration of function 'enableLED' [-Wimplicit-function-declaration]
  enableLED();
  ^~~~~~~~~
../src/main.c:12:2: warning: implicit declaration of function 'demoLED' [-Wimplicit-function-declaration]
  demoLED();
  ^~~~~~~
Finished building: ../src/main.c
 
Building target: AXI_DEBUG.elf
Invoking: ARM v7 gcc linker
arm-none-eabi-gcc -mcpu=cortex-a9 -mfpu=vfpv3 -mfloat-abi=hard -Wl,-build-id=none -specs=Xilinx.spec -Wl,-T -Wl,../src/lscript.ld -L../../AXI_DEBUG_bsp/ps7_cortexa9_0/lib -o "AXI_DEBUG.elf"  ./src/functions.o ./src/main.o   -Wl,--start-group,-lxil,-lgcc,-lc,--end-group
Finished building target: AXI_DEBUG.elf
 
Invoking: ARM v7 Print Size
arm-none-eabi-size AXI_DEBUG.elf  |tee "AXI_DEBUG.elf.size"
   text	   data	    bss	    dec	    hex	filename
  19140	   1144	  22568	  42852	   a764	AXI_DEBUG.elf
Finished building: AXI_DEBUG.elf.size
 
17:11:32 **** Auto Build of configuration Debug for project AXI_DEBUG ****
make pre-build main-build 
a9-linaro-pre-build-step
 
Building file: ../src/main.c
Invoking: ARM v7 gcc compiler
arm-none-eabi-gcc -Wall -O0 -g3 -c -fmessage-length=0 -MT"src/main.o" -mcpu=cortex-a9 -mfpu=vfpv3 -mfloat-abi=hard -I../../AXI_DEBUG_bsp/ps7_cortexa9_0/include -MMD -MP -MF"src/main.d" -MT"src/main.o" -o "src/main.o" "../src/main.c"
Finished building: ../src/main.c
 
Building target: AXI_DEBUG.elf
Invoking: ARM v7 gcc linker
arm-none-eabi-gcc -mcpu=cortex-a9 -mfpu=vfpv3 -mfloat-abi=hard -Wl,-build-id=none -specs=Xilinx.spec -Wl,-T -Wl,../src/lscript.ld -L../../AXI_DEBUG_bsp/ps7_cortexa9_0/lib -o "AXI_DEBUG.elf"  ./src/functions.o ./src/main.o   -Wl,--start-group,-lxil,-lgcc,-lc,--end-group
Finished building target: AXI_DEBUG.elf
 
Invoking: ARM v7 Print Size
arm-none-eabi-size AXI_DEBUG.elf  |tee "AXI_DEBUG.elf.size"
   text	   data	    bss	    dec	    hex	filename
  19140	   1144	  22568	  42852	   a764	AXI_DEBUG.elf
Finished building: AXI_DEBUG.elf.size
 
17:11:39 **** Incremental Build of configuration Debug for project AXI_DEBUG ****
make pre-build main-build 
a9-linaro-pre-build-step
 
make: Nothing to be done for 'main-build'.
17:11:52 **** Incremental Build of configuration Debug for project AXI_DEBUG ****
make pre-build main-build 
a9-linaro-pre-build-step
 
make: Nothing to be done for 'main-build'.
17:19:28 **** Auto Build of configuration Debug for project AXI_DEBUG ****
make pre-build main-build 
a9-linaro-pre-build-step
 
Building file: ../src/main.c
Invoking: ARM v7 gcc compiler
arm-none-eabi-gcc -Wall -O0 -g3 -c -fmessage-length=0 -MT"src/main.o" -mcpu=cortex-a9 -mfpu=vfpv3 -mfloat-abi=hard -I../../AXI_DEBUG_bsp/ps7_cortexa9_0/include -MMD -MP -MF"src/main.d" -MT"src/main.o" -o "src/main.o" "../src/main.c"
Finished building: ../src/main.c
 
Building target: AXI_DEBUG.elf
Invoking: ARM v7 gcc linker
arm-none-eabi-gcc -mcpu=cortex-a9 -mfpu=vfpv3 -mfloat-abi=hard -Wl,-build-id=none -specs=Xilinx.spec -Wl,-T -Wl,../src/lscript.ld -L../../AXI_DEBUG_bsp/ps7_cortexa9_0/lib -o "AXI_DEBUG.elf"  ./src/functions.o ./src/main.o   -Wl,--start-group,-lxil,-lgcc,-lc,--end-group
Finished building target: AXI_DEBUG.elf
 
Invoking: ARM v7 Print Size
arm-none-eabi-size AXI_DEBUG.elf  |tee "AXI_DEBUG.elf.size"
   text	   data	    bss	    dec	    hex	filename
  19140	   1144	  22568	  42852	   a764	AXI_DEBUG.elf
Finished building: AXI_DEBUG.elf.size
 
17:27:07 **** Incremental Build of configuration Debug for project AXI_DEBUG ****
make pre-build main-build 
a9-linaro-pre-build-step
 
make: Nothing to be done for 'main-build'.
17:55:41 **** Incremental Build of configuration Debug for project AXI_DEBUG ****
make pre-build main-build 
a9-linaro-pre-build-step
 
Building file: ../src/functions.c
Invoking: ARM v7 gcc compiler
arm-none-eabi-gcc -Wall -O0 -g3 -c -fmessage-length=0 -MT"src/functions.o" -mcpu=cortex-a9 -mfpu=vfpv3 -mfloat-abi=hard -I../../AXI_DEBUG_bsp/ps7_cortexa9_0/include -MMD -MP -MF"src/functions.d" -MT"src/functions.o" -o "src/functions.o" "../src/functions.c"
In file included from ../src/functions.c:8:0:
../src/functions.h:18:10: fatal error: xil_types.h: No such file or directory
 #include "xil_types.h"
          ^~~~~~~~~~~~~
compilation terminated.
make: *** [src/subdir.mk:26: src/functions.o] Error 1
17:56:12 **** Clean-only build of configuration Debug for project AXI_DEBUG ****
make clean 
rm -rf  ./src/functions.o ./src/main.o  ./src/functions.d ./src/main.d  AXI_DEBUG.elf.size  AXI_DEBUG.elf
 
17:56:12 **** Clean-only build of project AXI_DEBUG_bsp ****
make -k clean 
make -C ps7_cortexa9_0/libsrc/ddrps_v1_0/src -s clean 
make -C ps7_cortexa9_0/libsrc/sdps_v3_6/src -s clean 
make -C ps7_cortexa9_0/libsrc/standalone_v6_8/src -s clean 
make -C ps7_cortexa9_0/libsrc/dmaps_v2_4/src -s clean 
make -C ps7_cortexa9_0/libsrc/cpu_cortexa9_v2_7/src -s clean 
make -C ps7_cortexa9_0/libsrc/gpiops_v3_4/src -s clean 
make -C ps7_cortexa9_0/libsrc/qspips_v3_5/src -s clean 
make -C ps7_cortexa9_0/libsrc/scugic_v3_10/src -s clean 
make -C ps7_cortexa9_0/libsrc/LED_CONTROLLER_v1_0/src -s clean 
make -C ps7_cortexa9_0/libsrc/xadcps_v2_3/src -s clean 
make -C ps7_cortexa9_0/libsrc/spips_v3_1/src -s clean 
make -C ps7_cortexa9_0/libsrc/devcfg_v3_5/src -s clean 
make -C ps7_cortexa9_0/libsrc/scuwdt_v2_1/src -s clean 
make -C ps7_cortexa9_0/libsrc/uartps_v3_7/src -s clean 
make -C ps7_cortexa9_0/libsrc/usbps_v2_4/src -s clean 
make -C ps7_cortexa9_0/libsrc/coresightps_dcc_v1_4/src -s clean 
make -C ps7_cortexa9_0/libsrc/scutimer_v2_1/src -s clean 
rm -f ps7_cortexa9_0/lib/libxil.a
17:56:13 **** Build of project AXI_DEBUG_bsp ****
make -k all 
Running Make include in ps7_cortexa9_0/libsrc/ddrps_v1_0/src
make -C ps7_cortexa9_0/libsrc/ddrps_v1_0/src -s include  "SHELL=/bin/sh" "COMPILER=arm-none-eabi-gcc" "ARCHIVER=arm-none-eabi-ar" "COMPILER_FLAGS=  -O2 -c" "EXTRA_COMPILER_FLAGS=-mcpu=cortex-a9 -mfpu=vfpv3 -mfloat-abi=hard -nostartfiles -g -Wall -Wextra"
Running Make include in ps7_cortexa9_0/libsrc/sdps_v3_6/src
make -C ps7_cortexa9_0/libsrc/sdps_v3_6/src -s include  "SHELL=/bin/sh" "COMPILER=arm-none-eabi-gcc" "ARCHIVER=arm-none-eabi-ar" "COMPILER_FLAGS=  -O2 -c" "EXTRA_COMPILER_FLAGS=-mcpu=cortex-a9 -mfpu=vfpv3 -mfloat-abi=hard -nostartfiles -g -Wall -Wextra"
Running Make include in ps7_cortexa9_0/libsrc/standalone_v6_8/src
make -C ps7_cortexa9_0/libsrc/standalone_v6_8/src -s include  "SHELL=/bin/sh" "COMPILER=arm-none-eabi-gcc" "ARCHIVER=arm-none-eabi-ar" "COMPILER_FLAGS=  -O2 -c" "EXTRA_COMPILER_FLAGS=-mcpu=cortex-a9 -mfpu=vfpv3 -mfloat-abi=hard -nostartfiles -g -Wall -Wextra"
Running Make include in ps7_cortexa9_0/libsrc/dmaps_v2_4/src
make -C ps7_cortexa9_0/libsrc/dmaps_v2_4/src -s include  "SHELL=/bin/sh" "COMPILER=arm-none-eabi-gcc" "ARCHIVER=arm-none-eabi-ar" "COMPILER_FLAGS=  -O2 -c" "EXTRA_COMPILER_FLAGS=-mcpu=cortex-a9 -mfpu=vfpv3 -mfloat-abi=hard -nostartfiles -g -Wall -Wextra"
Running Make include in ps7_cortexa9_0/libsrc/cpu_cortexa9_v2_7/src
make -C ps7_cortexa9_0/libsrc/cpu_cortexa9_v2_7/src -s include  "SHELL=/bin/sh" "COMPILER=arm-none-eabi-gcc" "ARCHIVER=arm-none-eabi-ar" "COMPILER_FLAGS=  -O2 -c" "EXTRA_COMPILER_FLAGS=-mcpu=cortex-a9 -mfpu=vfpv3 -mfloat-abi=hard -nostartfiles -g -Wall -Wextra"
Running Make include in ps7_cortexa9_0/libsrc/gpiops_v3_4/src
make -C ps7_cortexa9_0/libsrc/gpiops_v3_4/src -s include  "SHELL=/bin/sh" "COMPILER=arm-none-eabi-gcc" "ARCHIVER=arm-none-eabi-ar" "COMPILER_FLAGS=  -O2 -c" "EXTRA_COMPILER_FLAGS=-mcpu=cortex-a9 -mfpu=vfpv3 -mfloat-abi=hard -nostartfiles -g -Wall -Wextra"
Running Make include in ps7_cortexa9_0/libsrc/qspips_v3_5/src
make -C ps7_cortexa9_0/libsrc/qspips_v3_5/src -s include  "SHELL=/bin/sh" "COMPILER=arm-none-eabi-gcc" "ARCHIVER=arm-none-eabi-ar" "COMPILER_FLAGS=  -O2 -c" "EXTRA_COMPILER_FLAGS=-mcpu=cortex-a9 -mfpu=vfpv3 -mfloat-abi=hard -nostartfiles -g -Wall -Wextra"
Running Make include in ps7_cortexa9_0/libsrc/scugic_v3_10/src
make -C ps7_cortexa9_0/libsrc/scugic_v3_10/src -s include  "SHELL=/bin/sh" "COMPILER=arm-none-eabi-gcc" "ARCHIVER=arm-none-eabi-ar" "COMPILER_FLAGS=  -O2 -c" "EXTRA_COMPILER_FLAGS=-mcpu=cortex-a9 -mfpu=vfpv3 -mfloat-abi=hard -nostartfiles -g -Wall -Wextra"
Running Make include in ps7_cortexa9_0/libsrc/LED_CONTROLLER_v1_0/src
make -C ps7_cortexa9_0/libsrc/LED_CONTROLLER_v1_0/src -s include  "SHELL=/bin/sh" "COMPILER=arm-none-eabi-gcc" "ARCHIVER=arm-none-eabi-ar" "COMPILER_FLAGS=  -O2 -c" "EXTRA_COMPILER_FLAGS=-mcpu=cortex-a9 -mfpu=vfpv3 -mfloat-abi=hard -nostartfiles -g -Wall -Wextra"
Running Make include in ps7_cortexa9_0/libsrc/xadcps_v2_3/src
make -C ps7_cortexa9_0/libsrc/xadcps_v2_3/src -s include  "SHELL=/bin/sh" "COMPILER=arm-none-eabi-gcc" "ARCHIVER=arm-none-eabi-ar" "COMPILER_FLAGS=  -O2 -c" "EXTRA_COMPILER_FLAGS=-mcpu=cortex-a9 -mfpu=vfpv3 -mfloat-abi=hard -nostartfiles -g -Wall -Wextra"
Running Make include in ps7_cortexa9_0/libsrc/spips_v3_1/src
make -C ps7_cortexa9_0/libsrc/spips_v3_1/src -s include  "SHELL=/bin/sh" "COMPILER=arm-none-eabi-gcc" "ARCHIVER=arm-none-eabi-ar" "COMPILER_FLAGS=  -O2 -c" "EXTRA_COMPILER_FLAGS=-mcpu=cortex-a9 -mfpu=vfpv3 -mfloat-abi=hard -nostartfiles -g -Wall -Wextra"
Running Make include in ps7_cortexa9_0/libsrc/devcfg_v3_5/src
make -C ps7_cortexa9_0/libsrc/devcfg_v3_5/src -s include  "SHELL=/bin/sh" "COMPILER=arm-none-eabi-gcc" "ARCHIVER=arm-none-eabi-ar" "COMPILER_FLAGS=  -O2 -c" "EXTRA_COMPILER_FLAGS=-mcpu=cortex-a9 -mfpu=vfpv3 -mfloat-abi=hard -nostartfiles -g -Wall -Wextra"
Running Make include in ps7_cortexa9_0/libsrc/scuwdt_v2_1/src
make -C ps7_cortexa9_0/libsrc/scuwdt_v2_1/src -s include  "SHELL=/bin/sh" "COMPILER=arm-none-eabi-gcc" "ARCHIVER=arm-none-eabi-ar" "COMPILER_FLAGS=  -O2 -c" "EXTRA_COMPILER_FLAGS=-mcpu=cortex-a9 -mfpu=vfpv3 -mfloat-abi=hard -nostartfiles -g -Wall -Wextra"
Running Make include in ps7_cortexa9_0/libsrc/uartps_v3_7/src
make -C ps7_cortexa9_0/libsrc/uartps_v3_7/src -s include  "SHELL=/bin/sh" "COMPILER=arm-none-eabi-gcc" "ARCHIVER=arm-none-eabi-ar" "COMPILER_FLAGS=  -O2 -c" "EXTRA_COMPILER_FLAGS=-mcpu=cortex-a9 -mfpu=vfpv3 -mfloat-abi=hard -nostartfiles -g -Wall -Wextra"
Running Make include in ps7_cortexa9_0/libsrc/usbps_v2_4/src
make -C ps7_cortexa9_0/libsrc/usbps_v2_4/src -s include  "SHELL=/bin/sh" "COMPILER=arm-none-eabi-gcc" "ARCHIVER=arm-none-eabi-ar" "COMPILER_FLAGS=  -O2 -c" "EXTRA_COMPILER_FLAGS=-mcpu=cortex-a9 -mfpu=vfpv3 -mfloat-abi=hard -nostartfiles -g -Wall -Wextra"
Running Make include in ps7_cortexa9_0/libsrc/coresightps_dcc_v1_4/src
make -C ps7_cortexa9_0/libsrc/coresightps_dcc_v1_4/src -s include  "SHELL=/bin/sh" "COMPILER=arm-none-eabi-gcc" "ARCHIVER=arm-none-eabi-ar" "COMPILER_FLAGS=  -O2 -c" "EXTRA_COMPILER_FLAGS=-mcpu=cortex-a9 -mfpu=vfpv3 -mfloat-abi=hard -nostartfiles -g -Wall -Wextra"
Running Make include in ps7_cortexa9_0/libsrc/scutimer_v2_1/src
make -C ps7_cortexa9_0/libsrc/scutimer_v2_1/src -s include  "SHELL=/bin/sh" "COMPILER=arm-none-eabi-gcc" "ARCHIVER=arm-none-eabi-ar" "COMPILER_FLAGS=  -O2 -c" "EXTRA_COMPILER_FLAGS=-mcpu=cortex-a9 -mfpu=vfpv3 -mfloat-abi=hard -nostartfiles -g -Wall -Wextra"
Running Make libs in ps7_cortexa9_0/libsrc/ddrps_v1_0/src
make -C ps7_cortexa9_0/libsrc/ddrps_v1_0/src -s libs  "SHELL=/bin/sh" "COMPILER=arm-none-eabi-gcc" "ARCHIVER=arm-none-eabi-ar" "COMPILER_FLAGS=  -O2 -c" "EXTRA_COMPILER_FLAGS=-mcpu=cortex-a9 -mfpu=vfpv3 -mfloat-abi=hard -nostartfiles -g -Wall -Wextra"
Compiling ddrps
arm-none-eabi-ar: creating ../../../lib/libxil.a
Running Make libs in ps7_cortexa9_0/libsrc/sdps_v3_6/src
make -C ps7_cortexa9_0/libsrc/sdps_v3_6/src -s libs  "SHELL=/bin/sh" "COMPILER=arm-none-eabi-gcc" "ARCHIVER=arm-none-eabi-ar" "COMPILER_FLAGS=  -O2 -c" "EXTRA_COMPILER_FLAGS=-mcpu=cortex-a9 -mfpu=vfpv3 -mfloat-abi=hard -nostartfiles -g -Wall -Wextra"
Compiling sdps
Running Make libs in ps7_cortexa9_0/libsrc/standalone_v6_8/src
make -C ps7_cortexa9_0/libsrc/standalone_v6_8/src -s libs  "SHELL=/bin/sh" "COMPILER=arm-none-eabi-gcc" "ARCHIVER=arm-none-eabi-ar" "COMPILER_FLAGS=  -O2 -c" "EXTRA_COMPILER_FLAGS=-mcpu=cortex-a9 -mfpu=vfpv3 -mfloat-abi=hard -nostartfiles -g -Wall -Wextra"
Compiling standalone
In file included from sleep.c:53:0:
xtime_l.h:87:9: note: #pragma message: For the sleep routines, Global timer is being used
 #pragma message ("For the sleep routines, Global timer is being used")
         ^~~~~~~
In file included from xil_sleeptimer.c:51:0:
xtime_l.h:87:9: note: #pragma message: For the sleep routines, Global timer is being used
 #pragma message ("For the sleep routines, Global timer is being used")
         ^~~~~~~
In file included from xtime_l.c:49:0:
xtime_l.h:87:9: note: #pragma message: For the sleep routines, Global timer is being used
 #pragma message ("For the sleep routines, Global timer is being used")
         ^~~~~~~
In file included from usleep.c:56:0:
xtime_l.h:87:9: note: #pragma message: For the sleep routines, Global timer is being used
 #pragma message ("For the sleep routines, Global timer is being used")
         ^~~~~~~
Running Make libs in ps7_cortexa9_0/libsrc/dmaps_v2_4/src
make -C ps7_cortexa9_0/libsrc/dmaps_v2_4/src -s libs  "SHELL=/bin/sh" "COMPILER=arm-none-eabi-gcc" "ARCHIVER=arm-none-eabi-ar" "COMPILER_FLAGS=  -O2 -c" "EXTRA_COMPILER_FLAGS=-mcpu=cortex-a9 -mfpu=vfpv3 -mfloat-abi=hard -nostartfiles -g -Wall -Wextra"
Compiling dmaps
Running Make libs in ps7_cortexa9_0/libsrc/cpu_cortexa9_v2_7/src
make -C ps7_cortexa9_0/libsrc/cpu_cortexa9_v2_7/src -s libs  "SHELL=/bin/sh" "COMPILER=arm-none-eabi-gcc" "ARCHIVER=arm-none-eabi-ar" "COMPILER_FLAGS=  -O2 -c" "EXTRA_COMPILER_FLAGS=-mcpu=cortex-a9 -mfpu=vfpv3 -mfloat-abi=hard -nostartfiles -g -Wall -Wextra"
Compiling cpu_cortexa9
Running Make libs in ps7_cortexa9_0/libsrc/gpiops_v3_4/src
make -C ps7_cortexa9_0/libsrc/gpiops_v3_4/src -s libs  "SHELL=/bin/sh" "COMPILER=arm-none-eabi-gcc" "ARCHIVER=arm-none-eabi-ar" "COMPILER_FLAGS=  -O2 -c" "EXTRA_COMPILER_FLAGS=-mcpu=cortex-a9 -mfpu=vfpv3 -mfloat-abi=hard -nostartfiles -g -Wall -Wextra"
Compiling gpiops
Running Make libs in ps7_cortexa9_0/libsrc/qspips_v3_5/src
make -C ps7_cortexa9_0/libsrc/qspips_v3_5/src -s libs  "SHELL=/bin/sh" "COMPILER=arm-none-eabi-gcc" "ARCHIVER=arm-none-eabi-ar" "COMPILER_FLAGS=  -O2 -c" "EXTRA_COMPILER_FLAGS=-mcpu=cortex-a9 -mfpu=vfpv3 -mfloat-abi=hard -nostartfiles -g -Wall -Wextra"
Compiling qspips
Running Make libs in ps7_cortexa9_0/libsrc/scugic_v3_10/src
make -C ps7_cortexa9_0/libsrc/scugic_v3_10/src -s libs  "SHELL=/bin/sh" "COMPILER=arm-none-eabi-gcc" "ARCHIVER=arm-none-eabi-ar" "COMPILER_FLAGS=  -O2 -c" "EXTRA_COMPILER_FLAGS=-mcpu=cortex-a9 -mfpu=vfpv3 -mfloat-abi=hard -nostartfiles -g -Wall -Wextra"
Compiling scugic
Running Make libs in ps7_cortexa9_0/libsrc/LED_CONTROLLER_v1_0/src
make -C ps7_cortexa9_0/libsrc/LED_CONTROLLER_v1_0/src -s libs  "SHELL=/bin/sh" "COMPILER=arm-none-eabi-gcc" "ARCHIVER=arm-none-eabi-ar" "COMPILER_FLAGS=  -O2 -c" "EXTRA_COMPILER_FLAGS=-mcpu=cortex-a9 -mfpu=vfpv3 -mfloat-abi=hard -nostartfiles -g -Wall -Wextra"
Compiling LED_CONTROLLER...
LED_CONTROLLER_selftest.c: In function 'LED_CONTROLLER_Reg_SelfTest':
LED_CONTROLLER_selftest.c:52:63: warning: comparison between signed and unsigned integer expressions [-Wsign-compare]
    if ( LED_CONTROLLER_mReadReg (baseaddr, read_loop_index*4) != (read_loop_index+1)*READ_WRITE_MUL_FACTOR){
                                                               ^~
LED_CONTROLLER_selftest.c:36:6: warning: unused variable 'Index' [-Wunused-variable]
  int Index;
      ^~~~~
Running Make libs in ps7_cortexa9_0/libsrc/xadcps_v2_3/src
make -C ps7_cortexa9_0/libsrc/xadcps_v2_3/src -s libs  "SHELL=/bin/sh" "COMPILER=arm-none-eabi-gcc" "ARCHIVER=arm-none-eabi-ar" "COMPILER_FLAGS=  -O2 -c" "EXTRA_COMPILER_FLAGS=-mcpu=cortex-a9 -mfpu=vfpv3 -mfloat-abi=hard -nostartfiles -g -Wall -Wextra"
Compiling xadcps
Running Make libs in ps7_cortexa9_0/libsrc/spips_v3_1/src
make -C ps7_cortexa9_0/libsrc/spips_v3_1/src -s libs  "SHELL=/bin/sh" "COMPILER=arm-none-eabi-gcc" "ARCHIVER=arm-none-eabi-ar" "COMPILER_FLAGS=  -O2 -c" "EXTRA_COMPILER_FLAGS=-mcpu=cortex-a9 -mfpu=vfpv3 -mfloat-abi=hard -nostartfiles -g -Wall -Wextra"
Compiling spips
Running Make libs in ps7_cortexa9_0/libsrc/devcfg_v3_5/src
make -C ps7_cortexa9_0/libsrc/devcfg_v3_5/src -s libs  "SHELL=/bin/sh" "COMPILER=arm-none-eabi-gcc" "ARCHIVER=arm-none-eabi-ar" "COMPILER_FLAGS=  -O2 -c" "EXTRA_COMPILER_FLAGS=-mcpu=cortex-a9 -mfpu=vfpv3 -mfloat-abi=hard -nostartfiles -g -Wall -Wextra"
Compiling devcfg
Running Make libs in ps7_cortexa9_0/libsrc/scuwdt_v2_1/src
make -C ps7_cortexa9_0/libsrc/scuwdt_v2_1/src -s libs  "SHELL=/bin/sh" "COMPILER=arm-none-eabi-gcc" "ARCHIVER=arm-none-eabi-ar" "COMPILER_FLAGS=  -O2 -c" "EXTRA_COMPILER_FLAGS=-mcpu=cortex-a9 -mfpu=vfpv3 -mfloat-abi=hard -nostartfiles -g -Wall -Wextra"
Compiling scuwdt
Running Make libs in ps7_cortexa9_0/libsrc/uartps_v3_7/src
make -C ps7_cortexa9_0/libsrc/uartps_v3_7/src -s libs  "SHELL=/bin/sh" "COMPILER=arm-none-eabi-gcc" "ARCHIVER=arm-none-eabi-ar" "COMPILER_FLAGS=  -O2 -c" "EXTRA_COMPILER_FLAGS=-mcpu=cortex-a9 -mfpu=vfpv3 -mfloat-abi=hard -nostartfiles -g -Wall -Wextra"
Compiling uartps
Running Make libs in ps7_cortexa9_0/libsrc/usbps_v2_4/src
make -C ps7_cortexa9_0/libsrc/usbps_v2_4/src -s libs  "SHELL=/bin/sh" "COMPILER=arm-none-eabi-gcc" "ARCHIVER=arm-none-eabi-ar" "COMPILER_FLAGS=  -O2 -c" "EXTRA_COMPILER_FLAGS=-mcpu=cortex-a9 -mfpu=vfpv3 -mfloat-abi=hard -nostartfiles -g -Wall -Wextra"
Compiling usbps
Running Make libs in ps7_cortexa9_0/libsrc/coresightps_dcc_v1_4/src
make -C ps7_cortexa9_0/libsrc/coresightps_dcc_v1_4/src -s libs  "SHELL=/bin/sh" "COMPILER=arm-none-eabi-gcc" "ARCHIVER=arm-none-eabi-ar" "COMPILER_FLAGS=  -O2 -c" "EXTRA_COMPILER_FLAGS=-mcpu=cortex-a9 -mfpu=vfpv3 -mfloat-abi=hard -nostartfiles -g -Wall -Wextra"
Compiling coresightps_dcc
Running Make libs in ps7_cortexa9_0/libsrc/scutimer_v2_1/src
make -C ps7_cortexa9_0/libsrc/scutimer_v2_1/src -s libs  "SHELL=/bin/sh" "COMPILER=arm-none-eabi-gcc" "ARCHIVER=arm-none-eabi-ar" "COMPILER_FLAGS=  -O2 -c" "EXTRA_COMPILER_FLAGS=-mcpu=cortex-a9 -mfpu=vfpv3 -mfloat-abi=hard -nostartfiles -g -Wall -Wextra"
Compiling scutimer
Finished building libraries
17:56:22 **** Build of configuration Debug for project AXI_DEBUG ****
make pre-build main-build 
a9-linaro-pre-build-step
 
Building file: ../src/functions.c
Invoking: ARM v7 gcc compiler
arm-none-eabi-gcc -Wall -O0 -g3 -c -fmessage-length=0 -MT"src/functions.o" -mcpu=cortex-a9 -mfpu=vfpv3 -mfloat-abi=hard -I../../AXI_DEBUG_bsp/ps7_cortexa9_0/include -MMD -MP -MF"src/functions.d" -MT"src/functions.o" -o "src/functions.o" "../src/functions.c"
Finished building: ../src/functions.c
 
Building file: ../src/main.c
Invoking: ARM v7 gcc compiler
arm-none-eabi-gcc -Wall -O0 -g3 -c -fmessage-length=0 -MT"src/main.o" -mcpu=cortex-a9 -mfpu=vfpv3 -mfloat-abi=hard -I../../AXI_DEBUG_bsp/ps7_cortexa9_0/include -MMD -MP -MF"src/main.d" -MT"src/main.o" -o "src/main.o" "../src/main.c"
Finished building: ../src/main.c
 
Building target: AXI_DEBUG.elf
Invoking: ARM v7 gcc linker
arm-none-eabi-gcc -mcpu=cortex-a9 -mfpu=vfpv3 -mfloat-abi=hard -Wl,-build-id=none -specs=Xilinx.spec -Wl,-T -Wl,../src/lscript.ld -L../../AXI_DEBUG_bsp/ps7_cortexa9_0/lib -o "AXI_DEBUG.elf"  ./src/functions.o ./src/main.o   -Wl,--start-group,-lxil,-lgcc,-lc,--end-group
Finished building target: AXI_DEBUG.elf
 
Invoking: ARM v7 Print Size
arm-none-eabi-size AXI_DEBUG.elf  |tee "AXI_DEBUG.elf.size"
   text	   data	    bss	    dec	    hex	filename
  19140	   1144	  22568	  42852	   a764	AXI_DEBUG.elf
Finished building: AXI_DEBUG.elf.size
 
17:56:30 **** Incremental Build of configuration Debug for project AXI_DEBUG ****
make pre-build main-build 
a9-linaro-pre-build-step
 
make: Nothing to be done for 'main-build'.
17:56:54 **** Incremental Build of configuration Debug for project AXI_DEBUG ****
make pre-build main-build 
a9-linaro-pre-build-step
 
make: Nothing to be done for 'main-build'.
18:01:07 **** Incremental Build of configuration Debug for project AXI_DEBUG ****
make pre-build main-build 
a9-linaro-pre-build-step
 
make: Nothing to be done for 'main-build'.
18:34:58 **** Auto Build of configuration Debug for project AXI_DEBUG ****
make pre-build main-build 
a9-linaro-pre-build-step
 
Building file: ../src/functions.c
Invoking: ARM v7 gcc compiler
arm-none-eabi-gcc -Wall -O0 -g3 -c -fmessage-length=0 -MT"src/functions.o" -mcpu=cortex-a9 -mfpu=vfpv3 -mfloat-abi=hard -I../../AXI_DEBUG_bsp/ps7_cortexa9_0/include -MMD -MP -MF"src/functions.d" -MT"src/functions.o" -o "src/functions.o" "../src/functions.c"
Finished building: ../src/functions.c
 
Building file: ../src/main.c
Invoking: ARM v7 gcc compiler
arm-none-eabi-gcc -Wall -O0 -g3 -c -fmessage-length=0 -MT"src/main.o" -mcpu=cortex-a9 -mfpu=vfpv3 -mfloat-abi=hard -I../../AXI_DEBUG_bsp/ps7_cortexa9_0/include -MMD -MP -MF"src/main.d" -MT"src/main.o" -o "src/main.o" "../src/main.c"
Finished building: ../src/main.c
 
Building target: AXI_DEBUG.elf
Invoking: ARM v7 gcc linker
arm-none-eabi-gcc -mcpu=cortex-a9 -mfpu=vfpv3 -mfloat-abi=hard -Wl,-build-id=none -specs=Xilinx.spec -Wl,-T -Wl,../src/lscript.ld -L../../AXI_DEBUG_bsp/ps7_cortexa9_0/lib -o "AXI_DEBUG.elf"  ./src/functions.o ./src/main.o   -Wl,--start-group,-lxil,-lgcc,-lc,--end-group
Finished building target: AXI_DEBUG.elf
 
Invoking: ARM v7 Print Size
arm-none-eabi-size AXI_DEBUG.elf  |tee "AXI_DEBUG.elf.size"
   text	   data	    bss	    dec	    hex	filename
  19140	   1144	  22568	  42852	   a764	AXI_DEBUG.elf
Finished building: AXI_DEBUG.elf.size
 
18:35:59 **** Incremental Build of configuration Debug for project AXI_DEBUG ****
make pre-build main-build 
a9-linaro-pre-build-step
 
make: Nothing to be done for 'main-build'.
18:40:26 **** Incremental Build of configuration Debug for project AXI_DEBUG ****
make pre-build main-build 
a9-linaro-pre-build-step
 
make: Nothing to be done for 'main-build'.
18:41:40 **** Incremental Build of configuration Debug for project AXI_DEBUG ****
make pre-build main-build 
a9-linaro-pre-build-step
 
make: Nothing to be done for 'main-build'.
18:44:41 **** Auto Build of configuration Debug for project AXI_DEBUG ****
make pre-build main-build 
a9-linaro-pre-build-step
 
Building file: ../src/functions.c
Invoking: ARM v7 gcc compiler
arm-none-eabi-gcc -Wall -O0 -g3 -c -fmessage-length=0 -MT"src/functions.o" -mcpu=cortex-a9 -mfpu=vfpv3 -mfloat-abi=hard -I../../AXI_DEBUG_bsp/ps7_cortexa9_0/include -MMD -MP -MF"src/functions.d" -MT"src/functions.o" -o "src/functions.o" "../src/functions.c"
Finished building: ../src/functions.c
 
Building target: AXI_DEBUG.elf
Invoking: ARM v7 gcc linker
arm-none-eabi-gcc -mcpu=cortex-a9 -mfpu=vfpv3 -mfloat-abi=hard -Wl,-build-id=none -specs=Xilinx.spec -Wl,-T -Wl,../src/lscript.ld -L../../AXI_DEBUG_bsp/ps7_cortexa9_0/lib -o "AXI_DEBUG.elf"  ./src/functions.o ./src/main.o   -Wl,--start-group,-lxil,-lgcc,-lc,--end-group
Finished building target: AXI_DEBUG.elf
 
Invoking: ARM v7 Print Size
arm-none-eabi-size AXI_DEBUG.elf  |tee "AXI_DEBUG.elf.size"
   text	   data	    bss	    dec	    hex	filename
  19368	   1144	  22568	  43080	   a848	AXI_DEBUG.elf
Finished building: AXI_DEBUG.elf.size
 
18:44:47 **** Incremental Build of configuration Debug for project AXI_DEBUG ****
make pre-build main-build 
a9-linaro-pre-build-step
 
make: Nothing to be done for 'main-build'.
19:01:46 **** Incremental Build of configuration Debug for project AXI_DEBUG ****
make pre-build main-build 
a9-linaro-pre-build-step
 
Building file: ../src/functions.c
Invoking: ARM v7 gcc compiler
arm-none-eabi-gcc -Wall -O0 -g3 -c -fmessage-length=0 -MT"src/functions.o" -mcpu=cortex-a9 -mfpu=vfpv3 -mfloat-abi=hard -I../../AXI_DEBUG_bsp/ps7_cortexa9_0/include -MMD -MP -MF"src/functions.d" -MT"src/functions.o" -o "src/functions.o" "../src/functions.c"
In file included from ../src/functions.c:8:0:
../src/functions.h:18:10: fatal error: xil_types.h: No such file or directory
 #include "xil_types.h"
          ^~~~~~~~~~~~~
compilation terminated.
make: *** [src/subdir.mk:26: src/functions.o] Error 1
20:55:03 **** Auto Build of project AXI_DEBUG_bsp ****
make -k all 
"Running Make include in ps7_cortexa9_0/libsrc/coresightps_dcc_v1_4/src"
make -C ps7_cortexa9_0/libsrc/coresightps_dcc_v1_4/src -s include  "SHELL=CMD" "COMPILER=arm-none-eabi-gcc" "ARCHIVER=arm-none-eabi-ar" "COMPILER_FLAGS=  -O2 -c" "EXTRA_COMPILER_FLAGS=-mcpu=cortex-a9 -mfpu=vfpv3 -mfloat-abi=hard -nostartfiles -g -Wall -Wextra"
"Running Make include in ps7_cortexa9_0/libsrc/cpu_cortexa9_v2_7/src"
make -C ps7_cortexa9_0/libsrc/cpu_cortexa9_v2_7/src -s include  "SHELL=CMD" "COMPILER=arm-none-eabi-gcc" "ARCHIVER=arm-none-eabi-ar" "COMPILER_FLAGS=  -O2 -c" "EXTRA_COMPILER_FLAGS=-mcpu=cortex-a9 -mfpu=vfpv3 -mfloat-abi=hard -nostartfiles -g -Wall -Wextra"
"Running Make include in ps7_cortexa9_0/libsrc/ddrps_v1_0/src"
make -C ps7_cortexa9_0/libsrc/ddrps_v1_0/src -s include  "SHELL=CMD" "COMPILER=arm-none-eabi-gcc" "ARCHIVER=arm-none-eabi-ar" "COMPILER_FLAGS=  -O2 -c" "EXTRA_COMPILER_FLAGS=-mcpu=cortex-a9 -mfpu=vfpv3 -mfloat-abi=hard -nostartfiles -g -Wall -Wextra"
"Running Make include in ps7_cortexa9_0/libsrc/devcfg_v3_5/src"
make -C ps7_cortexa9_0/libsrc/devcfg_v3_5/src -s include  "SHELL=CMD" "COMPILER=arm-none-eabi-gcc" "ARCHIVER=arm-none-eabi-ar" "COMPILER_FLAGS=  -O2 -c" "EXTRA_COMPILER_FLAGS=-mcpu=cortex-a9 -mfpu=vfpv3 -mfloat-abi=hard -nostartfiles -g -Wall -Wextra"
"Running Make include in ps7_cortexa9_0/libsrc/dmaps_v2_4/src"
make -C ps7_cortexa9_0/libsrc/dmaps_v2_4/src -s include  "SHELL=CMD" "COMPILER=arm-none-eabi-gcc" "ARCHIVER=arm-none-eabi-ar" "COMPILER_FLAGS=  -O2 -c" "EXTRA_COMPILER_FLAGS=-mcpu=cortex-a9 -mfpu=vfpv3 -mfloat-abi=hard -nostartfiles -g -Wall -Wextra"
"Running Make include in ps7_cortexa9_0/libsrc/gpiops_v3_4/src"
make -C ps7_cortexa9_0/libsrc/gpiops_v3_4/src -s include  "SHELL=CMD" "COMPILER=arm-none-eabi-gcc" "ARCHIVER=arm-none-eabi-ar" "COMPILER_FLAGS=  -O2 -c" "EXTRA_COMPILER_FLAGS=-mcpu=cortex-a9 -mfpu=vfpv3 -mfloat-abi=hard -nostartfiles -g -Wall -Wextra"
"Running Make include in ps7_cortexa9_0/libsrc/LED_CONTROLLER_v1_0/src"
make -C ps7_cortexa9_0/libsrc/LED_CONTROLLER_v1_0/src -s include  "SHELL=CMD" "COMPILER=arm-none-eabi-gcc" "ARCHIVER=arm-none-eabi-ar" "COMPILER_FLAGS=  -O2 -c" "EXTRA_COMPILER_FLAGS=-mcpu=cortex-a9 -mfpu=vfpv3 -mfloat-abi=hard -nostartfiles -g -Wall -Wextra"
"Running Make include in ps7_cortexa9_0/libsrc/qspips_v3_5/src"
make -C ps7_cortexa9_0/libsrc/qspips_v3_5/src -s include  "SHELL=CMD" "COMPILER=arm-none-eabi-gcc" "ARCHIVER=arm-none-eabi-ar" "COMPILER_FLAGS=  -O2 -c" "EXTRA_COMPILER_FLAGS=-mcpu=cortex-a9 -mfpu=vfpv3 -mfloat-abi=hard -nostartfiles -g -Wall -Wextra"
"Running Make include in ps7_cortexa9_0/libsrc/scugic_v3_10/src"
make -C ps7_cortexa9_0/libsrc/scugic_v3_10/src -s include  "SHELL=CMD" "COMPILER=arm-none-eabi-gcc" "ARCHIVER=arm-none-eabi-ar" "COMPILER_FLAGS=  -O2 -c" "EXTRA_COMPILER_FLAGS=-mcpu=cortex-a9 -mfpu=vfpv3 -mfloat-abi=hard -nostartfiles -g -Wall -Wextra"
"Running Make include in ps7_cortexa9_0/libsrc/scutimer_v2_1/src"
make -C ps7_cortexa9_0/libsrc/scutimer_v2_1/src -s include  "SHELL=CMD" "COMPILER=arm-none-eabi-gcc" "ARCHIVER=arm-none-eabi-ar" "COMPILER_FLAGS=  -O2 -c" "EXTRA_COMPILER_FLAGS=-mcpu=cortex-a9 -mfpu=vfpv3 -mfloat-abi=hard -nostartfiles -g -Wall -Wextra"
"Running Make include in ps7_cortexa9_0/libsrc/scuwdt_v2_1/src"
make -C ps7_cortexa9_0/libsrc/scuwdt_v2_1/src -s include  "SHELL=CMD" "COMPILER=arm-none-eabi-gcc" "ARCHIVER=arm-none-eabi-ar" "COMPILER_FLAGS=  -O2 -c" "EXTRA_COMPILER_FLAGS=-mcpu=cortex-a9 -mfpu=vfpv3 -mfloat-abi=hard -nostartfiles -g -Wall -Wextra"
"Running Make include in ps7_cortexa9_0/libsrc/sdps_v3_6/src"
make -C ps7_cortexa9_0/libsrc/sdps_v3_6/src -s include  "SHELL=CMD" "COMPILER=arm-none-eabi-gcc" "ARCHIVER=arm-none-eabi-ar" "COMPILER_FLAGS=  -O2 -c" "EXTRA_COMPILER_FLAGS=-mcpu=cortex-a9 -mfpu=vfpv3 -mfloat-abi=hard -nostartfiles -g -Wall -Wextra"
"Running Make include in ps7_cortexa9_0/libsrc/spips_v3_1/src"
make -C ps7_cortexa9_0/libsrc/spips_v3_1/src -s include  "SHELL=CMD" "COMPILER=arm-none-eabi-gcc" "ARCHIVER=arm-none-eabi-ar" "COMPILER_FLAGS=  -O2 -c" "EXTRA_COMPILER_FLAGS=-mcpu=cortex-a9 -mfpu=vfpv3 -mfloat-abi=hard -nostartfiles -g -Wall -Wextra"
"Running Make include in ps7_cortexa9_0/libsrc/standalone_v6_8/src"
make -C ps7_cortexa9_0/libsrc/standalone_v6_8/src -s include  "SHELL=CMD" "COMPILER=arm-none-eabi-gcc" "ARCHIVER=arm-none-eabi-ar" "COMPILER_FLAGS=  -O2 -c" "EXTRA_COMPILER_FLAGS=-mcpu=cortex-a9 -mfpu=vfpv3 -mfloat-abi=hard -nostartfiles -g -Wall -Wextra"
"Running Make include in ps7_cortexa9_0/libsrc/uartps_v3_7/src"
make -C ps7_cortexa9_0/libsrc/uartps_v3_7/src -s include  "SHELL=CMD" "COMPILER=arm-none-eabi-gcc" "ARCHIVER=arm-none-eabi-ar" "COMPILER_FLAGS=  -O2 -c" "EXTRA_COMPILER_FLAGS=-mcpu=cortex-a9 -mfpu=vfpv3 -mfloat-abi=hard -nostartfiles -g -Wall -Wextra"
"Running Make include in ps7_cortexa9_0/libsrc/usbps_v2_4/src"
make -C ps7_cortexa9_0/libsrc/usbps_v2_4/src -s include  "SHELL=CMD" "COMPILER=arm-none-eabi-gcc" "ARCHIVER=arm-none-eabi-ar" "COMPILER_FLAGS=  -O2 -c" "EXTRA_COMPILER_FLAGS=-mcpu=cortex-a9 -mfpu=vfpv3 -mfloat-abi=hard -nostartfiles -g -Wall -Wextra"
"Running Make include in ps7_cortexa9_0/libsrc/xadcps_v2_3/src"
make -C ps7_cortexa9_0/libsrc/xadcps_v2_3/src -s include  "SHELL=CMD" "COMPILER=arm-none-eabi-gcc" "ARCHIVER=arm-none-eabi-ar" "COMPILER_FLAGS=  -O2 -c" "EXTRA_COMPILER_FLAGS=-mcpu=cortex-a9 -mfpu=vfpv3 -mfloat-abi=hard -nostartfiles -g -Wall -Wextra"
"Running Make libs in ps7_cortexa9_0/libsrc/coresightps_dcc_v1_4/src"
make -C ps7_cortexa9_0/libsrc/coresightps_dcc_v1_4/src -s libs  "SHELL=CMD" "COMPILER=arm-none-eabi-gcc" "ARCHIVER=arm-none-eabi-ar" "COMPILER_FLAGS=  -O2 -c" "EXTRA_COMPILER_FLAGS=-mcpu=cortex-a9 -mfpu=vfpv3 -mfloat-abi=hard -nostartfiles -g -Wall -Wextra"
"Compiling coresightps_dcc"
arm-none-eabi-ar: ../../../lib/libxil.a: No such file or directory
make[1]: *** [Makefile:31: coresightps_dcc_comp_libs] Error 1
make[1]: Target 'libs' not remade because of errors.
make: *** [Makefile:30: ps7_cortexa9_0/libsrc/coresightps_dcc_v1_4/src/make.libs] Error 2
"Running Make libs in ps7_cortexa9_0/libsrc/cpu_cortexa9_v2_7/src"
make -C ps7_cortexa9_0/libsrc/cpu_cortexa9_v2_7/src -s libs  "SHELL=CMD" "COMPILER=arm-none-eabi-gcc" "ARCHIVER=arm-none-eabi-ar" "COMPILER_FLAGS=  -O2 -c" "EXTRA_COMPILER_FLAGS=-mcpu=cortex-a9 -mfpu=vfpv3 -mfloat-abi=hard -nostartfiles -g -Wall -Wextra"
"Compiling cpu_cortexa9"
"Running Make libs in ps7_cortexa9_0/libsrc/ddrps_v1_0/src"
make -C ps7_cortexa9_0/libsrc/ddrps_v1_0/src -s libs  "SHELL=CMD" "COMPILER=arm-none-eabi-gcc" "ARCHIVER=arm-none-eabi-ar" "COMPILER_FLAGS=  -O2 -c" "EXTRA_COMPILER_FLAGS=-mcpu=cortex-a9 -mfpu=vfpv3 -mfloat-abi=hard -nostartfiles -g -Wall -Wextra"
"Compiling ddrps"
arm-none-eabi-ar: ../../../lib/libxil.a: No such file or directory
make[1]: *** [Makefile:31: xddrps_libs] Error 1
make[1]: Target 'libs' not remade because of errors.
make: *** [Makefile:30: ps7_cortexa9_0/libsrc/ddrps_v1_0/src/make.libs] Error 2
"Running Make libs in ps7_cortexa9_0/libsrc/devcfg_v3_5/src"
make -C ps7_cortexa9_0/libsrc/devcfg_v3_5/src -s libs  "SHELL=CMD" "COMPILER=arm-none-eabi-gcc" "ARCHIVER=arm-none-eabi-ar" "COMPILER_FLAGS=  -O2 -c" "EXTRA_COMPILER_FLAGS=-mcpu=cortex-a9 -mfpu=vfpv3 -mfloat-abi=hard -nostartfiles -g -Wall -Wextra"
"Compiling devcfg"
arm-none-eabi-ar: ../../../lib/libxil.a: No such file or directory
make[1]: *** [Makefile:31: xdevcfg_libs] Error 1
make[1]: Target 'libs' not remade because of errors.
make: *** [Makefile:30: ps7_cortexa9_0/libsrc/devcfg_v3_5/src/make.libs] Error 2
"Running Make libs in ps7_cortexa9_0/libsrc/dmaps_v2_4/src"
make -C ps7_cortexa9_0/libsrc/dmaps_v2_4/src -s libs  "SHELL=CMD" "COMPILER=arm-none-eabi-gcc" "ARCHIVER=arm-none-eabi-ar" "COMPILER_FLAGS=  -O2 -c" "EXTRA_COMPILER_FLAGS=-mcpu=cortex-a9 -mfpu=vfpv3 -mfloat-abi=hard -nostartfiles -g -Wall -Wextra"
"Compiling dmaps"
arm-none-eabi-ar: ../../../lib/libxil.a: No such file or directory
make[1]: *** [Makefile:31: xdmaps_libs] Error 1
make[1]: Target 'libs' not remade because of errors.
make: *** [Makefile:30: ps7_cortexa9_0/libsrc/dmaps_v2_4/src/make.libs] Error 2
"Running Make libs in ps7_cortexa9_0/libsrc/gpiops_v3_4/src"
make -C ps7_cortexa9_0/libsrc/gpiops_v3_4/src -s libs  "SHELL=CMD" "COMPILER=arm-none-eabi-gcc" "ARCHIVER=arm-none-eabi-ar" "COMPILER_FLAGS=  -O2 -c" "EXTRA_COMPILER_FLAGS=-mcpu=cortex-a9 -mfpu=vfpv3 -mfloat-abi=hard -nostartfiles -g -Wall -Wextra"
"Compiling gpiops"
arm-none-eabi-ar: ../../../lib/libxil.a: No such file or directory
make[1]: *** [Makefile:31: xgpiops_libs] Error 1
make[1]: Target 'libs' not remade because of errors.
make: *** [Makefile:30: ps7_cortexa9_0/libsrc/gpiops_v3_4/src/make.libs] Error 2
"Running Make libs in ps7_cortexa9_0/libsrc/LED_CONTROLLER_v1_0/src"
make -C ps7_cortexa9_0/libsrc/LED_CONTROLLER_v1_0/src -s libs  "SHELL=CMD" "COMPILER=arm-none-eabi-gcc" "ARCHIVER=arm-none-eabi-ar" "COMPILER_FLAGS=  -O2 -c" "EXTRA_COMPILER_FLAGS=-mcpu=cortex-a9 -mfpu=vfpv3 -mfloat-abi=hard -nostartfiles -g -Wall -Wextra"
"Compiling LED_CONTROLLER..."
LED_CONTROLLER_selftest.c: In function 'LED_CONTROLLER_Reg_SelfTest':
LED_CONTROLLER_selftest.c:52:63: warning: comparison between signed and unsigned integer expressions [-Wsign-compare]
    if ( LED_CONTROLLER_mReadReg (baseaddr, read_loop_index*4) != (read_loop_index+1)*READ_WRITE_MUL_FACTOR){
                                                               ^~
LED_CONTROLLER_selftest.c:36:6: warning: unused variable 'Index' [-Wunused-variable]
  int Index;
      ^~~~~
arm-none-eabi-ar: ../../../lib/libxil.a: No such file or directory
make[1]: *** [Makefile:19: libs] Error 1
make: *** [Makefile:30: ps7_cortexa9_0/libsrc/LED_CONTROLLER_v1_0/src/make.libs] Error 2
"Running Make libs in ps7_cortexa9_0/libsrc/qspips_v3_5/src"
make -C ps7_cortexa9_0/libsrc/qspips_v3_5/src -s libs  "SHELL=CMD" "COMPILER=arm-none-eabi-gcc" "ARCHIVER=arm-none-eabi-ar" "COMPILER_FLAGS=  -O2 -c" "EXTRA_COMPILER_FLAGS=-mcpu=cortex-a9 -mfpu=vfpv3 -mfloat-abi=hard -nostartfiles -g -Wall -Wextra"
"Compiling qspips"
arm-none-eabi-ar: ../../../lib/libxil.a: No such file or directory
make[1]: *** [Makefile:31: xqspips_libs] Error 1
make[1]: Target 'libs' not remade because of errors.
make: *** [Makefile:30: ps7_cortexa9_0/libsrc/qspips_v3_5/src/make.libs] Error 2
"Running Make libs in ps7_cortexa9_0/libsrc/scugic_v3_10/src"
make -C ps7_cortexa9_0/libsrc/scugic_v3_10/src -s libs  "SHELL=CMD" "COMPILER=arm-none-eabi-gcc" "ARCHIVER=arm-none-eabi-ar" "COMPILER_FLAGS=  -O2 -c" "EXTRA_COMPILER_FLAGS=-mcpu=cortex-a9 -mfpu=vfpv3 -mfloat-abi=hard -nostartfiles -g -Wall -Wextra"
"Compiling scugic"
arm-none-eabi-ar: ../../../lib/libxil.a: No such file or directory
make[1]: *** [Makefile:31: scugic_libs] Error 1
make[1]: Target 'libs' not remade because of errors.
make: *** [Makefile:30: ps7_cortexa9_0/libsrc/scugic_v3_10/src/make.libs] Error 2
"Running Make libs in ps7_cortexa9_0/libsrc/scutimer_v2_1/src"
make -C ps7_cortexa9_0/libsrc/scutimer_v2_1/src -s libs  "SHELL=CMD" "COMPILER=arm-none-eabi-gcc" "ARCHIVER=arm-none-eabi-ar" "COMPILER_FLAGS=  -O2 -c" "EXTRA_COMPILER_FLAGS=-mcpu=cortex-a9 -mfpu=vfpv3 -mfloat-abi=hard -nostartfiles -g -Wall -Wextra"
"Compiling scutimer"
arm-none-eabi-ar: ../../../lib/libxil.a: No such file or directory
make[1]: *** [Makefile:31: scutimer_libs] Error 1
make[1]: Target 'libs' not remade because of errors.
make: *** [Makefile:30: ps7_cortexa9_0/libsrc/scutimer_v2_1/src/make.libs] Error 2
"Running Make libs in ps7_cortexa9_0/libsrc/scuwdt_v2_1/src"
make -C ps7_cortexa9_0/libsrc/scuwdt_v2_1/src -s libs  "SHELL=CMD" "COMPILER=arm-none-eabi-gcc" "ARCHIVER=arm-none-eabi-ar" "COMPILER_FLAGS=  -O2 -c" "EXTRA_COMPILER_FLAGS=-mcpu=cortex-a9 -mfpu=vfpv3 -mfloat-abi=hard -nostartfiles -g -Wall -Wextra"
"Compiling scuwdt"
arm-none-eabi-ar: ../../../lib/libxil.a: No such file or directory
make[1]: *** [Makefile:31: scuwdt_libs] Error 1
make[1]: Target 'libs' not remade because of errors.
make: *** [Makefile:30: ps7_cortexa9_0/libsrc/scuwdt_v2_1/src/make.libs] Error 2
"Running Make libs in ps7_cortexa9_0/libsrc/sdps_v3_6/src"
make -C ps7_cortexa9_0/libsrc/sdps_v3_6/src -s libs  "SHELL=CMD" "COMPILER=arm-none-eabi-gcc" "ARCHIVER=arm-none-eabi-ar" "COMPILER_FLAGS=  -O2 -c" "EXTRA_COMPILER_FLAGS=-mcpu=cortex-a9 -mfpu=vfpv3 -mfloat-abi=hard -nostartfiles -g -Wall -Wextra"
"Compiling sdps"
arm-none-eabi-ar: ../../../lib/libxil.a: No such file or directory
make[1]: *** [Makefile:31: xsdps_libs] Error 1
make[1]: Target 'libs' not remade because of errors.
make: *** [Makefile:30: ps7_cortexa9_0/libsrc/sdps_v3_6/src/make.libs] Error 2
"Running Make libs in ps7_cortexa9_0/libsrc/spips_v3_1/src"
make -C ps7_cortexa9_0/libsrc/spips_v3_1/src -s libs  "SHELL=CMD" "COMPILER=arm-none-eabi-gcc" "ARCHIVER=arm-none-eabi-ar" "COMPILER_FLAGS=  -O2 -c" "EXTRA_COMPILER_FLAGS=-mcpu=cortex-a9 -mfpu=vfpv3 -mfloat-abi=hard -nostartfiles -g -Wall -Wextra"
"Compiling spips"
arm-none-eabi-ar: ../../../lib/libxil.a: No such file or directory
make[1]: *** [Makefile:31: xspips_libs] Error 1
make[1]: Target 'libs' not remade because of errors.
make: *** [Makefile:30: ps7_cortexa9_0/libsrc/spips_v3_1/src/make.libs] Error 2
"Running Make libs in ps7_cortexa9_0/libsrc/standalone_v6_8/src"
make -C ps7_cortexa9_0/libsrc/standalone_v6_8/src -s libs  "SHELL=CMD" "COMPILER=arm-none-eabi-gcc" "ARCHIVER=arm-none-eabi-ar" "COMPILER_FLAGS=  -O2 -c" "EXTRA_COMPILER_FLAGS=-mcpu=cortex-a9 -mfpu=vfpv3 -mfloat-abi=hard -nostartfiles -g -Wall -Wextra"
"Compiling standalone"
In file included from usleep.c:56:0:
xtime_l.h:87:9: note: #pragma message: For the sleep routines, Global timer is being used
 #pragma message ("For the sleep routines, Global timer is being used")
         ^~~~~~~
In file included from xil_sleeptimer.c:51:0:
xtime_l.h:87:9: note: #pragma message: For the sleep routines, Global timer is being used
 #pragma message ("For the sleep routines, Global timer is being used")
         ^~~~~~~
In file included from xtime_l.c:49:0:
xtime_l.h:87:9: note: #pragma message: For the sleep routines, Global timer is being used
 #pragma message ("For the sleep routines, Global timer is being used")
         ^~~~~~~
In file included from sleep.c:53:0:
xtime_l.h:87:9: note: #pragma message: For the sleep routines, Global timer is being used
 #pragma message ("For the sleep routines, Global timer is being used")
         ^~~~~~~
arm-none-eabi-ar: ../../../lib/libxil.a: No such file or directory
"Running Make libs in ps7_cortexa9_0/libsrc/uartps_v3_7/src"
make[1]: *** [Makefile:66: standalone_libs] Error 1
make -C ps7_cortexa9_0/libsrc/uartps_v3_7/src -s libs  "SHELL=CMD" "COMPILER=arm-none-eabi-gcc" "ARCHIVER=arm-none-eabi-ar" "COMPILER_FLAGS=  -O2 -c" "EXTRA_COMPILER_FLAGS=-mcpu=cortex-a9 -mfpu=vfpv3 -mfloat-abi=hard -nostartfiles -g -Wall -Wextra"
make[1]: Target 'libs' not remade because of errors.
"Compiling uartps"
make: *** [Makefile:30: ps7_cortexa9_0/libsrc/standalone_v6_8/src/make.libs] Error 2
arm-none-eabi-ar: ../../../lib/libxil.a: No such file or directory
make[1]: *** [Makefile:31: xuartps_libs] Error 1
make[1]: Target 'libs' not remade because of errors.
make: *** [Makefile:30: ps7_cortexa9_0/libsrc/uartps_v3_7/src/make.libs] Error 2
"Running Make libs in ps7_cortexa9_0/libsrc/usbps_v2_4/src"
make -C ps7_cortexa9_0/libsrc/usbps_v2_4/src -s libs  "SHELL=CMD" "COMPILER=arm-none-eabi-gcc" "ARCHIVER=arm-none-eabi-ar" "COMPILER_FLAGS=  -O2 -c" "EXTRA_COMPILER_FLAGS=-mcpu=cortex-a9 -mfpu=vfpv3 -mfloat-abi=hard -nostartfiles -g -Wall -Wextra"
"Compiling usbps"
arm-none-eabi-ar: ../../../lib/libxil.a: No such file or directory
make[1]: *** [Makefile:31: xusbps_libs] Error 1
make[1]: Target 'libs' not remade because of errors.
make: *** [Makefile:30: ps7_cortexa9_0/libsrc/usbps_v2_4/src/make.libs] Error 2
"Running Make libs in ps7_cortexa9_0/libsrc/xadcps_v2_3/src"
make -C ps7_cortexa9_0/libsrc/xadcps_v2_3/src -s libs  "SHELL=CMD" "COMPILER=arm-none-eabi-gcc" "ARCHIVER=arm-none-eabi-ar" "COMPILER_FLAGS=  -O2 -c" "EXTRA_COMPILER_FLAGS=-mcpu=cortex-a9 -mfpu=vfpv3 -mfloat-abi=hard -nostartfiles -g -Wall -Wextra"
"Compiling xadcps"
arm-none-eabi-ar: ../../../lib/libxil.a: No such file or directory
make[1]: *** [Makefile:31: xadcps_libs] Error 1
make[1]: Target 'libs' not remade because of errors.
make: *** [Makefile:30: ps7_cortexa9_0/libsrc/xadcps_v2_3/src/make.libs] Error 2
make: Target 'all' not remade because of errors.
20:59:37 **** Auto Build of configuration Debug for project AXI_DEBUG ****
make pre-build main-build 
a9-linaro-pre-build-step
' '
'Building file: ../src/functions.c'
'Invoking: ARM v7 gcc compiler'
arm-none-eabi-gcc -Wall -O0 -g3 -c -fmessage-length=0 -MT"src/functions.o" -mcpu=cortex-a9 -mfpu=vfpv3 -mfloat-abi=hard -I../../AXI_DEBUG_bsp/ps7_cortexa9_0/include -MMD -MP -MF"src/functions.d" -MT"src/functions.o" -o "src/functions.o" "../src/functions.c"
'Finished building: ../src/functions.c'
' '
'Building file: ../src/main.c'
'Invoking: ARM v7 gcc compiler'
arm-none-eabi-gcc -Wall -O0 -g3 -c -fmessage-length=0 -MT"src/main.o" -mcpu=cortex-a9 -mfpu=vfpv3 -mfloat-abi=hard -I../../AXI_DEBUG_bsp/ps7_cortexa9_0/include -MMD -MP -MF"src/main.d" -MT"src/main.o" -o "src/main.o" "../src/main.c"
'Finished building: ../src/main.c'
' '
'Building target: AXI_DEBUG.elf'
'Invoking: ARM v7 gcc linker'
arm-none-eabi-gcc -mcpu=cortex-a9 -mfpu=vfpv3 -mfloat-abi=hard -Wl,-build-id=none -specs=Xilinx.spec -Wl,-T -Wl,../src/lscript.ld -L../../AXI_DEBUG_bsp/ps7_cortexa9_0/lib -o "AXI_DEBUG.elf"  ./src/functions.o ./src/main.o   -Wl,--start-group,-lxil,-lgcc,-lc,--end-group
c:/xilinx/sdk/2018.3/gnu/aarch32/nt/gcc-arm-none-eabi/bin/../lib/gcc/arm-none-eabi/7.3.1/../../../../arm-none-eabi/bin/ld.exe: cannot find -lxil
collect2.exe: error: ld returned 1 exit status
make: *** [makefile:41: AXI_DEBUG.elf] Error 1
21:02:26 **** Clean-only build of configuration Debug for project AXI_DEBUG ****
make clean 
rm -rf  ./src/functions.o ./src/main.o  ./src/functions.d ./src/main.d  AXI_DEBUG.elf.size  AXI_DEBUG.elf
' '
21:02:26 **** Clean-only build of project AXI_DEBUG_bsp ****
make -k clean 
make -C ps7_cortexa9_0/libsrc/coresightps_dcc_v1_4/src -s clean 
make -C ps7_cortexa9_0/libsrc/cpu_cortexa9_v2_7/src -s clean 
make -C ps7_cortexa9_0/libsrc/ddrps_v1_0/src -s clean 
make -C ps7_cortexa9_0/libsrc/devcfg_v3_5/src -s clean 
make -C ps7_cortexa9_0/libsrc/dmaps_v2_4/src -s clean 
make -C ps7_cortexa9_0/libsrc/gpiops_v3_4/src -s clean 
make -C ps7_cortexa9_0/libsrc/LED_CONTROLLER_v1_0/src -s clean 
make -C ps7_cortexa9_0/libsrc/qspips_v3_5/src -s clean 
make -C ps7_cortexa9_0/libsrc/scugic_v3_10/src -s clean 
make -C ps7_cortexa9_0/libsrc/scutimer_v2_1/src -s clean 
make -C ps7_cortexa9_0/libsrc/scuwdt_v2_1/src -s clean 
make -C ps7_cortexa9_0/libsrc/sdps_v3_6/src -s clean 
make -C ps7_cortexa9_0/libsrc/spips_v3_1/src -s clean 
make -C ps7_cortexa9_0/libsrc/standalone_v6_8/src -s clean 
make -C ps7_cortexa9_0/libsrc/uartps_v3_7/src -s clean 
make -C ps7_cortexa9_0/libsrc/usbps_v2_4/src -s clean 
make -C ps7_cortexa9_0/libsrc/xadcps_v2_3/src -s clean 
rm -f ps7_cortexa9_0/lib/libxil.a
21:02:27 **** Build of project AXI_DEBUG_bsp ****
make -k all 
"Running Make include in ps7_cortexa9_0/libsrc/coresightps_dcc_v1_4/src"
make -C ps7_cortexa9_0/libsrc/coresightps_dcc_v1_4/src -s include  "SHELL=CMD" "COMPILER=arm-none-eabi-gcc" "ARCHIVER=arm-none-eabi-ar" "COMPILER_FLAGS=  -O2 -c" "EXTRA_COMPILER_FLAGS=-mcpu=cortex-a9 -mfpu=vfpv3 -mfloat-abi=hard -nostartfiles -g -Wall -Wextra"
"Running Make include in ps7_cortexa9_0/libsrc/cpu_cortexa9_v2_7/src"
make -C ps7_cortexa9_0/libsrc/cpu_cortexa9_v2_7/src -s include  "SHELL=CMD" "COMPILER=arm-none-eabi-gcc" "ARCHIVER=arm-none-eabi-ar" "COMPILER_FLAGS=  -O2 -c" "EXTRA_COMPILER_FLAGS=-mcpu=cortex-a9 -mfpu=vfpv3 -mfloat-abi=hard -nostartfiles -g -Wall -Wextra"
"Running Make include in ps7_cortexa9_0/libsrc/ddrps_v1_0/src"
make -C ps7_cortexa9_0/libsrc/ddrps_v1_0/src -s include  "SHELL=CMD" "COMPILER=arm-none-eabi-gcc" "ARCHIVER=arm-none-eabi-ar" "COMPILER_FLAGS=  -O2 -c" "EXTRA_COMPILER_FLAGS=-mcpu=cortex-a9 -mfpu=vfpv3 -mfloat-abi=hard -nostartfiles -g -Wall -Wextra"
"Running Make include in ps7_cortexa9_0/libsrc/devcfg_v3_5/src"
make -C ps7_cortexa9_0/libsrc/devcfg_v3_5/src -s include  "SHELL=CMD" "COMPILER=arm-none-eabi-gcc" "ARCHIVER=arm-none-eabi-ar" "COMPILER_FLAGS=  -O2 -c" "EXTRA_COMPILER_FLAGS=-mcpu=cortex-a9 -mfpu=vfpv3 -mfloat-abi=hard -nostartfiles -g -Wall -Wextra"
"Running Make include in ps7_cortexa9_0/libsrc/dmaps_v2_4/src"
make -C ps7_cortexa9_0/libsrc/dmaps_v2_4/src -s include  "SHELL=CMD" "COMPILER=arm-none-eabi-gcc" "ARCHIVER=arm-none-eabi-ar" "COMPILER_FLAGS=  -O2 -c" "EXTRA_COMPILER_FLAGS=-mcpu=cortex-a9 -mfpu=vfpv3 -mfloat-abi=hard -nostartfiles -g -Wall -Wextra"
"Running Make include in ps7_cortexa9_0/libsrc/gpiops_v3_4/src"
make -C ps7_cortexa9_0/libsrc/gpiops_v3_4/src -s include  "SHELL=CMD" "COMPILER=arm-none-eabi-gcc" "ARCHIVER=arm-none-eabi-ar" "COMPILER_FLAGS=  -O2 -c" "EXTRA_COMPILER_FLAGS=-mcpu=cortex-a9 -mfpu=vfpv3 -mfloat-abi=hard -nostartfiles -g -Wall -Wextra"
"Running Make include in ps7_cortexa9_0/libsrc/LED_CONTROLLER_v1_0/src"
make -C ps7_cortexa9_0/libsrc/LED_CONTROLLER_v1_0/src -s include  "SHELL=CMD" "COMPILER=arm-none-eabi-gcc" "ARCHIVER=arm-none-eabi-ar" "COMPILER_FLAGS=  -O2 -c" "EXTRA_COMPILER_FLAGS=-mcpu=cortex-a9 -mfpu=vfpv3 -mfloat-abi=hard -nostartfiles -g -Wall -Wextra"
"Running Make include in ps7_cortexa9_0/libsrc/qspips_v3_5/src"
make -C ps7_cortexa9_0/libsrc/qspips_v3_5/src -s include  "SHELL=CMD" "COMPILER=arm-none-eabi-gcc" "ARCHIVER=arm-none-eabi-ar" "COMPILER_FLAGS=  -O2 -c" "EXTRA_COMPILER_FLAGS=-mcpu=cortex-a9 -mfpu=vfpv3 -mfloat-abi=hard -nostartfiles -g -Wall -Wextra"
"Running Make include in ps7_cortexa9_0/libsrc/scugic_v3_10/src"
make -C ps7_cortexa9_0/libsrc/scugic_v3_10/src -s include  "SHELL=CMD" "COMPILER=arm-none-eabi-gcc" "ARCHIVER=arm-none-eabi-ar" "COMPILER_FLAGS=  -O2 -c" "EXTRA_COMPILER_FLAGS=-mcpu=cortex-a9 -mfpu=vfpv3 -mfloat-abi=hard -nostartfiles -g -Wall -Wextra"
"Running Make include in ps7_cortexa9_0/libsrc/scutimer_v2_1/src"
make -C ps7_cortexa9_0/libsrc/scutimer_v2_1/src -s include  "SHELL=CMD" "COMPILER=arm-none-eabi-gcc" "ARCHIVER=arm-none-eabi-ar" "COMPILER_FLAGS=  -O2 -c" "EXTRA_COMPILER_FLAGS=-mcpu=cortex-a9 -mfpu=vfpv3 -mfloat-abi=hard -nostartfiles -g -Wall -Wextra"
"Running Make include in ps7_cortexa9_0/libsrc/scuwdt_v2_1/src"
make -C ps7_cortexa9_0/libsrc/scuwdt_v2_1/src -s include  "SHELL=CMD" "COMPILER=arm-none-eabi-gcc" "ARCHIVER=arm-none-eabi-ar" "COMPILER_FLAGS=  -O2 -c" "EXTRA_COMPILER_FLAGS=-mcpu=cortex-a9 -mfpu=vfpv3 -mfloat-abi=hard -nostartfiles -g -Wall -Wextra"
"Running Make include in ps7_cortexa9_0/libsrc/sdps_v3_6/src"
make -C ps7_cortexa9_0/libsrc/sdps_v3_6/src -s include  "SHELL=CMD" "COMPILER=arm-none-eabi-gcc" "ARCHIVER=arm-none-eabi-ar" "COMPILER_FLAGS=  -O2 -c" "EXTRA_COMPILER_FLAGS=-mcpu=cortex-a9 -mfpu=vfpv3 -mfloat-abi=hard -nostartfiles -g -Wall -Wextra"
"Running Make include in ps7_cortexa9_0/libsrc/spips_v3_1/src"
make -C ps7_cortexa9_0/libsrc/spips_v3_1/src -s include  "SHELL=CMD" "COMPILER=arm-none-eabi-gcc" "ARCHIVER=arm-none-eabi-ar" "COMPILER_FLAGS=  -O2 -c" "EXTRA_COMPILER_FLAGS=-mcpu=cortex-a9 -mfpu=vfpv3 -mfloat-abi=hard -nostartfiles -g -Wall -Wextra"
"Running Make include in ps7_cortexa9_0/libsrc/standalone_v6_8/src"
make -C ps7_cortexa9_0/libsrc/standalone_v6_8/src -s include  "SHELL=CMD" "COMPILER=arm-none-eabi-gcc" "ARCHIVER=arm-none-eabi-ar" "COMPILER_FLAGS=  -O2 -c" "EXTRA_COMPILER_FLAGS=-mcpu=cortex-a9 -mfpu=vfpv3 -mfloat-abi=hard -nostartfiles -g -Wall -Wextra"
"Running Make include in ps7_cortexa9_0/libsrc/uartps_v3_7/src"
make -C ps7_cortexa9_0/libsrc/uartps_v3_7/src -s include  "SHELL=CMD" "COMPILER=arm-none-eabi-gcc" "ARCHIVER=arm-none-eabi-ar" "COMPILER_FLAGS=  -O2 -c" "EXTRA_COMPILER_FLAGS=-mcpu=cortex-a9 -mfpu=vfpv3 -mfloat-abi=hard -nostartfiles -g -Wall -Wextra"
"Running Make include in ps7_cortexa9_0/libsrc/usbps_v2_4/src"
make -C ps7_cortexa9_0/libsrc/usbps_v2_4/src -s include  "SHELL=CMD" "COMPILER=arm-none-eabi-gcc" "ARCHIVER=arm-none-eabi-ar" "COMPILER_FLAGS=  -O2 -c" "EXTRA_COMPILER_FLAGS=-mcpu=cortex-a9 -mfpu=vfpv3 -mfloat-abi=hard -nostartfiles -g -Wall -Wextra"
"Running Make include in ps7_cortexa9_0/libsrc/xadcps_v2_3/src"
make -C ps7_cortexa9_0/libsrc/xadcps_v2_3/src -s include  "SHELL=CMD" "COMPILER=arm-none-eabi-gcc" "ARCHIVER=arm-none-eabi-ar" "COMPILER_FLAGS=  -O2 -c" "EXTRA_COMPILER_FLAGS=-mcpu=cortex-a9 -mfpu=vfpv3 -mfloat-abi=hard -nostartfiles -g -Wall -Wextra"
"Running Make libs in ps7_cortexa9_0/libsrc/coresightps_dcc_v1_4/src"
make -C ps7_cortexa9_0/libsrc/coresightps_dcc_v1_4/src -s libs  "SHELL=CMD" "COMPILER=arm-none-eabi-gcc" "ARCHIVER=arm-none-eabi-ar" "COMPILER_FLAGS=  -O2 -c" "EXTRA_COMPILER_FLAGS=-mcpu=cortex-a9 -mfpu=vfpv3 -mfloat-abi=hard -nostartfiles -g -Wall -Wextra"
"Compiling coresightps_dcc"
arm-none-eabi-ar: ../../../lib/libxil.a: No such file or directory
make[1]: *** [Makefile:31: coresightps_dcc_comp_libs] Error 1
make[1]: Target 'libs' not remade because of errors.
make: *** [Makefile:30: ps7_cortexa9_0/libsrc/coresightps_dcc_v1_4/src/make.libs] Error 2
"Running Make libs in ps7_cortexa9_0/libsrc/cpu_cortexa9_v2_7/src"
make -C ps7_cortexa9_0/libsrc/cpu_cortexa9_v2_7/src -s libs  "SHELL=CMD" "COMPILER=arm-none-eabi-gcc" "ARCHIVER=arm-none-eabi-ar" "COMPILER_FLAGS=  -O2 -c" "EXTRA_COMPILER_FLAGS=-mcpu=cortex-a9 -mfpu=vfpv3 -mfloat-abi=hard -nostartfiles -g -Wall -Wextra"
"Compiling cpu_cortexa9"
"Running Make libs in ps7_cortexa9_0/libsrc/ddrps_v1_0/src"
make -C ps7_cortexa9_0/libsrc/ddrps_v1_0/src -s libs  "SHELL=CMD" "COMPILER=arm-none-eabi-gcc" "ARCHIVER=arm-none-eabi-ar" "COMPILER_FLAGS=  -O2 -c" "EXTRA_COMPILER_FLAGS=-mcpu=cortex-a9 -mfpu=vfpv3 -mfloat-abi=hard -nostartfiles -g -Wall -Wextra"
"Compiling ddrps"
arm-none-eabi-ar: ../../../lib/libxil.a: No such file or directory
make[1]: *** [Makefile:31: xddrps_libs] Error 1
make[1]: Target 'libs' not remade because of errors.
make: *** [Makefile:30: ps7_cortexa9_0/libsrc/ddrps_v1_0/src/make.libs] Error 2
"Running Make libs in ps7_cortexa9_0/libsrc/devcfg_v3_5/src"
make -C ps7_cortexa9_0/libsrc/devcfg_v3_5/src -s libs  "SHELL=CMD" "COMPILER=arm-none-eabi-gcc" "ARCHIVER=arm-none-eabi-ar" "COMPILER_FLAGS=  -O2 -c" "EXTRA_COMPILER_FLAGS=-mcpu=cortex-a9 -mfpu=vfpv3 -mfloat-abi=hard -nostartfiles -g -Wall -Wextra"
"Compiling devcfg"
arm-none-eabi-ar: ../../../lib/libxil.a: No such file or directory
make[1]: *** [Makefile:31: xdevcfg_libs] Error 1
make[1]: Target 'libs' not remade because of errors.
make: *** [Makefile:30: ps7_cortexa9_0/libsrc/devcfg_v3_5/src/make.libs] Error 2
"Running Make libs in ps7_cortexa9_0/libsrc/dmaps_v2_4/src"
make -C ps7_cortexa9_0/libsrc/dmaps_v2_4/src -s libs  "SHELL=CMD" "COMPILER=arm-none-eabi-gcc" "ARCHIVER=arm-none-eabi-ar" "COMPILER_FLAGS=  -O2 -c" "EXTRA_COMPILER_FLAGS=-mcpu=cortex-a9 -mfpu=vfpv3 -mfloat-abi=hard -nostartfiles -g -Wall -Wextra"
"Compiling dmaps"
arm-none-eabi-ar: ../../../lib/libxil.a: No such file or directory
make[1]: *** [Makefile:31: xdmaps_libs] Error 1
make[1]: Target 'libs' not remade because of errors.
make: *** [Makefile:30: ps7_cortexa9_0/libsrc/dmaps_v2_4/src/make.libs] Error 2
"Running Make libs in ps7_cortexa9_0/libsrc/gpiops_v3_4/src"
make -C ps7_cortexa9_0/libsrc/gpiops_v3_4/src -s libs  "SHELL=CMD" "COMPILER=arm-none-eabi-gcc" "ARCHIVER=arm-none-eabi-ar" "COMPILER_FLAGS=  -O2 -c" "EXTRA_COMPILER_FLAGS=-mcpu=cortex-a9 -mfpu=vfpv3 -mfloat-abi=hard -nostartfiles -g -Wall -Wextra"
"Compiling gpiops"
arm-none-eabi-ar: ../../../lib/libxil.a: No such file or directory
make[1]: *** [Makefile:31: xgpiops_libs] Error 1
make[1]: Target 'libs' not remade because of errors.
make: *** [Makefile:30: ps7_cortexa9_0/libsrc/gpiops_v3_4/src/make.libs] Error 2
"Running Make libs in ps7_cortexa9_0/libsrc/LED_CONTROLLER_v1_0/src"
make -C ps7_cortexa9_0/libsrc/LED_CONTROLLER_v1_0/src -s libs  "SHELL=CMD" "COMPILER=arm-none-eabi-gcc" "ARCHIVER=arm-none-eabi-ar" "COMPILER_FLAGS=  -O2 -c" "EXTRA_COMPILER_FLAGS=-mcpu=cortex-a9 -mfpu=vfpv3 -mfloat-abi=hard -nostartfiles -g -Wall -Wextra"
"Compiling LED_CONTROLLER..."
LED_CONTROLLER_selftest.c: In function 'LED_CONTROLLER_Reg_SelfTest':
LED_CONTROLLER_selftest.c:52:63: warning: comparison between signed and unsigned integer expressions [-Wsign-compare]
    if ( LED_CONTROLLER_mReadReg (baseaddr, read_loop_index*4) != (read_loop_index+1)*READ_WRITE_MUL_FACTOR){
                                                               ^~
LED_CONTROLLER_selftest.c:36:6: warning: unused variable 'Index' [-Wunused-variable]
  int Index;
      ^~~~~
arm-none-eabi-ar: ../../../lib/libxil.a: No such file or directory
make[1]: *** [Makefile:19: libs] Error 1
make: *** [Makefile:30: ps7_cortexa9_0/libsrc/LED_CONTROLLER_v1_0/src/make.libs] Error 2
"Running Make libs in ps7_cortexa9_0/libsrc/qspips_v3_5/src"
make -C ps7_cortexa9_0/libsrc/qspips_v3_5/src -s libs  "SHELL=CMD" "COMPILER=arm-none-eabi-gcc" "ARCHIVER=arm-none-eabi-ar" "COMPILER_FLAGS=  -O2 -c" "EXTRA_COMPILER_FLAGS=-mcpu=cortex-a9 -mfpu=vfpv3 -mfloat-abi=hard -nostartfiles -g -Wall -Wextra"
"Compiling qspips"
arm-none-eabi-ar: ../../../lib/libxil.a: No such file or directory
make[1]: *** [Makefile:31: xqspips_libs] Error 1
make[1]: Target 'libs' not remade because of errors.
make: *** [Makefile:30: ps7_cortexa9_0/libsrc/qspips_v3_5/src/make.libs] Error 2
"Running Make libs in ps7_cortexa9_0/libsrc/scugic_v3_10/src"
make -C ps7_cortexa9_0/libsrc/scugic_v3_10/src -s libs  "SHELL=CMD" "COMPILER=arm-none-eabi-gcc" "ARCHIVER=arm-none-eabi-ar" "COMPILER_FLAGS=  -O2 -c" "EXTRA_COMPILER_FLAGS=-mcpu=cortex-a9 -mfpu=vfpv3 -mfloat-abi=hard -nostartfiles -g -Wall -Wextra"
"Compiling scugic"
arm-none-eabi-ar: ../../../lib/libxil.a: No such file or directory
make[1]: *** [Makefile:31: scugic_libs] Error 1
make[1]: Target 'libs' not remade because of errors.
make: *** [Makefile:30: ps7_cortexa9_0/libsrc/scugic_v3_10/src/make.libs] Error 2
"Running Make libs in ps7_cortexa9_0/libsrc/scutimer_v2_1/src"
make -C ps7_cortexa9_0/libsrc/scutimer_v2_1/src -s libs  "SHELL=CMD" "COMPILER=arm-none-eabi-gcc" "ARCHIVER=arm-none-eabi-ar" "COMPILER_FLAGS=  -O2 -c" "EXTRA_COMPILER_FLAGS=-mcpu=cortex-a9 -mfpu=vfpv3 -mfloat-abi=hard -nostartfiles -g -Wall -Wextra"
"Compiling scutimer"
arm-none-eabi-ar: ../../../lib/libxil.a: No such file or directory
make[1]: *** [Makefile:31: scutimer_libs] Error 1
make[1]: Target 'libs' not remade because of errors.
make: *** [Makefile:30: ps7_cortexa9_0/libsrc/scutimer_v2_1/src/make.libs] Error 2
"Running Make libs in ps7_cortexa9_0/libsrc/scuwdt_v2_1/src"
make -C ps7_cortexa9_0/libsrc/scuwdt_v2_1/src -s libs  "SHELL=CMD" "COMPILER=arm-none-eabi-gcc" "ARCHIVER=arm-none-eabi-ar" "COMPILER_FLAGS=  -O2 -c" "EXTRA_COMPILER_FLAGS=-mcpu=cortex-a9 -mfpu=vfpv3 -mfloat-abi=hard -nostartfiles -g -Wall -Wextra"
"Compiling scuwdt"
arm-none-eabi-ar: ../../../lib/libxil.a: No such file or directory
make[1]: *** [Makefile:31: scuwdt_libs] Error 1
make[1]: Target 'libs' not remade because of errors.
make: *** [Makefile:30: ps7_cortexa9_0/libsrc/scuwdt_v2_1/src/make.libs] Error 2
"Running Make libs in ps7_cortexa9_0/libsrc/sdps_v3_6/src"
make -C ps7_cortexa9_0/libsrc/sdps_v3_6/src -s libs  "SHELL=CMD" "COMPILER=arm-none-eabi-gcc" "ARCHIVER=arm-none-eabi-ar" "COMPILER_FLAGS=  -O2 -c" "EXTRA_COMPILER_FLAGS=-mcpu=cortex-a9 -mfpu=vfpv3 -mfloat-abi=hard -nostartfiles -g -Wall -Wextra"
"Compiling sdps"
arm-none-eabi-ar: ../../../lib/libxil.a: No such file or directory
make[1]: *** [Makefile:31: xsdps_libs] Error 1
make[1]: Target 'libs' not remade because of errors.
make: *** [Makefile:30: ps7_cortexa9_0/libsrc/sdps_v3_6/src/make.libs] Error 2
"Running Make libs in ps7_cortexa9_0/libsrc/spips_v3_1/src"
make -C ps7_cortexa9_0/libsrc/spips_v3_1/src -s libs  "SHELL=CMD" "COMPILER=arm-none-eabi-gcc" "ARCHIVER=arm-none-eabi-ar" "COMPILER_FLAGS=  -O2 -c" "EXTRA_COMPILER_FLAGS=-mcpu=cortex-a9 -mfpu=vfpv3 -mfloat-abi=hard -nostartfiles -g -Wall -Wextra"
"Compiling spips"
arm-none-eabi-ar: ../../../lib/libxil.a: No such file or directory
make[1]: *** [Makefile:31: xspips_libs] Error 1
make[1]: Target 'libs' not remade because of errors.
make: *** [Makefile:30: ps7_cortexa9_0/libsrc/spips_v3_1/src/make.libs] Error 2
"Running Make libs in ps7_cortexa9_0/libsrc/standalone_v6_8/src"
make -C ps7_cortexa9_0/libsrc/standalone_v6_8/src -s libs  "SHELL=CMD" "COMPILER=arm-none-eabi-gcc" "ARCHIVER=arm-none-eabi-ar" "COMPILER_FLAGS=  -O2 -c" "EXTRA_COMPILER_FLAGS=-mcpu=cortex-a9 -mfpu=vfpv3 -mfloat-abi=hard -nostartfiles -g -Wall -Wextra"
"Compiling standalone"
In file included from usleep.c:56:0:
xtime_l.h:87:9: note: #pragma message: For the sleep routines, Global timer is being used
 #pragma message ("For the sleep routines, Global timer is being used")
         ^~~~~~~
In file included from xil_sleeptimer.c:51:0:
xtime_l.h:87:9: note: #pragma message: For the sleep routines, Global timer is being used
 #pragma message ("For the sleep routines, Global timer is being used")
         ^~~~~~~
In file included from xtime_l.c:49:0:
xtime_l.h:87:9: note: #pragma message: For the sleep routines, Global timer is being used
 #pragma message ("For the sleep routines, Global timer is being used")
         ^~~~~~~
In file included from sleep.c:53:0:
xtime_l.h:87:9: note: #pragma message: For the sleep routines, Global timer is being used
 #pragma message ("For the sleep routines, Global timer is being used")
         ^~~~~~~
arm-none-eabi-ar: ../../../lib/libxil.a: No such file or directory
make[1]: *** [Makefile:66: standalone_libs] Error 1
make[1]: Target 'libs' not remade because of errors.
make: *** [Makefile:30: ps7_cortexa9_0/libsrc/standalone_v6_8/src/make.libs] Error 2
"Running Make libs in ps7_cortexa9_0/libsrc/uartps_v3_7/src"
make -C ps7_cortexa9_0/libsrc/uartps_v3_7/src -s libs  "SHELL=CMD" "COMPILER=arm-none-eabi-gcc" "ARCHIVER=arm-none-eabi-ar" "COMPILER_FLAGS=  -O2 -c" "EXTRA_COMPILER_FLAGS=-mcpu=cortex-a9 -mfpu=vfpv3 -mfloat-abi=hard -nostartfiles -g -Wall -Wextra"
"Compiling uartps"
arm-none-eabi-ar: ../../../lib/libxil.a: No such file or directory
make[1]: *** [Makefile:31: xuartps_libs] Error 1
make[1]: Target 'libs' not remade because of errors.
make: *** [Makefile:30: ps7_cortexa9_0/libsrc/uartps_v3_7/src/make.libs] Error 2
"Running Make libs in ps7_cortexa9_0/libsrc/usbps_v2_4/src"
make -C ps7_cortexa9_0/libsrc/usbps_v2_4/src -s libs  "SHELL=CMD" "COMPILER=arm-none-eabi-gcc" "ARCHIVER=arm-none-eabi-ar" "COMPILER_FLAGS=  -O2 -c" "EXTRA_COMPILER_FLAGS=-mcpu=cortex-a9 -mfpu=vfpv3 -mfloat-abi=hard -nostartfiles -g -Wall -Wextra"
"Compiling usbps"
arm-none-eabi-ar: ../../../lib/libxil.a: No such file or directory
make[1]: *** [Makefile:31: xusbps_libs] Error 1
make[1]: Target 'libs' not remade because of errors.
make: *** [Makefile:30: ps7_cortexa9_0/libsrc/usbps_v2_4/src/make.libs] Error 2
"Running Make libs in ps7_cortexa9_0/libsrc/xadcps_v2_3/src"
make -C ps7_cortexa9_0/libsrc/xadcps_v2_3/src -s libs  "SHELL=CMD" "COMPILER=arm-none-eabi-gcc" "ARCHIVER=arm-none-eabi-ar" "COMPILER_FLAGS=  -O2 -c" "EXTRA_COMPILER_FLAGS=-mcpu=cortex-a9 -mfpu=vfpv3 -mfloat-abi=hard -nostartfiles -g -Wall -Wextra"
"Compiling xadcps"
arm-none-eabi-ar: ../../../lib/libxil.a: No such file or directory
make[1]: *** [Makefile:31: xadcps_libs] Error 1
make[1]: Target 'libs' not remade because of errors.
make: *** [Makefile:30: ps7_cortexa9_0/libsrc/xadcps_v2_3/src/make.libs] Error 2
make: Target 'all' not remade because of errors.
21:02:47 **** Build of configuration Debug for project AXI_DEBUG ****
make pre-build main-build 
a9-linaro-pre-build-step
' '
'Building file: ../src/functions.c'
'Invoking: ARM v7 gcc compiler'
arm-none-eabi-gcc -Wall -O0 -g3 -c -fmessage-length=0 -MT"src/functions.o" -mcpu=cortex-a9 -mfpu=vfpv3 -mfloat-abi=hard -I../../AXI_DEBUG_bsp/ps7_cortexa9_0/include -MMD -MP -MF"src/functions.d" -MT"src/functions.o" -o "src/functions.o" "../src/functions.c"
'Finished building: ../src/functions.c'
' '
'Building file: ../src/main.c'
'Invoking: ARM v7 gcc compiler'
arm-none-eabi-gcc -Wall -O0 -g3 -c -fmessage-length=0 -MT"src/main.o" -mcpu=cortex-a9 -mfpu=vfpv3 -mfloat-abi=hard -I../../AXI_DEBUG_bsp/ps7_cortexa9_0/include -MMD -MP -MF"src/main.d" -MT"src/main.o" -o "src/main.o" "../src/main.c"
'Finished building: ../src/main.c'
' '
'Building target: AXI_DEBUG.elf'
'Invoking: ARM v7 gcc linker'
arm-none-eabi-gcc -mcpu=cortex-a9 -mfpu=vfpv3 -mfloat-abi=hard -Wl,-build-id=none -specs=Xilinx.spec -Wl,-T -Wl,../src/lscript.ld -L../../AXI_DEBUG_bsp/ps7_cortexa9_0/lib -o "AXI_DEBUG.elf"  ./src/functions.o ./src/main.o   -Wl,--start-group,-lxil,-lgcc,-lc,--end-group
c:/xilinx/sdk/2018.3/gnu/aarch32/nt/gcc-arm-none-eabi/bin/../lib/gcc/arm-none-eabi/7.3.1/../../../../arm-none-eabi/bin/ld.exe: cannot find -lxil
collect2.exe: error: ld returned 1 exit status
make: *** [makefile:41: AXI_DEBUG.elf] Error 1
21:03:28 **** Incremental Build of configuration Debug for project AXI_DEBUG ****
make pre-build main-build 
a9-linaro-pre-build-step
' '
'Building target: AXI_DEBUG.elf'
'Invoking: ARM v7 gcc linker'
arm-none-eabi-gcc -mcpu=cortex-a9 -mfpu=vfpv3 -mfloat-abi=hard -Wl,-build-id=none -specs=Xilinx.spec -Wl,-T -Wl,../src/lscript.ld -L../../AXI_DEBUG_bsp/ps7_cortexa9_0/lib -o "AXI_DEBUG.elf"  ./src/functions.o ./src/main.o   -Wl,--start-group,-lxil,-lgcc,-lc,--end-group
c:/xilinx/sdk/2018.3/gnu/aarch32/nt/gcc-arm-none-eabi/bin/../lib/gcc/arm-none-eabi/7.3.1/../../../../arm-none-eabi/bin/ld.exe: cannot find -lxil
collect2.exe: error: ld returned 1 exit status
make: *** [makefile:41: AXI_DEBUG.elf] Error 1
21:06:49 **** Incremental Build of configuration Debug for project AXI_DEBUG ****
make pre-build main-build 
a9-linaro-pre-build-step
' '
'Building target: AXI_DEBUG.elf'
'Invoking: ARM v7 gcc linker'
arm-none-eabi-gcc -mcpu=cortex-a9 -mfpu=vfpv3 -mfloat-abi=hard -Wl,-build-id=none -specs=Xilinx.spec -Wl,-T -Wl,../src/lscript.ld -L../../AXI_DEBUG_bsp/ps7_cortexa9_0/lib -o "AXI_DEBUG.elf"  ./src/functions.o ./src/main.o   -Wl,--start-group,-lxil,-lgcc,-lc,--end-group
c:/xilinx/sdk/2018.3/gnu/aarch32/nt/gcc-arm-none-eabi/bin/../lib/gcc/arm-none-eabi/7.3.1/../../../../arm-none-eabi/bin/ld.exe: cannot find -lxil
collect2.exe: error: ld returned 1 exit status
make: *** [makefile:41: AXI_DEBUG.elf] Error 1
21:07:12 **** Clean-only build of configuration Debug for project AXI_DEBUG ****
make clean 
rm -rf  ./src/functions.o ./src/main.o  ./src/functions.d ./src/main.d  AXI_DEBUG.elf.size  AXI_DEBUG.elf
' '
21:07:12 **** Clean-only build of project AXI_DEBUG_bsp ****
make -k clean 
make -C ps7_cortexa9_0/libsrc/coresightps_dcc_v1_4/src -s clean 
make -C ps7_cortexa9_0/libsrc/cpu_cortexa9_v2_7/src -s clean 
make -C ps7_cortexa9_0/libsrc/ddrps_v1_0/src -s clean 
make -C ps7_cortexa9_0/libsrc/devcfg_v3_5/src -s clean 
make -C ps7_cortexa9_0/libsrc/dmaps_v2_4/src -s clean 
make -C ps7_cortexa9_0/libsrc/gpiops_v3_4/src -s clean 
make -C ps7_cortexa9_0/libsrc/LED_CONTROLLER_v1_0/src -s clean 
make -C ps7_cortexa9_0/libsrc/qspips_v3_5/src -s clean 
make -C ps7_cortexa9_0/libsrc/scugic_v3_10/src -s clean 
make -C ps7_cortexa9_0/libsrc/scutimer_v2_1/src -s clean 
make -C ps7_cortexa9_0/libsrc/scuwdt_v2_1/src -s clean 
make -C ps7_cortexa9_0/libsrc/sdps_v3_6/src -s clean 
make -C ps7_cortexa9_0/libsrc/spips_v3_1/src -s clean 
make -C ps7_cortexa9_0/libsrc/standalone_v6_8/src -s clean 
make -C ps7_cortexa9_0/libsrc/uartps_v3_7/src -s clean 
make -C ps7_cortexa9_0/libsrc/usbps_v2_4/src -s clean 
make -C ps7_cortexa9_0/libsrc/xadcps_v2_3/src -s clean 
rm -f ps7_cortexa9_0/lib/libxil.a
21:07:13 **** Build of project AXI_DEBUG_bsp ****
make -k all 
"Running Make include in ps7_cortexa9_0/libsrc/coresightps_dcc_v1_4/src"
make -C ps7_cortexa9_0/libsrc/coresightps_dcc_v1_4/src -s include  "SHELL=CMD" "COMPILER=arm-none-eabi-gcc" "ARCHIVER=arm-none-eabi-ar" "COMPILER_FLAGS=  -O2 -c" "EXTRA_COMPILER_FLAGS=-mcpu=cortex-a9 -mfpu=vfpv3 -mfloat-abi=hard -nostartfiles -g -Wall -Wextra"
"Running Make include in ps7_cortexa9_0/libsrc/cpu_cortexa9_v2_7/src"
make -C ps7_cortexa9_0/libsrc/cpu_cortexa9_v2_7/src -s include  "SHELL=CMD" "COMPILER=arm-none-eabi-gcc" "ARCHIVER=arm-none-eabi-ar" "COMPILER_FLAGS=  -O2 -c" "EXTRA_COMPILER_FLAGS=-mcpu=cortex-a9 -mfpu=vfpv3 -mfloat-abi=hard -nostartfiles -g -Wall -Wextra"
"Running Make include in ps7_cortexa9_0/libsrc/ddrps_v1_0/src"
make -C ps7_cortexa9_0/libsrc/ddrps_v1_0/src -s include  "SHELL=CMD" "COMPILER=arm-none-eabi-gcc" "ARCHIVER=arm-none-eabi-ar" "COMPILER_FLAGS=  -O2 -c" "EXTRA_COMPILER_FLAGS=-mcpu=cortex-a9 -mfpu=vfpv3 -mfloat-abi=hard -nostartfiles -g -Wall -Wextra"
"Running Make include in ps7_cortexa9_0/libsrc/devcfg_v3_5/src"
make -C ps7_cortexa9_0/libsrc/devcfg_v3_5/src -s include  "SHELL=CMD" "COMPILER=arm-none-eabi-gcc" "ARCHIVER=arm-none-eabi-ar" "COMPILER_FLAGS=  -O2 -c" "EXTRA_COMPILER_FLAGS=-mcpu=cortex-a9 -mfpu=vfpv3 -mfloat-abi=hard -nostartfiles -g -Wall -Wextra"
"Running Make include in ps7_cortexa9_0/libsrc/dmaps_v2_4/src"
make -C ps7_cortexa9_0/libsrc/dmaps_v2_4/src -s include  "SHELL=CMD" "COMPILER=arm-none-eabi-gcc" "ARCHIVER=arm-none-eabi-ar" "COMPILER_FLAGS=  -O2 -c" "EXTRA_COMPILER_FLAGS=-mcpu=cortex-a9 -mfpu=vfpv3 -mfloat-abi=hard -nostartfiles -g -Wall -Wextra"
"Running Make include in ps7_cortexa9_0/libsrc/gpiops_v3_4/src"
make -C ps7_cortexa9_0/libsrc/gpiops_v3_4/src -s include  "SHELL=CMD" "COMPILER=arm-none-eabi-gcc" "ARCHIVER=arm-none-eabi-ar" "COMPILER_FLAGS=  -O2 -c" "EXTRA_COMPILER_FLAGS=-mcpu=cortex-a9 -mfpu=vfpv3 -mfloat-abi=hard -nostartfiles -g -Wall -Wextra"
"Running Make include in ps7_cortexa9_0/libsrc/LED_CONTROLLER_v1_0/src"
make -C ps7_cortexa9_0/libsrc/LED_CONTROLLER_v1_0/src -s include  "SHELL=CMD" "COMPILER=arm-none-eabi-gcc" "ARCHIVER=arm-none-eabi-ar" "COMPILER_FLAGS=  -O2 -c" "EXTRA_COMPILER_FLAGS=-mcpu=cortex-a9 -mfpu=vfpv3 -mfloat-abi=hard -nostartfiles -g -Wall -Wextra"
"Running Make include in ps7_cortexa9_0/libsrc/qspips_v3_5/src"
make -C ps7_cortexa9_0/libsrc/qspips_v3_5/src -s include  "SHELL=CMD" "COMPILER=arm-none-eabi-gcc" "ARCHIVER=arm-none-eabi-ar" "COMPILER_FLAGS=  -O2 -c" "EXTRA_COMPILER_FLAGS=-mcpu=cortex-a9 -mfpu=vfpv3 -mfloat-abi=hard -nostartfiles -g -Wall -Wextra"
"Running Make include in ps7_cortexa9_0/libsrc/scugic_v3_10/src"
make -C ps7_cortexa9_0/libsrc/scugic_v3_10/src -s include  "SHELL=CMD" "COMPILER=arm-none-eabi-gcc" "ARCHIVER=arm-none-eabi-ar" "COMPILER_FLAGS=  -O2 -c" "EXTRA_COMPILER_FLAGS=-mcpu=cortex-a9 -mfpu=vfpv3 -mfloat-abi=hard -nostartfiles -g -Wall -Wextra"
"Running Make include in ps7_cortexa9_0/libsrc/scutimer_v2_1/src"
make -C ps7_cortexa9_0/libsrc/scutimer_v2_1/src -s include  "SHELL=CMD" "COMPILER=arm-none-eabi-gcc" "ARCHIVER=arm-none-eabi-ar" "COMPILER_FLAGS=  -O2 -c" "EXTRA_COMPILER_FLAGS=-mcpu=cortex-a9 -mfpu=vfpv3 -mfloat-abi=hard -nostartfiles -g -Wall -Wextra"
"Running Make include in ps7_cortexa9_0/libsrc/scuwdt_v2_1/src"
make -C ps7_cortexa9_0/libsrc/scuwdt_v2_1/src -s include  "SHELL=CMD" "COMPILER=arm-none-eabi-gcc" "ARCHIVER=arm-none-eabi-ar" "COMPILER_FLAGS=  -O2 -c" "EXTRA_COMPILER_FLAGS=-mcpu=cortex-a9 -mfpu=vfpv3 -mfloat-abi=hard -nostartfiles -g -Wall -Wextra"
"Running Make include in ps7_cortexa9_0/libsrc/sdps_v3_6/src"
make -C ps7_cortexa9_0/libsrc/sdps_v3_6/src -s include  "SHELL=CMD" "COMPILER=arm-none-eabi-gcc" "ARCHIVER=arm-none-eabi-ar" "COMPILER_FLAGS=  -O2 -c" "EXTRA_COMPILER_FLAGS=-mcpu=cortex-a9 -mfpu=vfpv3 -mfloat-abi=hard -nostartfiles -g -Wall -Wextra"
"Running Make include in ps7_cortexa9_0/libsrc/spips_v3_1/src"
make -C ps7_cortexa9_0/libsrc/spips_v3_1/src -s include  "SHELL=CMD" "COMPILER=arm-none-eabi-gcc" "ARCHIVER=arm-none-eabi-ar" "COMPILER_FLAGS=  -O2 -c" "EXTRA_COMPILER_FLAGS=-mcpu=cortex-a9 -mfpu=vfpv3 -mfloat-abi=hard -nostartfiles -g -Wall -Wextra"
"Running Make include in ps7_cortexa9_0/libsrc/standalone_v6_8/src"
make -C ps7_cortexa9_0/libsrc/standalone_v6_8/src -s include  "SHELL=CMD" "COMPILER=arm-none-eabi-gcc" "ARCHIVER=arm-none-eabi-ar" "COMPILER_FLAGS=  -O2 -c" "EXTRA_COMPILER_FLAGS=-mcpu=cortex-a9 -mfpu=vfpv3 -mfloat-abi=hard -nostartfiles -g -Wall -Wextra"
"Running Make include in ps7_cortexa9_0/libsrc/uartps_v3_7/src"
make -C ps7_cortexa9_0/libsrc/uartps_v3_7/src -s include  "SHELL=CMD" "COMPILER=arm-none-eabi-gcc" "ARCHIVER=arm-none-eabi-ar" "COMPILER_FLAGS=  -O2 -c" "EXTRA_COMPILER_FLAGS=-mcpu=cortex-a9 -mfpu=vfpv3 -mfloat-abi=hard -nostartfiles -g -Wall -Wextra"
"Running Make include in ps7_cortexa9_0/libsrc/usbps_v2_4/src"
make -C ps7_cortexa9_0/libsrc/usbps_v2_4/src -s include  "SHELL=CMD" "COMPILER=arm-none-eabi-gcc" "ARCHIVER=arm-none-eabi-ar" "COMPILER_FLAGS=  -O2 -c" "EXTRA_COMPILER_FLAGS=-mcpu=cortex-a9 -mfpu=vfpv3 -mfloat-abi=hard -nostartfiles -g -Wall -Wextra"
"Running Make include in ps7_cortexa9_0/libsrc/xadcps_v2_3/src"
make -C ps7_cortexa9_0/libsrc/xadcps_v2_3/src -s include  "SHELL=CMD" "COMPILER=arm-none-eabi-gcc" "ARCHIVER=arm-none-eabi-ar" "COMPILER_FLAGS=  -O2 -c" "EXTRA_COMPILER_FLAGS=-mcpu=cortex-a9 -mfpu=vfpv3 -mfloat-abi=hard -nostartfiles -g -Wall -Wextra"
"Running Make libs in ps7_cortexa9_0/libsrc/coresightps_dcc_v1_4/src"
make -C ps7_cortexa9_0/libsrc/coresightps_dcc_v1_4/src -s libs  "SHELL=CMD" "COMPILER=arm-none-eabi-gcc" "ARCHIVER=arm-none-eabi-ar" "COMPILER_FLAGS=  -O2 -c" "EXTRA_COMPILER_FLAGS=-mcpu=cortex-a9 -mfpu=vfpv3 -mfloat-abi=hard -nostartfiles -g -Wall -Wextra"
"Compiling coresightps_dcc"
arm-none-eabi-ar: ../../../lib/libxil.a: No such file or directory
make[1]: *** [Makefile:31: coresightps_dcc_comp_libs] Error 1
make[1]: Target 'libs' not remade because of errors.
make: *** [Makefile:30: ps7_cortexa9_0/libsrc/coresightps_dcc_v1_4/src/make.libs] Error 2
"Running Make libs in ps7_cortexa9_0/libsrc/cpu_cortexa9_v2_7/src"
make -C ps7_cortexa9_0/libsrc/cpu_cortexa9_v2_7/src -s libs  "SHELL=CMD" "COMPILER=arm-none-eabi-gcc" "ARCHIVER=arm-none-eabi-ar" "COMPILER_FLAGS=  -O2 -c" "EXTRA_COMPILER_FLAGS=-mcpu=cortex-a9 -mfpu=vfpv3 -mfloat-abi=hard -nostartfiles -g -Wall -Wextra"
"Compiling cpu_cortexa9"
"Running Make libs in ps7_cortexa9_0/libsrc/ddrps_v1_0/src"
make -C ps7_cortexa9_0/libsrc/ddrps_v1_0/src -s libs  "SHELL=CMD" "COMPILER=arm-none-eabi-gcc" "ARCHIVER=arm-none-eabi-ar" "COMPILER_FLAGS=  -O2 -c" "EXTRA_COMPILER_FLAGS=-mcpu=cortex-a9 -mfpu=vfpv3 -mfloat-abi=hard -nostartfiles -g -Wall -Wextra"
"Compiling ddrps"
arm-none-eabi-ar: ../../../lib/libxil.a: No such file or directory
make[1]: *** [Makefile:31: xddrps_libs] Error 1
make[1]: Target 'libs' not remade because of errors.
make: *** [Makefile:30: ps7_cortexa9_0/libsrc/ddrps_v1_0/src/make.libs] Error 2
"Running Make libs in ps7_cortexa9_0/libsrc/devcfg_v3_5/src"
make -C ps7_cortexa9_0/libsrc/devcfg_v3_5/src -s libs  "SHELL=CMD" "COMPILER=arm-none-eabi-gcc" "ARCHIVER=arm-none-eabi-ar" "COMPILER_FLAGS=  -O2 -c" "EXTRA_COMPILER_FLAGS=-mcpu=cortex-a9 -mfpu=vfpv3 -mfloat-abi=hard -nostartfiles -g -Wall -Wextra"
"Compiling devcfg"
arm-none-eabi-ar: ../../../lib/libxil.a: No such file or directory
make[1]: *** [Makefile:31: xdevcfg_libs] Error 1
make[1]: Target 'libs' not remade because of errors.
make: *** [Makefile:30: ps7_cortexa9_0/libsrc/devcfg_v3_5/src/make.libs] Error 2
"Running Make libs in ps7_cortexa9_0/libsrc/dmaps_v2_4/src"
make -C ps7_cortexa9_0/libsrc/dmaps_v2_4/src -s libs  "SHELL=CMD" "COMPILER=arm-none-eabi-gcc" "ARCHIVER=arm-none-eabi-ar" "COMPILER_FLAGS=  -O2 -c" "EXTRA_COMPILER_FLAGS=-mcpu=cortex-a9 -mfpu=vfpv3 -mfloat-abi=hard -nostartfiles -g -Wall -Wextra"
"Compiling dmaps"
arm-none-eabi-ar: ../../../lib/libxil.a: No such file or directory
make[1]: *** [Makefile:31: xdmaps_libs] Error 1
make[1]: Target 'libs' not remade because of errors.
make: *** [Makefile:30: ps7_cortexa9_0/libsrc/dmaps_v2_4/src/make.libs] Error 2
"Running Make libs in ps7_cortexa9_0/libsrc/gpiops_v3_4/src"
make -C ps7_cortexa9_0/libsrc/gpiops_v3_4/src -s libs  "SHELL=CMD" "COMPILER=arm-none-eabi-gcc" "ARCHIVER=arm-none-eabi-ar" "COMPILER_FLAGS=  -O2 -c" "EXTRA_COMPILER_FLAGS=-mcpu=cortex-a9 -mfpu=vfpv3 -mfloat-abi=hard -nostartfiles -g -Wall -Wextra"
"Compiling gpiops"
arm-none-eabi-ar: ../../../lib/libxil.a: No such file or directory
make[1]: *** [Makefile:31: xgpiops_libs] Error 1
make[1]: Target 'libs' not remade because of errors.
make: *** [Makefile:30: ps7_cortexa9_0/libsrc/gpiops_v3_4/src/make.libs] Error 2
"Running Make libs in ps7_cortexa9_0/libsrc/LED_CONTROLLER_v1_0/src"
make -C ps7_cortexa9_0/libsrc/LED_CONTROLLER_v1_0/src -s libs  "SHELL=CMD" "COMPILER=arm-none-eabi-gcc" "ARCHIVER=arm-none-eabi-ar" "COMPILER_FLAGS=  -O2 -c" "EXTRA_COMPILER_FLAGS=-mcpu=cortex-a9 -mfpu=vfpv3 -mfloat-abi=hard -nostartfiles -g -Wall -Wextra"
"Compiling LED_CONTROLLER..."
LED_CONTROLLER_selftest.c: In function 'LED_CONTROLLER_Reg_SelfTest':
LED_CONTROLLER_selftest.c:52:63: warning: comparison between signed and unsigned integer expressions [-Wsign-compare]
    if ( LED_CONTROLLER_mReadReg (baseaddr, read_loop_index*4) != (read_loop_index+1)*READ_WRITE_MUL_FACTOR){
                                                               ^~
LED_CONTROLLER_selftest.c:36:6: warning: unused variable 'Index' [-Wunused-variable]
  int Index;
      ^~~~~
arm-none-eabi-ar: ../../../lib/libxil.a: No such file or directory
make[1]: *** [Makefile:19: libs] Error 1
make: *** [Makefile:30: ps7_cortexa9_0/libsrc/LED_CONTROLLER_v1_0/src/make.libs] Error 2
"Running Make libs in ps7_cortexa9_0/libsrc/qspips_v3_5/src"
make -C ps7_cortexa9_0/libsrc/qspips_v3_5/src -s libs  "SHELL=CMD" "COMPILER=arm-none-eabi-gcc" "ARCHIVER=arm-none-eabi-ar" "COMPILER_FLAGS=  -O2 -c" "EXTRA_COMPILER_FLAGS=-mcpu=cortex-a9 -mfpu=vfpv3 -mfloat-abi=hard -nostartfiles -g -Wall -Wextra"
"Compiling qspips"
arm-none-eabi-ar: ../../../lib/libxil.a: No such file or directory
make[1]: *** [Makefile:31: xqspips_libs] Error 1
make[1]: Target 'libs' not remade because of errors.
make: *** [Makefile:30: ps7_cortexa9_0/libsrc/qspips_v3_5/src/make.libs] Error 2
"Running Make libs in ps7_cortexa9_0/libsrc/scugic_v3_10/src"
make -C ps7_cortexa9_0/libsrc/scugic_v3_10/src -s libs  "SHELL=CMD" "COMPILER=arm-none-eabi-gcc" "ARCHIVER=arm-none-eabi-ar" "COMPILER_FLAGS=  -O2 -c" "EXTRA_COMPILER_FLAGS=-mcpu=cortex-a9 -mfpu=vfpv3 -mfloat-abi=hard -nostartfiles -g -Wall -Wextra"
"Compiling scugic"
arm-none-eabi-ar: ../../../lib/libxil.a: No such file or directory
make[1]: *** [Makefile:31: scugic_libs] Error 1
make[1]: Target 'libs' not remade because of errors.
make: *** [Makefile:30: ps7_cortexa9_0/libsrc/scugic_v3_10/src/make.libs] Error 2
"Running Make libs in ps7_cortexa9_0/libsrc/scutimer_v2_1/src"
make -C ps7_cortexa9_0/libsrc/scutimer_v2_1/src -s libs  "SHELL=CMD" "COMPILER=arm-none-eabi-gcc" "ARCHIVER=arm-none-eabi-ar" "COMPILER_FLAGS=  -O2 -c" "EXTRA_COMPILER_FLAGS=-mcpu=cortex-a9 -mfpu=vfpv3 -mfloat-abi=hard -nostartfiles -g -Wall -Wextra"
"Compiling scutimer"
arm-none-eabi-ar: ../../../lib/libxil.a: No such file or directory
make[1]: *** [Makefile:31: scutimer_libs] Error 1
make[1]: Target 'libs' not remade because of errors.
make: *** [Makefile:30: ps7_cortexa9_0/libsrc/scutimer_v2_1/src/make.libs] Error 2
"Running Make libs in ps7_cortexa9_0/libsrc/scuwdt_v2_1/src"
make -C ps7_cortexa9_0/libsrc/scuwdt_v2_1/src -s libs  "SHELL=CMD" "COMPILER=arm-none-eabi-gcc" "ARCHIVER=arm-none-eabi-ar" "COMPILER_FLAGS=  -O2 -c" "EXTRA_COMPILER_FLAGS=-mcpu=cortex-a9 -mfpu=vfpv3 -mfloat-abi=hard -nostartfiles -g -Wall -Wextra"
"Compiling scuwdt"
arm-none-eabi-ar: ../../../lib/libxil.a: No such file or directory
make[1]: *** [Makefile:31: scuwdt_libs] Error 1
make[1]: Target 'libs' not remade because of errors.
make: *** [Makefile:30: ps7_cortexa9_0/libsrc/scuwdt_v2_1/src/make.libs] Error 2
"Running Make libs in ps7_cortexa9_0/libsrc/sdps_v3_6/src"
make -C ps7_cortexa9_0/libsrc/sdps_v3_6/src -s libs  "SHELL=CMD" "COMPILER=arm-none-eabi-gcc" "ARCHIVER=arm-none-eabi-ar" "COMPILER_FLAGS=  -O2 -c" "EXTRA_COMPILER_FLAGS=-mcpu=cortex-a9 -mfpu=vfpv3 -mfloat-abi=hard -nostartfiles -g -Wall -Wextra"
"Compiling sdps"
arm-none-eabi-ar: ../../../lib/libxil.a: No such file or directory
make[1]: *** [Makefile:31: xsdps_libs] Error 1
make[1]: Target 'libs' not remade because of errors.
make: *** [Makefile:30: ps7_cortexa9_0/libsrc/sdps_v3_6/src/make.libs] Error 2
"Running Make libs in ps7_cortexa9_0/libsrc/spips_v3_1/src"
make -C ps7_cortexa9_0/libsrc/spips_v3_1/src -s libs  "SHELL=CMD" "COMPILER=arm-none-eabi-gcc" "ARCHIVER=arm-none-eabi-ar" "COMPILER_FLAGS=  -O2 -c" "EXTRA_COMPILER_FLAGS=-mcpu=cortex-a9 -mfpu=vfpv3 -mfloat-abi=hard -nostartfiles -g -Wall -Wextra"
"Compiling spips"
arm-none-eabi-ar: ../../../lib/libxil.a: No such file or directory
make[1]: *** [Makefile:31: xspips_libs] Error 1
make[1]: Target 'libs' not remade because of errors.
"Running Make libs in ps7_cortexa9_0/libsrc/standalone_v6_8/src"
make: *** [Makefile:30: ps7_cortexa9_0/libsrc/spips_v3_1/src/make.libs] Error 2
make -C ps7_cortexa9_0/libsrc/standalone_v6_8/src -s libs  "SHELL=CMD" "COMPILER=arm-none-eabi-gcc" "ARCHIVER=arm-none-eabi-ar" "COMPILER_FLAGS=  -O2 -c" "EXTRA_COMPILER_FLAGS=-mcpu=cortex-a9 -mfpu=vfpv3 -mfloat-abi=hard -nostartfiles -g -Wall -Wextra"
"Compiling standalone"
In file included from usleep.c:56:0:
xtime_l.h:87:9: note: #pragma message: For the sleep routines, Global timer is being used
 #pragma message ("For the sleep routines, Global timer is being used")
         ^~~~~~~
In file included from xil_sleeptimer.c:51:0:
xtime_l.h:87:9: note: #pragma message: For the sleep routines, Global timer is being used
 #pragma message ("For the sleep routines, Global timer is being used")
         ^~~~~~~
In file included from xtime_l.c:49:0:
xtime_l.h:87:9: note: #pragma message: For the sleep routines, Global timer is being used
 #pragma message ("For the sleep routines, Global timer is being used")
         ^~~~~~~
In file included from sleep.c:53:0:
xtime_l.h:87:9: note: #pragma message: For the sleep routines, Global timer is being used
 #pragma message ("For the sleep routines, Global timer is being used")
         ^~~~~~~
arm-none-eabi-ar: ../../../lib/libxil.a: No such file or directory
make[1]: *** [Makefile:66: standalone_libs] Error 1
make[1]: Target 'libs' not remade because of errors.
make: *** [Makefile:30: ps7_cortexa9_0/libsrc/standalone_v6_8/src/make.libs] Error 2
"Running Make libs in ps7_cortexa9_0/libsrc/uartps_v3_7/src"
make -C ps7_cortexa9_0/libsrc/uartps_v3_7/src -s libs  "SHELL=CMD" "COMPILER=arm-none-eabi-gcc" "ARCHIVER=arm-none-eabi-ar" "COMPILER_FLAGS=  -O2 -c" "EXTRA_COMPILER_FLAGS=-mcpu=cortex-a9 -mfpu=vfpv3 -mfloat-abi=hard -nostartfiles -g -Wall -Wextra"
"Compiling uartps"
arm-none-eabi-ar: ../../../lib/libxil.a: No such file or directory
make[1]: *** [Makefile:31: xuartps_libs] Error 1
make[1]: Target 'libs' not remade because of errors.
make: *** [Makefile:30: ps7_cortexa9_0/libsrc/uartps_v3_7/src/make.libs] Error 2
"Running Make libs in ps7_cortexa9_0/libsrc/usbps_v2_4/src"
make -C ps7_cortexa9_0/libsrc/usbps_v2_4/src -s libs  "SHELL=CMD" "COMPILER=arm-none-eabi-gcc" "ARCHIVER=arm-none-eabi-ar" "COMPILER_FLAGS=  -O2 -c" "EXTRA_COMPILER_FLAGS=-mcpu=cortex-a9 -mfpu=vfpv3 -mfloat-abi=hard -nostartfiles -g -Wall -Wextra"
"Compiling usbps"
arm-none-eabi-ar: ../../../lib/libxil.a: No such file or directory
make[1]: *** [Makefile:31: xusbps_libs] Error 1
make[1]: Target 'libs' not remade because of errors.
make: *** [Makefile:30: ps7_cortexa9_0/libsrc/usbps_v2_4/src/make.libs] Error 2
"Running Make libs in ps7_cortexa9_0/libsrc/xadcps_v2_3/src"
make -C ps7_cortexa9_0/libsrc/xadcps_v2_3/src -s libs  "SHELL=CMD" "COMPILER=arm-none-eabi-gcc" "ARCHIVER=arm-none-eabi-ar" "COMPILER_FLAGS=  -O2 -c" "EXTRA_COMPILER_FLAGS=-mcpu=cortex-a9 -mfpu=vfpv3 -mfloat-abi=hard -nostartfiles -g -Wall -Wextra"
"Compiling xadcps"
arm-none-eabi-ar: ../../../lib/libxil.a: No such file or directory
make[1]: *** [Makefile:31: xadcps_libs] Error 1
make[1]: Target 'libs' not remade because of errors.
make: *** [Makefile:30: ps7_cortexa9_0/libsrc/xadcps_v2_3/src/make.libs] Error 2
make: Target 'all' not remade because of errors.
21:07:33 **** Build of configuration Debug for project AXI_DEBUG ****
make pre-build main-build 
a9-linaro-pre-build-step
' '
'Building file: ../src/functions.c'
'Invoking: ARM v7 gcc compiler'
arm-none-eabi-gcc -Wall -O0 -g3 -c -fmessage-length=0 -MT"src/functions.o" -mcpu=cortex-a9 -mfpu=vfpv3 -mfloat-abi=hard -I../../AXI_DEBUG_bsp/ps7_cortexa9_0/include -MMD -MP -MF"src/functions.d" -MT"src/functions.o" -o "src/functions.o" "../src/functions.c"
'Finished building: ../src/functions.c'
' '
'Building file: ../src/main.c'
'Invoking: ARM v7 gcc compiler'
arm-none-eabi-gcc -Wall -O0 -g3 -c -fmessage-length=0 -MT"src/main.o" -mcpu=cortex-a9 -mfpu=vfpv3 -mfloat-abi=hard -I../../AXI_DEBUG_bsp/ps7_cortexa9_0/include -MMD -MP -MF"src/main.d" -MT"src/main.o" -o "src/main.o" "../src/main.c"
'Finished building: ../src/main.c'
' '
'Building target: AXI_DEBUG.elf'
'Invoking: ARM v7 gcc linker'
arm-none-eabi-gcc -mcpu=cortex-a9 -mfpu=vfpv3 -mfloat-abi=hard -Wl,-build-id=none -specs=Xilinx.spec -Wl,-T -Wl,../src/lscript.ld -L../../AXI_DEBUG_bsp/ps7_cortexa9_0/lib -o "AXI_DEBUG.elf"  ./src/functions.o ./src/main.o   -Wl,--start-group,-lxil,-lgcc,-lc,--end-group
c:/xilinx/sdk/2018.3/gnu/aarch32/nt/gcc-arm-none-eabi/bin/../lib/gcc/arm-none-eabi/7.3.1/../../../../arm-none-eabi/bin/ld.exe: cannot find -lxil
collect2.exe: error: ld returned 1 exit status
make: *** [makefile:41: AXI_DEBUG.elf] Error 1
21:11:50 **** Incremental Build of configuration Debug for project AXI_DEBUG ****
make pre-build main-build 
a9-linaro-pre-build-step
' '
'Building target: AXI_DEBUG.elf'
'Invoking: ARM v7 gcc linker'
arm-none-eabi-gcc -mcpu=cortex-a9 -mfpu=vfpv3 -mfloat-abi=hard -Wl,-build-id=none -specs=Xilinx.spec -Wl,-T -Wl,../src/lscript.ld -L../../AXI_DEBUG_bsp/ps7_cortexa9_0/lib -o "AXI_DEBUG.elf"  ./src/functions.o ./src/main.o   -Wl,--start-group,-lxil,-lgcc,-lc,--end-group
c:/xilinx/sdk/2018.3/gnu/aarch32/nt/gcc-arm-none-eabi/bin/../lib/gcc/arm-none-eabi/7.3.1/../../../../arm-none-eabi/bin/ld.exe: cannot find -lxil
collect2.exe: error: ld returned 1 exit status
make: *** [makefile:41: AXI_DEBUG.elf] Error 1
