
 /----------------------------------------------------------------------------\
 |                                                                            |
 |  yosys -- Yosys Open SYnthesis Suite                                       |
 |                                                                            |
 |  Copyright (C) 2012 - 2018  Clifford Wolf <clifford@clifford.at>           |
 |                                                                            |
 |  Permission to use, copy, modify, and/or distribute this software for any  |
 |  purpose with or without fee is hereby granted, provided that the above    |
 |  copyright notice and this permission notice appear in all copies.         |
 |                                                                            |
 |  THE SOFTWARE IS PROVIDED "AS IS" AND THE AUTHOR DISCLAIMS ALL WARRANTIES  |
 |  WITH REGARD TO THIS SOFTWARE INCLUDING ALL IMPLIED WARRANTIES OF          |
 |  MERCHANTABILITY AND FITNESS. IN NO EVENT SHALL THE AUTHOR BE LIABLE FOR   |
 |  ANY SPECIAL, DIRECT, INDIRECT, OR CONSEQUENTIAL DAMAGES OR ANY DAMAGES    |
 |  WHATSOEVER RESULTING FROM LOSS OF USE, DATA OR PROFITS, WHETHER IN AN     |
 |  ACTION OF CONTRACT, NEGLIGENCE OR OTHER TORTIOUS ACTION, ARISING OUT OF   |
 |  OR IN CONNECTION WITH THE USE OR PERFORMANCE OF THIS SOFTWARE.            |
 |                                                                            |
 \----------------------------------------------------------------------------/

 Yosys 0.8 (git sha1 UNKNOWN, clang 7.0.1 -march=x86-64 -mtune=generic -O2 -fstack-protector-strong -fno-plt -fPIC -Os)


-- Executing script file `design_smt2.ys' --

1. Executing ILANG frontend.
Input filename: design.il

2. Printing statistics.

=== Bounce_Counter_FSM ===

   Number of wires:                 67
   Number of wire bits:            192
   Number of public wires:          13
   Number of public wire bits:      41
   Number of memories:               0
   Number of memory bits:            0
   Number of processes:              0
   Number of cells:                 68
     $add                            2
     $assert                         6
     $assume                         3
     $dff                            3
     $eq                             9
     $ff                            12
     $logic_and                      5
     $logic_not                      3
     $mux                           23
     $not                            1
     $pmux                           1

3. Executing SMT2 backend.
Creating SMT-LIBv2 representation of module Bounce_Counter_FSM.

End of script. Logfile hash: 5375cd2656
CPU: user 0.00s system 0.00s, MEM: 18.69 MB total, 7.21 MB resident
Yosys 0.8 (git sha1 UNKNOWN, clang 7.0.1 -march=x86-64 -mtune=generic -O2 -fstack-protector-strong -fno-plt -fPIC -Os)
Time spent: 61% 2x write_smt2 (0 sec), 35% 2x read_ilang (0 sec), ...
