Copyright 1986-2017 Xilinx, Inc. All Rights Reserved.
-----------------------------------------------------------------------------------------------------------------------------------------------------------------------------------
| Tool Version : Vivado v.2017.4 (win64) Build 2086221 Fri Dec 15 20:55:39 MST 2017
| Date         : Wed Aug  1 23:50:00 2018
| Host         : DESKTOP-T6GBLFK running 64-bit major release  (build 9200)
| Command      : report_methodology -file ck_wrapper_vhdl_methodology_drc_routed.rpt -pb ck_wrapper_vhdl_methodology_drc_routed.pb -rpx ck_wrapper_vhdl_methodology_drc_routed.rpx
| Design       : ck_wrapper_vhdl
| Device       : xc7z007sclg400-1
| Speed File   : -1
| Design State : Routed
-----------------------------------------------------------------------------------------------------------------------------------------------------------------------------------

Report Methodology

Table of Contents
-----------------
1. REPORT SUMMARY
2. REPORT DETAILS

1. REPORT SUMMARY
-----------------
            Netlist: netlist
          Floorplan: design_1
      Design limits: <entire design considered>
             Max violations: <unlimited>
             Violations found: 50
+-----------+----------+-------------------------------+------------+
| Rule      | Severity | Description                   | Violations |
+-----------+----------+-------------------------------+------------+
| TIMING-17 | Warning  | Non-clocked sequential cell   | 49         |
| TIMING-18 | Warning  | Missing input or output delay | 1          |
+-----------+----------+-------------------------------+------------+

2. REPORT DETAILS
-----------------
TIMING-17#1 Warning
Non-clocked sequential cell  
The clock pin cd2/GEN_DIV[10].DIVX/Q_reg/C is not reached by a timing clock
Related violations: <none>

TIMING-17#2 Warning
Non-clocked sequential cell  
The clock pin cd2/GEN_DIV[11].DIVX/Q_reg/C is not reached by a timing clock
Related violations: <none>

TIMING-17#3 Warning
Non-clocked sequential cell  
The clock pin cd2/GEN_DIV[12].DIVX/Q_reg/C is not reached by a timing clock
Related violations: <none>

TIMING-17#4 Warning
Non-clocked sequential cell  
The clock pin cd2/GEN_DIV[13].DIVX/Q_reg/C is not reached by a timing clock
Related violations: <none>

TIMING-17#5 Warning
Non-clocked sequential cell  
The clock pin cd2/GEN_DIV[14].DIVX/Q_reg/C is not reached by a timing clock
Related violations: <none>

TIMING-17#6 Warning
Non-clocked sequential cell  
The clock pin cd2/GEN_DIV[15].DIVX/Q_reg/C is not reached by a timing clock
Related violations: <none>

TIMING-17#7 Warning
Non-clocked sequential cell  
The clock pin cd2/GEN_DIV[16].DIVX/Q_reg/C is not reached by a timing clock
Related violations: <none>

TIMING-17#8 Warning
Non-clocked sequential cell  
The clock pin cd2/GEN_DIV[17].DIVX/Q_reg/C is not reached by a timing clock
Related violations: <none>

TIMING-17#9 Warning
Non-clocked sequential cell  
The clock pin cd2/GEN_DIV[18].DIVX/Q_reg/C is not reached by a timing clock
Related violations: <none>

TIMING-17#10 Warning
Non-clocked sequential cell  
The clock pin cd2/GEN_DIV[19].DIVX/Q_reg/C is not reached by a timing clock
Related violations: <none>

TIMING-17#11 Warning
Non-clocked sequential cell  
The clock pin cd2/GEN_DIV[1].DIVX/Q_reg/C is not reached by a timing clock
Related violations: <none>

TIMING-17#12 Warning
Non-clocked sequential cell  
The clock pin cd2/GEN_DIV[20].DIVX/Q_reg/C is not reached by a timing clock
Related violations: <none>

TIMING-17#13 Warning
Non-clocked sequential cell  
The clock pin cd2/GEN_DIV[21].DIVX/Q_reg/C is not reached by a timing clock
Related violations: <none>

TIMING-17#14 Warning
Non-clocked sequential cell  
The clock pin cd2/GEN_DIV[22].DIVX/Q_reg/C is not reached by a timing clock
Related violations: <none>

TIMING-17#15 Warning
Non-clocked sequential cell  
The clock pin cd2/GEN_DIV[23].DIVX/Q_reg/C is not reached by a timing clock
Related violations: <none>

TIMING-17#16 Warning
Non-clocked sequential cell  
The clock pin cd2/GEN_DIV[24].DIVX/Q_reg/C is not reached by a timing clock
Related violations: <none>

TIMING-17#17 Warning
Non-clocked sequential cell  
The clock pin cd2/GEN_DIV[25].DIVX/Q_reg/C is not reached by a timing clock
Related violations: <none>

TIMING-17#18 Warning
Non-clocked sequential cell  
The clock pin cd2/GEN_DIV[26].DIVX/Q_reg/C is not reached by a timing clock
Related violations: <none>

TIMING-17#19 Warning
Non-clocked sequential cell  
The clock pin cd2/GEN_DIV[2].DIVX/Q_reg/C is not reached by a timing clock
Related violations: <none>

TIMING-17#20 Warning
Non-clocked sequential cell  
The clock pin cd2/GEN_DIV[3].DIVX/Q_reg/C is not reached by a timing clock
Related violations: <none>

TIMING-17#21 Warning
Non-clocked sequential cell  
The clock pin cd2/GEN_DIV[4].DIVX/Q_reg/C is not reached by a timing clock
Related violations: <none>

TIMING-17#22 Warning
Non-clocked sequential cell  
The clock pin cd2/GEN_DIV[5].DIVX/Q_reg/C is not reached by a timing clock
Related violations: <none>

TIMING-17#23 Warning
Non-clocked sequential cell  
The clock pin cd2/GEN_DIV[6].DIVX/Q_reg/C is not reached by a timing clock
Related violations: <none>

TIMING-17#24 Warning
Non-clocked sequential cell  
The clock pin cd2/GEN_DIV[7].DIVX/Q_reg/C is not reached by a timing clock
Related violations: <none>

TIMING-17#25 Warning
Non-clocked sequential cell  
The clock pin cd2/GEN_DIV[8].DIVX/Q_reg/C is not reached by a timing clock
Related violations: <none>

TIMING-17#26 Warning
Non-clocked sequential cell  
The clock pin cd2/GEN_DIV[9].DIVX/Q_reg/C is not reached by a timing clock
Related violations: <none>

TIMING-17#27 Warning
Non-clocked sequential cell  
The clock pin cs2/GENSHIFT[0].SHIFTX/Q_reg/C is not reached by a timing clock
Related violations: <none>

TIMING-17#28 Warning
Non-clocked sequential cell  
The clock pin cs2/GENSHIFT[0].SHIFTX/Q_reg_lopt_replica/C is not reached by a timing clock
Related violations: <none>

TIMING-17#29 Warning
Non-clocked sequential cell  
The clock pin cs2/GENSHIFT[1].SHIFTX/Q_reg/C is not reached by a timing clock
Related violations: <none>

TIMING-17#30 Warning
Non-clocked sequential cell  
The clock pin cs2/GENSHIFT[1].SHIFTX/Q_reg_lopt_replica/C is not reached by a timing clock
Related violations: <none>

TIMING-17#31 Warning
Non-clocked sequential cell  
The clock pin cs2/GENSHIFT[2].SHIFTX/Q_reg/C is not reached by a timing clock
Related violations: <none>

TIMING-17#32 Warning
Non-clocked sequential cell  
The clock pin cs2/GENSHIFT[2].SHIFTX/Q_reg_lopt_replica/C is not reached by a timing clock
Related violations: <none>

TIMING-17#33 Warning
Non-clocked sequential cell  
The clock pin cs2/GENSHIFT[3].SHIFTX/Q_reg/C is not reached by a timing clock
Related violations: <none>

TIMING-17#34 Warning
Non-clocked sequential cell  
The clock pin cs2/GENSHIFT[3].SHIFTX/Q_reg_lopt_replica/C is not reached by a timing clock
Related violations: <none>

TIMING-17#35 Warning
Non-clocked sequential cell  
The clock pin cs2/GENSHIFT[3].SHIFTX/Q_reg_lopt_replica_2/C is not reached by a timing clock
Related violations: <none>

TIMING-17#36 Warning
Non-clocked sequential cell  
The clock pin cs2/GENSHIFT[3].SHIFTX/Q_reg_lopt_replica_3/C is not reached by a timing clock
Related violations: <none>

TIMING-17#37 Warning
Non-clocked sequential cell  
The clock pin cs2/GENSHIFT[4].SHIFTX/Q_reg/C is not reached by a timing clock
Related violations: <none>

TIMING-17#38 Warning
Non-clocked sequential cell  
The clock pin cs2/GENSHIFT[4].SHIFTX/Q_reg_lopt_replica/C is not reached by a timing clock
Related violations: <none>

TIMING-17#39 Warning
Non-clocked sequential cell  
The clock pin cs2/GENSHIFT[4].SHIFTX/Q_reg_lopt_replica_2/C is not reached by a timing clock
Related violations: <none>

TIMING-17#40 Warning
Non-clocked sequential cell  
The clock pin cs2/GENSHIFT[4].SHIFTX/Q_reg_lopt_replica_3/C is not reached by a timing clock
Related violations: <none>

TIMING-17#41 Warning
Non-clocked sequential cell  
The clock pin cs2/GENSHIFT[5].SHIFTX/Q_reg/C is not reached by a timing clock
Related violations: <none>

TIMING-17#42 Warning
Non-clocked sequential cell  
The clock pin cs2/GENSHIFT[5].SHIFTX/Q_reg_lopt_replica/C is not reached by a timing clock
Related violations: <none>

TIMING-17#43 Warning
Non-clocked sequential cell  
The clock pin cs2/GENSHIFT[5].SHIFTX/Q_reg_lopt_replica_2/C is not reached by a timing clock
Related violations: <none>

TIMING-17#44 Warning
Non-clocked sequential cell  
The clock pin cs2/GENSHIFT[5].SHIFTX/Q_reg_lopt_replica_3/C is not reached by a timing clock
Related violations: <none>

TIMING-17#45 Warning
Non-clocked sequential cell  
The clock pin cs2/GENSHIFT[6].SHIFTX/Q_reg/C is not reached by a timing clock
Related violations: <none>

TIMING-17#46 Warning
Non-clocked sequential cell  
The clock pin cs2/GENSHIFT[6].SHIFTX/Q_reg_lopt_replica/C is not reached by a timing clock
Related violations: <none>

TIMING-17#47 Warning
Non-clocked sequential cell  
The clock pin cs2/GENSHIFT[6].SHIFTX/Q_reg_lopt_replica_2/C is not reached by a timing clock
Related violations: <none>

TIMING-17#48 Warning
Non-clocked sequential cell  
The clock pin cs2/GENSHIFT[6].SHIFTX/Q_reg_lopt_replica_3/C is not reached by a timing clock
Related violations: <none>

TIMING-17#49 Warning
Non-clocked sequential cell  
The clock pin cs2/SHIFTOUT/Q_reg/C is not reached by a timing clock
Related violations: <none>

TIMING-18#1 Warning
Missing input or output delay  
An input delay is missing on RST relative to clock(s) sys_clk_pin
Related violations: <none>


