Copyright 1986-2018 Xilinx, Inc. All Rights Reserved.
----------------------------------------------------------------------------------------
| Tool Version : Vivado v.2018.2 (win64) Build 2258646 Thu Jun 14 20:03:12 MDT 2018
| Date         : Wed Aug 22 21:52:37 2018
| Host         : DESKTOP-3VDLSPS running 64-bit major release  (build 9200)
| Command      : report_control_sets -verbose -file challenge_6_control_sets_placed.rpt
| Design       : challenge_6
| Device       : xc7z007s
----------------------------------------------------------------------------------------

Control Set Information

Table of Contents
-----------------
1. Summary
2. Histogram
3. Flip-Flop Distribution
4. Detailed Control Set Information

1. Summary
----------

+----------------------------------------------------------+-------+
|                          Status                          | Count |
+----------------------------------------------------------+-------+
| Number of unique control sets                            |     2 |
| Unused register locations in slices containing registers |     0 |
+----------------------------------------------------------+-------+


2. Histogram
------------

+--------+--------------+
| Fanout | Control Sets |
+--------+--------------+
|    16+ |            2 |
+--------+--------------+


3. Flip-Flop Distribution
-------------------------

+--------------+-----------------------+------------------------+-----------------+--------------+
| Clock Enable | Synchronous Set/Reset | Asynchronous Set/Reset | Total Registers | Total Slices |
+--------------+-----------------------+------------------------+-----------------+--------------+
| No           | No                    | No                     |               0 |            0 |
| No           | No                    | Yes                    |               0 |            0 |
| No           | Yes                   | No                     |              32 |            9 |
| Yes          | No                    | No                     |               0 |            0 |
| Yes          | No                    | Yes                    |               0 |            0 |
| Yes          | Yes                   | No                     |               0 |            0 |
+--------------+-----------------------+------------------------+-----------------+--------------+


4. Detailed Control Set Information
-----------------------------------

+------------------+---------------+-------------------+------------------+----------------+
|   Clock Signal   | Enable Signal |  Set/Reset Signal | Slice Load Count | Bel Load Count |
+------------------+---------------+-------------------+------------------+----------------+
|  i_CLK_IBUF_BUFG |               | i_SW_IBUF[3]      |                5 |             16 |
|  i_CLK_IBUF_BUFG |               | o_LED[15]_i_1_n_0 |                4 |             16 |
+------------------+---------------+-------------------+------------------+----------------+


