
*** Running vivado
    with args -log Reaction_Time_Averager_RTM_FSM_0_0.vds -m64 -product Vivado -mode batch -messageDb vivado.pb -notrace -source Reaction_Time_Averager_RTM_FSM_0_0.tcl


****** Vivado v2018.2 (64-bit)
  **** SW Build 2258646 on Thu Jun 14 20:03:12 MDT 2018
  **** IP Build 2256618 on Thu Jun 14 22:10:49 MDT 2018
    ** Copyright 1986-2018 Xilinx, Inc. All Rights Reserved.

source Reaction_Time_Averager_RTM_FSM_0_0.tcl -notrace
Command: synth_design -top Reaction_Time_Averager_RTM_FSM_0_0 -part xc7z007sclg400-1 -mode out_of_context
Starting synth_design
Attempting to get a license for feature 'Synthesis' and/or device 'xc7z007s'
INFO: [Common 17-349] Got license for feature 'Synthesis' and/or device 'xc7z007s'
INFO: Launching helper process for spawning children vivado processes
INFO: Helper process launched with PID 8784 
---------------------------------------------------------------------------------
Starting Synthesize : Time (s): cpu = 00:00:03 ; elapsed = 00:00:05 . Memory (MB): peak = 384.148 ; gain = 100.668
---------------------------------------------------------------------------------
INFO: [Synth 8-6157] synthesizing module 'Reaction_Time_Averager_RTM_FSM_0_0' [c:/Users/Necryotiks/AppData/Roaming/SPB_Data/WSU-CPTE/Module_12/Module_12.srcs/sources_1/bd/Reaction_Time_Averager/ip/Reaction_Time_Averager_RTM_FSM_0_0/synth/Reaction_Time_Averager_RTM_FSM_0_0.v:58]
INFO: [Synth 8-6157] synthesizing module 'RTM_FSM' [C:/Users/Necryotiks/AppData/Roaming/SPB_Data/WSU-CPTE/Module_12/Module_12.srcs/sources_1/new/RTM_FSM.v:23]
	Parameter s_GET_COUNTER bound to: 3'b000 
	Parameter s_COUNTDOWN bound to: 3'b001 
	Parameter s_SW_RUNNING bound to: 3'b010 
	Parameter s_SW_STOPPED bound to: 3'b011 
	Parameter s_COLLECTION_COMPLETE bound to: 3'b100 
	Parameter s_HOLD bound to: 3'b101 
INFO: [Synth 8-6155] done synthesizing module 'RTM_FSM' (1#1) [C:/Users/Necryotiks/AppData/Roaming/SPB_Data/WSU-CPTE/Module_12/Module_12.srcs/sources_1/new/RTM_FSM.v:23]
INFO: [Synth 8-6155] done synthesizing module 'Reaction_Time_Averager_RTM_FSM_0_0' (2#1) [c:/Users/Necryotiks/AppData/Roaming/SPB_Data/WSU-CPTE/Module_12/Module_12.srcs/sources_1/bd/Reaction_Time_Averager/ip/Reaction_Time_Averager_RTM_FSM_0_0/synth/Reaction_Time_Averager_RTM_FSM_0_0.v:58]
---------------------------------------------------------------------------------
Finished Synthesize : Time (s): cpu = 00:00:04 ; elapsed = 00:00:06 . Memory (MB): peak = 438.918 ; gain = 155.438
---------------------------------------------------------------------------------
---------------------------------------------------------------------------------
Finished Constraint Validation : Time (s): cpu = 00:00:04 ; elapsed = 00:00:06 . Memory (MB): peak = 438.918 ; gain = 155.438
---------------------------------------------------------------------------------
---------------------------------------------------------------------------------
Start Loading Part and Timing Information
---------------------------------------------------------------------------------
Loading part: xc7z007sclg400-1
---------------------------------------------------------------------------------
Finished Loading Part and Timing Information : Time (s): cpu = 00:00:04 ; elapsed = 00:00:06 . Memory (MB): peak = 438.918 ; gain = 155.438
---------------------------------------------------------------------------------
INFO: [Device 21-403] Loading part xc7z007sclg400-1
INFO: [Synth 8-802] inferred FSM for state register 'r_CURRENT_STATE_reg' in module 'RTM_FSM'
INFO: [Synth 8-5544] ROM "r_HOLD_COUNT" won't be mapped to Block RAM because address size (3) smaller than threshold (5)
INFO: [Synth 8-5544] ROM "r_TRIAL_COUNT" won't be mapped to Block RAM because address size (3) smaller than threshold (5)
INFO: [Synth 8-5544] ROM "r_SWEN" won't be mapped to Block RAM because address size (3) smaller than threshold (5)
INFO: [Synth 8-5544] ROM "r_Ready" won't be mapped to Block RAM because address size (3) smaller than threshold (5)
INFO: [Synth 8-5544] ROM "r_COUNTER" won't be mapped to Block RAM because address size (3) smaller than threshold (5)
INFO: [Synth 8-5544] ROM "r_DONE" won't be mapped to Block RAM because address size (3) smaller than threshold (5)
INFO: [Synth 8-5544] ROM "r_NEXT_STATE" won't be mapped to Block RAM because address size (1) smaller than threshold (5)
INFO: [Synth 8-5544] ROM "r_NEXT_STATE" won't be mapped to Block RAM because address size (1) smaller than threshold (5)
INFO: [Synth 8-5544] ROM "r_NEXT_STATE" won't be mapped to Block RAM because address size (3) smaller than threshold (5)
INFO: [Synth 8-5546] ROM "r_NEXT_STATE" won't be mapped to RAM because it is too sparse
INFO: [Synth 8-5544] ROM "r_NEXT_STATE" won't be mapped to Block RAM because address size (1) smaller than threshold (5)
---------------------------------------------------------------------------------------------------
                   State |                     New Encoding |                Previous Encoding 
---------------------------------------------------------------------------------------------------
           s_GET_COUNTER |                           000001 |                              000
             s_COUNTDOWN |                           000010 |                              001
            s_SW_RUNNING |                           000100 |                              010
            s_SW_STOPPED |                           001000 |                              011
                  s_HOLD |                           010000 |                              101
   s_COLLECTION_COMPLETE |                           100000 |                              100
---------------------------------------------------------------------------------------------------
INFO: [Synth 8-3354] encoded FSM with state register 'r_CURRENT_STATE_reg' using encoding 'one-hot' in module 'RTM_FSM'
---------------------------------------------------------------------------------
Finished RTL Optimization Phase 2 : Time (s): cpu = 00:00:05 ; elapsed = 00:00:06 . Memory (MB): peak = 438.918 ; gain = 155.438
---------------------------------------------------------------------------------

Report RTL Partitions: 
+-+--------------+------------+----------+
| |RTL Partition |Replication |Instances |
+-+--------------+------------+----------+
+-+--------------+------------+----------+
No constraint files found.
---------------------------------------------------------------------------------
Start RTL Component Statistics 
---------------------------------------------------------------------------------
Detailed RTL Component Info : 
+---Adders : 
	   2 Input      6 Bit       Adders := 1     
	   2 Input      3 Bit       Adders := 1     
+---Registers : 
	                6 Bit    Registers := 1     
	                3 Bit    Registers := 1     
	                2 Bit    Registers := 1     
	                1 Bit    Registers := 5     
+---Muxes : 
	   6 Input      6 Bit        Muxes := 1     
	   2 Input      6 Bit        Muxes := 6     
---------------------------------------------------------------------------------
Finished RTL Component Statistics 
---------------------------------------------------------------------------------
---------------------------------------------------------------------------------
Start RTL Hierarchical Component Statistics 
---------------------------------------------------------------------------------
Hierarchical RTL Component report 
Module RTM_FSM 
Detailed RTL Component Info : 
+---Adders : 
	   2 Input      6 Bit       Adders := 1     
	   2 Input      3 Bit       Adders := 1     
+---Registers : 
	                6 Bit    Registers := 1     
	                3 Bit    Registers := 1     
	                2 Bit    Registers := 1     
	                1 Bit    Registers := 5     
+---Muxes : 
	   6 Input      6 Bit        Muxes := 1     
	   2 Input      6 Bit        Muxes := 6     
---------------------------------------------------------------------------------
Finished RTL Hierarchical Component Statistics
---------------------------------------------------------------------------------
---------------------------------------------------------------------------------
Start Part Resource Summary
---------------------------------------------------------------------------------
Part Resources:
DSPs: 66 (col length:40)
BRAMs: 100 (col length: RAMB18 40 RAMB36 20)
---------------------------------------------------------------------------------
Finished Part Resource Summary
---------------------------------------------------------------------------------
No constraint files found.
---------------------------------------------------------------------------------
Start Cross Boundary and Area Optimization
---------------------------------------------------------------------------------
Warning: Parallel synthesis criteria is not met 
INFO: [Synth 8-3886] merging instance 'inst/r_SWEN_reg__0' (FDS) to 'inst/r_Ready_reg[1]'
---------------------------------------------------------------------------------
Finished Cross Boundary and Area Optimization : Time (s): cpu = 00:00:09 ; elapsed = 00:00:12 . Memory (MB): peak = 576.828 ; gain = 293.348
---------------------------------------------------------------------------------

Report RTL Partitions: 
+-+--------------+------------+----------+
| |RTL Partition |Replication |Instances |
+-+--------------+------------+----------+
+-+--------------+------------+----------+
No constraint files found.
---------------------------------------------------------------------------------
Start Timing Optimization
---------------------------------------------------------------------------------
---------------------------------------------------------------------------------
Finished Timing Optimization : Time (s): cpu = 00:00:09 ; elapsed = 00:00:12 . Memory (MB): peak = 576.828 ; gain = 293.348
---------------------------------------------------------------------------------

Report RTL Partitions: 
+-+--------------+------------+----------+
| |RTL Partition |Replication |Instances |
+-+--------------+------------+----------+
+-+--------------+------------+----------+
---------------------------------------------------------------------------------
Start Technology Mapping
---------------------------------------------------------------------------------
---------------------------------------------------------------------------------
Finished Technology Mapping : Time (s): cpu = 00:00:09 ; elapsed = 00:00:12 . Memory (MB): peak = 576.828 ; gain = 293.348
---------------------------------------------------------------------------------

Report RTL Partitions: 
+-+--------------+------------+----------+
| |RTL Partition |Replication |Instances |
+-+--------------+------------+----------+
+-+--------------+------------+----------+
---------------------------------------------------------------------------------
Start IO Insertion
---------------------------------------------------------------------------------
---------------------------------------------------------------------------------
Start Flattening Before IO Insertion
---------------------------------------------------------------------------------
---------------------------------------------------------------------------------
Finished Flattening Before IO Insertion
---------------------------------------------------------------------------------
---------------------------------------------------------------------------------
Start Final Netlist Cleanup
---------------------------------------------------------------------------------
---------------------------------------------------------------------------------
Finished Final Netlist Cleanup
---------------------------------------------------------------------------------
---------------------------------------------------------------------------------
Finished IO Insertion : Time (s): cpu = 00:00:10 ; elapsed = 00:00:13 . Memory (MB): peak = 576.828 ; gain = 293.348
---------------------------------------------------------------------------------

Report Check Netlist: 
+------+------------------+-------+---------+-------+------------------+
|      |Item              |Errors |Warnings |Status |Description       |
+------+------------------+-------+---------+-------+------------------+
|1     |multi_driven_nets |      0|        0|Passed |Multi driven nets |
+------+------------------+-------+---------+-------+------------------+
---------------------------------------------------------------------------------
Start Renaming Generated Instances
---------------------------------------------------------------------------------
---------------------------------------------------------------------------------
Finished Renaming Generated Instances : Time (s): cpu = 00:00:10 ; elapsed = 00:00:13 . Memory (MB): peak = 576.828 ; gain = 293.348
---------------------------------------------------------------------------------

Report RTL Partitions: 
+-+--------------+------------+----------+
| |RTL Partition |Replication |Instances |
+-+--------------+------------+----------+
+-+--------------+------------+----------+
---------------------------------------------------------------------------------
Start Rebuilding User Hierarchy
---------------------------------------------------------------------------------
---------------------------------------------------------------------------------
Finished Rebuilding User Hierarchy : Time (s): cpu = 00:00:10 ; elapsed = 00:00:13 . Memory (MB): peak = 576.828 ; gain = 293.348
---------------------------------------------------------------------------------
---------------------------------------------------------------------------------
Start Renaming Generated Ports
---------------------------------------------------------------------------------
---------------------------------------------------------------------------------
Finished Renaming Generated Ports : Time (s): cpu = 00:00:10 ; elapsed = 00:00:13 . Memory (MB): peak = 576.828 ; gain = 293.348
---------------------------------------------------------------------------------
---------------------------------------------------------------------------------
Start Handling Custom Attributes
---------------------------------------------------------------------------------
---------------------------------------------------------------------------------
Finished Handling Custom Attributes : Time (s): cpu = 00:00:10 ; elapsed = 00:00:13 . Memory (MB): peak = 576.828 ; gain = 293.348
---------------------------------------------------------------------------------
---------------------------------------------------------------------------------
Start Renaming Generated Nets
---------------------------------------------------------------------------------
---------------------------------------------------------------------------------
Finished Renaming Generated Nets : Time (s): cpu = 00:00:10 ; elapsed = 00:00:13 . Memory (MB): peak = 576.828 ; gain = 293.348
---------------------------------------------------------------------------------
---------------------------------------------------------------------------------
Start Writing Synthesis Report
---------------------------------------------------------------------------------

Report BlackBoxes: 
+-+--------------+----------+
| |BlackBox name |Instances |
+-+--------------+----------+
+-+--------------+----------+

Report Cell Usage: 
+------+-------+------+
|      |Cell   |Count |
+------+-------+------+
|1     |CARRY4 |     6|
|2     |LUT1   |     3|
|3     |LUT2   |     4|
|4     |LUT3   |     4|
|5     |LUT4   |     4|
|6     |LUT5   |     3|
|7     |LUT6   |     7|
|8     |FDCE   |     9|
|9     |FDPE   |     1|
|10    |FDRE   |    20|
|11    |FDSE   |     4|
+------+-------+------+

Report Instance Areas: 
+------+---------+--------+------+
|      |Instance |Module  |Cells |
+------+---------+--------+------+
|1     |top      |        |    65|
|2     |  inst   |RTM_FSM |    65|
+------+---------+--------+------+
---------------------------------------------------------------------------------
Finished Writing Synthesis Report : Time (s): cpu = 00:00:10 ; elapsed = 00:00:13 . Memory (MB): peak = 576.828 ; gain = 293.348
---------------------------------------------------------------------------------
Synthesis finished with 0 errors, 0 critical warnings and 0 warnings.
Synthesis Optimization Runtime : Time (s): cpu = 00:00:10 ; elapsed = 00:00:13 . Memory (MB): peak = 576.828 ; gain = 293.348
Synthesis Optimization Complete : Time (s): cpu = 00:00:10 ; elapsed = 00:00:13 . Memory (MB): peak = 576.828 ; gain = 293.348
INFO: [Project 1-571] Translating synthesized netlist
INFO: [Netlist 29-17] Analyzing 6 Unisim elements for replacement
INFO: [Netlist 29-28] Unisim Transformation completed in 0 CPU seconds
INFO: [Project 1-570] Preparing netlist for logic optimization
INFO: [Opt 31-138] Pushed 0 inverter(s) to 0 load pin(s).
INFO: [Project 1-111] Unisim Transformation Summary:
No Unisim elements were transformed.

INFO: [Common 17-83] Releasing license: Synthesis
27 Infos, 0 Warnings, 0 Critical Warnings and 0 Errors encountered.
synth_design completed successfully
synth_design: Time (s): cpu = 00:00:15 ; elapsed = 00:00:19 . Memory (MB): peak = 683.652 ; gain = 413.148
WARNING: [Constraints 18-5210] No constraint will be written out.
INFO: [Timing 38-35] Done setting XDC timing constraints.
INFO: [Common 17-1381] The checkpoint 'C:/Users/Necryotiks/AppData/Roaming/SPB_Data/WSU-CPTE/Module_12/Module_12.runs/Reaction_Time_Averager_RTM_FSM_0_0_synth_1/Reaction_Time_Averager_RTM_FSM_0_0.dcp' has been generated.
write_checkpoint: Time (s): cpu = 00:00:12 ; elapsed = 00:00:14 . Memory (MB): peak = 1155.340 ; gain = 471.688
WARNING: [Constraints 18-5210] No constraint will be written out.
INFO: [Common 17-1381] The checkpoint 'C:/Users/Necryotiks/AppData/Roaming/SPB_Data/WSU-CPTE/Module_12/Module_12.runs/Reaction_Time_Averager_RTM_FSM_0_0_synth_1/Reaction_Time_Averager_RTM_FSM_0_0.dcp' has been generated.
INFO: [runtcl-4] Executing : report_utilization -file Reaction_Time_Averager_RTM_FSM_0_0_utilization_synth.rpt -pb Reaction_Time_Averager_RTM_FSM_0_0_utilization_synth.pb
report_utilization: Time (s): cpu = 00:00:00 ; elapsed = 00:00:00.032 . Memory (MB): peak = 1155.613 ; gain = 0.020
INFO: [Common 17-206] Exiting Vivado at Fri Nov 23 14:03:43 2018...
