#-----------------------------------------------------------
# Webtalk v2018.3 (64-bit)
# SW Build 2405991 on Thu Dec  6 23:36:41 MST 2018
# 
# Start of session at: Sun Mar 10 15:46:37 2019
# Process ID: 11235
# Current directory: /home/necryotiks/Documents/Repos/WSU-CPTE/EE324/Module_4/Module_4.sdk/webtalk
# Command line: wbtcv -mode batch -source sdk_webtalk.tcl
# Log file: /home/necryotiks/Documents/Repos/WSU-CPTE/EE324/Module_4/Module_4.sdk/webtalk/webtalk.log
# Journal file: /home/necryotiks/Documents/Repos/WSU-CPTE/EE324/Module_4/Module_4.sdk/webtalk/webtalk.jou
#-----------------------------------------------------------
source sdk_webtalk.tcl
# webtalk_init -webtalk_dir /home/necryotiks/Documents/Repos/WSU-CPTE/EE324/Module_4/Module_4.sdk/webtalk
# webtalk_register_client -client project
# webtalk_add_data -client project -key date_generated -value "2019-03-10 15:46:36" -context "software_version_and_target_device"
# webtalk_add_data -client project -key product_version -value "SDK v2018.3" -context "software_version_and_target_device"
# webtalk_add_data -client project -key build_version -value "2018.3" -context "software_version_and_target_device"
# webtalk_add_data -client project -key os_platform -value "amd64" -context "software_version_and_target_device"
# webtalk_add_data -client project -key registration_id -value "" -context "software_version_and_target_device"
# webtalk_add_data -client project -key tool_flow -value "SDK" -context "software_version_and_target_device"
# webtalk_add_data -client project -key beta -value "false" -context "software_version_and_target_device"
# webtalk_add_data -client project -key route_design -value "NA" -context "software_version_and_target_device"
# webtalk_add_data -client project -key target_family -value "NA" -context "software_version_and_target_device"
# webtalk_add_data -client project -key target_device -value "NA" -context "software_version_and_target_device"
# webtalk_add_data -client project -key target_package -value "NA" -context "software_version_and_target_device"
# webtalk_add_data -client project -key target_speed -value "NA" -context "software_version_and_target_device"
# webtalk_add_data -client project -key random_id -value "fuja13k1ud0dcf6f34l4mh961a" -context "software_version_and_target_device"
# webtalk_add_data -client project -key project_id -value "2018.3_3" -context "software_version_and_target_device"
# webtalk_add_data -client project -key project_iteration -value "3" -context "software_version_and_target_device"
# webtalk_add_data -client project -key os_name -value "unknown" -context "user_environment"
# webtalk_add_data -client project -key os_release -value "unknown" -context "user_environment"
# webtalk_add_data -client project -key cpu_name -value "Intel(R) Core(TM) i5-8250U CPU @ 1.60GHz" -context "user_environment"
# webtalk_add_data -client project -key cpu_speed -value "2138.940 MHz" -context "user_environment"
# webtalk_add_data -client project -key total_processors -value "1" -context "user_environment"
# webtalk_add_data -client project -key system_ram -value "8.241 GB" -context "user_environment"
# webtalk_register_client -client sdk
# webtalk_add_data -client sdk -key uid -value "1552257292000" -context "sdk\\\\hardware/1552257292000"
# webtalk_add_data -client sdk -key isZynq -value "true" -context "sdk\\\\hardware/1552257292000"
# webtalk_add_data -client sdk -key isZynqMP -value "false" -context "sdk\\\\hardware/1552257292000"
# webtalk_add_data -client sdk -key Processors -value "1" -context "sdk\\\\hardware/1552257292000"
# webtalk_add_data -client sdk -key VivadoVersion -value "2018.3" -context "sdk\\\\hardware/1552257292000"
# webtalk_add_data -client sdk -key Arch -value "zynq" -context "sdk\\\\hardware/1552257292000"
# webtalk_add_data -client sdk -key Device -value "7z007s" -context "sdk\\\\hardware/1552257292000"
# webtalk_add_data -client sdk -key IsHandoff -value "true" -context "sdk\\\\hardware/1552257292000"
# webtalk_add_data -client sdk -key os -value "NA" -context "sdk\\\\hardware/1552257292000"
# webtalk_add_data -client sdk -key apptemplate -value "NA" -context "sdk\\\\hardware/1552257292000"
# webtalk_add_data -client sdk -key RecordType -value "HWCreation" -context "sdk\\\\hardware/1552257292000"
# webtalk_add_data -client sdk -key uid -value "1552257324000" -context "sdk\\\\bsp/1552257324000"
# webtalk_add_data -client sdk -key hwid -value "1552257292000" -context "sdk\\\\bsp/1552257324000"
# webtalk_add_data -client sdk -key os -value "standalone" -context "sdk\\\\bsp/1552257324000"
# webtalk_add_data -client sdk -key apptemplate -value "hello_world" -context "sdk\\\\bsp/1552257324000"
# webtalk_add_data -client sdk -key RecordType -value "BSPCreation" -context "sdk\\\\bsp/1552257324000"
# webtalk_add_data -client sdk -key uid -value "1552257329000" -context "sdk\\\\application/1552257329000"
# webtalk_add_data -client sdk -key hwid -value "1552257292000" -context "sdk\\\\application/1552257329000"
# webtalk_add_data -client sdk -key bspid -value "1552257324000" -context "sdk\\\\application/1552257329000"
# webtalk_add_data -client sdk -key newbsp -value "true" -context "sdk\\\\application/1552257329000"
# webtalk_add_data -client sdk -key os -value "standalone" -context "sdk\\\\application/1552257329000"
# webtalk_add_data -client sdk -key apptemplate -value "hello_world" -context "sdk\\\\application/1552257329000"
# webtalk_add_data -client sdk -key RecordType -value "APPCreation" -context "sdk\\\\application/1552257329000"
# webtalk_add_data -client sdk -key LangUsed -value "C" -context "sdk\\\\application/1552257329000"
# webtalk_add_data -client sdk -key Procused -value "ps7_cortexa9" -context "sdk\\\\application/1552257329000"
# webtalk_add_data -client sdk -key projSize -value "177.85546875" -context "sdk\\\\application/1552257329000"
# webtalk_add_data -client sdk -key uid -value "NA" -context "sdk\\\\bsp/1552257996292"
# webtalk_add_data -client sdk -key RecordType -value "ToolUsage" -context "sdk\\\\bsp/1552257996292"
# webtalk_add_data -client sdk -key BootgenCount -value "0" -context "sdk\\\\bsp/1552257996292"
# webtalk_add_data -client sdk -key DebugCount -value "2" -context "sdk\\\\bsp/1552257996292"
# webtalk_add_data -client sdk -key PerfCount -value "0" -context "sdk\\\\bsp/1552257996292"
# webtalk_add_data -client sdk -key FlashCount -value "0" -context "sdk\\\\bsp/1552257996292"
# webtalk_add_data -client sdk -key CrossTriggCount -value "0" -context "sdk\\\\bsp/1552257996292"
# webtalk_add_data -client sdk -key QemuDebugCount -value "0" -context "sdk\\\\bsp/1552257996292"
# webtalk_transmit -clientid 130759290 -regid "" -xml /home/necryotiks/Documents/Repos/WSU-CPTE/EE324/Module_4/Module_4.sdk/webtalk/usage_statistics_ext_sdk.xml -html /home/necryotiks/Documents/Repos/WSU-CPTE/EE324/Module_4/Module_4.sdk/webtalk/usage_statistics_ext_sdk.html -wdm /home/necryotiks/Documents/Repos/WSU-CPTE/EE324/Module_4/Module_4.sdk/webtalk/sdk_webtalk.wdm -intro "<H3>SDK Usage Report</H3><BR>"
# webtalk_terminate
INFO: [Common 17-206] Exiting Webtalk at Sun Mar 10 15:46:37 2019...
