14:24:01 INFO  : Registering command handlers for SDK TCF services
14:24:02 INFO  : Launching XSCT server: xsct -n -interactive /home/sergaljerk/Documents/Repos/WSU-CPTE/EE324/MOD_3/MOD_3.sdk/temp_xsdb_launch_script.tcl
14:24:06 INFO  : XSCT server has started successfully.
14:24:09 INFO  : Successfully done setting XSCT server connection channel  
14:24:09 INFO  : Successfully done setting SDK workspace  
14:24:09 INFO  : Processing command line option -hwspec /home/sergaljerk/Documents/Repos/WSU-CPTE/EE324/MOD_3/MOD_3.sdk/design_1_wrapper.hdf.
14:45:43 INFO  : Connected to target on host '127.0.0.1' and port '3121'.
14:45:43 INFO  : 'targets -set -filter {jtag_cable_name =~ "RealDigital Bla 887100000093A" && level==0} -index 1' command is executed.
14:45:44 INFO  : FPGA configured successfully with bitstream "/home/sergaljerk/Documents/Repos/WSU-CPTE/EE324/MOD_3/MOD_3.sdk/design_1_wrapper_hw_platform_0/design_1_wrapper.bit"
14:45:55 INFO  : 'targets -set -filter {jtag_cable_name =~ "RealDigital Bla 887100000093A" && level==0} -index 1' command is executed.
14:45:55 INFO  : 'fpga -state' command is executed.
14:45:55 INFO  : Connected to target on host '127.0.0.1' and port '3121'.
14:45:55 INFO  : Jtag cable 'RealDigital Bla 887100000093A' is selected.
14:45:55 INFO  : 'jtag frequency' command is executed.
14:45:55 INFO  : Sourcing of '/home/sergaljerk/Documents/Repos/WSU-CPTE/EE324/MOD_3/MOD_3.sdk/design_1_wrapper_hw_platform_0/ps7_init.tcl' is done.
14:45:55 INFO  : Context for 'APU' is selected.
14:45:55 INFO  : Hardware design information is loaded from '/home/sergaljerk/Documents/Repos/WSU-CPTE/EE324/MOD_3/MOD_3.sdk/design_1_wrapper_hw_platform_0/system.hdf'.
14:45:55 INFO  : 'configparams force-mem-access 1' command is executed.
14:45:55 INFO  : Context for 'APU' is selected.
14:45:55 INFO  : 'stop' command is executed.
14:45:56 INFO  : 'ps7_init' command is executed.
14:45:56 INFO  : 'ps7_post_config' command is executed.
14:45:56 INFO  : Context for processor 'ps7_cortexa9_0' is selected.
14:45:56 INFO  : Processor reset is completed for 'ps7_cortexa9_0'.
14:45:56 INFO  : Context for processor 'ps7_cortexa9_0' is selected.
14:45:56 INFO  : The application '/home/sergaljerk/Documents/Repos/WSU-CPTE/EE324/MOD_3/MOD_3.sdk/AXI_sim/Debug/AXI_sim.elf' is downloaded to processor 'ps7_cortexa9_0'.
14:45:56 INFO  : 'configparams force-mem-access 0' command is executed.
14:45:56 INFO  : ----------------XSDB Script----------------
connect -url tcp:127.0.0.1:3121
source /home/sergaljerk/Documents/Repos/WSU-CPTE/EE324/MOD_3/MOD_3.sdk/design_1_wrapper_hw_platform_0/ps7_init.tcl
targets -set -nocase -filter {name =~"APU*" && jtag_cable_name =~ "RealDigital Bla 887100000093A"} -index 0
loadhw -hw /home/sergaljerk/Documents/Repos/WSU-CPTE/EE324/MOD_3/MOD_3.sdk/design_1_wrapper_hw_platform_0/system.hdf -mem-ranges [list {0x40000000 0xbfffffff}]
configparams force-mem-access 1
targets -set -nocase -filter {name =~"APU*" && jtag_cable_name =~ "RealDigital Bla 887100000093A"} -index 0
stop
ps7_init
ps7_post_config
targets -set -nocase -filter {name =~ "ARM*#0" && jtag_cable_name =~ "RealDigital Bla 887100000093A"} -index 0
rst -processor
targets -set -nocase -filter {name =~ "ARM*#0" && jtag_cable_name =~ "RealDigital Bla 887100000093A"} -index 0
dow /home/sergaljerk/Documents/Repos/WSU-CPTE/EE324/MOD_3/MOD_3.sdk/AXI_sim/Debug/AXI_sim.elf
configparams force-mem-access 0
----------------End of Script----------------

14:45:56 INFO  : Memory regions updated for context APU
14:45:56 INFO  : Context for processor 'ps7_cortexa9_0' is selected.
14:45:56 INFO  : 'con' command is executed.
14:45:56 INFO  : ----------------XSDB Script (After Launch)----------------
targets -set -nocase -filter {name =~ "ARM*#0" && jtag_cable_name =~ "RealDigital Bla 887100000093A"} -index 0
con
----------------End of Script----------------

14:45:56 INFO  : Launch script is exported to file '/home/sergaljerk/Documents/Repos/WSU-CPTE/EE324/MOD_3/MOD_3.sdk/.sdk/launch_scripts/xilinx_c-c++_application_(system_debugger)/system_debugger_using_debug_axi_sim.elf_on_local.tcl'
14:47:09 INFO  : Disconnected from the channel tcfchan#1.
14:58:12 INFO  : Registering command handlers for SDK TCF services
14:58:14 INFO  : Launching XSCT server: xsct -n -interactive /home/sergaljerk/Documents/Repos/WSU-CPTE/EE324/MOD_3/MOD_3.sdk/temp_xsdb_launch_script.tcl
14:58:17 INFO  : XSCT server has started successfully.
14:58:17 INFO  : Successfully done setting XSCT server connection channel  
14:58:17 INFO  : Successfully done setting SDK workspace  
14:58:17 INFO  : Processing command line option -hwspec /home/sergaljerk/Documents/Repos/WSU-CPTE/EE324/MOD_3/MOD_3.sdk/design_1_wrapper.hdf.
14:58:18 INFO  : Checking for hwspec changes in the project design_1_wrapper_hw_platform_0.
14:58:21 INFO  : SDK has detected change in the last modified timestamps for source hardware specification file Source:1568584613000,  Project:1568582461000
14:58:21 INFO  : The hardware specification for project 'design_1_wrapper_hw_platform_0' is different from /home/sergaljerk/Documents/Repos/WSU-CPTE/EE324/MOD_3/MOD_3.sdk/design_1_wrapper.hdf.
14:58:21 INFO  : Copied contents of /home/sergaljerk/Documents/Repos/WSU-CPTE/EE324/MOD_3/MOD_3.sdk/design_1_wrapper.hdf into /design_1_wrapper_hw_platform_0/system.hdf.
14:58:24 INFO  : Synchronizing projects in the workspace with the hardware platform specification changes.
14:58:25 INFO  : 
14:58:26 INFO  : Updating hardware inferred compiler options for AXI_sim.
14:58:26 INFO  : Clearing existing target manager status.
15:02:48 INFO  : Connected to target on host '127.0.0.1' and port '3121'.
15:02:49 INFO  : 'targets -set -filter {jtag_cable_name =~ "RealDigital Bla 887100000093A" && level==0} -index 1' command is executed.
15:02:50 INFO  : FPGA configured successfully with bitstream "/home/sergaljerk/Documents/Repos/WSU-CPTE/EE324/MOD_3/MOD_3.sdk/design_1_wrapper_hw_platform_0/design_1_wrapper.bit"
15:02:53 INFO  : 'targets -set -filter {jtag_cable_name =~ "RealDigital Bla 887100000093A" && level==0} -index 1' command is executed.
15:02:53 INFO  : 'fpga -state' command is executed.
15:02:53 INFO  : Connected to target on host '127.0.0.1' and port '3121'.
15:02:54 INFO  : Jtag cable 'RealDigital Bla 887100000093A' is selected.
15:02:54 INFO  : 'jtag frequency' command is executed.
15:02:54 INFO  : Sourcing of '/home/sergaljerk/Documents/Repos/WSU-CPTE/EE324/MOD_3/MOD_3.sdk/design_1_wrapper_hw_platform_0/ps7_init.tcl' is done.
15:02:54 INFO  : Context for 'APU' is selected.
15:02:54 INFO  : Hardware design information is loaded from '/home/sergaljerk/Documents/Repos/WSU-CPTE/EE324/MOD_3/MOD_3.sdk/design_1_wrapper_hw_platform_0/system.hdf'.
15:02:54 INFO  : 'configparams force-mem-access 1' command is executed.
15:02:54 INFO  : Context for 'APU' is selected.
15:02:54 INFO  : 'stop' command is executed.
15:02:54 INFO  : 'ps7_init' command is executed.
15:02:54 INFO  : 'ps7_post_config' command is executed.
15:02:54 INFO  : Context for processor 'ps7_cortexa9_0' is selected.
15:02:54 INFO  : Processor reset is completed for 'ps7_cortexa9_0'.
15:02:54 INFO  : Context for processor 'ps7_cortexa9_0' is selected.
15:02:54 INFO  : The application '/home/sergaljerk/Documents/Repos/WSU-CPTE/EE324/MOD_3/MOD_3.sdk/AXI_sim/Debug/AXI_sim.elf' is downloaded to processor 'ps7_cortexa9_0'.
15:02:54 INFO  : 'configparams force-mem-access 0' command is executed.
15:02:54 INFO  : ----------------XSDB Script----------------
connect -url tcp:127.0.0.1:3121
source /home/sergaljerk/Documents/Repos/WSU-CPTE/EE324/MOD_3/MOD_3.sdk/design_1_wrapper_hw_platform_0/ps7_init.tcl
targets -set -nocase -filter {name =~"APU*" && jtag_cable_name =~ "RealDigital Bla 887100000093A"} -index 0
loadhw -hw /home/sergaljerk/Documents/Repos/WSU-CPTE/EE324/MOD_3/MOD_3.sdk/design_1_wrapper_hw_platform_0/system.hdf -mem-ranges [list {0x40000000 0xbfffffff}]
configparams force-mem-access 1
targets -set -nocase -filter {name =~"APU*" && jtag_cable_name =~ "RealDigital Bla 887100000093A"} -index 0
stop
ps7_init
ps7_post_config
targets -set -nocase -filter {name =~ "ARM*#0" && jtag_cable_name =~ "RealDigital Bla 887100000093A"} -index 0
rst -processor
targets -set -nocase -filter {name =~ "ARM*#0" && jtag_cable_name =~ "RealDigital Bla 887100000093A"} -index 0
dow /home/sergaljerk/Documents/Repos/WSU-CPTE/EE324/MOD_3/MOD_3.sdk/AXI_sim/Debug/AXI_sim.elf
configparams force-mem-access 0
----------------End of Script----------------

15:02:54 INFO  : Memory regions updated for context APU
15:02:55 INFO  : Context for processor 'ps7_cortexa9_0' is selected.
15:02:55 INFO  : 'con' command is executed.
15:02:55 INFO  : ----------------XSDB Script (After Launch)----------------
targets -set -nocase -filter {name =~ "ARM*#0" && jtag_cable_name =~ "RealDigital Bla 887100000093A"} -index 0
con
----------------End of Script----------------

15:02:55 INFO  : Launch script is exported to file '/home/sergaljerk/Documents/Repos/WSU-CPTE/EE324/MOD_3/MOD_3.sdk/.sdk/launch_scripts/xilinx_c-c++_application_(system_debugger)/system_debugger_using_debug_axi_sim.elf_on_local.tcl'
15:46:14 INFO  : Disconnected from the channel tcfchan#1.
